0 1.01231693e-32
8.33333333 0.00385092391
16.6666667 0.0151613858
25 0.0332265236
33.3333333 0.0569424434
41.6666667 0.0849035534
50 0.115522256
58.3333333 0.147157407
66.6666667 0.178237726
75 0.207367988
83.3333333 0.233408898
91.6666667 0.255525562
100 0.273203675
108.333333 0.286236356
116.666667 0.294687467
125 0.298838953
133.333333 0.299130228
141.666667 0.296096994
150 0.290315456
158.333333 0.282356031
166.666667 0.272748716
175 0.261960513
183.333333 0.250383991
191.666667 0.238335138
200 0.226058223
208.333333 0.213735324
216.666667 0.201498312
225 0.189441474
233.333333 0.177633312
241.666667 0.16612654
250 0.154965657
258.333333 0.144191893
266.666667 0.133845631
275 0.12396666
283.333333 0.114592817
291.666667 0.105757653
300 0.0974877641
308.333333 0.08980036
316.666667 0.0827014854
325 0.0761851568
333.333333 0.0702334879
341.666667 0.0648177389
350 0.0599001197
358.333333 0.0554361207
366.666667 0.0513771325
375 0.0476731309
383.333333 0.0442752352
391.666667 0.0411379792
400 0.0382211651
408.333333 0.0354912009
416.666667 0.0329218524
425 0.0304943795
433.333333 0.028197077
441.666667 0.0260242922
450 0.0239750455
458.333333 0.0220514187
466.666667 0.0202568961
475 0.0185948346
483.333333 0.017067208
491.666667 0.0156737185
500 0.0144113111
508.333333 0.0132740732
516.666667 0.012253461
525 0.0113387715
533.333333 0.010517776
541.666667 0.00977743624
550 0.0091046384
558.333333 0.00848689397
566.666667 0.00791296284
575 0.00737336047
583.333333 0.00686071392
591.666667 0.00636993777
600 0.00589821352
608.333333 0.00544477472
616.666667 0.00501052297
625 0.00459752241
633.333333 0.00420843649
641.666667 0.00384597673
650 0.00351242659
658.333333 0.00320928648
666.666667 0.00293706245
675 0.00269519718
683.333333 0.00248212243
691.666667 0.00229540189
700 0.00213193096
708.333333 0.00198816545
716.666667 0.00186035904
725 0.00174479688
733.333333 0.0016380164
741.666667 0.00153700605
750 0.00143936962
758.333333 0.00134344121
766.666667 0.00124833554
775 0.0011539238
783.333333 0.00106073398
791.666667 0.000969787348
800 0.000882393447
808.333333 0.000799933448
816.666667 0.000723662523
825 0.000654556235
833.333333 0.00059321529
841.666667 0.00053983055
850 0.000494199311
858.333333 0.000455777313
866.666667 0.00042374975
875 0.000397108042
883.333333 0.000374725121
891.666667 0.000355427728
900 0.000338067514
908.333333 0.000321592481
916.666667 0.000305117099
925 0.000287984947
933.333333 0.000269814342
941.666667 0.00025051689
950 0.000230282163
958.333333 0.000209527871
966.666667 0.000188822438
975 0.000168793089
983.333333 0.000150035669
991.666667 0.00013304127
1000 0.00011814975
1008.33333 0.000105533103
1016.66667 9.52045221e-05
1025 8.70440947e-05
1033.33333 8.08306588e-05
1041.66667 7.62713755e-05
1050 7.30249475e-05
1058.33333 7.07192172e-05
1066.66667 6.8967242e-05
1075 6.73866774e-05
1083.33333 6.56252727e-05
1091.66667 6.33914641e-05
1100 6.04850701e-05
1108.33333 5.68206532e-05
1116.66667 5.24362977e-05
1125 4.74834924e-05
1133.33333 4.21985701e-05
1141.66667 3.68611554e-05
1150 3.17485993e-05
1158.33333 2.70962397e-05
1166.66667 2.30712632e-05
1175 1.97636786e-05
1183.33333 1.71929307e-05
1191.66667 1.53246278e-05
1200 1.409001e-05
1208.33333 1.34015912e-05
1216.66667 1.31613673e-05
1225 1.3261866e-05
1233.33333 1.35836262e-05
1241.66667 1.39942148e-05
1250 1.43531367e-05
1258.33333 1.45243176e-05
1266.66667 1.43943417e-05
1275 1.38916628e-05
1283.33333 1.30007461e-05
1291.66667 1.17660478e-05
1300 1.02836001e-05
1308.33333 8.68174406e-06
1316.66667 7.09590382e-06
1325 5.64406809e-06
1333.33333 4.4092209e-06
1341.66667 3.43254139e-06
1350 2.71763924e-06
1358.33333 2.24266417e-06
1366.66667 1.97499435e-06
1375 1.88304427e-06
1383.33333 1.94149463e-06
1391.66667 2.12920472e-06
1400 2.42209338e-06
1408.33333 2.78525229e-06
1416.66667 3.16878908e-06
1425 3.51035112e-06
1433.33333 3.74457166e-06
1441.66667 3.81684342e-06
1450 3.69692485e-06
1458.33333 3.38762826e-06
1466.66667 2.92532251e-06
1475 2.37166993e-06
1483.33333 1.7989376e-06
1491.66667 1.27333643e-06
1500 8.41406409e-07
1508.33333 5.23308371e-07
1516.66667 3.1444088e-07
1525 1.93963593e-07
1533.33333 1.36584137e-07
1541.66667 1.23118442e-07
1550 1.46118426e-07
1558.33333 2.08938259e-07
1566.66667 3.19188184e-07
1575 4.79650825e-07
1583.33333 6.80644646e-07
1591.66667 8.97208521e-07
1600 1.09260634e-06
1608.33333 1.22722345e-06
1616.66667 1.26984881e-06
1625 1.20736782e-06
1633.33333 1.04937628e-06
1641.66667 8.25977892e-07
1650 5.79402492e-07
1658.33333 3.52218878e-07
1666.66667 1.76052402e-07
1675 6.44614456e-08
1683.33333 1.20934311e-08
1691.66667 4.73503867e-13
1700 4.86055728e-09
1708.33333 8.58120889e-09
1716.66667 4.79156174e-09
1725 1.23112933e-11
1733.33333 9.33720273e-09
1741.66667 4.85063776e-08
1750 1.25557987e-07
1758.33333 2.35349919e-07
1766.66667 3.59132472e-07
1775 4.69451353e-07
1783.33333 5.38674434e-07
1791.66667 5.48090663e-07
1800 4.94307135e-07
1808.33333 3.90638495e-07
1816.66667 2.62976981e-07
1825 1.41593648e-07
1833.33333 5.17423187e-08
1841.66667 6.31391941e-09
1850 3.00099262e-09
1858.33333 2.67821413e-08
1866.66667 5.66314834e-08
1875 7.38876726e-08
1883.33333 6.92010144e-08
1891.66667 4.55826693e-08
1900 1.65662573e-08
1908.33333 3.04912282e-10
1916.66667 1.19033682e-08
1925 5.68954865e-08
1933.33333 1.28315675e-07
1941.66667 2.08462858e-07
1950 2.747219e-07
1958.33333 3.07324914e-07
1966.66667 2.96238706e-07
1975 2.44696854e-07
1983.33333 1.68122253e-07
1991.66667 8.88526483e-08
2000 2.85798172e-08
2008.33333 1.20407195e-09
2016.66667 8.61432969e-09
2025 4.08137204e-08
2033.33333 8.02282927e-08
2041.66667 1.08540168e-07
2050 1.13514733e-07
2058.33333 9.33485149e-08
2066.66667 5.70142623e-08
2075 2.05643249e-08
2083.33333 8.26745775e-10
2091.66667 8.85706479e-09
2100 4.55644733e-08
2108.33333 1.01106378e-07
2116.66667 1.58252266e-07
2125 1.98469115e-07
2133.33333 2.0850251e-07
2141.66667 1.85068378e-07
2150 1.35977037e-07
2158.33333 7.73168886e-08
2166.66667 2.7749535e-08
2175 1.99460255e-09
2183.33333 5.84539755e-09
2191.66667 3.44711315e-08
2200 7.45510588e-08
2208.33333 1.09396654e-07
2216.66667 1.25154494e-07
2225 1.15824539e-07
2233.33333 8.52952216e-08
2241.66667 4.57074767e-08
2250 1.28032094e-08
2258.33333 5.92226359e-14
2266.66667 1.33736892e-08
2275 4.9370835e-08
2283.33333 9.60614072e-08
2291.66667 1.37442488e-07
2300 1.59204178e-07
2308.33333 1.5385414e-07
2316.66667 1.23352752e-07
2325 7.8332166e-08
2333.33333 3.42182157e-08
2341.66667 5.68918428e-09
2350 1.48800615e-09
2358.33333 2.14504789e-08
2366.66667 5.6786681e-08
2375 9.34632662e-08
2383.33333 1.17415763e-07
2391.66667 1.1967626e-07
2400 9.95597022e-08
2408.33333 6.4781363e-08
2416.66667 2.85060917e-08
2425 4.44302694e-09
2433.33333 1.7945653e-09
2441.66667 2.18989761e-08
2450 5.77693332e-08
2458.33333 9.66663548e-08
2466.66667 1.24740454e-07
2475 1.32038664e-07
2483.33333 1.16058739e-07
2491.66667 8.25792477e-08
2500 4.34950981e-08
2508.33333 1.24747986e-08
2516.66667 3.43429741e-11
2525 9.81454639e-09
2533.33333 3.73915132e-08
2541.66667 7.2016953e-08
2550 1.00619801e-07
2558.33333 1.12590381e-07
2566.66667 1.03603524e-07
2575 7.71069826e-08
2583.33333 4.29646219e-08
2591.66667 1.37816124e-08
2600 2.73214035e-10
2608.33333 7.36975759e-09
2616.66667 3.24640392e-08
2625 6.64144678e-08
2633.33333 9.6911091e-08
2641.66667 1.12959148e-07
2650 1.08843232e-07
2658.33333 8.61411693e-08
2666.66667 5.30789869e-08
2675 2.14893114e-08
2683.33333 2.50069601e-09
2691.66667 2.53239694e-09
2700 2.10407787e-08
2708.33333 5.08127388e-08
2716.66667 8.0669929e-08
2725 9.95757729e-08
2733.33333 1.00640528e-07
2741.66667 8.35737164e-08
2750 5.47124281e-08
2758.33333 2.46426058e-08
2766.66667 4.30295832e-09
2775 1.00163846e-09
2783.33333 1.57919465e-08
2791.66667 4.31449716e-08
2800 7.30141783e-08
2808.33333 9.45186111e-08
2816.66667 9.98926259e-08
2825 8.72675603e-08
2833.33333 6.12891413e-08
2841.66667 3.13692832e-08
2850 8.23039383e-09
2858.33333 1.22026355e-11
2866.66667 9.35628489e-09
2875 3.2514188e-08
2883.33333 6.07806123e-08
2891.66667 8.3707213e-08
2900 9.29129319e-08
2908.33333 8.51030164e-08
2916.66667 6.32103629e-08
2925 3.52649812e-08
2933.33333 1.14252687e-08
2941.66667 2.66889595e-10
2950 5.68304846e-09
2958.33333 2.55144508e-08
2966.66667 5.23886615e-08
2975 7.6442523e-08
2983.33333 8.89217022e-08
2991.66667 8.5343403e-08
3000 6.70797513e-08
3008.33333 4.08033472e-08
3016.66667 1.6017143e-08
3025 1.5831432e-09
3033.33333 2.51832858e-09
3041.66667 1.82167154e-08
3050 4.27278881e-08
3058.33333 6.69704581e-08
3066.66667 8.20585226e-08
3075 8.25237435e-08
3083.33333 6.82655264e-08
3091.66667 4.45345014e-08
3100 1.99745548e-08
3108.33333 3.45253613e-09
3116.66667 8.37389974e-10
3125 1.28976016e-08
3133.33333 3.50690065e-08
3141.66667 5.91594443e-08
3150 7.63536165e-08
3158.33333 8.04159772e-08
3166.66667 6.99280967e-08
3175 4.87581087e-08
3183.33333 2.46085998e-08
3191.66667 6.1876405e-09
3200 4.18809719e-11
3208.33333 8.20343155e-09
3216.66667 2.74962995e-08
3225 5.07383381e-08
3233.33333 6.9384973e-08
3241.66667 7.6642276e-08
3250 6.99157711e-08
3258.33333 5.17128311e-08
3266.66667 2.86856127e-08
3275 9.17887149e-09
3283.33333 1.85999146e-10
3291.66667 4.82302588e-09
3300 2.12323076e-08
3308.33333 4.33006952e-08
3316.66667 6.29152678e-08
3325 7.29244455e-08
3333.33333 6.97239085e-08
3341.66667 5.45325728e-08
3350 3.29074498e-08
3358.33333 1.268912e-08
3366.66667 1.13714865e-09
3375 2.30185535e-09
3383.33333 1.5583791e-08
3391.66667 3.59929578e-08
3400 5.59986416e-08
3408.33333 6.82846513e-08
3416.66667 6.84023381e-08
3425 5.63597318e-08
3433.33333 3.65795505e-08
3441.66667 1.62555963e-08
3450 2.7178717e-09
3458.33333 7.71095709e-10
3466.66667 1.09725675e-08
3475 2.94661517e-08
3483.33333 4.94192285e-08
3491.66667 6.3527449e-08
3500 6.66692975e-08
3508.33333 5.77459744e-08
3516.66667 4.00459443e-08
3525 2.00144332e-08
3533.33333 4.88791558e-09
3541.66667 6.15521488e-11
3550 7.14707777e-09
3558.33333 2.3420016e-08
3566.66667 4.28450846e-08
3575 5.82944163e-08
3583.33333 6.41436379e-08
3591.66667 5.83005717e-08
3600 4.29351093e-08
3608.33333 2.36562168e-08
3616.66667 7.44763734e-09
3625 1.21716839e-10
3633.33333 4.21935362e-09
3641.66667 1.81145228e-08
3650 3.66384521e-08
3658.33333 5.29844722e-08
3666.66667 6.11917725e-08
3675 5.8301952e-08
3683.33333 4.54083837e-08
3691.66667 2.72265584e-08
3700 1.03533315e-08
3708.33333 8.57437792e-10
3716.66667 2.08113085e-09
3725 1.34490872e-08
3733.33333 3.07087529e-08
3741.66667 4.75034114e-08
3750 5.76963717e-08
3758.33333 5.75967297e-08
3766.66667 4.72796584e-08
3775 3.05292306e-08
3783.33333 1.34354563e-08
3791.66667 2.16540365e-09
3800 7.23914892e-10
3808.33333 9.51677892e-09
3816.66667 2.52315713e-08
3825 4.20690852e-08
3833.33333 5.38678195e-08
3841.66667 5.63434268e-08
3850 4.86293691e-08
3858.33333 3.35649906e-08
3866.66667 1.6636157e-08
3875 3.96341458e-09
3883.33333 7.52844159e-11
3891.66667 6.27660632e-09
3900 2.01996258e-08
3908.33333 3.66916964e-08
3916.66667 4.97071307e-08
3925 5.45087901e-08
3933.33333 4.93778767e-08
3941.66667 3.62150078e-08
3950 1.98227993e-08
3958.33333 6.14037083e-09
3966.66667 7.85908532e-11
3975 3.74490804e-09
3983.33333 1.56992547e-08
3991.66667 3.15034033e-08
4000 4.53546592e-08
4008.33333 5.22027166e-08
4016.66667 4.95776002e-08
4025 3.846725e-08
4033.33333 2.29332192e-08
4041.66667 8.61335235e-09
4050 6.63258159e-10
4058.33333 1.88804035e-09
4066.66667 1.17411405e-08
4075 2.65473786e-08
4083.33333 4.08602355e-08
4091.66667 4.94523122e-08
4100 4.92117048e-08
4108.33333 4.02564954e-08
4116.66667 2.58684272e-08
4125 1.1278418e-08
4133.33333 1.75316355e-09
4141.66667 6.8256768e-10
4150 8.36238154e-09
4158.33333 2.19090305e-08
4166.66667 3.63294176e-08
4175 4.63490053e-08
4183.33333 4.83290218e-08
4191.66667 4.15760603e-08
4200 2.85729176e-08
4208.33333 1.40545285e-08
4216.66667 3.27271056e-09
4225 8.55077764e-11
4233.33333 5.56611185e-09
4241.66667 1.7632779e-08
4250 3.18269272e-08
4258.33333 4.29488198e-08
4266.66667 4.695091e-08
4275 4.23995685e-08
4283.33333 3.09774556e-08
4291.66667 1.68508121e-08
4300 5.13930957e-09
4308.33333 5.03011338e-11
4316.66667 3.35727303e-09
4325 1.37726102e-08
4333.33333 2.74362606e-08
4341.66667 3.93351685e-08
4350 4.51316533e-08
4358.33333 4.2734004e-08
4366.66667 3.30407354e-08
4375 1.95938961e-08
4383.33333 7.27476421e-09
4391.66667 5.22083701e-10
4400 1.72310029e-09
4408.33333 1.03604954e-08
4416.66667 2.32198794e-08
4425 3.55753286e-08
4433.33333 4.29158549e-08
4441.66667 4.25822114e-08
4450 3.47202393e-08
4458.33333 2.22091337e-08
4466.66667 9.5975392e-09
4475 1.44045912e-09
4483.33333 6.44930555e-10
4491.66667 7.42518309e-09
4500 1.92426755e-08
4508.33333 3.17462581e-08
4516.66667 4.03644147e-08
4525 4.1967033e-08
4533.33333 3.59927497e-08
4541.66667 2.46359701e-08
4550 1.20318175e-08
4558.33333 2.7415821e-09
4566.66667 9.32899447e-11
4575 4.98100135e-09
4583.33333 1.55559167e-08
4591.66667 2.79156716e-08
4600 3.75350023e-08
4608.33333 4.09133812e-08
4616.66667 3.68398249e-08
4625 2.68179826e-08
4633.33333 1.45025318e-08
4641.66667 4.35793557e-09
4650 3.1686024e-11
4658.33333 3.0346921e-09
4666.66667 1.2206126e-08
4675 2.41520853e-08
4683.33333 3.44925417e-08
4691.66667 3.94585384e-08
4700 3.72573041e-08
4708.33333 2.87109368e-08
4716.66667 1.69412792e-08
4725 6.22146741e-09
4733.33333 4.16536846e-10
4741.66667 1.58206499e-09
4750 9.22885212e-09
4758.33333 2.05165436e-08
4766.66667 3.13000517e-08
4775 3.76433659e-08
4783.33333 3.72479866e-08
4791.66667 3.02776721e-08
4800 1.92836807e-08
4808.33333 8.26324316e-09
4816.66667 1.19862342e-09
4825 6.10638546e-10
4833.33333 6.65195787e-09
4841.66667 1.7066202e-08
4850 2.80223749e-08
4858.33333 3.55161576e-08
4866.66667 3.68255841e-08
4875 3.14920045e-08
4883.33333 2.14729034e-08
4891.66667 1.04161131e-08
4900 2.3244048e-09
4908.33333 9.92491124e-11
4916.66667 4.49345678e-09
4925 1.38506816e-08
4933.33333 2.47216576e-08
4941.66667 3.31280303e-08
4950 3.60107869e-08
4958.33333 3.2336019e-08
4966.66667 2.34583949e-08
4975 1.26147504e-08
4983.33333 3.73696091e-09
4991.66667 1.94022865e-11
5000 2.7628567e-09
