0 2.34076283e-29
7.11666667 4.08983114e-06
14.2333333 6.42421693e-05
21.35 0.00031540612
28.4666667 0.000955084134
35.5833333 0.00220745115
42.7 0.00428254526
49.8166667 0.00733772379
56.9333333 0.0114479768
64.05 0.0165898937
71.1666667 0.0226414784
78.2833333 0.029397147
85.4 0.0365946741
92.5166667 0.0439490531
99.6333333 0.051187481
106.75 0.0580800256
113.866667 0.064461801
120.983333 0.070244338
128.1 0.0754158604
135.216667 0.0800319624
142.333333 0.0841994329
149.45 0.0880565285
156.566667 0.0917528846
163.683333 0.0954316226
170.8 0.0992152924
177.916667 0.103196343
185.033333 0.107432028
192.15 0.111943163
199.266667 0.11671594
206.383333 0.121706053
213.5 0.126844525
220.616667 0.132044801
227.733333 0.137210714
234.85 0.142244907
241.966667 0.147057163
249.083333 0.151571959
256.2 0.155734493
263.316667 0.159514517
270.433333 0.162907524
277.55 0.165933203
284.666667 0.16863149
291.783333 0.171056901
298.9 0.173272097
306.016667 0.17534167
313.133333 0.177327006
320.25 0.179282776
327.366667 0.181255241
334.483333 0.183282175
341.6 0.185393942
348.716667 0.187615139
355.833333 0.189966243
362.95 0.192464851
370.066667 0.195126321
377.183333 0.197963827
384.3 0.200987994
391.416667 0.204206329
398.533333 0.207622633
405.65 0.211236508
412.766667 0.215042941
419.883333 0.21903193
427 0.223188083
434.116667 0.227490198
441.233333 0.23191094
448.35 0.236416799
455.466667 0.240968581
462.583333 0.245522637
469.7 0.250032897
476.816667 0.254453613
483.933333 0.25874251
491.05 0.262863872
498.166667 0.26679106
505.283333 0.270507974
512.4 0.274009188
519.516667 0.277298699
526.633333 0.280387523
533.75 0.283290614
540.866667 0.286023668
547.983333 0.288600406
555.1 0.2910308
562.216667 0.293320452
569.333333 0.295471114
576.45 0.29748208
583.566667 0.299352042
590.683333 0.301080946
597.8 0.302671455
604.916667 0.304129758
612.033333 0.305465644
619.15 0.30669195
626.266667 0.307823552
633.383333 0.308876169
640.5 0.309865198
647.616667 0.310804723
654.733333 0.311706782
661.85 0.312580885
668.966667 0.313433751
676.083333 0.314269239
683.2 0.315088451
690.316667 0.315890045
697.433333 0.316670764
704.55 0.317426178
711.666667 0.318151593
718.783333 0.318842984
725.9 0.319497769
733.016667 0.320115231
740.133333 0.320696414
747.25 0.321243456
754.366667 0.321758413
761.483333 0.322241814
768.6 0.322691249
775.716667 0.323100354
782.833333 0.323458476
789.95 0.323751177
797.066667 0.323961526
804.183333 0.324071954
811.3 0.324066288
818.416667 0.323931516
825.533333 0.323658916
832.65 0.323244285
839.766667 0.322687281
846.883333 0.321990052
854 0.321155531
861.116667 0.320185862
868.233333 0.319081355
875.35 0.317840244
882.466667 0.316459313
889.583333 0.314935214
896.7 0.313266147
903.816667 0.311453472
910.933333 0.309502847
918.05 0.307424634
925.166667 0.305233484
932.283333 0.302947239
939.4 0.300585436
946.516667 0.29816779
953.633333 0.295712995
960.75 0.293238092
967.866667 0.290758458
974.983333 0.28828832
982.1 0.285841537
989.216667 0.283432365
996.333333 0.281075905
1003.45 0.278788079
1010.56667 0.276585066
1017.68333 0.27448233
1024.8 0.272493418
1031.91667 0.270628789
1039.03333 0.268894872
1046.15 0.267293506
1053.26667 0.265821772
1060.38333 0.26447215
1067.5 0.263232907
1074.61667 0.262088539
1081.73333 0.26102023
1088.85 0.260006271
1095.96667 0.259022493
1103.08333 0.258042812
1110.2 0.257039947
1117.31667 0.255986356
1124.43333 0.254855347
1131.55 0.253622246
1138.66667 0.25226545
1145.78333 0.250767193
1152.9 0.249113908
1160.01667 0.247296136
1167.13333 0.245308085
1174.25 0.243146975
1181.36667 0.240812422
1188.48333 0.238306048
1195.6 0.235631453
1202.71667 0.23279456
1209.83333 0.229804226
1216.95 0.226672897
1224.06667 0.223417045
1231.18333 0.220057164
1238.3 0.216617203
1245.41667 0.213123419
1252.53333 0.209602848
1259.65 0.206081625
1266.76667 0.202583507
1273.88333 0.199128844
1281 0.195734205
1288.11667 0.19241266
1295.23333 0.189174606
1302.35 0.186028873
1309.46667 0.182983807
1316.58333 0.180048072
1323.7 0.177230955
1330.81667 0.174542157
1337.93333 0.171991149
1345.05 0.1695863
1352.16667 0.167334017
1359.28333 0.16523813
1366.4 0.163299663
1373.51667 0.161517016
1380.63333 0.159886473
1387.75 0.158402876
1394.86667 0.157060262
1401.98333 0.155852318
1409.1 0.154772536
1416.21667 0.153814105
1423.33333 0.152969603
1430.45 0.152230653
1437.56667 0.151587665
1444.68333 0.151029786
1451.8 0.150545088
1458.91667 0.15012095
1466.03333 0.149744543
1473.15 0.149403289
1480.26667 0.149085213
1487.38333 0.148779111
1494.5 0.148474577
1501.61667 0.148161935
1508.73333 0.147832186
1515.85 0.147477054
1522.96667 0.147089171
1530.08333 0.146662388
1537.2 0.146192129
1544.31667 0.145675664
1551.43333 0.145112199
1558.55 0.144502692
1565.66667 0.143849403
1572.78333 0.143155246
1579.9 0.142423076
1587.01667 0.141655099
1594.13333 0.140852524
1601.25 0.140015574
1608.36667 0.139143834
1615.48333 0.138236838
1622.6 0.13729476
1629.71667 0.136318993
1636.83333 0.135312478
1643.95 0.134279694
1651.06667 0.133226328
1658.18333 0.132158714
1665.3 0.131083228
1672.41667 0.130005797
1679.53333 0.128931691
1686.65 0.12786563
1693.76667 0.126812191
1700.88333 0.125776376
1708 0.124764172
1715.11667 0.123782903
1722.23333 0.122841265
1729.35 0.121948967
1736.46667 0.121116059
1743.58333 0.120352057
1750.7 0.11966507
1757.81667 0.11906109
1764.93333 0.118543591
1772.05 0.11811347
1779.16667 0.117769301
1786.28333 0.117507777
1793.4 0.117324198
1800.51667 0.117212865
1807.63333 0.117167301
1814.75 0.117180281
1821.86667 0.117243733
1828.98333 0.117348622
1836.1 0.11748493
1843.21667 0.117641834
1850.33333 0.117808105
1857.45 0.117972686
1864.56667 0.118125364
1871.68333 0.118257388
1878.8 0.11836192
1885.91667 0.118434244
1893.03333 0.1184717
1900.15 0.118473419
1907.26667 0.11843995
1914.38333 0.118372887
1921.5 0.118274616
1928.61667 0.118148209
1935.73333 0.117997445
1942.85 0.117826903
1949.96667 0.117641999
1957.08333 0.117448878
1964.2 0.117254111
1971.31667 0.117064188
1978.43333 0.116884897
1985.55 0.116720695
1992.66667 0.116574227
1999.78333 0.116446098
2006.9 0.116334958
2014.01667 0.11623788
2021.13333 0.116150943
2028.25 0.116069887
2035.36667 0.115990683
2042.48333 0.115909917
2049.6 0.115824927
2056.71667 0.115733727
2063.83333 0.115634795
2070.95 0.11552685
2078.06667 0.11540875
2085.18333 0.115279561
2092.3 0.115138834
2099.41667 0.114987004
2106.53333 0.114825796
2113.65 0.114658519
2120.76667 0.114490103
2127.88333 0.114326841
2135 0.114175848
2142.11667 0.114044323
2149.23333 0.11393877
2156.35 0.113864316
2163.46667 0.113824264
2170.58333 0.113819933
2177.7 0.113850785
2184.81667 0.113914746
2191.93333 0.114008598
2199.05 0.114128335
2206.16667 0.114269369
2213.28333 0.114426571
2220.4 0.114594191
2227.51667 0.114765736
2234.63333 0.114933937
2241.75 0.11509088
2248.86667 0.115228383
2255.98333 0.115338559
2263.1 0.115414514
2270.21667 0.115451021
2277.33333 0.115445053
2284.45 0.115396046
2291.56667 0.115305853
2298.68333 0.115178421
2305.8 0.11501926
2312.91667 0.114834853
2320.03333 0.114632129
2327.15 0.114418093
2334.26667 0.11419965
2341.38333 0.113983595
2348.5 0.113776674
2355.61667 0.113585622
2362.73333 0.113417072
2369.85 0.113277292
2376.96667 0.113171759
2384.08333 0.113104647
2391.2 0.113078344
2398.31667 0.113093121
2405.43333 0.113147039
2412.55 0.113236135
2419.66667 0.113354854
2426.78333 0.113496629
2433.9 0.113654483
2441.01667 0.113821536
2448.13333 0.113991311
2455.25 0.114157833
2462.36667 0.114315544
2469.48333 0.114459128
2476.6 0.11458335
2483.71667 0.11468302
2490.83333 0.114753117
2497.95 0.114789072
2505.06667 0.11478715
2512.18333 0.114744811
2519.3 0.114660953
2526.41667 0.114535955
2533.53333 0.114371483
2540.65 0.114170126
2547.76667 0.113934928
2554.88333 0.113668963
2562 0.113375056
2569.11667 0.113055725
2576.23333 0.112713361
2583.35 0.112350581
2590.46667 0.111970643
2597.58333 0.1115778
2604.7 0.111177476
2611.81667 0.1107762
2618.93333 0.110381294
2626.05 0.110000402
2633.16667 0.109640943
2640.28333 0.109309636
2647.4 0.10901218
2654.51667 0.108753138
2661.63333 0.108536017
2668.75 0.108363449
2675.86667 0.108237392
2682.98333 0.108159228
2690.1 0.108129693
2697.21667 0.108148632
2704.33333 0.108214632
2711.45 0.108324617
2718.56667 0.10847354
2725.68333 0.108654269
2732.8 0.108857721
2739.91667 0.109073251
2747.03333 0.109289226
2754.15 0.109493676
2761.26667 0.109674918
2768.38333 0.109822038
2775.5 0.109925205
2782.61667 0.109975814
2789.73333 0.109966521
2796.85 0.109891269
2803.96667 0.109745377
2811.08333 0.109525746
2818.2 0.109231194
2825.31667 0.108862832
2832.43333 0.10842441
2839.55 0.107922505
2846.66667 0.107366462
2853.78333 0.106768055
2860.9 0.106140877
2868.01667 0.105499555
2875.13333 0.104858915
2882.25 0.104233207
2889.36667 0.103635528
2896.48333 0.103077462
2903.6 0.10256895
2910.71667 0.102118303
2917.83333 0.101732275
2924.95 0.101416093
2932.06667 0.101173371
2939.18333 0.101005907
2946.3 0.100913404
2953.41667 0.100893198
2960.53333 0.100940108
2967.65 0.101046497
2974.76667 0.101202573
2981.88333 0.101396937
2989 0.101617289
2996.11667 0.101851182
3003.23333 0.102086704
3010.35 0.102312994
3017.46667 0.102520528
3024.58333 0.102701204
3031.7 0.102848268
3038.81667 0.102956195
3045.93333 0.103020595
3053.05 0.10303822
3060.16667 0.103007084
3067.28333 0.102926659
3074.4 0.102798055
3081.51667 0.102624112
3088.63333 0.102409315
3095.75 0.102159502
3102.86667 0.101881391
3109.98333 0.101582004
3117.1 0.101268093
3124.21667 0.100945682
3131.33333 0.100619818
3138.45 0.100294552
3145.56667 0.0999731323
3152.68333 0.0996583235
3159.8 0.0993527517
3166.91667 0.0990591596
3174.03333 0.098780504
3181.15 0.0985198751
3188.26667 0.0982802707
3195.38333 0.0980643078
3202.5 0.0978739685
3209.61667 0.0977104664
3216.73333 0.09757428
3223.85 0.0974653458
3230.96667 0.0973833527
3238.08333 0.0973280431
3245.2 0.0972994243
3252.31667 0.097297811
3259.43333 0.0973236746
3266.55 0.0973773232
3273.66667 0.0974584912
3280.78333 0.0975659389
3287.9 0.0976971652
3295.01667 0.0978483009
3302.13333 0.098014205
3309.25 0.0981887301
3316.36667 0.0983650824
3323.48333 0.0985361856
3330.6 0.0986949672
3337.71667 0.0988345216
3344.83333 0.0989481533
3351.95 0.0990293482
3359.06667 0.0990717488
3366.18333 0.0990692121
3373.3 0.0990160028
3380.41667 0.09890713
3387.53333 0.0987387837
3394.65 0.0985087858
3401.76667 0.0982169544
3408.88333 0.0978652869
3416 0.0974579109
3423.11667 0.0970008004
3430.23333 0.0965013173
3437.35 0.0959676718
3444.46667 0.0954084153
3451.58333 0.0948320584
3458.7 0.0942468666
3465.81667 0.0936608298
3472.93333 0.0930817494
3480.05 0.0925173542
3487.16667 0.0919753504
3494.28333 0.0914633346
3501.4 0.0909885472
3508.51667 0.0905574961
3515.63333 0.0901755285
3522.75 0.0898464516
3529.86667 0.0895722979
3536.98333 0.0893532969
3544.1 0.0891880632
3551.21667 0.0890739561
3558.33333 0.0890075215
3565.45 0.0889849118
3572.56667 0.0890021892
3579.68333 0.0890554562
3586.8 0.0891408097
3593.91667 0.089254163
3601.03333 0.0893910196
3608.15 0.0895462877
3615.26667 0.0897142071
3622.38333 0.0898884237
3629.5 0.0900621958
3636.61667 0.0902286753
3643.73333 0.0903811888
3650.85 0.0905134403
3657.96667 0.0906195931
3665.08333 0.0906942234
3672.2 0.0907321917
3679.31667 0.0907285022
3686.43333 0.0906782351
3693.55 0.090576616
3700.66667 0.0904192488
3707.78333 0.0902024881
3714.9 0.0899238818
3722.01667 0.0895825902
3729.13333 0.0891796838
3736.25 0.0887182528
3743.36667 0.0882033049
3750.48333 0.087641482
3757.6 0.0870406675
3764.71667 0.0864095789
3771.83333 0.0857574325
3778.95 0.0850937353
3786.06667 0.0844282106
3793.18333 0.0837708151
3800.3 0.0831317707
3807.41667 0.082521521
3814.53333 0.0819505449
3821.65 0.0814289947
3828.76667 0.0809661847
3835.88333 0.0805699995
3843 0.0802463247
3850.11667 0.079998605
3857.23333 0.0798276103
3864.35 0.0797314428
3871.46667 0.0797057669
3878.58333 0.0797441956
3885.7 0.0798387414
3892.81667 0.0799802414
3899.93333 0.0801586917
3907.05 0.0803634697
3914.16667 0.080583469
3921.28333 0.080807206
3928.4 0.081022968
3935.51667 0.0812190636
3942.63333 0.0813841961
3949.75 0.0815079407
3956.86667 0.0815812614
3963.98333 0.0815969815
3971.1 0.0815501204
3978.21667 0.0814380355
3985.33333 0.0812603523
3992.45 0.0810187135
3999.56667 0.0807164196
4006.68333 0.0803580507
4013.8 0.0799491547
4020.91667 0.0794960529
4028.03333 0.0790057707
4035.15 0.0784860542
4042.26667 0.0779454003
4049.38333 0.0773930193
4056.5 0.0768386677
4063.61667 0.0762923264
4070.73333 0.0757637486
4077.85 0.0752619466
4084.96667 0.0747947125
4092.08333 0.0743682652
4099.2 0.0739870918
4106.31667 0.0736540033
4113.43333 0.073370373
4120.55 0.0731364811
4127.66667 0.0729518708
4134.78333 0.0728156208
4141.9 0.0727264766
4149.01667 0.0726828241
4156.13333 0.0726825411
4163.25 0.0727227998
4170.36667 0.0727999037
4177.48333 0.0729092345
4184.6 0.0730453469
4191.71667 0.073202204
4198.83333 0.0733735043
4205.95 0.0735530216
4213.06667 0.073734878
4220.18333 0.0739136902
4227.3 0.0740845691
4234.41667 0.0742429983
4241.53333 0.0743846546
4248.65 0.0745052501
4255.76667 0.0746004714
4262.88333 0.0746660578
4270 0.0746980204
