0 1.95944709e-29
7.11666667 5.11082581e-07
14.2333333 8.10596906e-06
21.35 4.04444385e-05
28.4666667 0.000125269607
35.5833333 0.000298076352
42.7 0.000599222892
49.8166667 0.0010707953
56.9333333 0.00175354178
64.05 0.00268415916
71.1666667 0.00389314652
78.2833333 0.00540335241
85.4 0.00722924842
92.5166667 0.00937687683
99.6333333 0.0118443556
106.75 0.0146227865
113.866667 0.0176974029
120.983333 0.0210488106
128.1 0.0246542054
135.216667 0.0284884951
142.333333 0.0325252905
149.45 0.0367377625
156.566667 0.0410993804
163.683333 0.0455845536
170.8 0.0501691913
177.916667 0.0548311856
185.033333 0.0595508103
192.15 0.0643110152
199.266667 0.0690975949
206.383333 0.0738992132
213.5 0.0787072723
220.616667 0.0835156317
227.733333 0.0883201933
234.85 0.0931183838
241.966667 0.0979085727
249.083333 0.102689468
256.2 0.107459533
263.316667 0.112216456
270.433333 0.116956711
277.55 0.121675231
284.666667 0.126365204
291.783333 0.131018012
298.9 0.13562331
306.016667 0.140169252
313.133333 0.144642834
320.25 0.149030366
327.366667 0.153318019
334.483333 0.157492427
341.6 0.161541299
348.716667 0.16545399
355.833333 0.169221999
362.95 0.172839331
370.066667 0.176302724
377.183333 0.179611693
384.3 0.182768412
391.416667 0.185777432
398.533333 0.188645272
405.65 0.191379908
412.766667 0.193990207
419.883333 0.196485353
427 0.198874289
434.116667 0.20116523
441.233333 0.203365259
448.35 0.205480032
455.466667 0.207513603
462.583333 0.209468374
469.7 0.211345157
476.816667 0.213143359
483.933333 0.214861253
491.05 0.21649632
498.166667 0.218045646
505.283333 0.219506334
512.4 0.220875905
519.516667 0.222152661
526.633333 0.22333598
533.75 0.224426525
540.866667 0.225426353
547.983333 0.226338926
555.1 0.227169009
562.216667 0.227922489
569.333333 0.228606122
576.45 0.229227224
583.566667 0.229793353
590.683333 0.230311971
597.8 0.23079015
604.916667 0.231234308
612.033333 0.231650006
619.15 0.232041816
626.266667 0.232413256
633.383333 0.232766799
640.5 0.233103947
647.616667 0.233425354
654.733333 0.233730994
661.85 0.234020347
668.966667 0.234292589
676.083333 0.234546776
683.2 0.234781995
690.316667 0.234997489
697.433333 0.235192741
704.55 0.235367515
711.666667 0.235521879
718.783333 0.235656183
725.9 0.235771034
733.016667 0.235867255
740.133333 0.235945835
747.25 0.23600788
754.366667 0.236054564
761.483333 0.236087077
768.6 0.236106567
775.716667 0.236114093
782.833333 0.236110576
789.95 0.236096758
797.066667 0.236073184
804.183333 0.2360402
811.3 0.235997989
818.416667 0.235946623
825.533333 0.235886145
832.65 0.23581667
839.766667 0.235738482
846.883333 0.235652121
854 0.235558453
861.116667 0.235458694
868.233333 0.235354398
875.35 0.235247406
882.466667 0.235139752
889.583333 0.23503355
896.7 0.234930864
903.816667 0.234833577
910.933333 0.234743271
918.05 0.234661124
925.166667 0.234587827
932.283333 0.234523529
939.4 0.234467794
946.516667 0.234419587
953.633333 0.234377274
960.75 0.234338644
967.866667 0.234300948
974.983333 0.234260973
982.1 0.234215133
989.216667 0.234159597
996.333333 0.234090441
1003.45 0.234003813
1010.56667 0.233896124
1017.68333 0.233764214
1024.8 0.233605518
1031.91667 0.233418189
1039.03333 0.233201179
1046.15 0.232954273
1053.26667 0.232678065
1060.38333 0.232373893
1067.5 0.232043727
1074.61667 0.231690029
1081.73333 0.231315598
1088.85 0.230923408
1095.96667 0.230516458
1103.08333 0.230097633
1110.2 0.229669593
1117.31667 0.229234695
1124.43333 0.228794931
1131.55 0.228351915
1138.66667 0.227906888
1145.78333 0.227460747
1152.9 0.227014097
1160.01667 0.22656732
1167.13333 0.226120634
1174.25 0.22567417
1181.36667 0.225228018
1188.48333 0.224782279
1195.6 0.224337084
1202.71667 0.223892603
1209.83333 0.223449039
1216.95 0.22300661
1224.06667 0.222565531
1231.18333 0.222125994
1238.3 0.221688162
1245.41667 0.221252172
1252.53333 0.220818151
1259.65 0.220386241
1266.76667 0.219956634
1273.88333 0.219529603
1281 0.219105533
1288.11667 0.218684944
1295.23333 0.218268491
1302.35 0.217856959
1309.46667 0.217451241
1316.58333 0.217052299
1323.7 0.216661117
1330.81667 0.216278654
1337.93333 0.215905784
1345.05 0.215543256
1352.16667 0.215191643
1359.28333 0.214851318
1366.4 0.214522435
1373.51667 0.214204931
1380.63333 0.213898542
1387.75 0.213602837
1394.86667 0.213317264
1401.98333 0.213041206
1409.1 0.212774035
1416.21667 0.212515167
1423.33333 0.212264105
1430.45 0.212020459
1437.56667 0.211783961
1444.68333 0.211554445
1451.8 0.211331824
1458.91667 0.211116046
1466.03333 0.210907056
1473.15 0.21070475
1480.26667 0.210508943
1487.38333 0.210319352
1494.5 0.210135587
1501.61667 0.209957159
1508.73333 0.209783497
1515.85 0.209613963
1522.96667 0.209447882
1530.08333 0.209284553
1537.2 0.209123268
1544.31667 0.20896332
1551.43333 0.208804012
1558.55 0.208644667
1565.66667 0.208484637
1572.78333 0.208323314
1579.9 0.20816015
1587.01667 0.207994671
1594.13333 0.20782649
1601.25 0.207655317
1608.36667 0.207480963
1615.48333 0.207303334
1622.6 0.207122423
1629.71667 0.206938299
1636.83333 0.206751102
1643.95 0.206561037
1651.06667 0.206368389
1658.18333 0.206173534
1665.3 0.205976968
1672.41667 0.20577933
1679.53333 0.205581424
1686.65 0.205384227
1693.76667 0.20518888
1700.88333 0.204996662
1708 0.204808936
1715.11667 0.20462709
1722.23333 0.204452455
1729.35 0.204286232
1736.46667 0.20412942
1743.58333 0.203982755
1750.7 0.203846674
1757.81667 0.203721292
1764.93333 0.203606404
1772.05 0.203501504
1779.16667 0.203405813
1786.28333 0.203318325
1793.4 0.203237852
1800.51667 0.203163076
1807.63333 0.203092609
1814.75 0.203025044
1821.86667 0.202959017
1828.98333 0.202893264
1836.1 0.202826673
1843.21667 0.202758334
1850.33333 0.202687579
1857.45 0.202614002
1864.56667 0.202537476
1871.68333 0.202458136
1878.8 0.202376361
1885.91667 0.20229273
1893.03333 0.20220797
1900.15 0.2021229
1907.26667 0.202038369
1914.38333 0.201955197
1921.5 0.201874121
1928.61667 0.201795751
1935.73333 0.201720532
1942.85 0.201648723
1949.96667 0.201580376
1957.08333 0.20151534
1964.2 0.201453265
1971.31667 0.201393629
1978.43333 0.201335767
1985.55 0.201278917
1992.66667 0.20122227
1999.78333 0.201165028
2006.9 0.201106454
2014.01667 0.201045934
2021.13333 0.200983007
2028.25 0.200917407
2035.36667 0.200849072
2042.48333 0.20077815
2049.6 0.200704984
2056.71667 0.200630093
2063.83333 0.200554138
2070.95 0.200477887
2078.06667 0.200402176
2085.18333 0.200327871
2092.3 0.200255825
2099.41667 0.200186843
2106.53333 0.200121645
2113.65 0.200060832
2120.76667 0.200004857
2127.88333 0.199954
2135 0.199908352
2142.11667 0.199867813
2149.23333 0.199832091
2156.35 0.199800726
2163.46667 0.199773115
2170.58333 0.199748552
2177.7 0.199726269
2184.81667 0.199705484
2191.93333 0.199685447
2199.05 0.199665477
2206.16667 0.199644995
2213.28333 0.199623552
2220.4 0.199600845
2227.51667 0.199576718
2234.63333 0.199551169
2241.75 0.199524334
2248.86667 0.199496473
2255.98333 0.199467943
2263.1 0.199439168
2270.21667 0.199410598
2277.33333 0.199382673
2284.45 0.199355773
2291.56667 0.199330186
2298.68333 0.199306068
2305.8 0.199283425
2312.91667 0.199262095
2320.03333 0.199241752
2327.15 0.199221921
2334.26667 0.199201997
2341.38333 0.199181274
2348.5 0.199158982
2355.61667 0.199134315
2362.73333 0.19910646
2369.85 0.199074627
2376.96667 0.199038071
2384.08333 0.198996111
2391.2 0.198948156
2398.31667 0.19889373
2405.43333 0.198832493
2412.55 0.198764267
2419.66667 0.198689061
2426.78333 0.198607085
2433.9 0.198518755
2441.01667 0.198424688
2448.13333 0.198325682
2455.25 0.198222682
2462.36667 0.198116736
2469.48333 0.198008946
2476.6 0.197900419
2483.71667 0.197792218
2490.83333 0.197685329
2497.95 0.197580628
2505.06667 0.197478866
2512.18333 0.197380662
2519.3 0.197286502
2526.41667 0.19719674
2533.53333 0.197111604
2540.65 0.197031197
2547.76667 0.196955502
2554.88333 0.196884383
2562 0.196817588
2569.11667 0.19675475
2576.23333 0.196695401
2583.35 0.196638979
2590.46667 0.196584843
2597.58333 0.196532297
2604.7 0.196480603
2611.81667 0.19642901
2618.93333 0.196376771
2626.05 0.196323171
2633.16667 0.196267547
2640.28333 0.196209319
2647.4 0.196148013
2654.51667 0.196083288
2661.63333 0.196014968
2668.75 0.195943059
2675.86667 0.195867767
2682.98333 0.195789504
2690.1 0.195708882
2697.21667 0.195626688
2704.33333 0.195543859
2711.45 0.195461427
2718.56667 0.195380476
2725.68333 0.195302084
2732.8 0.19522727
2739.91667 0.195156952
2747.03333 0.195091906
2754.15 0.19503274
2761.26667 0.194979878
2768.38333 0.194933552
2775.5 0.194893802
2782.61667 0.194860481
2789.73333 0.194833265
2796.85 0.194811672
2803.96667 0.194795078
2811.08333 0.194782746
2818.2 0.194773857
2825.31667 0.194767542
2832.43333 0.194762927
2839.55 0.194759169
2846.66667 0.194755496
2853.78333 0.194751239
2860.9 0.194745858
2868.01667 0.194738956
2875.13333 0.194730287
2882.25 0.194719745
2889.36667 0.194707356
2896.48333 0.194693255
2903.6 0.194677663
2910.71667 0.194660866
2917.83333 0.194643184
2924.95 0.194624953
2932.06667 0.1946065
2939.18333 0.194588121
2946.3 0.194570068
2953.41667 0.194552529
2960.53333 0.194535617
2967.65 0.194519371
2974.76667 0.194503746
2981.88333 0.194488634
2989 0.194473868
2996.11667 0.194459249
3003.23333 0.194444567
3010.35 0.194429626
3017.46667 0.194414262
3024.58333 0.194398357
3031.7 0.194381848
3038.81667 0.194364727
3045.93333 0.194347033
3053.05 0.19432884
3060.16667 0.194310249
3067.28333 0.194291376
3074.4 0.194272343
3081.51667 0.194253276
3088.63333 0.194234305
3095.75 0.194215561
3102.86667 0.194197182
3109.98333 0.194179311
3117.1 0.19416209
3124.21667 0.194145658
3131.33333 0.194130137
3138.45 0.194115627
3145.56667 0.194102197
3152.68333 0.194089879
3159.8 0.194078666
3166.91667 0.194068519
3174.03333 0.19405937
3181.15 0.194051132
3188.26667 0.194043708
3195.38333 0.194036996
3202.5 0.194030897
3209.61667 0.194025317
3216.73333 0.194020168
3223.85 0.194015363
3230.96667 0.194010822
3238.08333 0.194006464
3245.2 0.194002206
3252.31667 0.193997967
3259.43333 0.193993655
3266.55 0.193989166
3273.66667 0.193984379
3280.78333 0.193979138
3287.9 0.193973247
3295.01667 0.19396646
3302.13333 0.193958475
3309.25 0.193948941
3316.36667 0.193937463
3323.48333 0.193923628
3330.6 0.193907029
3337.71667 0.193887296
3344.83333 0.193864132
3351.95 0.193837337
3359.06667 0.193806831
3366.18333 0.193772663
3373.3 0.193735013
3380.41667 0.193694179
3387.53333 0.193650558
3394.65 0.193604619
3401.76667 0.19355688
3408.88333 0.193507876
3416 0.193458139
3423.11667 0.193408174
3430.23333 0.193358445
3437.35 0.19330936
3444.46667 0.193261256
3451.58333 0.193214396
3458.7 0.193168954
3465.81667 0.193125012
3472.93333 0.193082563
3480.05 0.193041505
3487.16667 0.193001657
3494.28333 0.192962769
3501.4 0.192924541
3508.51667 0.192886641
3515.63333 0.192848726
3522.75 0.192810466
3529.86667 0.192771551
3536.98333 0.192731711
3544.1 0.192690718
3551.21667 0.192648401
3558.33333 0.192604639
3565.45 0.192559376
3572.56667 0.192512623
3579.68333 0.192464461
3586.8 0.192415051
3593.91667 0.192364636
3601.03333 0.192313536
3608.15 0.192262148
3615.26667 0.192210924
3622.38333 0.192160358
3629.5 0.192110957
3636.61667 0.192063213
3643.73333 0.19201758
3650.85 0.191974449
3657.96667 0.191934128
3665.08333 0.191896835
3672.2 0.191862692
3679.31667 0.191831727
3686.43333 0.191803883
3693.55 0.191779023
3700.66667 0.191756947
3707.78333 0.191737395
3714.9 0.191720064
3722.01667 0.191704618
3729.13333 0.191690698
3736.25 0.191677937
3743.36667 0.19166597
3750.48333 0.191654455
3757.6 0.19164308
3764.71667 0.191631574
3771.83333 0.191619714
3778.95 0.191607327
3786.06667 0.191594285
3793.18333 0.1915805
3800.3 0.191565909
3807.41667 0.191550473
3814.53333 0.191534162
3821.65 0.191516957
3828.76667 0.191498849
3835.88333 0.191479844
3843 0.191459974
3850.11667 0.191439302
3857.23333 0.191417934
3864.35 0.191396021
3871.46667 0.191373758
3878.58333 0.191351385
3885.7 0.191329171
3892.81667 0.191307406
3899.93333 0.191286389
3907.05 0.191266409
3914.16667 0.191247738
3921.28333 0.191230616
3928.4 0.191215242
3935.51667 0.191201767
3942.63333 0.191190285
3949.75 0.191180834
3956.86667 0.191173386
3963.98333 0.191167853
3971.1 0.191164087
3978.21667 0.19116189
3985.33333 0.191161022
3992.45 0.191161215
3999.56667 0.19116219
4006.68333 0.191163671
4013.8 0.191165399
4020.91667 0.191167139
4028.03333 0.19116869
4035.15 0.191169881
4042.26667 0.191170569
4049.38333 0.191170636
4056.5 0.191169979
4063.61667 0.191168506
4070.73333 0.191166132
4077.85 0.191162775
4084.96667 0.191158357
4092.08333 0.1911528
4099.2 0.191146027
4106.31667 0.191137954
4113.43333 0.191128488
4120.55 0.191117517
4127.66667 0.191104908
4134.78333 0.191090497
4141.9 0.191074097
4149.01667 0.191055503
4156.13333 0.191034508
4163.25 0.191010923
4170.36667 0.190984603
4177.48333 0.190955471
4184.6 0.190923539
4191.71667 0.190888926
4198.83333 0.190851861
4205.95 0.190812681
4213.06667 0.190771817
4220.18333 0.19072977
4227.3 0.190687081
4234.41667 0.190644301
4241.53333 0.190601958
4248.65 0.190560522
4255.76667 0.190520378
4262.88333 0.190481802
4270 0.190444941
