0 7.57190801e-31
25 0.00042524409
50 0.00168894906
75 0.00375913029
100 0.00659351019
125 0.0101488261
150 0.0143848277
175 0.0192622039
200 0.0247378252
225 0.0307619233
250 0.0372795993
275 0.044235339
300 0.0515769047
325 0.0592557294
350 0.0672239338
375 0.0754307973
400 0.0838218246
425 0.0923413336
450 0.100936632
475 0.109560636
500 0.118171113
525 0.12672747
550 0.135187893
575 0.143509269
600 0.151650022
625 0.159573648
650 0.167250258
675 0.174655055
700 0.181765104
725 0.188557027
750 0.195007436
775 0.201095652
800 0.206806501
825 0.212130945
850 0.21706409
875 0.221602137
900 0.225740633
925 0.229475235
950 0.232804197
975 0.23573047
1000 0.238261669
1025 0.240407898
1050 0.242179077
1075 0.24358375
1100 0.244630102
1125 0.24532819
1150 0.245691468
1175 0.245736336
1200 0.245480024
1225 0.244938402
1250 0.244125321
1275 0.243053812
1300 0.241738049
1325 0.240194434
1350 0.238440914
1375 0.236495059
1400 0.234372387
1425 0.232086139
1450 0.229648587
1475 0.22707272
1500 0.224372973
1525 0.221564433
1550 0.218661172
1575 0.215675022
1600 0.212615692
1625 0.20949207
1650 0.206313644
1675 0.203090932
1700 0.199834639
1725 0.196554251
1750 0.193257179
1775 0.189949103
1800 0.186635201
1825 0.183321297
1850 0.180014054
1875 0.17672012
1900 0.173444956
1925 0.170192276
1950 0.166964517
1975 0.163763961
2000 0.160593621
2025 0.157457244
2050 0.154358479
2075 0.15129991
2100 0.148282722
2125 0.145307243
2150 0.142373927
2175 0.139484012
2200 0.136639374
2225 0.133841746
2250 0.131091932
2275 0.128389642
2300 0.125734063
2325 0.123124702
2350 0.120561847
2375 0.118046324
2400 0.115578765
2425 0.113158995
2450 0.110785994
2475 0.10845847
2500 0.106175559
2525 0.103937133
2550 0.101743485
2575 0.099594674
2600 0.0974900442
2625 0.0954282989
2650 0.0934080428
2675 0.0914283648
2700 0.0894890105
2725 0.0875900308
2750 0.0857312009
2775 0.083911669
2800 0.0821301006
2825 0.0803851873
2850 0.0786761167
2875 0.0770026413
2900 0.075364711
2925 0.0737619697
2950 0.0721935128
2975 0.0706580817
3000 0.0691545311
3025 0.0676821972
3050 0.0662408861
3075 0.0648305069
3100 0.0634506459
3125 0.0621004136
3150 0.0607786738
3175 0.0594844624
3200 0.0582172662
3225 0.0569769512
3250 0.0557634076
3275 0.0545761979
3300 0.0534144794
3325 0.0522772509
3350 0.0511637218
3375 0.0500735124
3400 0.0490065381
3425 0.0479626764
3450 0.046941483
3475 0.0459421755
3500 0.044963886
3525 0.0440059791
3550 0.0430681859
3575 0.0421504572
3600 0.041252658
3625 0.0403743475
3650 0.0395148086
3675 0.0386732989
3700 0.0378493177
3725 0.037042684
3750 0.0362533707
3775 0.0354812306
3800 0.0347258322
3825 0.0339865261
3850 0.0332626846
3875 0.0325539217
3900 0.0318601241
3925 0.0311812757
3950 0.0305172178
3975 0.0298675331
4000 0.0292316396
4025 0.0286090133
4050 0.0279993642
4075 0.0274026293
4100 0.0268187956
4125 0.0262476938
4150 0.0256889254
4175 0.0251419737
4200 0.0246064077
4225 0.0240820163
4250 0.0235687728
4275 0.023066661
4300 0.0225755034
4325 0.0220949235
4350 0.0216244677
4375 0.0211637866
4400 0.0207127336
4425 0.0202713063
4450 0.0198394818
4475 0.0194170768
4500 0.0190037392
4525 0.0185990754
4550 0.0182028074
4575 0.0178148399
4600 0.0174351855
4625 0.0170638124
4650 0.0167005342
4675 0.0163450255
4700 0.0159969484
4725 0.0156560868
4750 0.0153223853
4775 0.0149958644
4800 0.0146764824
4825 0.0143640525
4850 0.0140582772
4875 0.0137588703
4900 0.0134656685
4925 0.0131786466
4950 0.0128978273
4975 0.0126231592
5000 0.0123544578
5025 0.0120914542
5050 0.0118339094
5075 0.0115817044
5100 0.0113348361
5125 0.0110933254
5150 0.010857112
5175 0.0106260161
5200 0.0103997973
5225 0.0101782595
5250 0.00996132017
5275 0.00974899167
5300 0.00954129043
5325 0.00933814795
5350 0.0091393918
5375 0.00894480949
5400 0.00875424305
5425 0.00856763992
5450 0.00838502208
5475 0.00820639965
5500 0.00803169773
5525 0.00786075289
5550 0.00769337972
5575 0.00752945392
5600 0.00736894667
5625 0.00721188523
5650 0.00705827239
5675 0.00690802856
5700 0.00676100076
5725 0.00661702944
5750 0.00647601958
5775 0.00633796077
5800 0.00620288201
5825 0.00607077847
5850 0.0059415676
5875 0.00581510801
5900 0.00569126443
5925 0.005569967
5950 0.00545121903
5975 0.00533504865
6000 0.00522144356
6025 0.00511031995
6050 0.00500154882
6075 0.00489501738
6100 0.00479067702
6125 0.00468854084
6150 0.00458863413
6175 0.00449093769
6200 0.00439536806
6225 0.00430180903
6250 0.00421016839
6275 0.00412041516
6300 0.00403256888
6325 0.00394665071
6350 0.00386263536
6375 0.00378044114
6400 0.00369996479
6425 0.00362113263
6450 0.00354392802
6475 0.0034683742
6500 0.00339448738
6525 0.00332223717
6550 0.00325154491
6575 0.00318232012
6600 0.00311450564
6625 0.00304809615
6650 0.00298311641
6675 0.0029195773
6700 0.00285744437
6725 0.00279664303
6750 0.00273709525
6775 0.0026787583
6800 0.00262163557
6825 0.00256575158
6850 0.00251111183
6875 0.00245767893
6900 0.0024053832
6925 0.00235415845
6950 0.00230397442
6975 0.00225484089
7000 0.00220678083
7025 0.00215979457
7050 0.00211384285
7075 0.00206886152
7100 0.00202479551
7125 0.00198162513
7150 0.00193936453
7175 0.00189803423
7200 0.00185762978
7225 0.00181811104
7250 0.00177941984
7275 0.00174151137
7300 0.00170437472
7325 0.00166802676
7350 0.00163248488
7375 0.00159774041
7400 0.00156375327
7425 0.00153047147
7450 0.00149785957
7475 0.00146591378
7500 0.00143465226
7525 0.00140408896
7550 0.00137421159
7575 0.00134498093
7600 0.00131635127
7625 0.00128829555
7650 0.00126081556
7675 0.00123392969
7700 0.00120764824
7725 0.00118195601
7750 0.00115681534
7775 0.0011321867
7800 0.00110805041
7825 0.00108441253
7850 0.00106129073
7875 0.00103869176
7900 0.00101659817
7925 0.0009949744
7950 0.000973786922
7975 0.000953022463
8000 0.000932690122
8025 0.00091280622
8050 0.000893374105
8075 0.000874374747
8100 0.00085577513
8125 0.000837547438
8150 0.000819683824
8175 0.000802195403
8200 0.000785096669
8225 0.000768387851
8250 0.000752048961
8275 0.000736049853
8300 0.000720368033
8325 0.000705000166
8350 0.000689958502
8375 0.000675255408
8400 0.000660888337
8425 0.000646836918
8450 0.000633074086
8475 0.000619582227
8500 0.000606361656
8525 0.000593425029
8550 0.000580782421
8575 0.000568428906
8600 0.000556344237
8625 0.000544504535
8650 0.000532896588
8675 0.000521523569
8700 0.000510397948
8725 0.000499527463
8750 0.000488905225
8775 0.000478511547
8800 0.000468325757
8825 0.000458338541
8850 0.000448555209
8875 0.000438987587
8900 0.000429641124
8925 0.000420507389
8950 0.000411567621
8975 0.00040280429
9000 0.00039421147
9025 0.000385795976
9050 0.000377568638
9075 0.000369532746
9100 0.000361678733
9125 0.000353989052
9150 0.000346449195
9175 0.000339056115
9200 0.000331817578
9225 0.000324743178
9250 0.000317834224
9275 0.000311080398
9300 0.000304465587
9325 0.000297978125
9350 0.000291617361
9375 0.000285391536
9400 0.000279308854
9425 0.000273368866
9450 0.000267560855
9475 0.000261870293
9500 0.000256288139
9525 0.000250815676
9550 0.000245461225
9575 0.00024023153
9600 0.000235124622
9625 0.0002301297
9650 0.000225233913
9675 0.000220430601
9700 0.000215722549
9725 0.000211117842
9750 0.000206621749
9775 0.000202231042
9800 0.000197935107
9825 0.000193722802
9850 0.000189589587
9875 0.000185539359
9900 0.000181579717
9925 0.000177714498
9950 0.000173939471
9975 0.000170244436
10000 0.000166619951
10025 0.00016306332
10050 0.000159579206
10075 0.000156174535
10100 0.000152851799
10125 0.000149606006
10150 0.000146427561
10175 0.000143308666
10200 0.000140248198
10225 0.00013725128
10250 0.000134324037
10275 0.000131467729
10300 0.000128676842
10325 0.000125942522
10350 0.000123258533
10375 0.000120625058
10400 0.00011804742
10425 0.000115530863
10450 0.000113075552
10475 0.000110675664
10500 0.00010832319
10525 0.000106013346
10550 0.000103747365
10575 0.000101530551
10600 9.9367234e-05
10625 9.72566311e-05
10650 9.51928064e-05
10675 9.31686568e-05
10700 9.11807205e-05
10725 8.92310454e-05
10750 8.73247396e-05
10775 8.54652189e-05
10800 8.36509088e-05
10825 8.18759255e-05
10850 8.01341062e-05
10875 7.84231679e-05
10900 7.67457557e-05
10925 7.51066437e-05
10950 7.35083643e-05
10975 7.19487069e-05
11000 7.04219813e-05
11025 6.89229671e-05
11050 6.74504113e-05
11075 6.60073608e-05
11100 6.45981532e-05
11125 6.32244915e-05
11150 6.18836802e-05
11175 6.05703369e-05
11200 5.92801619e-05
11225 5.80127811e-05
11250 5.67714716e-05
11275 5.55600643e-05
11300 5.43795042e-05
11325 5.32267527e-05
11350 5.20968252e-05
11375 5.09863002e-05
11400 4.98955333e-05
11425 4.88278848e-05
11450 4.7786637e-05
11475 4.67720603e-05
11500 4.57809038e-05
11525 4.48086459e-05
11550 4.38526848e-05
11575 4.29139632e-05
11600 4.19958007e-05
11625 4.11009142e-05
11650 4.02289902e-05
11675 3.93766825e-05
11700 3.85399758e-05
11725 3.77170176e-05
11750 3.69092029e-05
11775 3.61197107e-05
11800 3.53506959e-05
11825 3.46013555e-05
11850 3.38683502e-05
11875 3.3148194e-05
11900 3.24397047e-05
11925 3.17446063e-05
11950 3.10658589e-05
11975 3.04050759e-05
12000 2.9761059e-05
12025 2.91305621e-05
12050 2.85106343e-05
12075 2.79006803e-05
12100 2.7302641e-05
12125 2.67192001e-05
12150 2.61514635e-05
12175 2.55979288e-05
12200 2.50555139e-05
12225 2.45217936e-05
12250 2.39966738e-05
12275 2.34822141e-05
12300 2.29807827e-05
12325 2.24930215e-05
12350 2.20172103e-05
12375 2.15504867e-05
12400 2.10909292e-05
12425 2.063886e-05
12450 2.01963729e-05
12475 1.97654973e-05
12500 1.93464624e-05
12525 1.89374092e-05
12550 1.85357362e-05
12575 1.81399938e-05
12600 1.77508384e-05
12625 1.73703268e-05
12650 1.70001411e-05
12675 1.66401532e-05
12700 1.62884361e-05
12725 1.59426769e-05
12750 1.56018586e-05
12775 1.52668943e-05
12800 1.49397464e-05
12825 1.46217527e-05
12850 1.43124849e-05
12875 1.40100101e-05
12900 1.371232e-05
12925 1.34187854e-05
12950 1.31305046e-05
12975 1.28493e-05
13000 1.25761791e-05
13025 1.231047e-05
13050 1.20502869e-05
13075 1.17939309e-05
13100 1.15411128e-05
13125 1.12930512e-05
13150 1.10513958e-05
13175 1.08168443e-05
13200 1.05885366e-05
13225 1.03646776e-05
13250 1.01438734e-05
13275 9.92612562e-06
13300 9.71271599e-06
13325 9.50509884e-06
13350 9.30368914e-06
13375 9.10749085e-06
13400 8.91483333e-06
13425 8.72461649e-06
13450 8.53708337e-06
13475 8.35352929e-06
13500 8.17520047e-06
13525 8.00226015e-06
13550 7.83362421e-06
13575 7.6677722e-06
13600 7.50387993e-06
13625 7.34238404e-06
13650 7.18455198e-06
13675 7.03141732e-06
13700 6.88292509e-06
13725 6.73794616e-06
13750 6.59512778e-06
13775 6.45389922e-06
13800 6.31484531e-06
13825 6.17917196e-06
13850 6.04770261e-06
13875 5.92019873e-06
13900 5.79552386e-06
13925 5.67250318e-06
13950 5.55079365e-06
13975 5.43108626e-06
14000 5.31449903e-06
14025 5.20165368e-06
14050 5.09216264e-06
14075 4.98491426e-06
14100 4.87891541e-06
14125 4.77402282e-06
14150 4.67099559e-06
14175 4.57084445e-06
14200 4.47400239e-06
14225 4.37996624e-06
14250 4.28767566e-06
14275 4.19631745e-06
14300 4.10591919e-06
14325 4.01727431e-06
14350 3.93127325e-06
14375 3.84817672e-06
14400 3.76739752e-06
14425 3.68794762e-06
14450 3.6091873e-06
14475 3.53128603e-06
14500 3.45504242e-06
14525 3.38121922e-06
14550 3.30992374e-06
14575 3.24051384e-06
14600 3.17208957e-06
14625 3.1041745e-06
14650 3.03705178e-06
14675 2.97150062e-06
14700 2.9081537e-06
14725 2.84698526e-06
14750 2.78732439e-06
14775 2.72837008e-06
14800 2.66979619e-06
14825 2.61197266e-06
14850 2.55563938e-06
14875 2.50130068e-06
14900 2.4488188e-06
14925 2.39751695e-06
14950 2.34669957e-06
14975 2.29617566e-06
15000 2.24637703e-06
