0 1.50057078e-30
8.33333333 0.0149410341
16.6666667 0.0572839545
25 0.120187919
33.3333333 0.19406462
41.6666667 0.268713765
50 0.335358124
58.3333333 0.388037881
66.6666667 0.424079772
75 0.443682358
83.3333333 0.448931959
91.6666667 0.442690433
100 0.427745959
108.333333 0.406432206
116.666667 0.380689399
125 0.352361364
133.333333 0.323461833
141.666667 0.296210667
150 0.272790485
158.333333 0.254930177
166.666667 0.243512551
175 0.238393491
183.333333 0.238522131
191.666667 0.242317092
200 0.24814661
208.333333 0.254727144
216.666667 0.261305531
225 0.267594986
233.333333 0.273543622
241.666667 0.279076468
250 0.283943775
258.333333 0.2877396
266.666667 0.290062348
275 0.290718588
283.333333 0.289854733
291.666667 0.287942566
300 0.285620426
308.333333 0.283463588
316.666667 0.281790489
325 0.28059175
333.333333 0.279608198
341.666667 0.278513225
350 0.277108068
358.333333 0.275437245
366.666667 0.273774094
375 0.272490689
383.333333 0.271880881
391.666667 0.272024184
400 0.272754367
408.333333 0.273743308
416.666667 0.274654804
425 0.275291553
433.333333 0.275665463
441.666667 0.275961753
450 0.276420091
458.333333 0.277195182
466.666667 0.278266463
475 0.279439586
483.333333 0.280435683
491.666667 0.281021502
500 0.28111513
508.333333 0.280816174
516.666667 0.280348065
525 0.2799436
533.333333 0.279731707
541.666667 0.279680988
550 0.279626032
558.333333 0.279361026
566.666667 0.278752498
575 0.277814875
583.333333 0.27671218
591.666667 0.275686363
600 0.274948676
608.333333 0.27458777
616.666667 0.274538705
625 0.274626258
633.333333 0.274659341
641.666667 0.274528988
650 0.274261935
658.333333 0.274004746
666.666667 0.273948112
675 0.274229964
683.333333 0.274865481
691.666667 0.275737729
700 0.276652211
708.333333 0.277427294
716.666667 0.27797566
725 0.278337466
733.333333 0.278650542
741.666667 0.279074103
750 0.279704768
758.333333 0.280526393
766.666667 0.281417538
775 0.282211465
783.333333 0.2827779
791.666667 0.28308588
800 0.283217306
808.333333 0.283325793
816.666667 0.283562366
825 0.284005212
833.333333 0.284627627
841.666667 0.285318518
850 0.285943512
858.333333 0.286415014
866.666667 0.286736118
875 0.286997265
883.333333 0.287328641
891.666667 0.28783333
900 0.288535102
908.333333 0.289366547
916.666667 0.290202306
925 0.290919425
933.333333 0.291453599
941.666667 0.291822967
950 0.292108216
958.333333 0.29240032
966.666667 0.29274363
975 0.29310406
983.333333 0.293378904
991.666667 0.293443243
1000 0.293208982
1008.33333 0.292666059
1016.66667 0.291884464
1025 0.290975825
1033.33333 0.290034177
1041.66667 0.289086423
1050 0.288078365
1058.33333 0.286904169
1066.66667 0.285464923
1075 0.283726698
1083.33333 0.281748167
1091.66667 0.279662722
1100 0.27762282
1108.33333 0.275733613
1116.66667 0.274008894
1125 0.272371849
1133.33333 0.27070104
1141.66667 0.268899353
1150 0.266951696
1158.33333 0.264942169
1166.66667 0.263021075
1175 0.261336973
1183.33333 0.259966643
1191.66667 0.258877572
1200 0.257942131
1208.33333 0.256997472
1216.66667 0.255922549
1225 0.25469479
1233.33333 0.253398377
1241.66667 0.252179427
1250 0.251169398
1258.33333 0.250413908
1266.66667 0.249842101
1275 0.24929237
1283.33333 0.248582982
1291.66667 0.247594122
1300 0.246321891
1308.33333 0.244877911
1316.66667 0.243434252
1325 0.242139821
1333.33333 0.241048366
1341.66667 0.240092966
1350 0.239119679
1358.33333 0.237964634
1366.66667 0.236537807
1375 0.234873315
1383.33333 0.23312192
1391.66667 0.23148899
1400 0.23014726
1408.33333 0.229165705
1416.66667 0.228488124
1425 0.227971212
1433.33333 0.227463509
1441.66667 0.226887237
1450 0.226283899
1458.33333 0.225802067
1466.66667 0.225633497
1475 0.22592826
1483.33333 0.226729246
1491.66667 0.227956704
1500 0.22944927
1508.33333 0.231040946
1516.66667 0.232636704
1525 0.234250677
1533.33333 0.235989467
1541.66667 0.237989678
1550 0.240340649
1558.33333 0.243029918
1566.66667 0.245937339
1575 0.248879925
1583.33333 0.251684965
1591.66667 0.254255764
1600 0.256598591
1608.33333 0.258798805
1616.66667 0.26095907
1625 0.263130787
1633.33333 0.265272716
1641.66667 0.267256963
1650 0.268919036
1658.33333 0.27012716
1666.66667 0.270836824
1675 0.271104121
1683.33333 0.271051868
1691.66667 0.270805631
1700 0.270431422
1708.33333 0.269905678
1716.66667 0.269132119
1725 0.26799693
1733.33333 0.266434933
1741.66667 0.264474112
1750 0.26223651
1758.33333 0.25989487
1766.66667 0.257605975
1775 0.255452864
1783.33333 0.253423651
1791.66667 0.251436716
1800 0.249399464
1808.33333 0.247271608
1816.66667 0.245101918
1825 0.243020444
1833.33333 0.241189925
1841.66667 0.239739885
1850 0.238715136
1858.33333 0.238063245
1866.66667 0.237666534
1875 0.23740264
1883.33333 0.237204116
1891.66667 0.237088353
1900 0.237143817
1908.33333 0.237479935
1916.66667 0.238165481
1925 0.239185669
1933.33333 0.240438764
1941.66667 0.24177374
1950 0.243050617
1958.33333 0.244194405
1966.66667 0.245216996
1975 0.24619714
1983.33333 0.247229044
1991.66667 0.248365117
2000 0.249580895
2008.33333 0.250779092
2016.66667 0.251830535
2025 0.252631945
2033.33333 0.253152573
2041.66667 0.253447387
2050 0.253630839
2058.33333 0.253824266
2066.66667 0.254102386
2075 0.254464354
2083.33333 0.254842626
2091.66667 0.255144452
2100 0.255305308
2108.33333 0.255328208
2116.66667 0.255290147
2125 0.255313045
2133.33333 0.255513603
2141.66667 0.255956214
2150 0.256631031
2158.33333 0.257466689
2166.66667 0.258370393
2175 0.259275269
2183.33333 0.260172082
2191.66667 0.261110744
2200 0.262172041
2208.33333 0.263424372
2216.66667 0.26488696
2225 0.266517106
2233.33333 0.268226771
2241.66667 0.269919384
2250 0.271528338
2258.33333 0.273038598
2266.66667 0.274481888
2275 0.275909275
2283.33333 0.277355914
2291.66667 0.278815975
2300 0.280239916
2308.33333 0.281554636
2316.66667 0.282695499
2325 0.283633661
2333.33333 0.284385043
2341.66667 0.284997062
2350 0.285520654
2358.33333 0.285982393
2366.66667 0.28637105
2375 0.286645121
2383.33333 0.286756834
2391.66667 0.28667965
2400 0.286424635
2408.33333 0.286037007
2416.66667 0.285574631
2425 0.285079693
2433.33333 0.284558409
2441.66667 0.283979492
2450 0.283292388
2458.33333 0.282455932
2466.66667 0.281462507
2475 0.280344927
2483.33333 0.279162021
2491.66667 0.277969984
2500 0.276794111
2508.33333 0.27561575
2516.66667 0.274381833
2525 0.2730329
2533.33333 0.271535938
2541.66667 0.269905444
2550 0.268201652
2558.33333 0.266506131
2566.66667 0.264886408
2575 0.263367122
2583.33333 0.261922365
2591.66667 0.260493629
2600 0.259025008
2608.33333 0.257498494
2616.66667 0.255951699
2625 0.254468665
2633.33333 0.253147512
2641.66667 0.252060205
2650 0.251223866
2658.33333 0.250597723
2666.66667 0.250107399
2675 0.249684876
2683.33333 0.249304624
2691.66667 0.248998074
2700 0.248839038
2708.33333 0.248906882
2716.66667 0.249245204
2725 0.249836202
2733.33333 0.250603398
2741.66667 0.25144166
2750 0.252260148
2758.33333 0.253017452
2766.66667 0.253731919
2775 0.254462287
2783.33333 0.255268221
2791.66667 0.256170281
2800 0.257129166
2808.33333 0.258054747
2816.66667 0.258840813
2825 0.259408861
2833.33333 0.259739732
2841.66667 0.25987776
2850 0.25990546
2858.33333 0.259901145
2866.66667 0.259900224
2875 0.259879093
2883.33333 0.259769498
2891.66667 0.259496309
2900 0.259020126
2908.33333 0.258363732
2916.66667 0.257609226
2925 0.256866975
2933.33333 0.256231268
2941.66667 0.255744023
2950 0.255383958
2958.33333 0.255086136
2966.66667 0.25478197
2975 0.254439782
2983.33333 0.2540858
2991.66667 0.253795152
3000 0.253657183
3008.33333 0.253732076
3016.66667 0.254020043
3025 0.254458196
3033.33333 0.254946613
3041.66667 0.255390796
3050 0.255739661
3058.33333 0.256000469
3066.66667 0.256223508
3075 0.256464342
3083.33333 0.256742593
3091.66667 0.257018064
3100 0.257196548
3108.33333 0.257163041
3116.66667 0.256826489
3125 0.256154322
3133.33333 0.255179872
3141.66667 0.253978955
3150 0.252627078
3158.33333 0.251158358
3166.66667 0.249546651
3175 0.247718604
3183.33333 0.245592778
3191.66667 0.243126032
3200 0.240344486
3208.33333 0.237343603
3216.66667 0.234256675
3225 0.231206381
3233.33333 0.228262359
3241.66667 0.225425083
3250 0.222643729
3258.33333 0.219859373
3266.66667 0.217052534
3275 0.214271882
3283.33333 0.211629789
3291.66667 0.209266333
3300 0.207298473
3308.33333 0.205778311
3316.66667 0.204680068
3325 0.20392174
3333.33333 0.203410858
3341.66667 0.203092379
3350 0.202975821
3358.33333 0.203128852
3366.66667 0.203640654
3375 0.204572844
3383.33333 0.205921606
3391.66667 0.207609203
3400 0.20950892
3408.33333 0.211491543
3416.66667 0.21347134
3425 0.215430037
3433.33333 0.217407982
3441.66667 0.219467539
3450 0.221646897
3458.33333 0.223926841
3466.66667 0.226226506
3475 0.228430057
3483.33333 0.230431385
3491.66667 0.232175451
3500 0.233676767
3508.33333 0.235006656
3516.66667 0.236255922
3525 0.237491087
3533.33333 0.238725095
3541.66667 0.239915993
3550 0.240993499
3558.33333 0.2419
3566.66667 0.242625895
3575 0.243222316
3583.33333 0.243785372
3591.66667 0.244419802
3600 0.24519948
3608.33333 0.246143303
3616.66667 0.247217112
3625 0.24835962
3633.33333 0.249518932
3641.66667 0.250681645
3650 0.251880722
3658.33333 0.253179033
3666.66667 0.254637317
3675 0.256282569
3683.33333 0.258092118
3691.66667 0.26000055
3700 0.261925315
3708.33333 0.26379797
3716.66667 0.265585765
3725 0.267293673
3733.33333 0.268946963
3741.66667 0.270564081
3750 0.272134105
3758.33333 0.273610263
3766.66667 0.274922613
3775 0.276003227
3783.33333 0.276811041
3791.66667 0.277343984
3800 0.277632663
3808.33333 0.277719315
3816.66667 0.277633152
3825 0.277374894
3833.33333 0.276918388
3841.66667 0.276228398
3850 0.275285311
3858.33333 0.274103931
3866.66667 0.272736504
3875 0.271258063
3883.33333 0.269741168
3891.66667 0.26823248
3900 0.266742756
3908.33333 0.265255115
3916.66667 0.26374725
3925 0.262216218
3933.33333 0.260693096
3941.66667 0.259239809
3950 0.257929381
3958.33333 0.256819137
3966.66667 0.255930041
3975 0.255242341
3983.33333 0.254709703
3991.66667 0.254284833
4000 0.253943963
4008.33333 0.253698112
4016.66667 0.253585684
4025 0.253650204
4033.33333 0.253914418
4041.66667 0.254363771
4050 0.254947636
4058.33333 0.255597842
4066.66667 0.256255491
4075 0.256892944
4083.33333 0.257520284
4091.66667 0.258173273
4100 0.258889
4108.33333 0.259681451
4116.66667 0.260529244
4125 0.261381602
4133.33333 0.26217957
4141.66667 0.262881847
4150 0.263482343
4158.33333 0.264010696
4166.66667 0.264515491
4175 0.265038525
4183.33333 0.265592884
4191.66667 0.266155661
4200 0.266678806
4208.33333 0.267112508
4216.66667 0.267429312
4225 0.267636782
4233.33333 0.26777236
4241.66667 0.267882966
4250 0.26799962
4258.33333 0.268119852
4266.66667 0.268206832
4275 0.268205746
4283.33333 0.268069305
4291.66667 0.267779632
4300 0.267355573
4308.33333 0.266841735
4316.66667 0.266284803
4325 0.265709077
4333.33333 0.265103733
4341.66667 0.264428447
4350 0.263634834
4358.33333 0.262693124
4366.66667 0.261610687
4375 0.260432933
4383.33333 0.259225821
4391.66667 0.258048428
4400 0.256929098
4408.33333 0.2558571
4416.66667 0.254794054
4425 0.253699543
4433.33333 0.252558091
4441.66667 0.251393813
4450 0.250264951
4458.33333 0.249240489
4466.66667 0.248370004
4475 0.247661531
4483.33333 0.247078461
4491.66667 0.246557246
4500 0.246037358
4508.33333 0.245488733
4516.66667 0.244922976
4525 0.244382469
4533.33333 0.243912464
4541.66667 0.243529848
4550 0.243204232
4558.33333 0.242861255
4566.66667 0.242407207
4575 0.241763541
4583.33333 0.240894726
4591.66667 0.239815844
4600 0.238576076
4608.33333 0.237225967
4616.66667 0.235784547
4625 0.234222722
4633.33333 0.232471745
4641.66667 0.230453403
4650 0.228117888
4658.33333 0.225471213
4666.66667 0.222578736
4675 0.219542619
4683.33333 0.216463565
4691.66667 0.213404879
4700 0.210375993
4708.33333 0.207343411
4716.66667 0.204263927
4725 0.201124186
4733.33333 0.197967425
4741.66667 0.194894154
4750 0.192035842
4758.33333 0.189513514
4766.66667 0.187400392
4775 0.185705825
4783.33333 0.184387711
4791.66667 0.183387119
4800 0.182668334
4808.33333 0.182245113
4816.66667 0.182180628
4825 0.182561164
4833.33333 0.183456159
4841.66667 0.18488359
4850 0.186797016
4858.33333 0.189100222
4866.66667 0.191682259
4875 0.194456165
4883.33333 0.197383197
4891.66667 0.20047165
4900 0.203751666
4908.33333 0.207238929
4916.66667 0.210905243
4925 0.214670385
4933.33333 0.218419186
4941.66667 0.222035552
4950 0.225437162
4958.33333 0.228594479
4966.66667 0.231525543
4975 0.234269842
4983.33333 0.236854533
4991.66667 0.239269752
5000 0.241464981
