0 2.16580063e-29
7.11666667 2.55554242e-07
14.2333333 4.05380804e-06
21.35 2.02314981e-05
28.4666667 6.26861544e-05
35.5833333 0.000149230315
42.7 0.000300171902
49.8166667 0.000536772805
56.9333333 0.000879741104
64.05 0.00134789549
71.1666667 0.00195710717
78.2833333 0.00271958116
85.4 0.00364349288
92.5166667 0.00473295424
99.6333333 0.00598825198
106.75 0.00740628257
113.866667 0.00898110401
120.983333 0.0107045324
128.1 0.0125667278
135.216667 0.014556733
142.333333 0.0166629505
149.45 0.0188735542
156.566667 0.0211768466
163.683333 0.0235615701
170.8 0.0260171818
177.916667 0.0285340924
185.033333 0.0311038663
192.15 0.0337193723
199.266667 0.0363748733
206.383333 0.0390660448
213.5 0.0417899164
220.616667 0.0445447366
227.733333 0.0473297688
234.85 0.0501450314
241.966667 0.0529910007
249.083333 0.0558682968
256.2 0.0587773716
263.316667 0.0617182193
270.433333 0.0646901235
277.55 0.0676914557
284.666667 0.0707195355
291.783333 0.07377056
298.9 0.0768396076
306.016667 0.0799207192
313.133333 0.083007054
320.25 0.0860911144
327.366667 0.089165028
334.483333 0.0922208697
341.6 0.095251004
348.716667 0.0982484211
355.833333 0.101207043
362.95 0.104121977
370.066667 0.10698969
377.183333 0.109808107
384.3 0.1125766
391.416667 0.115295906
398.533333 0.117967946
405.65 0.120595584
412.766667 0.123182346
419.883333 0.125732101
427 0.128248751
434.116667 0.13073593
441.233333 0.13319674
448.35 0.135633546
455.466667 0.138047818
462.583333 0.140440052
469.7 0.142809758
476.816667 0.145155518
483.933333 0.147475106
491.05 0.149765665
498.166667 0.152023919
505.283333 0.154246417
512.4 0.156429778
519.516667 0.158570924
526.633333 0.160667288
533.75 0.16271698
540.866667 0.164718895
547.983333 0.166672769
555.1 0.168579167
562.216667 0.170439429
569.333333 0.172255554
576.45 0.174030058
583.566667 0.175765805
590.683333 0.177465829
597.8 0.179133158
604.916667 0.180770648
612.033333 0.182380851
619.15 0.183965899
626.266667 0.185527432
633.383333 0.187066555
640.5 0.188583831
647.616667 0.190079299
654.733333 0.191552519
661.85 0.193002634
668.966667 0.194428437
676.083333 0.195828446
683.2 0.197200978
690.316667 0.198544214
697.433333 0.19985626
704.55 0.201135213
711.666667 0.202379207
718.783333 0.203586475
725.9 0.204755409
733.016667 0.205884616
740.133333 0.206972989
747.25 0.208019763
754.366667 0.209024578
761.483333 0.209987525
768.6 0.210909173
775.716667 0.21179059
782.833333 0.212633326
789.95 0.213439388
797.066667 0.214211194
804.183333 0.214951506
811.3 0.215663363
818.416667 0.216350003
825.533333 0.217014782
832.65 0.217661095
839.766667 0.218292296
846.883333 0.218911621
854 0.219522108
861.116667 0.22012652
868.233333 0.220727271
875.35 0.221326354
882.466667 0.221925284
889.583333 0.222525054
896.7 0.223126104
903.816667 0.223728319
910.933333 0.224331048
918.05 0.224933139
925.166667 0.225532995
932.283333 0.226128646
939.4 0.226717817
946.516667 0.227298012
953.633333 0.227866581
960.75 0.228420791
967.866667 0.228957891
974.983333 0.229475172
982.1 0.229970028
989.216667 0.230440012
996.333333 0.230882903
1003.45 0.231296762
1010.56667 0.231679996
1017.68333 0.23203141
1024.8 0.232350245
1031.91667 0.232636208
1039.03333 0.232889477
1046.15 0.233110675
1053.26667 0.23330084
1060.38333 0.233461351
1067.5 0.233593859
1074.61667 0.233700192
1081.73333 0.233782261
1088.85 0.233841972
1095.96667 0.233881137
1103.08333 0.233901403
1110.2 0.2339042
1117.31667 0.233890705
1124.43333 0.233861821
1131.55 0.233818187
1138.66667 0.233760197
1145.78333 0.233688038
1152.9 0.233601743
1160.01667 0.233501243
1167.13333 0.233386433
1174.25 0.233257226
1181.36667 0.233113599
1188.48333 0.232955634
1195.6 0.232783537
1202.71667 0.232597644
1209.83333 0.232398415
1216.95 0.232186413
1224.06667 0.231962277
1231.18333 0.231726693
1238.3 0.231480362
1245.41667 0.231223978
1252.53333 0.230958209
1259.65 0.23068369
1266.76667 0.230401015
1273.88333 0.230110746
1281 0.229813421
1288.11667 0.229509561
1295.23333 0.229199681
1302.35 0.228884295
1309.46667 0.228563927
1316.58333 0.228239103
1323.7 0.227910356
1330.81667 0.227578215
1337.93333 0.227243201
1345.05 0.226905813
1352.16667 0.226566526
1359.28333 0.226225781
1366.4 0.225883977
1373.51667 0.225541479
1380.63333 0.22519862
1387.75 0.22485571
1394.86667 0.224513055
1401.98333 0.224170971
1409.1 0.223829802
1416.21667 0.223489936
1423.33333 0.223151808
1430.45 0.222815904
1437.56667 0.222482741
1444.68333 0.222152854
1451.8 0.221826753
1458.91667 0.221504893
1466.03333 0.221187629
1473.15 0.220875179
1480.26667 0.22056759
1487.38333 0.220264716
1494.5 0.219966206
1501.61667 0.219671502
1508.73333 0.219379851
1515.85 0.219090328
1522.96667 0.218801863
1530.08333 0.218513275
1537.2 0.218223315
1544.31667 0.217930709
1551.43333 0.217634197
1558.55 0.217332591
1565.66667 0.217024808
1572.78333 0.216709924
1579.9 0.21638721
1587.01667 0.216056163
1594.13333 0.215716528
1601.25 0.215368309
1608.36667 0.215011768
1615.48333 0.214647406
1622.6 0.21427594
1629.71667 0.213898269
1636.83333 0.213515437
1643.95 0.213128601
1651.06667 0.212738997
1658.18333 0.212347914
1665.3 0.211956674
1672.41667 0.211566619
1679.53333 0.211179091
1686.65 0.210795422
1693.76667 0.210416913
1700.88333 0.210044807
1708 0.209680256
1715.11667 0.209324287
1722.23333 0.20897776
1729.35 0.208641332
1736.46667 0.208315423
1743.58333 0.208000193
1750.7 0.207695531
1757.81667 0.207401058
1764.93333 0.207116139
1772.05 0.206839911
1779.16667 0.206571321
1786.28333 0.206309172
1793.4 0.206052171
1800.51667 0.205798986
1807.63333 0.205548301
1814.75 0.205298869
1821.86667 0.20504957
1828.98333 0.204799454
1836.1 0.204547782
1843.21667 0.204294061
1850.33333 0.204038058
1857.45 0.203779805
1864.56667 0.203519593
1871.68333 0.203257939
1878.8 0.202995555
1885.91667 0.202733293
1893.03333 0.202472093
1900.15 0.202212921
1907.26667 0.201956712
1914.38333 0.20170432
1921.5 0.201456471
1928.61667 0.201213727
1935.73333 0.200976467
1942.85 0.20074487
1949.96667 0.200518919
1957.08333 0.200298407
1964.2 0.200082959
1971.31667 0.199872059
1978.43333 0.199665087
1985.55 0.199461356
1992.66667 0.199260156
1999.78333 0.199060796
2006.9 0.19886265
2014.01667 0.198665185
2021.13333 0.198467997
2028.25 0.198270826
2035.36667 0.198073572
2042.48333 0.197876292
2049.6 0.197679201
2056.71667 0.197482651
2063.83333 0.197287118
2070.95 0.197093179
2078.06667 0.19690149
2085.18333 0.196712755
2092.3 0.196527706
2099.41667 0.196347072
2106.53333 0.196171549
2113.65 0.196001779
2120.76667 0.195838314
2127.88333 0.195681597
2135 0.195531941
2142.11667 0.195389507
2149.23333 0.195254302
2156.35 0.195126174
2163.46667 0.19500482
2170.58333 0.194889801
2177.7 0.194780567
2184.81667 0.194676481
2191.93333 0.194576853
2199.05 0.194480972
2206.16667 0.19438814
2213.28333 0.194297703
2220.4 0.194209079
2227.51667 0.194121784
2234.63333 0.194035449
2241.75 0.193949834
2248.86667 0.193864831
2255.98333 0.193780462
2263.1 0.193696865
2270.21667 0.193614275
2277.33333 0.193532997
2284.45 0.193453366
2291.56667 0.193375721
2298.68333 0.193300357
2305.8 0.1932275
2312.91667 0.193157271
2320.03333 0.19308967
2327.15 0.193024561
2334.26667 0.192961665
2341.38333 0.192900565
2348.5 0.192840714
2355.61667 0.192781453
2362.73333 0.192722023
2369.85 0.192661595
2376.96667 0.192599294
2384.08333 0.192534226
2391.2 0.192465512
2398.31667 0.192392321
2405.43333 0.192313911
2412.55 0.192229658
2419.66667 0.19213909
2426.78333 0.192041915
2433.9 0.191938037
2441.01667 0.191827566
2448.13333 0.19171081
2455.25 0.191588268
2462.36667 0.191460596
2469.48333 0.191328585
2476.6 0.19119312
2483.71667 0.191055145
2490.83333 0.190915626
2497.95 0.190775523
2505.06667 0.190635757
2512.18333 0.190497187
2519.3 0.190360594
2526.41667 0.19022666
2533.53333 0.190095954
2540.65 0.189968921
2547.76667 0.189845871
2554.88333 0.189726975
2562 0.189612258
2569.11667 0.1895016
2576.23333 0.189394748
2583.35 0.189291323
2590.46667 0.189190835
2597.58333 0.189092711
2604.7 0.188996312
2611.81667 0.188900964
2618.93333 0.188805982
2626.05 0.188710701
2633.16667 0.188614504
2640.28333 0.18851685
2647.4 0.188417298
2654.51667 0.188315539
2661.63333 0.188211412
2668.75 0.18810492
2675.86667 0.187996245
2682.98333 0.187885742
2690.1 0.187773934
2697.21667 0.187661494
2704.33333 0.18754921
2711.45 0.187437955
2718.56667 0.187328637
2725.68333 0.187222163
2732.8 0.187119387
2739.91667 0.187021074
2747.03333 0.186927866
2754.15 0.186840252
2761.26667 0.186758556
2768.38333 0.186682919
2775.5 0.186613305
2782.61667 0.1865495
2789.73333 0.186491129
2796.85 0.186437669
2803.96667 0.186388477
2811.08333 0.186342815
2818.2 0.186299883
2825.31667 0.186258855
2832.43333 0.186218916
2839.55 0.186179296
2846.66667 0.1861393
2853.78333 0.18609834
2860.9 0.18605595
2868.01667 0.186011801
2875.13333 0.185965699
2882.25 0.185917586
2889.36667 0.185867525
2896.48333 0.185815682
2903.6 0.185762309
2910.71667 0.185707721
2917.83333 0.185652272
2924.95 0.185596335
2932.06667 0.185540283
2939.18333 0.185484466
2946.3 0.1854292
2953.41667 0.185374748
2960.53333 0.185321314
2967.65 0.185269032
2974.76667 0.185217969
2981.88333 0.185168123
2989 0.185119434
2996.11667 0.185071791
3003.23333 0.185025048
3010.35 0.18497904
3017.46667 0.184933593
3024.58333 0.184888537
3031.7 0.184843717
3038.81667 0.184798997
3045.93333 0.184754264
3053.05 0.184709429
3060.16667 0.184664431
3067.28333 0.184619234
3074.4 0.184573828
3081.51667 0.184528239
3088.63333 0.184482521
3095.75 0.184436764
3102.86667 0.184391096
3109.98333 0.184345671
3117.1 0.184300673
3124.21667 0.184256301
3131.33333 0.18421276
3138.45 0.184170248
3145.56667 0.184128945
3152.68333 0.184089001
3159.8 0.184050534
3166.91667 0.184013617
3174.03333 0.183978287
3181.15 0.183944541
3188.26667 0.183912343
3195.38333 0.183881629
3202.5 0.183852315
3209.61667 0.183824302
3216.73333 0.183797485
3223.85 0.183771759
3230.96667 0.183747025
3238.08333 0.183723199
3245.2 0.183700215
3252.31667 0.183678026
3259.43333 0.183656612
3266.55 0.183635971
3273.66667 0.183616114
3280.78333 0.183597061
3287.9 0.183578824
3295.01667 0.183561402
3302.13333 0.183544765
3309.25 0.183528852
3316.36667 0.183513566
3323.48333 0.183498776
3330.6 0.183484328
3337.71667 0.183470051
3344.83333 0.183455772
3351.95 0.183441333
3359.06667 0.183426597
3366.18333 0.18341146
3373.3 0.183395854
3380.41667 0.183379751
3387.53333 0.183363155
3394.65 0.1833461
3401.76667 0.183328645
3408.88333 0.183310863
3416 0.183292843
3423.11667 0.183274676
3430.23333 0.183256456
3437.35 0.183238274
3444.46667 0.183220215
3451.58333 0.183202352
3458.7 0.183184738
3465.81667 0.183167411
3472.93333 0.183150381
3480.05 0.183133632
3487.16667 0.183117126
3494.28333 0.1831008
3501.4 0.183084575
3508.51667 0.183068359
3515.63333 0.183052054
3522.75 0.183035562
3529.86667 0.183018787
3536.98333 0.183001637
3544.1 0.182984028
3551.21667 0.18296588
3558.33333 0.182947121
3565.45 0.182927691
3572.56667 0.182907539
3579.68333 0.182886632
3586.8 0.182864963
3593.91667 0.182842553
3601.03333 0.182819457
3608.15 0.182795765
3615.26667 0.182771606
3622.38333 0.182747135
3629.5 0.182722535
3636.61667 0.182698002
3643.73333 0.182673734
3650.85 0.182649924
3657.96667 0.18262675
3665.08333 0.182604365
3672.2 0.182582892
3679.31667 0.182562423
3686.43333 0.182543016
3693.55 0.182524691
3700.66667 0.182507432
3707.78333 0.182491185
3714.9 0.182475862
3722.01667 0.182461342
3729.13333 0.182447476
3736.25 0.18243409
3743.36667 0.182420999
3750.48333 0.182408012
3757.6 0.182394945
3764.71667 0.182381627
3771.83333 0.18236791
3778.95 0.182353673
3786.06667 0.182338822
3793.18333 0.182323294
3800.3 0.18230705
3807.41667 0.182290075
3814.53333 0.182272373
3821.65 0.182253962
3828.76667 0.182234881
3835.88333 0.182215183
3843 0.18219494
3850.11667 0.182174247
3857.23333 0.182153219
3864.35 0.182131995
3871.46667 0.182110736
3878.58333 0.182089619
3885.7 0.182068829
3892.81667 0.18204856
3899.93333 0.182028997
3907.05 0.182010315
3914.16667 0.181992671
3921.28333 0.181976194
3928.4 0.181960982
3935.51667 0.181947099
3942.63333 0.181934569
3949.75 0.181923374
3956.86667 0.181913458
3963.98333 0.181904721
3971.1 0.18189703
3978.21667 0.18189022
3985.33333 0.181884106
3992.45 0.181878488
3999.56667 0.181873168
4006.68333 0.181867958
4013.8 0.181862688
4020.91667 0.181857216
4028.03333 0.181851431
4035.15 0.181845253
4042.26667 0.181838631
4049.38333 0.18183154
4056.5 0.181823974
4063.61667 0.181815942
4070.73333 0.181807457
4077.85 0.181798538
4084.96667 0.1817892
4092.08333 0.181779451
4099.2 0.18176929
4106.31667 0.181758699
4113.43333 0.181747641
4120.55 0.181736056
4127.66667 0.181723858
4134.78333 0.181710935
4141.9 0.18169715
4149.01667 0.18168235
4156.13333 0.181666374
4163.25 0.181649068
4170.36667 0.181630298
4177.48333 0.181609964
4184.6 0.181588018
4191.71667 0.181564464
4198.83333 0.181539374
4205.95 0.181512876
4213.06667 0.181485153
4220.18333 0.181456431
4227.3 0.181426964
4234.41667 0.181397019
4241.53333 0.181366854
4248.65 0.181336707
4255.76667 0.181306779
4262.88333 0.18127722
4270 0.181248116
