0 1 1.34275921e-29 1.10425839e-29 1.37753636e-29 1.19480237e-29 1.10421777e-29 9.94764124e-30 1.47810698e-29 7.10545583e-30 6.11251752e-30 5.27502496e-30
7.11666667 0.999159904 1.04819056e-09 1.38721857e-09 2.10975154e-09 6.11580996e-10 2.02392132e-10 5.69692325e-10 4.17057336e-11 3.65989343e-10 7.23773592e-11 1.80592791e-10
14.2333333 0.996685255 5.19616517e-08 2.36871521e-08 3.31800156e-08 9.60788499e-09 3.18928135e-09 8.95752569e-09 6.53798695e-10 5.74338043e-09 1.12824302e-09 2.83309271e-09
21.35 0.992708429 5.491442e-07 1.32504195e-07 1.63410915e-07 4.71567055e-08 1.57407738e-08 4.40519418e-08 3.19943694e-09 2.81557093e-08 5.46981767e-09 1.38822847e-08
28.4666667 0.987435536 2.932241e-06 4.74406894e-07 4.98131951e-07 1.42578471e-07 4.80121967e-08 1.33709839e-07 9.6451012e-09 8.50968395e-08 1.62768383e-08 4.19370575e-08
35.5833333 0.98112667 1.06408113e-05 1.33208785e-06 1.1658002e-06 3.2830568e-07 1.11995667e-07 3.09985497e-07 2.21692549e-08 1.96268017e-07 3.68005286e-08 9.66898329e-08
42.7 0.974071972 3.00793449e-05 3.198845e-06 2.31029266e-06 6.32393668e-07 2.1971132e-07 6.03636797e-07 4.27323164e-08 3.79982451e-07 6.95424261e-08 1.87190845e-07
49.8166667 0.966566496 7.13196983e-05 6.86704088e-06 4.09273506e-06 1.07082192e-06 3.81437095e-07 1.03879874e-06 7.26929917e-08 6.4992754e-07 1.156192e-07 3.20347984e-07
56.9333333 0.958886861 0.00014831353 1.35213163e-05 6.70548864e-06 1.64129945e-06 6.04310876e-07 1.62863381e-06 1.12542805e-07 1.01285488e-06 1.74457339e-07 4.99923487e-07
64.05 0.951272174 0.000278481557 2.48235414e-05 1.03971666e-05 2.32052345e-06 8.91607464e-07 2.37255872e-06 1.61802731e-07 1.4675335e-06 2.43869579e-07 7.26161335e-07
71.1666667 0.943910973 0.000481670391 4.29739878e-05 1.55038174e-05 3.06663639e-06 1.24290013e-06 3.2553627e-06 2.19090051e-07 2.00501709e-06 3.20465881e-07 9.96024102e-07
78.2833333 0.936934913 0.000778594241 7.07330772e-05 2.24788652e-05 3.82788752e-06 1.65517419e-06 4.24823461e-06 2.82328029e-07 2.61001194e-06 4.00273383e-07 1.30388671e-06
85.4 0.930418991 0.00118898101 0.000111390878 3.19138713e-05 4.55730508e-06 2.12479808e-06 5.31145209e-06 3.49043524e-07 3.26294844e-06 4.79401611e-07 1.64245754e-06
92.5166667 0.924387213 0.00172969952 0.000168677163 4.45439003e-05 5.23177721e-06 2.65011806e-06 6.39828943e-06 4.16683771e-07 3.94228549e-06 5.54597561e-07 2.00368758e-06
99.6333333 0.918822102 0.00241314679 0.00024661246 6.12347774e-05 5.87269034e-06 3.23436684e-06 7.45958498e-06 4.82886324e-07 4.62661615e-06 6.23582611e-07 2.37947917e-06
106.75 0.913676168 0.00324612297 0.00034930878 8.29537929e-05 6.56455628e-06 3.88858826e-06 8.44837919e-06 5.45655164e-07 5.29626713e-06 6.85132023e-07 2.76209607e-06
113.866667 0.908883556 0.00422933099 0.000480736048 0.000110729171 7.46812661e-06 4.63437417e-06 9.32408741e-06 6.03427669e-07 5.93425254e-06 7.38926915e-07 3.14427836e-06
120.983333 0.904370459 0.00535752768 0.000644475358 0.000145605744 8.82538416e-06 5.5063477e-06 1.00558005e-05 6.55055213e-07 6.52661011e-06 7.8525965e-07 3.51914988e-06
128.1 0.900063346 0.00662024725 0.000843482153 0.000188604135 1.09553158e-05 6.55444922e-06 1.06244931e-05 6.99755625e-07 7.06227898e-06 8.24695755e-07 3.88005501e-06
135.216667 0.895894628 0.00800293711 0.00107988118 0.000240688415 1.42411163e-05 7.84612439e-06 1.10241329e-05 7.37119441e-07 7.53275099e-06 8.57787254e-07 4.22046436e-06
142.333333 0.891805885 0.00948830268 0.00135481088 0.000302743414 1.91109855e-05 9.4684397e-06 1.12618825e-05 7.67255323e-07 7.93173521e-06 8.84900375e-07 4.53405106e-06
149.45 0.88774907 0.0110576576 0.00166832894 0.000375558891 2.6015565e-05 1.15299642e-05 1.13577108e-05 7.91139112e-07 8.25502499e-06 9.06176723e-07 4.8149726e-06
156.566667 0.88368634 0.0126921118 0.00201938387 0.000459814868 3.54051144e-05 1.41620123e-05 1.13437543e-05 8.11187647e-07 8.50066242e-06 9.2160455e-07 5.05831865e-06
163.683333 0.879589121 0.0143734917 0.00240585115 0.00055606165 4.77088072e-05 1.75186316e-05 1.12636663e-05 8.32021644e-07 8.6693798e-06 9.31147082e-07 5.26062226e-06
170.8 0.875436915 0.016084955 0.00282462721 0.000664689681 6.33173153e-05 2.17746454e-05 1.11720003e-05 8.6132654e-07 8.76518697e-06 9.34865161e-07 5.42030036e-06
177.916667 0.871216158 0.0178113262 0.00327177109 0.000785888125 8.25685821e-05 2.71211858e-05 1.11334573e-05 9.10682684e-07 8.79589457e-06 9.32983655e-07 5.53789586e-06
185.033333 0.866919255 0.0195392206 0.00374268175 0.000919595773 0.000105735772 3.37584958e-05 1.12216678e-05 9.9622959e-07 8.77334214e-06 9.25881133e-07 5.61603991e-06
192.15 0.862543769 0.0212570419 0.0042322985 0.00106545222 0.000133016116 4.18862723e-05 1.15171608e-05 1.13905694e-06 8.71314924e-06 9.14021196e-07 5.65912521e-06
199.266667 0.858091657 0.0229549332 0.00473531272 0.00122275989 0.000164519811 5.16923449e-05 1.21043143e-05 1.36526956e-06 8.6339251e-06 8.97879296e-07 5.6727609e-06
206.383333 0.853568474 0.0246247365 0.00524638008 0.00139046768 0.000200259051 6.33408829e-05 1.30673684e-05 1.70573639e-06 8.55603077e-06 8.77937954e-07 5.66314341e-06
213.5 0.848982503 0.0262599842 0.00576032338 0.00156718422 0.000240138402 7.696149e-05 1.44859016e-05 2.19558112e-06 8.50014239e-06 8.54816735e-07 5.6365058e-06
220.616667 0.844343853 0.0278559154 0.00627231767 0.00175122391 0.000283948505 9.26403993e-05 1.64304222e-05 2.87348651e-06 8.48595951e-06 8.29569056e-07 5.5987899e-06
227.733333 0.839663645 0.0294094937 0.00677804996 0.0019406834 0.000331365414 0.000110414579 1.89587833e-05 3.78085885e-06 8.53139485e-06 8.04123291e-07 5.55562365e-06
234.85 0.834953411 0.030919391 0.00727384733 0.00213354024 0.000381957336 0.000130269002 2.21139531e-05 4.96084486e-06 8.65245417e-06 7.81787055e-07 5.51259534e-06
241.966667 0.830224815 0.0323859139 0.00775676868 0.00232776218 0.000435199536 0.00015213679 2.59232975e-05 6.45713581e-06 8.86379363e-06 7.67691854e-07 5.47572378e-06
249.083333 0.825489741 0.033810861 0.00822465722 0.0025214138 0.000490496679 0.000175901562 3.03990758e-05 8.31246479e-06 9.17969131e-06 7.69048709e-07 5.4519567e-06
256.2 0.820760668 0.0351973167 0.00867615337 0.00271274886 0.00054721062 0.000201401216 3.55394883e-05 1.05667266e-05 9.6149782e-06 7.95121758e-07 5.44951201e-06
263.316667 0.816051193 0.0365494025 0.00911067001 0.00290027973 0.000604690682 0.000228432513 4.13294814e-05 1.32547316e-05 1.01854199e-05 8.56898751e-07 5.47791743e-06
270.433333 0.81137649 0.0378720099 0.00952833472 0.00308282008 0.000662303209 0.000256756207 4.77406971e-05 1.64037265e-05 1.09071641e-05 9.66522297e-07 5.5476931e-06
277.55 0.806753467 0.0391705393 0.00992990544 0.00325950138 0.00071945762 0.000286102803 5.47304044e-05 2.00309388e-05 1.17951501e-05 1.1366131e-06 5.66973256e-06
284.666667 0.80220048 0.0404506567 0.0103166673 0.0034297673 0.000775627049 0.000316179329 6.2239822e-05 2.41414754e-05 1.28607302e-05 1.37963872e-06 5.85453199e-06
291.783333 0.797736497 0.0417180698 0.0106903186 0.00359335219 0.000830362845 0.000346677479 7.01927305e-05 2.8726906e-05 1.4109063e-05 1.70744608e-06 6.11146159e-06
298.9 0.79337978 0.0429783139 0.0110528531 0.00375024999 0.000883303164 0.00037728332 7.84954699e-05 3.37647587e-05 1.55369899e-05 2.13099299e-06 6.44824625e-06
306.016667 0.789146234 0.0442365342 0.0114064453 0.00390067893 0.000934176619 0.000407688278 8.70392313e-05 3.92189927e-05 1.71320278e-05 2.66021336e-06 6.87073156e-06
313.133333 0.785047674 0.045497254 0.0117533423 0.00404504552 0.000982802163 0.000437600715 9.57049849e-05 4.50413203e-05 1.88728231e-05 3.30387447e-06 7.38288819e-06
320.25 0.781090282 0.0467641291 0.0120957656 0.00418390956 0.00102908626 0.000466757025 0.00010437062 5.11731035e-05 2.07309939e-05 4.06926741e-06 7.98690189e-06
327.366667 0.777273514 0.0480397025 0.0124358245 0.00431795049 0.00107301809 0.000494931102 0.000112919144 5.75474908e-05 2.26738892e-05 4.96162796e-06 8.68315482e-06
334.483333 0.773589648 0.0493251867 0.0127754408 0.00444793495 0.00111466304 0.000521941214 0.000121246355 6.40915043e-05 2.46675461e-05 5.98329945e-06 9.46995476e-06
341.6 0.770024032 0.050620309 0.0131162867 0.00457468518 0.00115415486 0.000547653744 0.000129266418 7.07279272e-05 2.66791255e-05 7.13277888e-06 1.03429996e-05
348.716667 0.766556028 0.0519232555 0.0134597338 0.00469904881 0.00119168642 0.000571983819 0.000136914292 7.73770078e-05 2.86783383e-05 8.4038809e-06 1.12947306e-05
355.833333 0.763160502 0.0532307395 0.0138068159 0.00482187062 0.00122749961 0.000594893356 0.000144144765 8.39581396e-05 3.06377638e-05 9.78526828e-06 1.23138599e-05
362.95 0.759809668 0.0545382022 0.0141582051 0.00494396725 0.00126187482 0.000616387367 0.000150928774 9.03917253e-05 3.25323494e-05 1.12605184e-05 1.33853863e-05
370.066667 0.756475089 0.0558401351 0.0145142021 0.00506610554 0.00129512059 0.000636509479 0.000157248389 9.6601381e-05 3.43386278e-05 1.28087479e-05 1.44913186e-05
377.183333 0.753129622 0.0571304907 0.0148747402 0.00518898452 0.0013275639 0.000655337386 0.000163092083 0.000102516484 3.60342089e-05 1.44056564e-05 1.56121086e-05
384.3 0.749749153 0.0584031354 0.0152394042 0.00531322043 0.0013595413 0.000672978668 0.000168451713 0.000108074891 3.75978974e-05 1.60247346e-05 1.67285484e-05
391.416667 0.746314038 0.0596522932 0.0156074618 0.00543933368 0.00139139056 0.000689566976 0.000173321974 0.0001132255 3.90104475e-05 1.76383672e-05 1.78236842e-05
398.533333 0.7428102 0.0608729307 0.0159779065 0.00556773669 0.00142344235 0.000705258367 0.00017770224 0.000117930279 4.02556516e-05 1.92186461e-05 1.88842395e-05
405.65 0.739229861 0.0620610487 0.0163495094 0.00569872206 0.0014560114 0.000720227403 0.000181599992 0.000122165447 4.13212825e-05 2.07378675e-05 1.99011581e-05
412.766667 0.735571939 0.0632138618 0.0167208775 0.00583245124 0.00148938673 0.000734662764 0.000185034566 0.000125921642 4.21994665e-05 2.21688497e-05 2.08691379e-05
419.883333 0.731842091 0.064329866 0.0170905146 0.00596894512 0.00152382116 0.000748762296 0.000188039963 0.000129203165 4.28863105e-05 2.34853085e-05 2.17853473e-05
427 0.728052423 0.0654088102 0.0174568841 0.00610807834 0.00155952086 0.000762727677 0.000190665825 0.000132026508 4.3380949e-05 2.46625107e-05 2.2647772e-05
434.116667 0.724220827 0.0664515956 0.0178184699 0.0062495793 0.00159663625 0.000776759012 0.000192976333 0.000134418558 4.36844566e-05 2.56783055e-05 2.34537378e-05
441.233333 0.720369975 0.0674601313 0.0181738336 0.00639303759 0.00163525548 0.000791049731 0.000195047331 0.000136414806 4.37991676e-05 2.65144445e-05 2.41990535e-05
448.35 0.716525951 0.0684371685 0.0185216678 0.00653791916 0.00167540189 0.000805781991 0.000196962448 0.000138057815 4.37288118e-05 2.71579229e-05 2.48779593e-05
455.466667 0.712716616 0.0693861304 0.0188608435 0.00668358868 0.00171703561 0.00082112262 0.000198809066 0.000139396044 4.34795518e-05 2.76019908e-05 2.5483755e-05
462.583333 0.708969779 0.0703109438 0.0191904501 0.00682933706 0.00176005919 0.000837219444 0.000200674774 0.00014048297 4.30616348e-05 2.78465235e-05 2.60097395e-05
469.7 0.705311341 0.0712158736 0.0195098284 0.00697441183 0.0018043258 0.000854197719 0.000202644634 0.00014137635 4.24910874e-05 2.78976051e-05 2.64500181e-05
476.816667 0.701763588 0.0721053586 0.0198185944 0.00711804751 0.00184964851 0.000872156485 0.000204799133 0.00014213747 4.17908159e-05 2.77664051e-05 2.67998498e-05
483.933333 0.698343789 0.0729838471 0.020116654 0.0072594941 0.00189580881 0.000891164843 0.000207212534 0.000142830278 4.09906477e-05 2.74676325e-05 2.70554557e-05
491.05 0.695063264 0.073855634 0.0204042067 0.00739804228 0.00194256317 0.000911258411 0.000209951276 0.000143520375 4.01261962e-05 2.70179528e-05 2.721348e-05
498.166667 0.691926994 0.0747247085 0.0206817389 0.00753304532 0.00198964733 0.000932436462 0.000213072251 0.000144273932 3.92368193e-05 2.64347245e-05 2.72704678e-05
505.283333 0.688933807 0.0755946219 0.0209500062 0.00766393788 0.0020367789 0.000954660361 0.000216621053 0.000145156638 3.83632169e-05 2.57352545e-05 2.72227212e-05
512.4 0.686077051 0.0764683877 0.0212100043 0.0077902527 0.00208365975 0.000977853824 0.000220630496 0.000146232709 3.75452707e-05 2.49365689e-05 2.70667257e-05
519.516667 0.683345659 0.0773484218 0.0214629317 0.00791163533 0.00212997965 0.00100190526 0.000225119731 0.000147563988 3.68205679e-05 2.40555126e-05 2.6800068e-05
526.633333 0.680725423 0.0782365248 0.0217101427 0.00802785705 0.00217542285 0.00102667216 0.000230094198 0.000149209018 3.6223733e-05 2.310891e-05 2.64225285e-05
533.75 0.67820031 0.0791338999 0.0219530959 0.00813882483 0.00221967798 0.00105198702 0.000235546383 0.000151222007 3.57863692e-05 2.21135561e-05 2.59369231e-05
540.866667 0.675753671 0.0800411952 0.0221932983 0.00824458711 0.00226245109 0.00107766426 0.000241457085 0.000153651576 3.55371983e-05 2.10859408e-05 2.53493416e-05
547.983333 0.673369237 0.0809585513 0.0224322482 0.00834533388 0.0023034803 0.00110350725 0.000247796753 0.000156539293 3.55019813e-05 2.00417753e-05 2.46686602e-05
555.1 0.671031847 0.0818856399 0.0226713798 0.00844139004 0.00234255022 0.00112931493 0.000254526502 0.000159918098 3.57029747e-05 1.8995506e-05 2.39054853e-05
562.216667 0.668727916 0.08282168 0.0229120107 0.00853320183 0.00237950377 0.00115488773 0.0002615986 0.0001638108 3.61579522e-05 1.79600309e-05 2.30709061e-05
569.333333 0.66644568 0.0837654305 0.0231552955 0.00862131704 0.00241424985 0.00118003254 0.000268956564 0.000168228879 3.68790713e-05 1.69467531e-05 2.21754984e-05
576.45 0.664175297 0.0847151621 0.0234021859 0.00870636075 0.00244676582 0.00120456717 0.00027653525 0.000173171774 3.78719793e-05 1.59659687e-05 2.12289059e-05
583.566667 0.661908856 0.0856686267 0.0236533986 0.00878900865 0.00247709513 0.00122832446 0.000284261467 0.000178626735 3.91354854e-05 1.5027442e-05 2.02400842e-05
590.683333 0.659640353 0.0866230397 0.0239093928 0.00886996007 0.00250534078 0.00125115621 0.000292055522 0.000184569201 4.06619253e-05 1.41409471e-05 1.92180253e-05
597.8 0.657365664 0.0875750981 0.0241703561 0.00894991228 0.00253165656 0.00127293727 0.000299833827 0.000190963554 4.24380822e-05 1.33165696e-05 1.81725987e-05
604.916667 0.655082507 0.0885210473 0.0244362003 0.00902953703 0.00255623727 0.00129356926 0.000307512329 0.00019776408 4.44463488e-05 1.2564663e-05 1.71151178e-05
612.033333 0.652790385 0.0894568031 0.024706567 0.00910945933 0.00257930956 0.00131298396 0.000315010168 0.000204915977 4.66657688e-05 1.18954938e-05 1.60583674e-05
619.15 0.65049049 0.0903781253 0.0249808423 0.00919023827 0.00260112363 0.00133114569 0.000322252894 0.000212356369 4.90727196e-05 1.13187223e-05 1.50160511e-05
626.266667 0.648185553 0.0912808278 0.0252581807 0.00927234946 0.00262194617 0.00134805255 0.000329174624 0.000220015394 5.16412118e-05 1.08429082e-05 1.40018384e-05
633.383333 0.645879646 0.0921610047 0.0255375372 0.00935616906 0.00264205371 0.00136373607 0.000335718881 0.000227817476 5.43429966e-05 1.04751867e-05 1.30283214e-05
640.5 0.64357795 0.0930152473 0.0258177074 0.00944196014 0.00266172597 0.00137825966 0.000341838273 0.000235682952 5.71477818e-05 1.02211559e-05 1.21061905e-05
647.616667 0.641286521 0.0938408299 0.0260973734 0.00952986269 0.00268123867 0.00139171568 0.000347493524 0.000243530095 6.00238094e-05 1.0084907e-05 1.12438181e-05
654.733333 0.639012083 0.094635847 0.0263751531 0.00961988868 0.00270085568 0.00140422187 0.000352652549 0.000251277482 6.29388669e-05 1.00690548e-05 1.04472663e-05
661.85 0.636761877 0.0953992916 0.0266496531 0.00971192384 0.00272082094 0.00141591708 0.000357290195 0.000258846517 6.58615707e-05 1.01746389e-05 9.7205837e-06
668.966667 0.634543556 0.0961310742 0.0269195197 0.00980573679 0.0027413508 0.00142695694 0.000361388954 0.000266163825 6.87625757e-05 1.0400835e-05 9.06618694e-06
676.083333 0.632365114 0.0968319878 0.0271834883 0.00990099515 0.00276262747 0.00143750927 0.000364940559 0.000273163235 7.161533e-05 1.07445339e-05 8.4851522e-06
683.2 0.630234816 0.0975036279 0.0274404275 0.00999728721 0.00278479421 0.00144774954 0.000367947993 0.000279787145 7.43961178e-05 1.11999314e-05 7.97734252e-06
690.316667 0.628161066 0.0981482801 0.0276893759 0.0100941466 0.00280795239 0.00145785621 0.000370427247 0.000285987219 7.7083389e-05 1.17583091e-05 7.54140984e-06
697.433333 0.626152193 0.0987687852 0.0279295717 0.0101910773 0.00283216026 0.00146800604 0.000372408188 0.000291724492 7.9656644e-05 1.24081392e-05 7.17478478e-06
704.55 0.624216107 0.0993683904 0.0281604722 0.0102875752 0.00285743289 0.00147836948 0.000373934175 0.00029696911 8.20953307e-05 1.3135547e-05 6.8737705e-06
711.666667 0.622359847 0.0999505926 0.0283817653 0.0103831464 0.00288374282 0.0014891063 0.000375060395 0.000301699922 8.43782273e-05 1.39250482e-05 6.63379738e-06
718.783333 0.620589046 0.100518977 0.028593371 0.010477319 0.00291102098 0.00150036172 0.000375851268 0.000305904123 8.64836243e-05 1.47603945e-05 6.44980791e-06
725.9 0.618907386 0.10107706 0.028795436 0.0105696508 0.00293915791 0.00151226324 0.000376377465 0.000309577032 8.83903387e-05 1.56253474e-05 6.31667201e-06
733.016667 0.617316104 0.101628132 0.0289883203 0.0106597336 0.0029680055 0.00152491831 0.000376713078 0.000312721965 9.00793014e-05 1.6504249e-05 6.22951403e-06
740.133333 0.615813655 0.102175117 0.0291725779 0.0107471972 0.00299738003 0.00153841268 0.000376933329 0.000315350073 9.15352571e-05 1.73823544e-05 6.18387021e-06
747.25 0.614395569 0.102720457 0.0293489325 0.0108317132 0.00302706684 0.00155280936 0.000377112887 0.000317479999 9.27480912e-05 1.82459861e-05 6.17566687e-06
754.366667 0.613054568 0.103266017 0.0295182489 0.0109130018 0.00305682718 0.00156814791 0.000377324631 0.000319137258 9.37134333e-05 1.90826246e-05 6.20108016e-06
761.483333 0.611780921 0.103813033 0.0296815012 0.0109908416 0.00308640699 0.00158444379 0.000377638542 0.000320353312 9.44324451e-05 1.98810467e-05 6.25637435e-06
768.6 0.610563017 0.104362104 0.0298397382 0.0110650793 0.00311554709 0.00160168782 0.000378120409 0.000321164437 9.49109629e-05 2.06315651e-05 6.33780457e-06
775.716667 0.609388104 0.104913215 0.0299940484 0.0111356414 0.00314399386 0.00161984565 0.000378830236 0.000321610526 9.51583474e-05 2.13263431e-05 6.44162105e-06
782.833333 0.608243097 0.105465803 0.0301455243 0.0112025416 0.00317150923 0.00163885771 0.000379820438 0.000321733971 9.51864316e-05 2.195969e-05 6.5641531e-06
789.95 0.607115402 0.106018841 0.0302952273 0.0112658861 0.00319787896 0.00165863987 0.000381134116 0.000321578744 9.50088459e-05 2.25282231e-05 6.70191082e-06
797.066667 0.605993682 0.106570944 0.0304441562 0.0113258727 0.00322291873 0.00167908508 0.000382803811 0.000321189692 9.46408029e-05 2.30308085e-05 6.85164009e-06
804.183333 0.604868501 0.107120466 0.0305932174 0.0113827849 0.00324647784 0.00170006629 0.000384851004 0.000320612 9.40992176e-05 2.34682673e-05 7.01029848e-06
811.3 0.603732839 0.107665594 0.0307432006 0.011436981 0.0032684408 0.00172144033 0.00038728647 0.000319890701 9.34029041e-05 2.38429071e-05 7.17496902e-06
818.416667 0.602582441 0.108204429 0.0308947593 0.01148888 0.00328872757 0.00174305271 0.000390111339 0.000319070146 9.25725729e-05 2.41579984e-05 7.34276812e-06
825.533333 0.601416013 0.108735046 0.0310483961 0.0115389453 0.00330729315 0.00176474254 0.00039331849 0.000318193364 9.16304518e-05 2.44173246e-05 7.51081364e-06
832.65 0.600235255 0.10925554 0.0312044542 0.0115876668 0.00332412695 0.00178634735 0.000396893879 0.00031730132 9.05995099e-05 2.46248976e-05 7.67629488e-06
839.766667 0.599044732 0.10976407 0.0313631141 0.0116355445 0.00333925224 0.0018077073 0.000400817453 0.000316432136 8.95024306e-05 2.47848677e-05 7.83663945e-06
846.883333 0.597851593 0.110258889 0.0315243945 0.0116830707 0.00335272552 0.00182866849 0.000405063553 0.000315620377 8.8360569e-05 2.49015839e-05 7.98972536e-06
854 0.596665127 0.110738385 0.0316881584 0.0117307145 0.00336463539 0.00184908569 0.000409600923 0.000314896481 8.71931393e-05 2.49797167e-05 8.13406174e-06
861.116667 0.595496169 0.111201123 0.031854123 0.0117789059 0.00337510044 0.00186882445 0.000414392693 0.000314286407 8.60167894e-05 2.50243441e-05 8.26886952e-06
868.233333 0.594356388 0.111645888 0.0320218722 0.0118280209 0.0033842659 0.00188776306 0.00041939673 0.000313811461 8.48455927e-05 2.50409303e-05 8.39403007e-06
875.35 0.593257478 0.11207174 0.0321908724 0.0118783686 0.00339229904 0.00190579457 0.0004245667 0.000313488287 8.36913574e-05 2.50351785e-05 8.50991882e-06
882.466667 0.592210324 0.112478051 0.0323604908 0.0119301803 0.00339938359 0.00192282896 0.000429853941 0.000313328928 8.25640796e-05 2.50127864e-05 8.61718139e-06
889.583333 0.591224212 0.112864546 0.0325300155 0.0119836017 0.00340571374 0.00193879529 0.000435209969 0.000313340917 8.14723545e-05 2.49791738e-05 8.71652625e-06
896.7 0.590306155 0.113231324 0.0326986773 0.0120386902 0.00341148842 0.00195364359 0.000440589202 0.000313527372 8.0423619e-05 2.49392525e-05 8.80859485e-06
903.816667 0.589460402 0.113578863 0.0328656729 0.0120954161 0.00341690636 0.00196734622 0.000445951388 0.000313887107 7.94241833e-05 2.48972915e-05 8.89393624e-06
910.933333 0.588688189 0.113908006 0.0330301899 0.0121536697 0.00342216217 0.00197989813 0.000451263242 0.000314414826 7.84791003e-05 2.48568961e-05 8.97307283e-06
918.05 0.587987739 0.114219936 0.0331914312 0.0122132707 0.00342744335 0.00199131615 0.000456499011 0.000315101434 7.75919708e-05 2.48210799e-05 9.04661326e-06
925.166667 0.587354521 0.114516133 0.0333486398 0.0122739812 0.00343292789 0.00200163706 0.000461639961 0.000315934513 7.67647977e-05 2.47923853e-05 9.11535732e-06
932.283333 0.586781703 0.114798319 0.033501123 0.0123355191 0.00343878195 0.00201091482 0.000466673036 0.000316898947 7.59979672e-05 2.47730006e-05 9.1803473e-06
939.4 0.586260751 0.115068408 0.0336482736 0.0123975708 0.00344515715 0.00201921721 0.000471589142 0.000317977672 7.52903842e-05 2.47648319e-05 9.24284383e-06
946.516667 0.585782097 0.115328437 0.0337895891 0.0124598025 0.00345218733 0.00202662227 0.000476381548 0.000319152459 7.463974e-05 2.47695098e-05 9.30423109e-06
953.633333 0.585335792 0.115580505 0.0339246863 0.0125218691 0.00345998489 0.00203321487 0.000481044783 0.000320404678 7.4042852e-05 2.47883384e-05 9.36587754e-06
960.75 0.584912098 0.115826712 0.0340533121 0.0125834212 0.00346863703 0.00203908364 0.000485574238 0.000321715967 7.34960102e-05 2.4822209e-05 9.42898863e-06
967.866667 0.584501966 0.116069087 0.0341753493 0.0126441115 0.00347820266 0.00204431828 0.00048996643 0.000323068774 7.29952749e-05 2.48715169e-05 9.49448735e-06
974.983333 0.584097401 0.116309533 0.0342908176 0.0127036005 0.00348871055 0.00204900727 0.00049421971 0.000324446774 7.2536695e-05 2.49361122e-05 9.56294944e-06
982.1 0.583691702 0.116549763 0.0343998704 0.0127615627 0.00350015903 0.00205323595 0.000498335082 0.000325835173 7.21164396e-05 2.50153089e-05 9.63460707e-06
989.216667 0.583279611 0.11679125 0.0345027866 0.0128176932 0.00351251759 0.00205708481 0.00050231683 0.00032722092 7.17308553e-05 2.51079575e-05 9.70942076e-06
996.333333 0.582857388 0.117035181 0.0345999594 0.0128717159 0.00352572991 0.00206062813 0.000506172722 0.000328592864 7.13764687e-05 2.52125716e-05 9.78720514e-06
1003.45 0.582422832 0.117282435 0.0346918815 0.0129233908 0.00353971797 0.00206393277 0.000509913728 0.00032994186 7.10499541e-05 2.53274817e-05 9.86778292e-06
1010.56667 0.581975266 0.117533562 0.0347791278 0.0129725205 0.0035543865 0.00206705737 0.000513553311 0.000331260812 7.07480876e-05 2.54509884e-05 9.95113355e-06
1017.68333 0.581515473 0.11778879 0.0348623354 0.0130189554 0.00356962731 0.00207005193 0.000517106458 0.000332544664 7.04677011e-05 2.55814823e-05 1.00375022e-05
1024.8 0.581045597 0.118048045 0.0349421828 0.0130625961 0.00358532288 0.00207295776 0.000520588638 0.000333790309 7.02056525e-05 2.57175101e-05 1.01274421e-05
1031.91667 0.580568982 0.11831098 0.0350193674 0.0131033936 0.00360134934 0.00207580775 0.000524014856 0.000334996436 6.99588223e-05 2.58577815e-05 1.02217797e-05
1039.03333 0.580089958 0.118577018 0.035094583 0.013141347 0.00361757885 0.00207862702 0.000527398911 0.000336163297 6.97241419e-05 2.6001125e-05 1.03215141e-05
1046.15 0.579613563 0.118845396 0.0351684984 0.0131764994 0.00363388183 0.00208143351 0.000530752885 0.000337292435 6.94986529e-05 2.61464167e-05 1.04276822e-05
1053.26667 0.579145235 0.119115209 0.0352417372 0.013208934 0.00365012927 0.00208423883 0.000534086844 0.000338386386 6.92795864e-05 2.62925124e-05 1.05412331e-05
1060.38333 0.578690493 0.119385452 0.0353148598 0.0132387686 0.00366619553 0.00208704884 0.000537408709 0.000339448385 6.9064444e-05 2.64382121e-05 1.06629533e-05
1067.5 0.57825463 0.119655055 0.035388349 0.0132661522 0.0036819616 0.00208986431 0.000540724245 0.000340482094 6.8851059e-05 2.65822734e-05 1.07934677e-05
1074.61667 0.577842465 0.11992291 0.0354625992 0.0132912612 0.00369731867 0.00209268145 0.000544037115 0.000341491368 6.8637621e-05 2.67234769e-05 1.09333114e-05
1081.73333 0.577458172 0.120187901 0.0355379088 0.0133142962 0.00371217158 0.00209549257 0.000547349005 0.000342480066 6.84226565e-05 2.6860726e-05 1.10830448e-05
1088.85 0.577105183 0.120448924 0.0356144775 0.0133354795 0.00372644177 0.00209828675 0.000550659768 0.000343451914 6.82049691e-05 2.69931529e-05 1.12433605e-05
1095.96667 0.576786179 0.120704907 0.0356924059 0.0133550506 0.00374006925 0.00210105071 0.000553967585 0.000344410398 6.79835601e-05 2.71201969e-05 1.14151351e-05
1103.08333 0.57650313 0.120954842 0.0357716993 0.0133732623 0.00375301343 0.00210376981 0.00055726913 0.000345358716 6.77575517e-05 2.724163e-05 1.15993927e-05
1110.2 0.576257371 0.121197802 0.0358522735 0.0133903748 0.0037652527 0.00210642915 0.000560559694 0.000346299742 6.75261404e-05 2.73575188e-05 1.17971806e-05
1117.31667 0.576049668 0.121432976 0.0359339626 0.0134066496 0.00377678289 0.00210901462 0.000563833307 0.000347236031 6.72885956e-05 2.74681324e-05 1.20093879e-05
1124.43333 0.575880265 0.121659692 0.0360165293 0.0134223428 0.0037876151 0.00211151386 0.00056708284 0.000348169835 6.70443078e-05 2.75738245e-05 1.22365623e-05
1131.55 0.575748885 0.121877449 0.0360996756 0.0134376987 0.00379777307 0.00211391703 0.000570300146 0.000349103137 6.67928725e-05 2.76749275e-05 1.2478782e-05
1138.66667 0.575654699 0.12208593 0.0361830545 0.013452945 0.00380729057 0.00211621724 0.0005734763 0.000350037693 6.65341875e-05 2.77716928e-05 1.27356263e-05
1145.78333 0.575596267 0.122285028 0.0362662839 0.0134682884 0.00381620892 0.0021184108 0.000576601954 0.000350975086 6.62685312e-05 2.78643002e-05 1.3006254e-05
1152.9 0.575571485 0.122474846 0.0363489586 0.0134839117 0.00382457481 0.00212049717 0.000579667846 0.000351916785 6.5996599e-05 2.79529358e-05 1.32895622e-05
1160.01667 0.575577557 0.122655703 0.0364306651 0.0134999722 0.00383243844 0.00212247875 0.000582665415 0.000352864215 6.57194817e-05 2.80379159e-05 1.35843709e-05
1167.13333 0.575611018 0.122828127 0.0365109939 0.0135166 0.00383985172 0.00212436055 0.000585587458 0.000353818837 6.54385895e-05 2.81198162e-05 1.38895678e-05
1174.25 0.575667821 0.122992841 0.0365895526 0.0135338974 0.00384686679 0.00212614982 0.000588428733 0.000354782234 6.51555393e-05 2.81995624e-05 1.42041596e-05
1181.36667 0.575743487 0.123150742 0.0366659772 0.0135519369 0.00385353444 0.00212785567 0.000591186395 0.000355756205 6.48720336e-05 2.82784469e-05 1.45272074e-05
1188.48333 0.575833312 0.123302878 0.0367399421 0.0135707598 0.00385990286 0.00212948861 0.000593860205 0.000356742847 6.45897609e-05 2.83580541e-05 1.4857664e-05
1195.6 0.575932601 0.123450418 0.0368111684 0.0135903746 0.00386601648 0.00213106019 0.000596452466 0.000357744625 6.43103381e-05 2.8440106e-05 1.51941663e-05
1202.71667 0.576036922 0.123594616 0.0368794297 0.0136107562 0.00387191515 0.00213258251 0.000598967724 0.00035876442 6.40352989e-05 2.85262605e-05 1.55348555e-05
1209.83333 0.576142337 0.123736771 0.0369445564 0.0136318456 0.00387763366 0.00213406779 0.000601412282 0.000359805536 6.37661154e-05 2.86179101e-05 1.58772919e-05
1216.95 0.576245607 0.123878186 0.0370064376 0.013653553 0.00388320159 0.0021355279 0.000603793631 0.000360871675 6.35042247e-05 2.87160249e-05 1.62185077e-05
1224.06667 0.576344351 0.124020119 0.0370650214 0.013675761 0.00388864338 0.00213697387 0.000606119887 0.000361966869 6.32510317e-05 2.88210755e-05 1.65551965e-05
1231.18333 0.576437158 0.124163742 0.0371203138 0.0136983318 0.00389397853 0.00213841551 0.0006083993 0.000363095374 6.30078656e-05 2.89330422e-05 1.68839977e-05
1238.3 0.576523644 0.12431009 0.0371723763 0.013721114 0.00389922185 0.002139861 0.000610639877 0.000364261539 6.27758851e-05 2.90514981e-05 1.72018054e-05
1245.41667 0.57660447 0.12446003 0.0372213218 0.0137439518 0.0039043835 0.00214131661 0.000612849136 0.000365469647 6.25559535e-05 2.91757322e-05 1.75060234e-05
1252.53333 0.576681299 0.124614224 0.0372673107 0.0137666931 0.00390946912 0.00214278656 0.000615033957 0.000366723752 6.23485163e-05 2.93048722e-05 1.77947062e-05
1259.65 0.576756711 0.124773114 0.0373105447 0.0137891963 0.0039144798 0.00214427287 0.000617200525 0.000368027515 6.21535253e-05 2.94379758e-05 1.80665625e-05
1266.76667 0.576834062 0.12493691 0.0373512613 0.0138113362 0.00391941231 0.00214577542 0.000619354315 0.000369384046 6.19704432e-05 2.95740712e-05 1.83208396e-05
1273.88333 0.576917286 0.125105597 0.0373897262 0.013833007 0.00392425945 0.00214729203 0.000621500099 0.00037079577 6.17983402e-05 2.97121512e-05 1.85571427e-05
1281 0.577010645 0.125278948 0.0374262261 0.0138541235 0.0039290109 0.00214881873 0.000623641953 0.000372264315 6.16360682e-05 2.98511399e-05 1.87752549e-05
1288.11667 0.577118435 0.125456547 0.0374610607 0.0138746211 0.00393365431 0.00215034996 0.00062578325 0.000373790431 6.14824733e-05 2.99898613e-05 1.89750183e-05
1295.23333 0.577244662 0.125637816 0.0374945344 0.0138944534 0.00393817676 0.00215187902 0.000627926613 0.000375373924 6.13365926e-05 3.01270355e-05 1.91563047e-05
1302.35 0.577392723 0.125822047 0.037526949 0.0139135908 0.00394256637 0.00215339843 0.000630073838 0.000377013628 6.11977857e-05 3.02613171e-05 1.93190712e-05
1309.46667 0.577565113 0.126008428 0.0375585954 0.013932018 0.0039468137 0.00215490033 0.000632225767 0.000378707375 6.10657675e-05 3.03913731e-05 1.94634595e-05
1316.58333 0.577763201 0.12619607 0.0375897471 0.0139497316 0.00395091298 0.00215637695 0.000634382157 0.000380451993 6.09405425e-05 3.05159833e-05 1.95898862e-05
1323.7 0.57798709 0.126384031 0.0376206541 0.0139667393 0.00395486277 0.00215782091 0.000636541543 0.000382243306 6.08222622e-05 3.06341349e-05 1.9699072e-05
1330.81667 0.578235595 0.126571335 0.0376515379 0.0139830582 0.00395866621 0.00215922553 0.000638701152 0.000384076159 6.07110561e-05 3.07450832e-05 1.97919844e-05
1337.93333 0.578506328 0.126756993 0.0376825869 0.0139987135 0.00396233067 0.00216058501 0.000640856903 0.000385944475 6.06068851e-05 3.08483594e-05 1.98696984e-05
1345.05 0.578795891 0.12694002 0.0377139541 0.0140137384 0.00396586705 0.00216189456 0.000643003495 0.000387841346 6.05094602e-05 3.09437194e-05 1.99332148e-05
1352.16667 0.579100146 0.127119459 0.0377457545 0.014028172 0.00396928883 0.00216315048 0.000645134607 0.000389759189 6.04182444e-05 3.10310447e-05 1.99832895e-05
1359.28333 0.57941453 0.127294407 0.037778064 0.0140420587 0.00397261107 0.00216435013 0.000647243151 0.000391689943 6.03325316e-05 3.11102187e-05 2.00203317e-05
1366.4 0.579734392 0.127464036 0.0378109199 0.0140554467 0.00397584945 0.00216549194 0.00064932155 0.000393625333 6.02515716e-05 3.11810086e-05 2.00444069e-05
1373.51667 0.5800553 0.127627625 0.0378443215 0.0140683864 0.0039790195 0.00216657541 0.000651361985 0.000395557147 6.01747028e-05 3.12429811e-05 2.0055354e-05
1380.63333 0.580373304 0.127784585 0.0378782324 0.0140809292 0.00398213591 0.00216760103 0.000653356566 0.000397477532 6.01014542e-05 3.12954728e-05 2.00529881e-05
1387.75 0.580685138 0.12793448 0.0379125838 0.014093126 0.00398521217 0.00216857033 0.00065529744 0.000399379262 6.00315934e-05 3.13376201e-05 2.00373384e-05
1394.86667 0.580988346 0.128077045 0.0379472789 0.014105026 0.00398826025 0.00216948572 0.000657176843 0.000401255965 5.99651143e-05 3.13684419e-05 2.00088559e-05
1401.98333 0.581281345 0.128212197 0.0379821978 0.0141166758 0.00399129045 0.00217035047 0.000658987162 0.000403102291 5.99021799e-05 3.13869544e-05 1.99685338e-05
1409.1 0.581563421 0.12834003 0.0380172032 0.0141281176 0.00399431141 0.00217116853 0.000660721063 0.000404914014 5.98430412e-05 3.13922917e-05 1.99179047e-05
1416.21667 0.581834678 0.128460816 0.0380521471 0.0141393881 0.00399733008 0.0021719444 0.000662371728 0.000406688085 5.97879632e-05 3.13838052e-05 1.98589136e-05
1423.33333 0.582095943 0.128574983 0.0380868762 0.0141505178 0.00400035193 0.0021726829 0.000663933194 0.000408422639 5.97371759e-05 3.13611221e-05 1.97936952e-05
1430.45 0.582348636 0.128683104 0.0381212386 0.0141615291 0.00400338113 0.002173389 0.000665400782 0.000410116977 5.96908613e-05 3.13241546e-05 1.97243129e-05
1437.56667 0.582594617 0.128785868 0.0381550882 0.0141724363 0.00400642075 0.00217406763 0.000666771509 0.000411771531 5.96491739e-05 3.12730634e-05 1.96525232e-05
1444.68333 0.582836017 0.128884057 0.0381882894 0.0141832446 0.00400947301 0.00217472354 0.000668044417 0.00041338782 5.96122805e-05 3.12081908e-05 1.95796193e-05
1451.8 0.583075058 0.128978521 0.0382207203 0.014193951 0.00401253933 0.00217536114 0.00066922072 0.000414968388 5.95804032e-05 3.11299859e-05 1.95063828e-05
1458.91667 0.583313879 0.129070146 0.0382522753 0.0142045446 0.0040156204 0.00217598445 0.00067030373 0.000416516723 5.95538487e-05 3.10389408e-05 1.94331376e-05
1466.03333 0.583554379 0.129159829 0.0382828659 0.0142150083 0.00401871599 0.00217659695 0.000671298567 0.000418037144 5.95330116e-05 3.09355544e-05 1.93598706e-05
1473.15 0.583798093 0.129248439 0.0383124218 0.0142253202 0.00402182477 0.00217720154 0.000672211702 0.000419534664 5.9518349e-05 3.08203264e-05 1.92863644e-05
1480.26667 0.584046117 0.129336794 0.0383408906 0.0142354558 0.00402494392 0.00217780047 0.000673050417 0.000421014821 5.95103307e-05 3.06937736e-05 1.92122936e-05
1487.38333 0.584299073 0.129425624 0.0383682371 0.0142453898 0.00402806897 0.00217839524 0.00067382229 0.000422483495 5.95093751e-05 3.05564513e-05 1.91372518e-05
1494.5 0.584557149 0.129515543 0.0383944427 0.0142550975 0.00403119358 0.00217898658 0.000674534768 0.000423946716 5.95157853e-05 3.04089615e-05 1.90607142e-05
1501.61667 0.584820162 0.129607033 0.0384195038 0.0142645566 0.00403430958 0.00217957443 0.000675194885 0.000425410487 5.95297021e-05 3.02519314e-05 1.89819675e-05
1508.73333 0.585087672 0.129700419 0.0384434312 0.0142737474 0.00403740726 0.002180158 0.000675809132 0.000426880625 5.95510842e-05 3.0085959e-05 1.89000578e-05
1515.85 0.585359102 0.129795875 0.0384662481 0.0142826544 0.00404047575 0.00218073582 0.000676383438 0.00042836262 5.95797253e-05 2.99115323e-05 1.88138066e-05
1522.96667 0.585633843 0.129893417 0.038487989 0.0142912658 0.00404350366 0.00218130589 0.000676923231 0.000429861529 5.96153076e-05 2.97289448e-05 1.87219166e-05
1530.08333 0.585911346 0.129992927 0.0385086984 0.0142995747 0.00404647969 0.00218186581 0.000677433526 0.000431381885 5.96574847e-05 2.95382296e-05 1.86231578e-05
1537.2 0.586191165 0.130094167 0.0385284291 0.0143075788 0.00404939325 0.00218241294 0.000677918997 0.000432927628 5.97059778e-05 2.93391394e-05 1.8516586e-05
1544.31667 0.586472966 0.13019681 0.0385472408 0.0143152808 0.00405223497 0.00218294456 0.00067838404 0.000434502038 5.9760666e-05 2.91311824e-05 1.84017289e-05
1551.43333 0.5867565 0.130300457 0.0385651988 0.0143226887 0.00405499703 0.002183458 0.000678832798 0.000436107682 5.98216497e-05 2.89137146e-05 1.82786746e-05
1558.55 0.587041554 0.130404669 0.0385823731 0.0143298151 0.00405767337 0.00218395069 0.000679269188 0.000437746362 5.98892689e-05 2.86860689e-05 1.81480273e-05
1565.66667 0.5873279 0.130508977 0.0385988368 0.0143366779 0.00406025973 0.00218442032 0.00067969691 0.000439419076 5.99640693e-05 2.84476941e-05 1.80107327e-05
1572.78333 0.587615245 0.130612901 0.0386146661 0.0143432991 0.00406275352 0.00218486485 0.000680119463 0.000441125974 6.0046718e-05 2.81982702e-05 1.78678194e-05
1579.9 0.587903211 0.130715956 0.0386299386 0.0143497044 0.00406515375 0.00218528262 0.000680540135 0.000442866342 6.0137884e-05 2.79377743e-05 1.77201269e-05
1587.01667 0.588191333 0.130817662 0.0386447337 0.0143559226 0.00406746078 0.00218567237 0.000680961987 0.000444638596 6.02381081e-05 2.76664855e-05 1.75680978e-05
1594.13333 0.588479087 0.130917549 0.0386591316 0.0143619844 0.00406967615 0.00218603335 0.000681387794 0.000446440291 6.03476874e-05 2.73849324e-05 1.74116891e-05
1601.25 0.588765924 0.131015173 0.0386732134 0.0143679218 0.00407180246 0.00218636532 0.000681819979 0.000448268172 6.04665989e-05 2.70938039e-05 1.72504211e-05
1608.36667 0.589051323 0.131110125 0.0386870604 0.0143737672 0.00407384315 0.00218666862 0.000682260531 0.000450118238 6.05944748e-05 2.67938508e-05 1.70835406e-05
1615.48333 0.589334836 0.131202054 0.0387007542 0.0143795529 0.00407580244 0.00218694415 0.00068271094 0.000451985844 6.07306299e-05 2.64858066e-05 1.69102446e-05
1622.6 0.589616117 0.131290686 0.0387143757 0.0143853108 0.00407768524 0.00218719333 0.000683172168 0.000453865832 6.08741268e-05 2.61703474e-05 1.6729896e-05
1629.71667 0.58989496 0.131375847 0.0387280055 0.0143910715 0.00407949706 0.00218741804 0.000683644654 0.000455752679 6.10238597e-05 2.58480963e-05 1.65421742e-05
1636.83333 0.590171306 0.131457476 0.0387417225 0.0143968644 0.00408124407 0.00218762055 0.000684128371 0.000457640662 6.11786311e-05 2.55196624e-05 1.63471286e-05
1643.95 0.590445266 0.131535637 0.038755604 0.0144027171 0.00408293308 0.00218780339 0.000684622893 0.000459524025 6.13372071e-05 2.51856964e-05 1.61451366e-05
1651.06667 0.590717133 0.131610522 0.0387697249 0.0144086553 0.00408457164 0.0021879693 0.000685127464 0.000461397133 6.14983424e-05 2.48469377e-05 1.59367968e-05
1658.18333 0.59098739 0.131682446 0.0387841564 0.0144147025 0.00408616807 0.00218812111 0.000685641054 0.000463254617 6.16607833e-05 2.45042357e-05 1.57228041e-05
1665.3 0.59125673 0.13175183 0.0387989661 0.0144208799 0.00408773152 0.00218826176 0.000686162384 0.00046509149 6.18232635e-05 2.41585364e-05 1.55038517e-05
1672.41667 0.591526045 0.131819186 0.0388142162 0.0144272062 0.00408927191 0.00218839415 0.000686689937 0.000466903246 6.19845119e-05 2.38108387e-05 1.52805892e-05
1679.53333 0.591796411 0.131885095 0.0388299632 0.0144336979 0.00409079993 0.00218852124 0.000687221976 0.000468685931 6.2143286e-05 2.34621357e-05 1.50536422e-05
1686.65 0.592069026 0.131950181 0.0388462562 0.0144403696 0.00409232681 0.00218864597 0.000687756594 0.000470436214 6.2298436e-05 2.31133619e-05 1.48236742e-05
1693.76667 0.592345129 0.132015095 0.038863136 0.0144472342 0.00409386422 0.0021887713 0.000688291823 0.000472151437 6.24489903e-05 2.27653651e-05 1.45914561e-05
1700.88333 0.592625872 0.132080485 0.0388806337 0.0144543029 0.00409542403 0.0021889002 0.000688825794 0.000473829665 6.25942421e-05 2.2418914e-05 1.43579086e-05
1708 0.592912178 0.132146979 0.0388987694 0.0144615856 0.0040970182 0.00218903571 0.000689356947 0.000475469735 6.27338135e-05 2.20747416e-05 1.41240885e-05
1715.11667 0.593204594 0.132215154 0.0389175501 0.0144690903 0.00409865872 0.00218918094 0.000689884243 0.000477071282 6.28676776e-05 2.17336121e-05 1.3891117e-05
1722.23333 0.593503158 0.132285514 0.0389369688 0.0144768222 0.00410035754 0.00218933913 0.000690407357 0.000478634751 6.2996125e-05 2.13963913e-05 1.36600616e-05
1729.35 0.593807318 0.132358455 0.0389570022 0.014484783 0.00410212668 0.00218951368 0.000690926793 0.000480161381 6.31196823e-05 2.10640996e-05 1.34318074e-05
1736.46667 0.594115897 0.132434239 0.0389776095 0.0144929694 0.00410397817 0.00218970816 0.00069144392 0.000481653141 6.32389972e-05 2.0737929e-05 1.3206955e-05
1743.58333 0.594427144 0.132512965 0.0389987311 0.0145013716 0.00410592395 0.00218992627 0.000691960907 0.000483112632 6.33547186e-05 2.04192153e-05 1.29857774e-05
1750.7 0.594738837 0.132594553 0.0390202877 0.014509972 0.00410797566 0.00219017178 0.000692480582 0.000484542942 6.34673975e-05 2.01093693e-05 1.27682524e-05
1757.81667 0.595048449 0.13267873 0.0390421804 0.0145187446 0.00411014404 0.0021904484 0.000693006245 0.00048594747 6.3577432e-05 1.98097801e-05 1.25541628e-05
1764.93333 0.595353348 0.132765045 0.0390642914 0.0145276542 0.00411243827 0.00219075957 0.000693541463 0.000487329734 6.36850641e-05 1.95217111e-05 1.23432392e-05
1772.05 0.595650999 0.132852881 0.0390864862 0.0145366575 0.00411486501 0.00219110825 0.000694089879 0.000488693173 6.37904253e-05 1.92462112e-05 1.21353064e-05
1779.16667 0.595939151 0.132941499 0.0391086166 0.0145457038 0.00411742749 0.00219149668 0.000694655047 0.00049004097 6.38936143e-05 1.89840592e-05 1.19303949e-05
1786.28333 0.596215987 0.133030075 0.0391305246 0.0145547375 0.00412012458 0.00219192615 0.00069524031 0.000491375905 6.39947858e-05 1.87357523e-05 1.17287917e-05
1793.4 0.596480226 0.133117758 0.039152048 0.0145637 0.00412295021 0.00219239689 0.000695848703 0.000492700249 6.40942284e-05 1.8501537e-05 1.1531021e-05
1800.51667 0.596731173 0.133203715 0.0391730254 0.0145725323 0.00412589311 0.00219290794 0.000696482888 0.000494015708 6.41924158e-05 1.82814721e-05 1.13377698e-05
1807.63333 0.596968724 0.133287174 0.0391933029 0.0145811775 0.004128937 0.0021934572 0.000697145116 0.000495323407 6.42900249e-05 1.80755058e-05 1.11497826e-05
1814.75 0.597193344 0.13336746 0.0392127392 0.0145895826 0.00413206124 0.00219404148 0.000697837195 0.000496623906 6.43879229e-05 1.78835468e-05 1.09677618e-05
1821.86667 0.597406011 0.133444012 0.039231211 0.0145976998 0.00413524181 0.00219465661 0.000698560488 0.000497917234 6.44871335e-05 1.77055108e-05 1.07922979e-05
1828.98333 0.597608157 0.133516399 0.0392486178 0.0146054869 0.00413845244 0.00219529756 0.000699315907 0.000499202919 6.45887944e-05 1.75413327e-05 1.06238455e-05
1836.1 0.597801596 0.133584318 0.0392648849 0.0146129075 0.00414166583 0.0021959585 0.000700103907 0.000500480008 6.46941162e-05 1.73909423e-05 1.04627394e-05
1843.21667 0.597988447 0.133647593 0.0392799663 0.0146199308 0.00414485461 0.00219663283 0.000700924466 0.000501747061 6.48043523e-05 1.72542114e-05 1.03092338e-05
1850.33333 0.598171036 0.13370617 0.0392938458 0.014626531 0.0041479921 0.00219731321 0.000701777015 0.000503002126 6.49207793e-05 1.71308877e-05 1.01635391e-05
1857.45 0.598351796 0.13376011 0.0393065376 0.0146326877 0.00415105277 0.00219799151 0.000702660338 0.000504242689 6.50446881e-05 1.70205318e-05 1.00258334e-05
1864.56667 0.598533135 0.133809586 0.0393180854 0.0146383859 0.00415401239 0.00219865884 0.000703572412 0.000505465628 6.51773801e-05 1.69224733e-05 9.89623839e-06
1871.68333 0.598717306 0.133854877 0.0393285614 0.0146436168 0.00415684811 0.0021993057 0.000704510244 0.000506667196 6.53201651e-05 1.68357945e-05 9.77476208e-06
1878.8 0.59890626 0.133896362 0.0393380634 0.0146483791 0.00415953851 0.00219992218 0.000705469703 0.000507843025 6.5474357e-05 1.67593414e-05 9.6612262e-06
1885.91667 0.599101524 0.133934504 0.0393467112 0.0146526799 0.0041620638 0.00220049833 0.000706445417 0.000508988201 6.56412652e-05 1.66917554e-05 9.55520455e-06
1893.03333 0.599304092 0.133969838 0.0393546431 0.014656536 0.00416440626 0.00220102467 0.00070743077 0.000510097391 6.58221821e-05 1.66315109e-05 9.45599702e-06
1900.15 0.599514375 0.134002943 0.0393620096 0.0146599741 0.00416655089 0.00220149268 0.000708418001 0.000511165028 6.60183649e-05 1.65769449e-05 9.36265529e-06
1907.26667 0.599732193 0.134034413 0.0393689682 0.0146630302 0.00416848624 0.00220189534 0.000709398429 0.000512185535 6.62310095e-05 1.65262685e-05 9.27406143e-06
1914.38333 0.599956827 0.134064829 0.0393756766 0.0146657493 0.00417020522 0.00220222756 0.000710362758 0.000513153572 6.6461217e-05 1.64775562e-05 9.18904419e-06
1921.5 0.600187113 0.134094731 0.0393822863 0.0146681825 0.00417170584 0.00220248651 0.000711301436 0.000514064278 6.670995e-05 1.64287223e-05 9.1065061e-06
1928.61667 0.600421577 0.134124588 0.039388936 0.0146703854 0.00417299163 0.00220267173 0.000712205015 0.000514913504 6.69779864e-05 1.63774974e-05 9.0255302e-06
1935.73333 0.600658577 0.13415479 0.039395746 0.0146724151 0.00417407163 0.00220278513 0.000713064476 0.000515698006 6.72658774e-05 1.63214254e-05 8.94544111e-06
1942.85 0.600896437 0.134185635 0.0394028136 0.014674328 0.00417496007 0.00220283084 0.000713871521 0.00051641561 6.7573923e-05 1.6257898e-05 8.86580772e-06
1949.96667 0.601133565 0.134217331 0.0394102094 0.0146761773 0.0041756756 0.00220281495 0.000714618807 0.000517065349 6.79021812e-05 1.61842353e-05 8.78639252e-06
1957.08333 0.601368526 0.13425 0.0394179755 0.014678011 0.0041762403 0.00220274522 0.000715300172 0.000517647572 6.8250517e-05 1.60978091e-05 8.70706762e-06
1964.2 0.601600095 0.134283688 0.039426125 0.0146798713 0.00417667848 0.00220263071 0.000715910839 0.000518164017 6.86186916e-05 1.59961938e-05 8.62772685e-06
1971.31667 0.601827263 0.134318373 0.0394346424 0.0146817925 0.00417701554 0.0022024814 0.000716447614 0.000518617865 6.90064736e-05 1.58773183e-05 8.5482227e-06
1978.43333 0.602049238 0.134353966 0.0394434858 0.0146838011 0.00417727681 0.00220230781 0.000716909041 0.000519013743 6.94137456e-05 1.5739591e-05 8.46834773e-06
1985.55 0.602265428 0.134390322 0.0394525898 0.0146859143 0.00417748656 0.00220212056 0.000717295496 0.000519357674 6.9840567e-05 1.55819754e-05 8.38786454e-06
1992.66667 0.60247543 0.134427238 0.039461869 0.01468814 0.00417766714 0.00220192988 0.000717609152 0.000519656972 7.02871611e-05 1.54040043e-05 8.30657291e-06
1999.78333 0.602679026 0.134464455 0.0394712225 0.0146904763 0.00417783833 0.00220174516 0.000717853806 0.000519920062 7.07538092e-05 1.52057395e-05 8.22439179e-06
2006.9 0.602876182 0.134501669 0.0394805386 0.0146929115 0.00417801673 0.00220157449 0.000718034548 0.000520156256 7.12406566e-05 1.49876926e-05 8.14143111e-06
2014.01667 0.603067053 0.13453854 0.0394897001 0.0146954246 0.00417821539 0.00220142433 0.000718157339 0.00052037548 7.17474633e-05 1.47507373e-05 8.05803515e-06
2021.13333 0.603251983 0.134574709 0.0394985897 0.0146979863 0.00417844363 0.00220129921 0.000718228537 0.000520587992 7.22733519e-05 1.44960352e-05 7.97479063e-06
2028.25 0.603431484 0.134609824 0.0395070961 0.0147005611 0.00417870692 0.00220120168 0.000718254491 0.000520804091 7.28166092e-05 1.42249953e-05 7.8925061e-06
2035.36667 0.603606209 0.134643559 0.0395151189 0.0147031093 0.00417900713 0.00220113237 0.000718241266 0.000521033849 7.3374589e-05 1.39392664e-05 7.81217758e-06
2042.48333 0.603776907 0.134675643 0.0395225743 0.0147055897 0.00417934276 0.00220109018 0.000718194537 0.000521286868 7.39437372e-05 1.36407524e-05 7.7349569e-06
2049.6 0.603944365 0.134705879 0.0395293994 0.0147079624 0.00417970951 0.00220107254 0.000718119662 0.000521572054 7.45197277e-05 1.33316293e-05 7.66213353e-06
2056.71667 0.604109349 0.134734155 0.0395355556 0.0147101907 0.00418010079 0.00220107582 0.000718021865 0.000521897409 7.50976703e-05 1.3014343e-05 7.59513082e-06
2063.83333 0.604272562 0.134760449 0.0395410307 0.0147122434 0.00418050834 0.00220109559 0.000717906451 0.000522269842 7.56723376e-05 1.26915733e-05 7.53550866e-06
2070.95 0.604434606 0.134784827 0.0395458394 0.0147140959 0.0041809228 0.00220112695 0.000717778963 0.000522695 7.62383606e-05 1.2366167e-05 7.4849599e-06
2078.06667 0.604595978 0.134807429 0.0395500229 0.0147157312 0.0041813342 0.00220116477 0.000717645206 0.00052317712 7.67903674e-05 1.20410494e-05 7.44529008e-06
2085.18333 0.60475707 0.134828459 0.0395536462 0.0147171398 0.00418173247 0.00220120397 0.000717511139 0.000523718935 7.73230632e-05 1.17191383e-05 7.41837695e-06
2092.3 0.60491819 0.134848164 0.039556795 0.0147183195 0.00418210786 0.00220123972 0.000717382654 0.000524321626 7.783128e-05 1.14032772e-05 7.40611438e-06
2099.41667 0.605079578 0.134866824 0.0395595712 0.0147192758 0.00418245137 0.00220126774 0.000717265315 0.00052498484 7.83100335e-05 1.10962022e-05 7.41035084e-06
2106.53333 0.60524141 0.134884733 0.0395620882 0.0147200205 0.00418275529 0.00220128452 0.000717164133 0.00052570677 7.87546216e-05 1.08005385e-05 7.43283272e-06
2113.65 0.60540379 0.134902195 0.0395644656 0.0147205722 0.0041830136 0.00220128765 0.000717083446 0.000526484267 7.91607722e-05 1.05188156e-05 7.4751577e-06
2120.76667 0.605566718 0.13491951 0.0395668242 0.0147209549 0.00418322247 0.00220127598 0.000717026921 0.000527312985 7.9524826e-05 1.02534814e-05 7.53873633e-06
2127.88333 0.60573005 0.134936961 0.0395692811 0.0147211978 0.0041833806 0.00220124983 0.00071699765 0.000528187512 7.9843912e-05 1.00068995e-05 7.62475489e-06
2135 0.605893449 0.134954806 0.039571945 0.0147213342 0.00418348939 0.00220121099 0.000716998279 0.000529101499 8.01160715e-05 9.78132299e-06 7.73413231e-06
2142.11667 0.606056353 0.134973263 0.0395749124 0.0147214001 0.00418355285 0.00220116264 0.000717031106 0.000530047765 8.0340297e-05 9.57884889e-06 7.86746912e-06
2149.23333 0.60621796 0.134992493 0.0395782638 0.0147214332 0.00418357738 0.0022011092 0.000717098077 0.000531018404 8.05164822e-05 9.40136724e-06 8.02499376e-06
2156.35 0.606377251 0.135012588 0.0395820613 0.014721471 0.00418357124 0.00220105601 0.000717200675 0.000532004901 8.06453122e-05 9.25052134e-06 8.20651789e-06
2163.46667 0.606533045 0.135033561 0.0395863459 0.0147215499 0.00418354405 0.00220100912 0.000717339717 0.000532998289 8.07281438e-05 9.12768968e-06 8.41141238e-06
2170.58333 0.606684085 0.135055339 0.0395911364 0.0147217035 0.00418350628 0.00220097504 0.000717515122 0.000533989348 8.07669322e-05 9.03399011e-06 8.6386101e-06
2177.7 0.606829144 0.135077774 0.0395964289 0.014721962 0.00418346885 0.00220096049 0.00071772573 0.000534968855 8.07642402e-05 8.97029576e-06 8.88663146e-06
2184.81667 0.606967129 0.135100647 0.0396021975 0.014722351 0.0041834429 0.0022009723 0.000717969222 0.000535927847 8.07233343e-05 8.93724627e-06 9.15361975e-06
2191.93333 0.607097177 0.135123696 0.0396083952 0.014722891 0.00418343969 0.00220101718 0.000718242178 0.000536857904 8.06483323e-05 8.93523896e-06 9.43737063e-06
2199.05 0.607218723 0.135146632 0.0396149566 0.0147235969 0.0041834705 0.00220110163 0.000718540252 0.000537751394 8.05443449e-05 8.96439315e-06 9.73534559e-06
2206.16667 0.607331534 0.135169166 0.0396218006 0.0147244773 0.00418354657 0.00220123166 0.00071885843 0.00053860168 8.0417546e-05 9.0244924e-06 1.00446715e-05
2213.28333 0.607435709 0.135191034 0.0396288343 0.0147255338 0.00418367874 0.00220141252 0.000719191296 0.000539403269 8.02751262e-05 9.11491915e-06 1.03621415e-05
2220.4 0.607531654 0.135212003 0.039635957 0.0147267612 0.00418387698 0.00220164838 0.000719533275 0.000540151919 8.01251182e-05 9.23460019e-06 1.06842399e-05
2227.51667 0.607620033 0.135231887 0.039643064 0.0147281465 0.00418414968 0.00220194196 0.000719878811 0.000540844696 7.99761172e-05 9.3819772e-06 1.10072094e-05
2234.63333 0.607701717 0.135250547 0.0396500505 0.0147296703 0.00418450285 0.00220229428 0.000720222493 0.000541480028 7.98369507e-05 9.55500733e-06 1.13271656e-05
2241.75 0.607777731 0.135267882 0.0396568156 0.0147313067 0.00418493949 0.00220270442 0.000720559157 0.000542057725 7.97163559e-05 9.75118842e-06 1.16402416e-05
2248.86667 0.60784921 0.13528383 0.0396632655 0.0147330249 0.00418545904 0.00220316948 0.000720883985 0.000542578998 7.96227102e-05 9.96759687e-06 1.19427312e-05
2255.98333 0.607917354 0.135298356 0.0396693157 0.0147347913 0.00418605734 0.00220368465 0.00072119263 0.000543046445 7.95638377e-05 1.0200927e-05 1.22311914e-05
2263.1 0.607983394 0.135311451 0.0396748941 0.0147365707 0.00418672688 0.00220424335 0.000721481366 0.000543464 7.95468807e-05 1.04475278e-05 1.25024772e-05
2270.21667 0.60804855 0.135323131 0.0396799419 0.0147383283 0.00418745739 0.00220483754 0.000721747229 0.000543836824 7.95782119e-05 1.07034423e-05 1.27537061e-05
2277.33333 0.608113976 0.135333439 0.0396844157 0.0147400314 0.00418823661 0.00220545798 0.000721988125 0.000544171134 7.96633545e-05 1.09644638e-05 1.29821754e-05
2284.45 0.608180705 0.135342445 0.0396882882 0.0147416497 0.0041890511 0.00220609461 0.000722202872 0.000544473983 7.98068934e-05 1.12262207e-05 1.31852795e-05
2291.56667 0.60824958 0.135350253 0.0396915488 0.0147431566 0.00418988684 0.0022067368 0.000722391162 0.000544752999 8.00123752e-05 1.14842981e-05 1.33604751e-05
2298.68333 0.608321193 0.135356998 0.0396942043 0.0147445284 0.00419072969 0.00220737375 0.00072255347 0.000545016111 8.02822159e-05 1.1734386e-05 1.35053289e-05
2305.8 0.608395829 0.135362839 0.0396962784 0.0147457451 0.00419156551 0.00220799479 0.00072269093 0.000545271279 8.06176378e-05 1.19724359e-05 1.3617651e-05
2312.91667 0.608473445 0.135367955 0.0396978116 0.0147467901 0.00419238028 0.00220858979 0.000722805226 0.000545526251 8.1018656e-05 1.21947957e-05 1.3695683e-05
2320.03333 0.608553672 0.135372529 0.0396988602 0.0147476511 0.00419316006 0.00220914953 0.000722898534 0.000545788351 8.1484116e-05 1.23982998e-05 1.37382889e-05
2327.15 0.608635853 0.13537674 0.0396994943 0.0147483205 0.00419389126 0.0022096661 0.000722973504 0.000546064289 8.20117694e-05 1.25803001e-05 1.37450889e-05
2334.26667 0.608719119 0.135380752 0.0396997958 0.0147487965 0.004194561 0.00221013329 0.000723033271 0.000546360006 8.25983654e-05 1.27386446e-05 1.37164973e-05
2341.38333 0.608802481 0.135384701 0.0396998559 0.0147490844 0.00419515779 0.00221054686 0.000723081452 0.000546680534 8.32397371e-05 1.28716252e-05 1.36536546e-05
2348.5 0.608884931 0.135388702 0.0396997716 0.0147491966 0.00419567227 0.00221090477 0.000723122095 0.000547029884 8.39308751e-05 1.29779245e-05 1.35582798e-05
2355.61667 0.608965535 0.135392837 0.0396996419 0.014749153 0.00419609804 0.0022112072 0.000723159542 0.000547410964 8.46659962e-05 1.30565881e-05 1.34324918e-05
2362.73333 0.609043514 0.13539717 0.0396995647 0.0147489798 0.00419643221 0.00221145654 0.000723198232 0.000547825538 8.54386326e-05 1.3107035e-05 1.32786517e-05
2369.85 0.60911829 0.135401744 0.0396996333 0.0147487082 0.00419667566 0.00221165724 0.000723242463 0.000548274242 8.62417623e-05 1.31291009e-05 1.30992648e-05
2376.96667 0.609189512 0.135406583 0.0396999325 0.0147483722 0.00419683298 0.00221181557 0.000723296165 0.000548756638 8.70679961e-05 1.31230893e-05 1.28969483e-05
2384.08333 0.609257056 0.135411699 0.0397005366 0.0147480065 0.00419691198 0.00221193937 0.000723362735 0.000549271325 8.79098105e-05 1.30898034e-05 1.26744464e-05
2391.2 0.609321018 0.135417084 0.0397015069 0.014747644 0.00419692301 0.00221203772 0.000723444951 0.000549816066 8.87597964e-05 1.30305315e-05 1.24346526e-05
2398.31667 0.60938169 0.13542271 0.0397028899 0.0147473152 0.0041968782 0.0022121207 0.000723544977 0.000550387934 8.96108801e-05 1.29469759e-05 1.21805997e-05
2405.43333 0.609439556 0.135428521 0.0397047165 0.0147470466 0.00419679074 0.00221219894 0.000723664405 0.000550983446 9.04564733e-05 1.28411343e-05 1.19153959e-05
2412.55 0.609495278 0.135434436 0.0397070013 0.0147468609 0.00419667427 0.00221228334 0.000723804307 0.000551598688 9.12905295e-05 1.27151587e-05 1.16421069e-05
2419.66667 0.609549698 0.135440347 0.0397097428 0.0147467768 0.00419654248 0.00221238461 0.000723965246 0.000552229425 9.21075094e-05 1.25712226e-05 1.13636134e-05
2426.78333 0.609603831 0.135446124 0.0397129234 0.0147468091 0.00419640875 0.00221251288 0.000724147235 0.000552871203 9.29022885e-05 1.24114261e-05 1.10824829e-05
2433.9 0.609658843 0.135451627 0.0397165105 0.0147469692 0.00419628594 0.00221267733 0.000724349651 0.000553519464 9.36700545e-05 1.22377513e-05 1.08008931e-05
2441.01667 0.609716016 0.135456719 0.0397204574 0.0147472639 0.00419618599 0.00221288586 0.000724571145 0.000554169663 9.44062453e-05 1.20520664e-05 1.05206275e-05
2448.13333 0.609776686 0.135461275 0.0397247054 0.014747695 0.00419611959 0.00221314488 0.000724809599 0.000554817404 9.51065588e-05 1.18561597e-05 1.02431397e-05
2455.25 0.609842161 0.1354652 0.0397291859 0.0147482583 0.00419609569 0.00221345925 0.000725062163 0.000555458573 9.57670401e-05 1.1651779e-05 9.96965917e-06
2462.36667 0.609913625 0.135468434 0.0397338226 0.014748943 0.00419612108 0.00221383223 0.000725325395 0.00055608946 9.63842192e-05 1.1440655e-05 9.70130261e-06
2469.48333 0.609992047 0.135470952 0.0397385351 0.0147497312 0.00419620009 0.00221426556 0.000725595476 0.000556706852 9.69552583e-05 1.12244964e-05 9.43915519e-06
2476.6 0.610078104 0.135472767 0.0397432415 0.0147505989 0.00419633447 0.00221475958 0.00072586847 0.00055730808 9.74780564e-05 1.100496e-05 9.18430002e-06
2483.71667 0.610172136 0.135473922 0.0397478621 0.0147515167 0.00419652353 0.00221531329 0.000726140556 0.000557891026 9.79512796e-05 1.07836094e-05 8.93779598e-06
2490.83333 0.610274135 0.135474481 0.0397523225 0.0147524524 0.00419676445 0.00221592435 0.000726408207 0.00055845409 9.83743044e-05 1.05618799e-05 8.70062063e-06
2497.95 0.610383781 0.135474523 0.0397565562 0.0147533731 0.0041970527 0.00221658913 0.000726668285 0.000558996136 9.87470913e-05 1.03410664e-05 8.47360567e-06
2505.06667 0.610500499 0.135474133 0.0397605072 0.0147542476 0.00419738252 0.00221730268 0.000726918059 0.000559516422 9.90700261e-05 1.01223394e-05 8.25739116e-06
2512.18333 0.610623548 0.135473401 0.0397641316 0.0147550482 0.00419774721 0.00221805879 0.000727155191 0.000560014541 9.93437725e-05 9.90678515e-06 8.05241423e-06
2519.3 0.610752094 0.135472417 0.039767399 0.0147557524 0.00419813938 0.00221885018 0.000727377715 0.000560490377 9.95691726e-05 9.69545531e-06 7.8589336e-06
2526.41667 0.610885281 0.135471276 0.0397702931 0.0147563434 0.00419855094 0.00221966869 0.00072758406 0.000560944063 9.97472138e-05 9.48940884e-06 7.67707768e-06
2533.53333 0.61102227 0.135470077 0.039772812 0.0147568103 0.0041989732 0.00222050571 0.00072777311 0.000561375962 9.98790543e-05 9.28973177e-06 7.50689705e-06
2540.65 0.611162247 0.13546892 0.0397749677 0.0147571481 0.0041993969 0.00222135258 0.000727944296 0.000561786631 9.99660824e-05 9.09752797e-06 7.34840306e-06
2547.76667 0.611304403 0.135467906 0.0397767857 0.0147573573 0.00419981247 0.00222220099 0.000728097683 0.000562176781 0.000100009972 8.91388408e-06 7.20158155e-06
2554.88333 0.611447902 0.135467132 0.0397783041 0.0147574439 0.00420021045 0.00222304335 0.000728234007 0.000562547231 0.000100012704 8.73981978e-06 7.0663813e-06
2562 0.611591841 0.13546668 0.0397795724 0.0147574201 0.00420058212 0.00222387298 0.000728354649 0.000562898832 9.99765252e-05 8.57623808e-06 6.94268549e-06
2569.11667 0.611735228 0.135466614 0.0397806501 0.0147573039 0.00420092012 0.00222468417 0.00072846151 0.000563232401 9.99038575e-05 8.42388838e-06 6.83027967e-06
2576.23333 0.611876987 0.135466972 0.0397816054 0.0147571201 0.00420121906 0.00222547221 0.000728556844 0.000563548644 9.97971686e-05 8.2833494e-06 6.72882846e-06
2583.35 0.612015984 0.135467758 0.0397825125 0.0147568995 0.00420147583 0.00222623324 0.000728643049 0.000563848096 9.96588411e-05 8.15503133e-06 6.63786887e-06
2590.46667 0.612151085 0.135468949 0.0397834503 0.0147566789 0.00420168956 0.00222696418 0.000728722485 0.000564131083 9.94910786e-05 8.03919029e-06 6.5568217e-06
2597.58333 0.612281236 0.135470493 0.0397844994 0.0147564994 0.00420186138 0.00222766264 0.000728797346 0.000564397705 9.92958734e-05 7.93594549e-06 6.48501711e-06
2604.7 0.61240554 0.135472316 0.0397857396 0.0147564048 0.00420199375 0.00222832698 0.000728869593 0.000564647847 9.90750492e-05 7.84529051e-06 6.42172807e-06
2611.81667 0.612523324 0.135474334 0.0397872476 0.0147564394 0.00420208984 0.00222895631 0.000728940963 0.000564881213 9.88303646e-05 7.76709483e-06 6.36620518e-06
2618.93333 0.612634197 0.135476458 0.0397890941 0.0147566462 0.00420215284 0.00222955064 0.000729013011 0.000565097374 9.85636492e-05 7.70109725e-06 6.31770863e-06
2626.05 0.612738065 0.135478601 0.0397913414 0.0147570644 0.00420218564 0.00223011091 0.000729087183 0.000565295826 9.82769345e-05 7.646897e-06 6.27553445e-06
2633.16667 0.612835135 0.135480685 0.0397940417 0.0147577285 0.00420219061 0.00223063909 0.000729164868 0.00056547604 9.79725419e-05 7.60395001e-06 6.23903385e-06
2640.28333 0.612925884 0.135482644 0.0397972353 0.0147586671 0.00420216976 0.00223113807 0.000729247439 0.000565637511 9.76531066e-05 7.57157579e-06 6.20762463e-06
2647.4 0.613011024 0.135484418 0.0398009493 0.014759902 0.00420212498 0.00223161165 0.000729336258 0.000565779794 9.73215337e-05 7.54897607e-06 6.1807934e-06
2654.51667 0.613091456 0.13548596 0.0398051971 0.0147614482 0.00420205835 0.00223206438 0.000729432663 0.000565902528 9.69809041e-05 7.5352623e-06 6.15808867e-06
2661.63333 0.613168232 0.135487229 0.0398099775 0.0147633132 0.00420197229 0.00223250141 0.000729537929 0.000566005462 9.66343626e-05 7.52948577e-06 6.13910625e-06
2668.75 0.613242517 0.135488194 0.0398152755 0.0147654966 0.00420186959 0.00223292833 0.000729653218 0.000566088476 9.62850209e-05 7.53066432e-06 6.12347129e-06
2675.86667 0.613315552 0.135488833 0.0398210617 0.0147679901 0.00420175316 0.0022333511 0.000729779519 0.000566151617 9.59359011e-05 7.5378021e-06 6.11082267e-06
2682.98333 0.613388617 0.135489135 0.0398272928 0.0147707763 0.00420162574 0.00223377581 0.000729917564 0.000566195137 9.558993e-05 7.54990253e-06 6.10080559e-06
2690.1 0.613462987 0.135489108 0.0398339127 0.0147738294 0.00420148958 0.00223420866 0.000730067754 0.000566219537 9.52499717e-05 7.56597825e-06 6.09307514e-06
2697.21667 0.613539868 0.135488773 0.0398408531 0.0147771152 0.00420134619 0.0022346557 0.00073023007 0.000566225608 9.49188765e-05 7.58506277e-06 6.08730902e-06
2704.33333 0.613620331 0.135488174 0.0398480351 0.0147805924 0.00420119635 0.0022351227 0.000730404016 0.000566214469 9.45995164e-05 7.60622707e-06 6.08322284e-06
2711.45 0.613705227 0.135487367 0.0398553712 0.0147842139 0.00420104029 0.00223561494 0.000730588591 0.000566187576 9.42947853e-05 7.62860126e-06 6.08057906e-06
2718.56667 0.613795109 0.135486423 0.0398627676 0.0147879293 0.00420087803 0.00223613699 0.000730782308 0.000566146719 9.40075552e-05 7.65139719e-06 6.07918162e-06
2725.68333 0.613890174 0.135485422 0.0398701275 0.0147916869 0.00420070977 0.00223669251 0.000730983267 0.000566093995 9.37405956e-05 7.6739261e-06 6.07885401e-06
2732.8 0.61399022 0.13548444 0.0398773538 0.0147954363 0.00420053625 0.00223728414 0.000731189254 0.000566031767 9.34964756e-05 7.69560593e-06 6.07940509e-06
2739.91667 0.614094649 0.135483552 0.0398843533 0.01479913 0.00420035895 0.00223791334 0.000731397859 0.000565962613 9.32774713e-05 7.71595572e-06 6.08059385e-06
2747.03333 0.614202505 0.135482821 0.0398910392 0.014802725 0.00420018001 0.00223858035 0.000731606576 0.000565889281 9.30854944e-05 7.73457948e-06 6.08210627e-06
2754.15 0.614312551 0.1354823 0.0398973347 0.0148061834 0.00420000212 0.00223928418 0.000731812879 0.000565814638 9.29220495e-05 7.7511452e-06 6.08355511e-06
2761.26667 0.614423367 0.135482029 0.0399031751 0.014809473 0.00419982815 0.00224002256 0.000732014251 0.000565741631 9.27882114e-05 7.76536636e-06 6.08450546e-06
2768.38333 0.614533468 0.135482036 0.0399085097 0.0148125668 0.00419966087 0.00224079199 0.000732208199 0.000565673241 9.2684613e-05 7.77699155e-06 6.0845203e-06
2775.5 0.614641408 0.135482343 0.0399133031 0.0148154436 0.00419950274 0.00224158776 0.000732392262 0.000565612429 9.26114286e-05 7.785804e-06 6.08321217e-06
2782.61667 0.614745874 0.135482965 0.0399175351 0.0148180873 0.00419935572 0.00224240402 0.000732564054 0.000565562083 9.25683494e-05 7.79162844e-06 6.08028496e-06
2789.73333 0.614845745 0.135483911 0.0399212013 0.0148204877 0.00419922138 0.00224323388 0.000732721331 0.000565524937 9.25545554e-05 7.79433977e-06 6.07555311e-06
2796.85 0.61494013 0.135485185 0.039924312 0.0148226405 0.00419910094 0.00224406957 0.000732862113 0.0005655035 9.2568699e-05 7.79386804e-06 6.06893394e-06
2803.96667 0.615028372 0.135486782 0.0399268912 0.0148245478 0.00419899541 0.00224490271 0.00073298481 0.000565499968 9.26089126e-05 7.79019663e-06 6.06041865e-06
2811.08333 0.615110035 0.135488692 0.0399289755 0.0148262182 0.0041989057 0.00224572462 0.000733088325 0.000565516153 9.26728514e-05 7.78335472e-06 6.05003486e-06
2818.2 0.61518489 0.135490891 0.0399306122 0.0148276666 0.00419883266 0.0022465266 0.000733172116 0.00056555342 9.27577703e-05 7.77340854e-06 6.03781601e-06
2825.31667 0.615252894 0.135493343 0.0399318575 0.0148289133 0.00419877696 0.00224730029 0.000733236164 0.000565612644 9.28606221e-05 7.76045699e-06 6.02378881e-06
2832.43333 0.61531418 0.135496001 0.0399327747 0.0148299836 0.00419873907 0.00224803797 0.00073328088 0.000565694179 9.29781596e-05 7.74463556e-06 6.00798223e-06
2839.55 0.615369058 0.135498811 0.0399334315 0.0148309057 0.00419871917 0.00224873275 0.000733306967 0.000565797855 9.31070248e-05 7.72612853e-06 5.99045223e-06
2846.66667 0.615418014 0.135501712 0.0399338977 0.01483171 0.0041987171 0.00224937876 0.000733315272 0.000565922971 9.32438156e-05 7.70518503e-06 5.97131063e-06
2853.78333 0.615461713 0.13550464 0.039934243 0.0148324272 0.00419873245 0.00224997116 0.000733306685 0.000566068323 9.3385132e-05 7.68213202e-06 5.95074495e-06
2860.9 0.615500988 0.135507536 0.0399345348 0.0148330874 0.00419876464 0.00225050622 0.000733282117 0.00056623222 9.35276142e-05 7.65737722e-06 5.92902029e-06
2868.01667 0.61553681 0.135510347 0.0399348356 0.0148337197 0.00419881305 0.0022509813 0.000733242548 0.000566412535 9.36679864e-05 7.6313982e-06 5.90646162e-06
2875.13333 0.615570249 0.135513025 0.039935202 0.0148343511 0.0041988771 0.00225139482 0.000733189142 0.000566606753 9.38031187e-05 7.60471871e-06 5.88342214e-06
2882.25 0.615602405 0.13551553 0.039935683 0.0148350069 0.00419895626 0.00225174631 0.00073312336 0.000566812048 9.39301077e-05 7.57787733e-06 5.86024829e-06
2889.36667 0.615634345 0.13551783 0.0399363192 0.01483571 0.00419904993 0.00225203637 0.000733047055 0.000567025359 9.4046368e-05 7.55139604e-06 5.83725219e-06
2896.48333 0.615667033 0.135519897 0.0399371423 0.0148364806 0.00419915731 0.00225226672 0.000732962483 0.000567243484 9.41497185e-05 7.52575547e-06 5.81469855e-06
2903.6 0.615701274 0.135521706 0.0399381748 0.0148373358 0.00419927722 0.00225244017 0.000732872236 0.000567463164 9.4238448e-05 7.50138038e-06 5.79280725e-06
2910.71667 0.615737681 0.13552324 0.0399394302 0.0148382888 0.00419940796 0.00225256053 0.00073277911 0.000567681171 9.43113497e-05 7.47863497e-06 5.77176686e-06
2917.83333 0.61577666 0.135524484 0.0399409132 0.0148393482 0.0041995473 0.00225263256 0.000732685935 0.00056789438 9.43677247e-05 7.45782413e-06 5.75175152e-06
2924.95 0.615818421 0.135525435 0.0399426199 0.0148405173 0.00419969261 0.00225266174 0.00073259543 0.000568099835 9.44073641e-05 7.43919574e-06 5.73293341e-06
2932.06667 0.615863006 0.135526099 0.0399445388 0.0148417941 0.00419984106 0.00225265414 0.000732510102 0.000568294803 9.44305215e-05 7.42294004e-06 5.71548606e-06
2939.18333 0.615910323 0.135526497 0.0399466508 0.0148431714 0.00419998989 0.00225261619 0.000732432213 0.000568476829 9.4437888e-05 7.40918472e-06 5.69957802e-06
2946.3 0.615960178 0.135526664 0.0399489309 0.0148446373 0.00420013663 0.0022525545 0.00073236381 0.000568643789 9.44305707e-05 7.39798751e-06 5.68535985e-06
2953.41667 0.616012304 0.135526652 0.0399513482 0.0148461763 0.00420027923 0.00225247565 0.000732306771 0.000568793933 9.44100728e-05 7.38932931e-06 5.67294934e-06
2960.53333 0.616066367 0.135526525 0.0399538679 0.0148477707 0.0042004161 0.00225238606 0.000732262858 0.000568925935 9.43782604e-05 7.38311137e-06 5.66241946e-06
2967.65 0.616121979 0.13552636 0.0399564523 0.0148494019 0.00420054596 0.00225229184 0.000732233715 0.000569038917 9.43373087e-05 7.37915852e-06 5.65379205e-06
2974.76667 0.616178688 0.135526237 0.0399590623 0.0148510512 0.00420066769 0.00225219865 0.000732220825 0.000569132469 9.4289621e-05 7.37722838e-06 5.64703761e-06
2981.88333 0.616235979 0.135526239 0.0399616586 0.0148527009 0.00420078014 0.0022521116 0.00073222542 0.000569206637 9.42377256e-05 7.37702509e-06 5.64208018e-06
2989 0.616293279 0.135526446 0.0399642036 0.0148543346 0.00420088214 0.00225203512 0.000732248375 0.000569261888 9.41841631e-05 7.37821539e-06 5.63880533e-06
2996.11667 0.616349978 0.135526936 0.039966662 0.0148559373 0.00420097249 0.00225197287 0.000732290112 0.000569299058 9.41313815e-05 7.38044532e-06 5.6370696e-06
3003.23333 0.616405457 0.135527777 0.0399690024 0.0148574955 0.00420105026 0.00225192772 0.000732350556 0.000569319293 9.40816513e-05 7.38335687e-06 5.63670999e-06
3010.35 0.616459126 0.135529033 0.0399711979 0.0148589971 0.00420111503 0.00225190167 0.000732429132 0.000569323976 9.40370086e-05 7.38660451e-06 5.63755295e-06
3017.46667 0.616510476 0.135530763 0.0399732268 0.0148604314 0.00420116717 0.00225189593 0.000732524814 0.000569314674 9.39992231e-05 7.3898715e-06 5.63942201e-06
3024.58333 0.616559111 0.13553302 0.0399750731 0.0148617893 0.00420120805 0.00225191094 0.000732636203 0.000569293084 9.39697808e-05 7.39288555e-06 5.64214375e-06
3031.7 0.61660478 0.135535849 0.0399767265 0.0148630639 0.00420124 0.00225194644 0.000732761608 0.000569260995 9.39498718e-05 7.39543213e-06 5.64555145e-06
3038.81667 0.616647391 0.13553929 0.039978183 0.0148642511 0.00420126606 0.00225200159 0.000732899116 0.000569220253 9.39403756e-05 7.39736388e-06 5.64948669e-06
3045.93333 0.616687005 0.135543367 0.0399794448 0.0148653497 0.00420128965 0.00225207501 0.000733046639 0.000569172731 9.39418417e-05 7.39860432e-06 5.65379965e-06
3053.05 0.616723822 0.135548094 0.03998052 0.0148663623 0.00420131408 0.00225216485 0.000733201954 0.00056912029 9.39544741e-05 7.39914579e-06 5.65834977e-06
3060.16667 0.616758148 0.13555346 0.0399814224 0.0148672953 0.00420134211 0.0022522688 0.000733362751 0.000569064742 9.39781274e-05 7.39904261e-06 5.66300844e-06
3067.28333 0.616790372 0.135559432 0.0399821709 0.0148681585 0.00420137571 0.00225238416 0.000733526688 0.000569007801 9.40123229e-05 7.39840154e-06 5.667665e-06
3074.4 0.616820938 0.135565954 0.0399827893 0.0148689652 0.00420141602 0.00225250787 0.000733691477 0.000568951047 9.40562872e-05 7.39737185e-06 5.67223583e-06
3081.51667 0.616850323 0.135572941 0.0399833044 0.014869731 0.00420146345 0.00225263661 0.000733854985 0.000568895886 9.41090076e-05 7.39613652e-06 5.67667501e-06
3088.63333 0.616879029 0.135580292 0.0399837459 0.0148704736 0.00420151804 0.00225276693 0.000734015322 0.000568843531 9.41692957e-05 7.39490462e-06 5.68098376e-06
3095.75 0.616907568 0.135587887 0.0399841447 0.0148712118 0.00420157985 0.00225289539 0.000734170907 0.000568794987 9.42358478e-05 7.39390411e-06 5.68521594e-06
3102.86667 0.616936456 0.1355956 0.0399845316 0.0148719646 0.0042016492 0.00225301872 0.000734320479 0.000568751059 9.43072941e-05 7.39337359e-06 5.68947749e-06
3109.98333 0.616966196 0.135603303 0.0399849366 0.0148727511 0.00420172687 0.00225313404 0.000734463068 0.000568712352 9.4382234e-05 7.39355225e-06 5.69391942e-06
3117.1 0.616997254 0.135610875 0.0399853875 0.0148735893 0.00420181405 0.00225323893 0.000734597913 0.000568679287 9.44592621e-05 7.39466847e-06 5.6987256e-06
3124.21667 0.617030025 0.135618209 0.0399859092 0.0148744961 0.00420191203 0.00225333154 0.000734724375 0.000568652112 9.45369899e-05 7.39692843e-06 5.70409745e-06
3131.33333 0.617064797 0.135625209 0.0399865231 0.0148754865 0.00420202194 0.00225341061 0.000734841875 0.000568630908 9.46140691e-05 7.40050697e-06 5.7102384e-06
3138.45 0.617101718 0.1356318 0.0399872467 0.014876573 0.0042021443 0.00225347543 0.000734949866 0.000568615597 9.46892183e-05 7.4055423e-06 5.71733985e-06
3145.56667 0.617140762 0.135637919 0.0399880932 0.014877765 0.0042022788 0.00225352579 0.000735047866 0.000568605955 9.47612521e-05 7.41213511e-06 5.72557027e-06
3152.68333 0.617181728 0.135643521 0.0399890717 0.0148790684 0.00420242417 0.00225356195 0.00073513554 0.00056860162 9.48291059e-05 7.42035129e-06 5.73506761e-06
3159.8 0.617224238 0.135648569 0.0399901868 0.0148804848 0.00420257829 0.00225358454 0.000735212794 0.000568602114 9.48918542e-05 7.4302265e-06 5.74593508e-06
3166.91667 0.617267777 0.135653041 0.0399914386 0.0148820118 0.00420273842 0.00225359456 0.000735279868 0.000568606866 9.49487184e-05 7.44177065e-06 5.75823975e-06
3174.03333 0.617311732 0.135656922 0.0399928234 0.0148836423 0.00420290154 0.00225359336 0.00073533737 0.000568615234 9.49990694e-05 7.45497144e-06 5.77201354e-06
3181.15 0.617355453 0.135660212 0.0399943331 0.0148853652 0.00420306469 0.0022535826 0.00073538627 0.000568626535 9.50424287e-05 7.46979663e-06 5.78725534e-06
3188.26667 0.61739831 0.135662921 0.0399959561 0.0148871659 0.00420322527 0.00225356425 0.000735427821 0.000568640064 9.50784757e-05 7.4861962e-06 5.80393321e-06
3195.38333 0.617439744 0.135665077 0.0399976776 0.0148890264 0.00420338108 0.00225354053 0.000735463462 0.000568655119 9.51070625e-05 7.50410515e-06 5.82198517e-06
3202.5 0.617479302 0.135666719 0.0399994801 0.0148909265 0.00420353041 0.00225351381 0.000735494691 0.000568671019 9.51282345e-05 7.52344719e-06 5.84131771e-06
3209.61667 0.617516657 0.135667903 0.0400013444 0.0148928447 0.00420367187 0.00225348651 0.000735522979 0.000568687123 9.51422509e-05 7.54413848e-06 5.86180262e-06
3216.73333 0.617551609 0.135668695 0.0400032501 0.0148947583 0.00420380426 0.00225346097 0.000735549705 0.000568702847 9.51495934e-05 7.56608954e-06 5.88327391e-06
3223.85 0.617584073 0.135669168 0.0400051769 0.0148966449 0.00420392638 0.00225343933 0.00073557614 0.000568717685 9.51509573e-05 7.58920363e-06 5.905528e-06
3230.96667 0.617614062 0.135669397 0.0400071051 0.0148984826 0.00420403695 0.00225342342 0.000735603447 0.000568731222 9.51472198e-05 7.61337065e-06 5.92833019e-06
3238.08333 0.61764166 0.135669453 0.0400090161 0.014900251 0.00420413464 0.00225341471 0.000735632708 0.000568743158 9.51393888e-05 7.63845768e-06 5.95142866e-06
3245.2 0.61766701 0.135669398 0.0400108934 0.0149019315 0.00420421806 0.00225341426 0.000735664923 0.000568753305 9.51285411e-05 7.66429885e-06 5.97457444e-06
3252.31667 0.617690294 0.135669282 0.0400127226 0.0149035081 0.00420428599 0.00225342273 0.000735701 0.000568761595 9.51157594e-05 7.69068829e-06 5.99754236e-06
3259.43333 0.617711724 0.135669146 0.0400144915 0.0149049677 0.00420433745 0.00225344035 0.000735741718 0.000568768073 9.51020792e-05 7.71737967e-06 6.02014629e-06
3266.55 0.617731536 0.135669015 0.0400161902 0.0149063006 0.00420437191 0.00225346703 0.000735787677 0.000568772879 9.50884515e-05 7.74409399e-06 6.0422424e-06
3273.66667 0.617749976 0.135668911 0.0400178109 0.0149075006 0.00420438941 0.00225350228 0.000735839261 0.00056877623 9.50757222e-05 7.77053479e-06 6.06371733e-06
3280.78333 0.617767293 0.13566885 0.0400193479 0.0149085651 0.00420439063 0.00225354534 0.000735896603 0.000568778401 9.50646244e-05 7.79640766e-06 6.08446381e-06
3287.9 0.617783723 0.135668846 0.0400207973 0.0149094945 0.00420437694 0.00225359513 0.000735959584 0.000568779703 9.50557799e-05 7.82143944e-06 6.10435081e-06
3295.01667 0.617799468 0.135668915 0.0400221575 0.0149102922 0.0042043505 0.00225365036 0.000736027852 0.000568780458 9.50497029e-05 7.84539272e-06 6.12319903e-06
3302.13333 0.617814687 0.135669072 0.0400234288 0.0149109641 0.00420431413 0.00225370953 0.000736100854 0.000568780987 9.50468046e-05 7.86807271e-06 6.14077159e-06
3309.25 0.617829485 0.135669334 0.0400246138 0.0149115177 0.00420427138 0.00225377104 0.000736177878 0.000568781593 9.50473979e-05 7.88932632e-06 6.15678561e-06
3316.36667 0.617843912 0.135669715 0.0400257177 0.0149119623 0.00420422639 0.00225383321 0.000736258079 0.000568782546 9.50517034e-05 7.90903538e-06 6.17094381e-06
3323.48333 0.617857973 0.135670224 0.0400267481 0.014912308 0.00420418375 0.00225389441 0.000736340509 0.000568784074 9.50598603e-05 7.92710758e-06 6.18297852e-06
3330.6 0.617871652 0.135670866 0.0400277155 0.014912566 0.00420414833 0.00225395306 0.000736424135 0.000568786361 9.50719399e-05 7.94346909e-06 6.19269609e-06
3337.71667 0.617884931 0.135671643 0.0400286332 0.0149127481 0.00420412506 0.00225400776 0.000736507861 0.00056878954 9.50879646e-05 7.95806104e-06 6.20000988e-06
3344.83333 0.61789782 0.135672559 0.0400295172 0.0149128665 0.00420411873 0.00225405727 0.000736590559 0.0005687937 9.5107927e-05 7.97084083e-06 6.20495353e-06
3351.95 0.61791037 0.135673622 0.040030386 0.0149129333 0.00420413374 0.00225410062 0.000736671107 0.000568798892 9.51318075e-05 7.98178662e-06 6.20767274e-06
3359.06667 0.617922681 0.135674854 0.040031261 0.0149129608 0.004204174 0.00225413713 0.000736748442 0.000568805138 9.51595894e-05 7.99090231e-06 6.2084005e-06
3366.18333 0.61793489 0.135676292 0.0400321658 0.0149129601 0.00420424284 0.00225416645 0.000736821615 0.000568812439 9.51912693e-05 7.99822015e-06 6.20742468e-06
3373.3 0.617947148 0.135677994 0.0400331263 0.0149129413 0.00420434301 0.00225418865 0.000736889835 0.000568820783 9.52268637e-05 8.00379898e-06 6.20505773e-06
3380.41667 0.617959595 0.135680033 0.0400341704 0.0149129128 0.00420447669 0.00225420419 0.000736952511 0.000568830152 9.52664138e-05 8.00771773e-06 6.20161539e-06
3387.53333 0.617972323 0.135682495 0.040035328 0.0149128811 0.00420464555 0.00225421404 0.000737009272 0.000568840523 9.53099883e-05 8.01006571e-06 6.19740624e-06
3394.65 0.617985354 0.135685467 0.0400366302 0.0149128507 0.00420485077 0.00225421955 0.00073705999 0.000568851869 9.53576861e-05 8.01093231e-06 6.19272902e-06
3401.76667 0.617998627 0.135689027 0.0400381091 0.0149128242 0.00420509304 0.0022542225 0.000737104784 0.000568864166 9.54096357e-05 8.01039919e-06 6.18787157e-06
3408.88333 0.618012001 0.135693232 0.0400397964 0.014912803 0.00420537248 0.00225422499 0.000737144039 0.000568877393 9.54659939e-05 8.00853721e-06 6.18310549e-06
3416 0.618025276 0.135698109 0.040041723 0.0149127875 0.00420568859 0.00225422929 0.000737178413 0.000568891548 9.55269392e-05 8.00540892e-06 6.17867297e-06
3423.11667 0.618038219 0.135703651 0.0400439172 0.0149127777 0.00420604018 0.00225423776 0.000737208848 0.000568906659 9.55926637e-05 8.00107576e-06 6.17476675e-06
3430.23333 0.618050603 0.135709812 0.0400464034 0.0149127736 0.00420642539 0.0022542527 0.000737236567 0.0005689228 9.5663362e-05 7.99560743e-06 6.17150808e-06
3437.35 0.618062234 0.135716516 0.0400492011 0.0149127759 0.00420684175 0.00225427627 0.000737263043 0.00056894011 9.57392199e-05 7.98909049e-06 6.16892962e-06
3444.46667 0.618072973 0.135723663 0.0400523234 0.0149127858 0.00420728645 0.00225431041 0.000737289951 0.000568958803 9.58204056e-05 7.98163332e-06 6.1669699e-06
3451.58333 0.618082747 0.135731137 0.0400557761 0.0149128051 0.00420775655 0.0022543568 0.000737319086 0.000568979177 9.59070656e-05 7.97336595e-06 6.16548302e-06
3458.7 0.618091541 0.135738814 0.0400595572 0.0149128363 0.00420824935 0.00225441689 0.000737352278 0.000569001619 9.59993258e-05 7.96443494e-06 6.16426306e-06
3465.81667 0.618099388 0.135746573 0.040063657 0.0149128825 0.00420876273 0.00225449187 0.000737391299 0.000569026595 9.60972986e-05 7.9549952e-06 6.1630784e-06
3472.93333 0.618106346 0.135754298 0.0400680579 0.0149129474 0.0042092954 0.00225458278 0.000737437805 0.000569054643 9.62010964e-05 7.94520158e-06 6.16170845e-06
3480.05 0.618112486 0.135761879 0.040072735 0.0149130354 0.00420984712 0.00225469042 0.000737493292 0.000569086354 9.63108469e-05 7.9352033e-06 6.15997471e-06
3487.16667 0.618117882 0.135769209 0.0400776569 0.0149131515 0.00421041873 0.00225481546 0.000737559101 0.000569122356 9.642671e-05 7.92514323e-06 6.15775989e-06
3494.28333 0.618122609 0.13577619 0.0400827863 0.0149133014 0.00421101212 0.00225495835 0.000737636429 0.000569163286 9.65488902e-05 7.91516244e-06 6.15501249e-06
3501.4 0.618126748 0.135782726 0.0400880807 0.0149134915 0.00421163009 0.00225511929 0.000737726363 0.000569209766 9.66776419e-05 7.90540863e-06 6.15173821e-06
3508.51667 0.6181304 0.135788726 0.0400934939 0.0149137282 0.00421227607 0.00225529826 0.000737829886 0.000569262375 9.68132626e-05 7.89604592e-06 6.14798316e-06
3515.63333 0.618133692 0.135794116 0.0400989766 0.0149140177 0.00421295392 0.0022554949 0.000737947858 0.000569321621 9.69560742e-05 7.88726263e-06 6.14381511e-06
3522.75 0.618136783 0.135798839 0.0401044778 0.0149143654 0.00421366757 0.00225570857 0.000738080968 0.000569387913 9.71063901e-05 7.87927472e-06 6.13930894e-06
3529.86667 0.618139852 0.135802865 0.0401099469 0.0149147752 0.00421442074 0.00225593835 0.000738229647 0.000569461536 9.72644743e-05 7.87232351e-06 6.13453989e-06
3536.98333 0.618143089 0.135806205 0.0401153349 0.0149152487 0.00421521659 0.00225618306 0.00073839398 0.000569542634 9.74304954e-05 7.86666811e-06 6.12958508e-06
3544.1 0.618146668 0.135808905 0.0401205972 0.0149157853 0.00421605751 0.00225644133 0.000738573623 0.000569631202 9.76044846e-05 7.86257415e-06 6.12453056e-06
3551.21667 0.618150723 0.135811056 0.0401256955 0.0149163819 0.00421694479 0.00225671168 0.000738767759 0.00056972708 9.77863023e-05 7.86030107e-06 6.11947975e-06
3558.33333 0.618155332 0.135812784 0.0401305998 0.0149170332 0.00421787848 0.00225699253 0.000738975093 0.000569829957 9.79756175e-05 7.86008986e-06 6.1145585e-06
3565.45 0.618160511 0.135814244 0.0401352906 0.0149177324 0.00421885727 0.00225728232 0.000739193908 0.000569939379 9.81719018e-05 7.86215263e-06 6.10991419e-06
3572.56667 0.618166212 0.135815609 0.0401397601 0.0149184718 0.00421987852 0.00225757949 0.000739422149 0.000570054761 9.83744337e-05 7.8666639e-06 6.10570827e-06
3579.68333 0.618172347 0.135817057 0.0401440124 0.0149192435 0.00422093832 0.00225788249 0.000739657543 0.000570175387 9.85823111e-05 7.87375326e-06 6.1021042e-06
3586.8 0.61817881 0.135818764 0.0401480642 0.0149200403 0.00422203176 0.0022581898 0.000739897719 0.000570300424 9.87944646e-05 7.88349871e-06 6.09925419e-06
3593.91667 0.618185503 0.135820895 0.0401519433 0.014920856 0.00422315323 0.00225849989 0.000740140316 0.000570428921 9.90096712e-05 7.89592046e-06 6.09728817e-06
3601.03333 0.618192359 0.135823603 0.0401556877 0.0149216859 0.00422429674 0.00225881119 0.00074038307 0.000570559818 9.92265681e-05 7.91097571e-06 6.0963072e-06
3608.15 0.618199352 0.135827024 0.0401593433 0.0149225269 0.00422545631 0.00225912212 0.000740623868 0.000570691957 9.94436689e-05 7.92855547e-06 6.09638216e-06
3615.26667 0.618206488 0.135831278 0.0401629618 0.0149233774 0.00422662627 0.00225943102 0.000740860788 0.000570824098 9.9659389e-05 7.94848461e-06 6.09755643e-06
3622.38333 0.618213794 0.135836472 0.0401665982 0.0149242374 0.00422780159 0.00225973627 0.000741092122 0.000570954952 9.98720823e-05 7.97052553e-06 6.09985087e-06
3629.5 0.61822129 0.135842694 0.040170308 0.0149251084 0.004228978 0.00226003622 0.000741316388 0.000571083212 0.000100080091 7.99438523e-06 6.10326875e-06
3636.61667 0.618228962 0.135850007 0.040174145 0.0149259931 0.0042301522 0.00226032936 0.000741532347 0.000571207598 0.000100281805 8.01972406e-06 6.10779926e-06
3643.73333 0.618236743 0.135858446 0.0401781584 0.0149268953 0.00423132188 0.00226061434 0.000741739026 0.000571326895 0.000100475722 8.04616441e-06 6.11341844e-06
3650.85 0.618244507 0.135868004 0.0401823908 0.01492782 0.00423248581 0.00226089006 0.000741935726 0.000571439992 0.000100660495 8.07329754e-06 6.12008736e-06
3657.96667 0.618252075 0.135878627 0.0401868758 0.0149287728 0.00423364376 0.00226115574 0.000742122035 0.000571545916 0.000100834966 8.10068827e-06 6.12774764e-06
3665.08333 0.618259239 0.135890208 0.0401916361 0.0149297596 0.00423479651 0.00226141103 0.000742297827 0.000571643848 0.000100998172 8.12787834e-06 6.13631466e-06
3672.2 0.61826579 0.135902588 0.0401966829 0.0149307864 0.00423594577 0.00226165598 0.000742463248 0.000571733142 0.000101149321 8.15439091e-06 6.14566944e-06
3679.31667 0.618271555 0.135915564 0.0402020141 0.0149318587 0.00423709409 0.00226189115 0.00074261869 0.000571813333 0.000101287762 8.17973879e-06 6.15565067e-06
3686.43333 0.618276419 0.135928895 0.0402076149 0.0149329807 0.0042382447 0.00226211753 0.000742764759 0.000571884141 0.000101412941 8.20343842e-06 6.16604902e-06
3693.55 0.618280341 0.135942328 0.0402134582 0.0149341556 0.00423940137 0.00226233659 0.000742902252 0.000571945476 0.000101524376 8.22502972e-06 6.17660598e-06
3700.66667 0.618283354 0.135955606 0.0402195055 0.0149353849 0.0042405682 0.00226255018 0.000743032127 0.000571997451 0.000101621643 8.24409954e-06 6.18701877e-06
3707.78333 0.618285549 0.135968491 0.0402257092 0.0149366684 0.00424174941 0.00226276052 0.000743155499 0.000572040377 0.000101704404 8.26030474e-06 6.19695162e-06
3714.9 0.618287056 0.135980774 0.0402320147 0.014938004 0.00424294912 0.00226297007 0.00074327363 0.000572074773 0.000101772442 8.27339021e-06 6.20605151e-06
3722.01667 0.618288011 0.135992286 0.0402383628 0.0149393883 0.0042441711 0.0022631815 0.000743387923 0.000572101358 0.000101825723 8.28319777e-06 6.21396501e-06
3729.13333 0.618288543 0.136002898 0.0402446928 0.014940816 0.00424541854 0.00226339755 0.000743499917 0.00057212104 0.000101864451 8.28966456e-06 6.22035241e-06
3736.25 0.618288761 0.13601252 0.0402509444 0.0149422804 0.00424669389 0.00226362094 0.000743611253 0.000572134896 0.000101889103 8.29281219e-06 6.2248963e-06
3743.36667 0.618288755 0.136021099 0.0402570607 0.014943773 0.00424799857 0.00226385421 0.00074372364 0.000572144142 0.000101900448 8.29273028e-06 6.22730451e-06
3750.48333 0.618288608 0.13602861 0.0402629898 0.0149452841 0.00424933289 0.0022640997 0.000743838794 0.000572150107 0.000101899535 8.28955941e-06 6.2273098e-06
3757.6 0.618288415 0.13603506 0.0402686871 0.0149468021 0.00425069588 0.0022643594 0.000743958383 0.000572154198 0.000101887652 8.28347759e-06 6.22467116e-06
3764.71667 0.618288294 0.136040477 0.0402741164 0.0149483144 0.00425208525 0.00226463491 0.000744083974 0.000572157881 0.00010186629 8.27469196e-06 6.21918104e-06
3771.83333 0.618288393 0.136044919 0.0402792512 0.0149498071 0.00425349732 0.0022649274 0.000744216991 0.000572162649 0.000101837084 8.26343509e-06 6.21068073e-06
3778.95 0.618288887 0.136048474 0.0402840758 0.0149512661 0.00425492719 0.0022652376 0.000744358701 0.00057217001 0.000101801783 8.24996239e-06 6.19908179e-06
3786.06667 0.618289956 0.136051258 0.0402885861 0.0149526772 0.00425636878 0.00226556576 0.00074451021 0.000572181469 0.000101762212 8.23454683e-06 6.18438762e-06
3793.18333 0.61829176 0.136053419 0.0402927896 0.0149540275 0.00425781507 0.00226591168 0.000744672465 0.000572198504 0.000101720257 8.21746842e-06 6.16670664e-06
3800.3 0.618294408 0.13605513 0.0402967056 0.0149553053 0.00425925829 0.00226627466 0.000744846253 0.000572222546 0.000101677842 8.19899844e-06 6.14624967e-06
3807.41667 0.618297932 0.136056584 0.0403003649 0.0149565018 0.00426069019 0.00226665353 0.000745032174 0.000572254953 0.000101636904 8.17938179e-06 6.12330821e-06
3814.53333 0.618302279 0.136057978 0.0403038085 0.0149576106 0.00426210225 0.00226704659 0.00074523059 0.000572296981 0.000101599366 8.15882243e-06 6.09821653e-06
3821.65 0.618307308 0.136059508 0.0403070867 0.0149586291 0.0042634859 0.00226745165 0.000745441548 0.000572349756 0.000101567098 8.13747724e-06 6.07130625e-06
3828.76667 0.61831282 0.136061352 0.0403102569 0.0149595578 0.00426483281 0.00226786603 0.000745664708 0.000572414258 0.000101541883 8.11546089e-06 6.04286574e-06
3835.88333 0.61831858 0.136063664 0.0403133816 0.0149604009 0.00426613512 0.00226828662 0.000745899268 0.000572491298 0.00010152539 8.09286081e-06 6.01311541e-06
3843 0.618324366 0.13606657 0.0403165259 0.0149611661 0.00426738572 0.00226871 0.000746143937 0.000572581516 0.000101519154 8.0697575e-06 5.98220556e-06
3850.11667 0.618329993 0.136070165 0.0403197551 0.014961864 0.0042685786 0.00226913261 0.000746396958 0.00057268537 0.000101524572 8.0462431e-06 5.95023592e-06
3857.23333 0.618335339 0.136074515 0.0403231318 0.0149625086 0.00426970916 0.00226955088 0.000746656183 0.000572803134 0.000101542898 8.0224318e-06 5.91728932e-06
3864.35 0.618340355 0.136079665 0.040326714 0.0149631159 0.00427077458 0.00226996145 0.000746919187 0.000572934886 0.000101575232 7.99845874e-06 5.88346778e-06
3871.46667 0.618345045 0.136085643 0.0403305528 0.0149637043 0.00427177404 0.00227036134 0.000747183423 0.000573080496 0.000101622495 7.97446833e-06 5.84891968e-06
3878.58333 0.618349452 0.136092457 0.0403346902 0.014964293 0.00427270897 0.00227074808 0.000747446352 0.000573239611 0.000101685391 7.95059746e-06 5.81385095e-06
3885.7 0.61835362 0.1361001 0.0403391578 0.0149649023 0.00427358298 0.00227111983 0.00074770557 0.00057341164 0.00010176435 7.92696094e-06 5.77851953e-06
3892.81667 0.618357572 0.136108543 0.0403439755 0.0149655519 0.00427440187 0.00227147537 0.000747958878 0.000573595746 0.000101859485 7.90364598e-06 5.74321852e-06
3899.93333 0.618361291 0.136117733 0.0403491506 0.0149662604 0.00427517325 0.00227181419 0.000748204328 0.000573790854 0.000101970555 7.88071853e-06 5.70825629e-06
3907.05 0.618364716 0.136127582 0.0403546771 0.0149670449 0.00427590631 0.00227213646 0.000748440225 0.000573995669 0.000102096967 7.85823991e-06 5.67394115e-06
3914.16667 0.618367753 0.136137971 0.0403605358 0.0149679198 0.00427661127 0.00227244298 0.000748665127 0.000574208705 0.00010223781 7.83628737e-06 5.64057435e-06
3921.28333 0.618370301 0.136148745 0.0403666946 0.0149688965 0.00427729906 0.0022727352 0.000748877835 0.000574428322 0.000102391922 7.81497079e-06 5.60845033e-06
3928.4 0.618372274 0.13615972 0.040373109 0.0149699827 0.00427798081 0.00227301513 0.000749077406 0.000574652767 0.000102557961 7.79443889e-06 5.57785905e-06
3935.51667 0.618373629 0.136170694 0.0403797239 0.0149711824 0.0042786675 0.00227328537 0.000749263169 0.000574880211 0.00010273448 7.77487213e-06 5.54908487e-06
3942.63333 0.618374378 0.136181461 0.040386475 0.0149724955 0.00427936957 0.00227354898 0.000749434753 0.000575108771 0.000102919965 7.75646469e-06 5.52239847e-06
3949.75 0.61837459 0.136191824 0.0403932913 0.0149739175 0.00428009657 0.00227380944 0.000749592113 0.00057533654 0.000103112853 7.73940147e-06 5.49804246e-06
3956.86667 0.618374374 0.136201606 0.0404000973 0.0149754393 0.0042808568 0.0022740705 0.00074973553 0.000575561606 0.000103311505 7.72383785e-06 5.47621533e-06
3963.98333 0.618373863 0.136210666 0.0404068164 0.0149770475 0.00428165691 0.00227433608 0.000749865611 0.000575782083 0.000103514178 7.70988779e-06 5.45705987e-06
3971.1 0.618373183 0.136218897 0.0404133733 0.0149787248 0.0042825016 0.00227461006 0.000749983254 0.000575996152 0.000103718996 7.69762246e-06 5.44066092e-06
3978.21667 0.618372431 0.136226233 0.0404196975 0.01498045 0.00428339331 0.0022748962 0.000750089616 0.000576202106 0.000103923951 7.68707702e-06 5.42705351e-06
3985.33333 0.61837167 0.136232643 0.0404257252 0.0149821995 0.00428433202 0.0022751979 0.000750186072 0.000576398413 0.000104126936 7.67826057e-06 5.41623798e-06
3992.45 0.618370919 0.136238126 0.0404314028 0.0149839476 0.00428531527 0.00227551815 0.000750274179 0.000576583776 0.000104325813 7.6711638e-06 5.40819592e-06
3999.56667 0.618370175 0.13624271 0.0404366878 0.0149856686 0.00428633831 0.00227585937 0.000750355643 0.000576757183 0.000104518496 7.66576121e-06 5.40290032e-06
4006.68333 0.618369425 0.136246439 0.0404415511 0.0149873374 0.00428739434 0.00227622329 0.000750432286 0.000576917943 0.000104703046 7.6620083e-06 5.40031663e-06
4013.8 0.61836867 0.13624938 0.0404459776 0.0149889311 0.00428847499 0.00227661092 0.000750506001 0.000577065704 0.000104877733 7.65983732e-06 5.40039534e-06
4020.91667 0.618367935 0.136251613 0.0404499669 0.0149904298 0.00428957074 0.00227702243 0.000750578697 0.000577200442 0.000105041092 7.65915643e-06 5.4030608e-06
4028.03333 0.618367277 0.136253237 0.0404535329 0.0149918173 0.00429067138 0.00227745714 0.000750652232 0.000577322443 0.000105191933 7.65985578e-06 5.40820247e-06
4035.15 0.618366771 0.136254364 0.0404567036 0.0149930817 0.00429176634 0.00227791345 0.000750728343 0.000577432264 0.000105329343 7.6618207e-06 5.41567369e-06
4042.26667 0.618366494 0.13625512 0.0404595198 0.014994215 0.00429284498 0.00227838891 0.000750808578 0.0005775307 0.000105452683 7.66494871e-06 5.42529904e-06
4049.38333 0.618366501 0.136255639 0.0404620339 0.0149952136 0.00429389676 0.00227888026 0.000750894245 0.000577618749 0.000105561579 7.66916419e-06 5.43688772e-06
4056.5 0.618366806 0.136256054 0.0404643078 0.0149960779 0.00429491139 0.0022793835 0.000750986392 0.000577697576 0.000105655926 7.67442505e-06 5.45024737e-06
4063.61667 0.618367363 0.136256494 0.0404664108 0.0149968124 0.00429587899 0.00227989406 0.000751085796 0.000577768487 0.000105735897 7.68071798e-06 5.46519289e-06
4070.73333 0.618368076 0.136257067 0.0404684174 0.0149974255 0.00429679032 0.00228040691 0.000751192975 0.000577832898 0.00010580194 7.68804325e-06 5.48154745e-06
4077.85 0.618368808 0.136257862 0.0404704037 0.0149979293 0.0042976371 0.00228091675 0.000751308191 0.000577892296 0.00010585477 7.69639374e-06 5.49913686e-06
4084.96667 0.618369408 0.136258939 0.0404724457 0.0149983398 0.00429841237 0.00228141816 0.000751431446 0.0005779482 0.000105895327 7.70573517e-06 5.51778155e-06
4092.08333 0.618369742 0.136260329 0.0404746155 0.0149986764 0.00429911094 0.00228190577 0.000751562457 0.000578002117 0.000105924731 7.71599386e-06 5.53729174e-06
4099.2 0.618369718 0.136262036 0.040476979 0.0149989611 0.00429972968 0.00228237437 0.000751700624 0.000578055494 0.000105944213 7.727055e-06 5.55746947e-06
4106.31667 0.618369305 0.136264045 0.0404795932 0.0149992179 0.00430026785 0.00228281911 0.000751845005 0.000578109671 0.000105955058 7.73877081e-06 5.57811751e-06
4113.43333 0.618368539 0.136266321 0.0404825043 0.0149994713 0.00430072715 0.00228323561 0.0007519943 0.000578165848 0.000105958551 7.75097389e-06 5.5990514e-06
4120.55 0.618367507 0.136268822 0.040485746 0.0149997453 0.00430111164 0.00228362012 0.000752146887 0.000578225049 0.000105955949 7.76348992e-06 5.62010841e-06
4127.66667 0.618366333 0.136271498 0.0404893381 0.0150000621 0.00430142759 0.00228396971 0.000752300886 0.000578288107 0.000105948468 7.77614497e-06 5.64114819e-06
4134.78333 0.618365152 0.136274294 0.0404932866 0.0150004407 0.0043016831 0.00228428235 0.000752454263 0.000578355644 0.000105937282 7.78876558e-06 5.66204298e-06
4141.9 0.618364095 0.136277152 0.0404975834 0.015000897 0.00430188774 0.00228455707 0.000752604948 0.000578428073 0.000105923529 7.80117368e-06 5.68266029e-06
4149.01667 0.618363276 0.136280007 0.0405022068 0.0150014423 0.00430205217 0.00228479399 0.000752750955 0.000578505594 0.000105908303 7.81318094e-06 5.70284463e-06
4156.13333 0.618362803 0.136282789 0.040507123 0.0150020839 0.00430218773 0.00228499433 0.000752890468 0.000578588206 0.000105892645 7.82458776e-06 5.72240648e-06
4163.25 0.618362794 0.136285425 0.040512287 0.015002825 0.00430230612 0.00228516034 0.000753021904 0.000578675726 0.000105877524 7.83519015e-06 5.74112456e-06
4170.36667 0.618363405 0.136287839 0.0405176447 0.0150036646 0.00430241896 0.00228529522 0.00075314394 0.000578767817 0.000105863816 7.84479465e-06 5.75876286e-06
4177.48333 0.618364851 0.136289958 0.0405231345 0.0150045975 0.00430253745 0.00228540297 0.000753255515 0.00057886402 0.000105852288 7.85323773e-06 5.77509821e-06
4184.6 0.618367428 0.136291721 0.04052869 0.0150056148 0.00430267195 0.00228548823 0.00075335583 0.000578963803 0.000105843595 7.86040427e-06 5.78994985e-06
4191.71667 0.618371504 0.136293084 0.0405342419 0.0150067037 0.00430283161 0.00228555621 0.000753444355 0.000579066597 0.000105838292 7.86623955e-06 5.80320153e-06
4198.83333 0.618377502 0.136294022 0.0405397208 0.0150078472 0.00430302398 0.00228561247 0.000753520841 0.000579171842 0.000105836856 7.87075134e-06 5.81480867e-06
4205.95 0.618385856 0.136294541 0.0405450598 0.0150090254 0.00430325479 0.00228566287 0.000753585345 0.00057927902 0.000105839706 7.87400214e-06 5.82478886e-06
4213.06667 0.61839696 0.136294667 0.0405501972 0.0150102153 0.00430352778 0.00228571343 0.000753638254 0.000579387677 0.000105847232 7.87609483e-06 5.83319934e-06
4220.18333 0.618411114 0.136294452 0.0405550789 0.0150113923 0.00430384472 0.00228577016 0.00075368028 0.000579497444 0.0001058598 7.8771568e-06 5.84010953e-06
4227.3 0.618428475 0.136293961 0.0405596609 0.0150125317 0.00430420553 0.00228583895 0.000753712439 0.000579608039 0.000105877764 7.87732754e-06 5.84557802e-06
4234.41667 0.618449031 0.136293267 0.040563911 0.0150136097 0.00430460848 0.0022859253 0.000753735989 0.000579719279 0.000105901454 7.87675269e-06 5.84964062e-06
4241.53333 0.618472596 0.136292445 0.0405678111 0.0150146058 0.00430505048 0.0022860342 0.000753752348 0.000579831075 0.000105931174 7.87558432e-06 5.85231129e-06
4248.65 0.618498825 0.136291566 0.0405713576 0.0150155033 0.00430552728 0.00228616993 0.000753763004 0.000579943435 0.000105967195 7.87398466e-06 5.85359252e-06
4255.76667 0.618527257 0.136290688 0.040574562 0.0150162913 0.00430603365 0.00228633586 0.000753769425 0.000580056462 0.000106009758 7.87212856e-06 5.85348799e-06
4262.88333 0.618557358 0.136289864 0.040577451 0.0150169644 0.00430656356 0.00228653438 0.000753772981 0.000580170354 0.000106059086 7.87020068e-06 5.85201012e-06
4270 0.618588575 0.136289134 0.0405800657 0.0150175239 0.00430711021 0.00228676686 0.000753774898 0.000580285394 0.000106115391 7.86838524e-06 5.84917797e-06
