0 3.84859064e-30
25 0.000272357864
50 0.00108400874
75 0.00242033856
100 0.00426145926
125 0.00658601797
150 0.00937288389
175 0.0126003688
200 0.0162443347
225 0.020277077
250 0.0246679858
275 0.0293854643
300 0.0343986178
325 0.039677517
350 0.0451920572
375 0.050910573
400 0.0567995129
425 0.0628245802
450 0.0689525543
475 0.07515248
500 0.0813954519
525 0.0876533505
550 0.0938977043
575 0.100099704
600 0.106231443
625 0.112267475
650 0.118185534
675 0.123965959
700 0.129590361
725 0.135040667
750 0.140299314
775 0.145350418
800 0.150181006
825 0.154781312
850 0.159143944
875 0.163262572
900 0.167131154
925 0.170744239
950 0.174098032
975 0.177191303
1000 0.180025374
1025 0.182603163
1050 0.184927983
1075 0.187002978
1100 0.188831532
1125 0.19041822
1150 0.191769471
1175 0.19289336
1200 0.193798646
1225 0.194493759
1250 0.194986458
1275 0.195284333
1300 0.195395662
1325 0.195329889
1350 0.195097304
1375 0.194708163
1400 0.194171881
1425 0.193496907
1450 0.192691279
1475 0.191763395
1500 0.190722346
1525 0.189577545
1550 0.188337944
1575 0.187011443
1600 0.185604919
1625 0.184124815
1650 0.182577807
1675 0.180971016
1700 0.17931161
1725 0.177606137
1750 0.175860095
1775 0.174078084
1800 0.172264387
1825 0.170423525
1850 0.168560364
1875 0.166679709
1900 0.164785734
1925 0.162881688
1950 0.160970126
1975 0.15905345
2000 0.157134359
2025 0.155215862
2050 0.153300872
2075 0.151391727
2100 0.149490003
2125 0.147596789
2150 0.145713177
2175 0.143840606
2200 0.141980808
2225 0.140135405
2250 0.138305509
2275 0.13649163
2300 0.134693963
2325 0.132912826
2350 0.131148912
2375 0.129403173
2400 0.127676439
2425 0.125969092
2450 0.124281041
2475 0.122612015
2500 0.120961946
2525 0.119331138
2550 0.117720111
2575 0.116129245
2600 0.11455852
2625 0.113007547
2650 0.111475863
2675 0.109963247
2700 0.10846983
2725 0.106995904
2750 0.105541605
2775 0.104106707
2800 0.102690702
2825 0.101293078
2850 0.0999135896
2875 0.0985523043
2900 0.0972093981
2925 0.0958848706
2950 0.0945783999
2975 0.093289449
3000 0.0920175327
3025 0.090762435
3050 0.089524209
3075 0.0883029673
3100 0.0870986315
3125 0.0859108377
3150 0.0847390657
3175 0.0835828866
3200 0.0824421328
3225 0.0813168608
3250 0.0802071419
3275 0.0791128491
3300 0.0780336044
3325 0.0769689249
3350 0.0759184467
3375 0.0748820522
3400 0.0738598035
3425 0.0728517404
3450 0.0718577021
3475 0.0708773123
3500 0.0699101332
3525 0.0689558652
3550 0.068014435
3575 0.0670859076
3600 0.0661702946
3625 0.0652674115
3650 0.0643768922
3675 0.0634983469
3700 0.0626315353
3725 0.0617764207
3750 0.0609330662
3775 0.0601014579
3800 0.059281394
3825 0.0584725251
3850 0.0576745089
3875 0.0568871582
3900 0.0561104649
3925 0.0553444861
3950 0.0545891842
3975 0.0538443464
4000 0.0531096432
4025 0.0523847791
4050 0.0516696132
4075 0.0509641584
4100 0.0502684625
4125 0.0495824668
4150 0.0489059518
4175 0.0482386118
4200 0.0475801951
4225 0.0469306007
4250 0.0462898561
4275 0.0456579975
4300 0.0450349473
4325 0.0444204841
4350 0.0438143277
4375 0.0432162677
4400 0.0426262366
4425 0.0420442711
4450 0.0414703939
4475 0.0409045113
4500 0.0403464043
4525 0.0397958193
4550 0.0392525838
4575 0.0387166582
4600 0.0381880833
4625 0.0376668679
4650 0.0371529051
4675 0.0366459817
4700 0.036145871
4725 0.0356524354
4750 0.0351656573
4775 0.0346855781
4800 0.0342121924
4825 0.0337453832
4850 0.0332849458
4875 0.0328306806
4900 0.0323824809
4925 0.0319403467
4950 0.0315043165
4975 0.0310743714
5000 0.0306503869
5025 0.0302321693
5050 0.0298195458
5075 0.0294124367
5100 0.0290108552
5125 0.0286148345
5150 0.028224343
5175 0.0278392518
5200 0.02745938
5225 0.0270845802
5250 0.0267147965
5275 0.0263500511
5300 0.0259903705
5325 0.0256357113
5350 0.0252859428
5375 0.0249408985
5400 0.024600455
5425 0.0242645767
5450 0.0239332913
5475 0.0236066172
5500 0.0232845012
5525 0.0229668128
5550 0.0226534009
5575 0.0223441646
5600 0.022039085
5625 0.0217381925
5650 0.021441497
5675 0.0211489365
5700 0.0208603835
5725 0.0205757024
5750 0.0202948131
5775 0.0200177103
5800 0.0197444245
5825 0.0194749569
5850 0.0192092387
5875 0.0189471466
5900 0.0186885613
5925 0.0184334213
5950 0.0181817318
5975 0.0179335217
6000 0.0176887834
6025 0.0174474429
6050 0.0172093833
6075 0.0169745007
6100 0.0167427505
6125 0.0165141457
6150 0.0162887119
6175 0.0160664332
6200 0.0158472324
6225 0.0156309996
6250 0.0154176466
6275 0.0152071431
6300 0.0149995076
6325 0.0147947614
6350 0.0145928807
6375 0.0143937868
6400 0.014197378
6425 0.0140035809
6450 0.0138123774
6475 0.0136237896
6500 0.0134378333
6525 0.0132544782
6550 0.0130736451
6575 0.0128952416
6600 0.0127192078
6625 0.0125455362
6650 0.0123742503
6675 0.0122053602
6700 0.0120388298
6725 0.011874581
6750 0.011712531
6775 0.0115526327
6800 0.0113948868
6825 0.0112393169
6850 0.0110859271
6875 0.0109346766
6900 0.0107854897
6925 0.0106382933
6950 0.0104930518
6975 0.0103497726
7000 0.0102084779
7025 0.010069166
7050 0.00993179239
7075 0.00979628482
7100 0.00966257985
7125 0.00953065232
7150 0.0094005144
7175 0.00927218599
7200 0.00914565984
7225 0.00902088887
7250 0.00889780507
7275 0.00877635456
7300 0.00865652121
7325 0.00853832056
7350 0.00842176942
7375 0.00830685533
7400 0.00819352971
7425 0.00808172954
7450 0.0079714101
7475 0.00786256303
7500 0.00775520585
7525 0.00764935177
7550 0.00754498364
7575 0.00744205238
7600 0.00734050049
7625 0.0072402919
7650 0.00714142475
7675 0.00704391736
7700 0.00694777901
7725 0.00685298851
7750 0.00675949716
7775 0.00666725335
7800 0.00657622907
7825 0.00648642769
7850 0.00639786736
7875 0.00631055327
7900 0.00622446087
7925 0.00613954269
7950 0.0060557532
7975 0.0059730717
8000 0.0058915057
8025 0.0058110723
8050 0.00573177264
8075 0.00565357952
8100 0.00557644743
8125 0.00550033693
8150 0.00542523393
8175 0.00535114895
8200 0.0052780974
8225 0.00520607653
8250 0.00513505718
8275 0.00506499643
8300 0.00499586087
8325 0.00492764218
8350 0.00486035294
8375 0.00479400634
8400 0.00472859601
8425 0.00466409155
8450 0.00460045311
8475 0.00453765312
8500 0.00447568821
8525 0.00441457212
8550 0.00435431551
8575 0.00429490872
8600 0.00423632079
8625 0.00417851529
8650 0.00412147022
8675 0.00406518636
8700 0.00400967784
8725 0.00395495254
8750 0.00390099794
8775 0.00384778314
8800 0.00379527542
8825 0.00374345796
8850 0.0036923349
8875 0.00364192008
8900 0.00359221855
8925 0.00354321535
8950 0.00349488023
8975 0.00344718434
9000 0.00340011558
9025 0.00335368071
9050 0.00330789275
9075 0.00326275391
9100 0.00321824728
9125 0.00317434375
9150 0.00313101841
9175 0.0030882634
9200 0.00304608738
9225 0.00300450214
9250 0.00296350712
9275 0.00292308398
9300 0.00288320516
9325 0.00284384965
9350 0.00280501334
9375 0.00276670615
9400 0.00272893827
9425 0.00269170659
9450 0.00265499178
9475 0.00261876821
9500 0.00258301865
9525 0.00254774222
9550 0.00251294951
9575 0.00247864889
9600 0.00244483491
9625 0.00241148774
9650 0.00237858394
9675 0.00234610989
9700 0.00231406741
9725 0.00228246724
9750 0.0022513158
9775 0.00222060558
9800 0.00219031667
9825 0.00216042803
9850 0.00213092941
9875 0.0021018248
9900 0.00207312468
9925 0.00204483344
9950 0.00201694182
9975 0.00198943025
10000 0.00196228016
10025 0.00193548444
10050 0.00190904875
10075 0.00188298294
10100 0.00185728936
10125 0.00183195735
10150 0.001806968
10175 0.00178230533
10200 0.001757965
10225 0.0017339539
10250 0.00171028093
10275 0.0016869465
10300 0.00166393889
10325 0.00164124014
10350 0.00161883683
10375 0.0015967271
10400 0.0015749186
10425 0.00155341909
10450 0.00153222716
10475 0.00151133032
10500 0.00149071185
10525 0.00147036083
10550 0.0014502775
10575 0.00143046993
10600 0.00141094455
10625 0.00139169829
10650 0.00137271825
10675 0.0013539891
10700 0.00133550232
10725 0.00131725995
10750 0.00129927006
10775 0.00128153771
10800 0.00126405834
10825 0.00124681894
10850 0.00122980573
10875 0.00121301244
10900 0.00119644253
10925 0.00118010384
10950 0.00116399997
10975 0.00114812511
11000 0.00113246638
11025 0.0011170117
11050 0.00110175683
11075 0.00108670633
11100 0.00107186756
11125 0.00105724267
11150 0.00104282483
11175 0.00102860156
11200 0.00101456245
11225 0.00100070517
11250 0.000987035049
11275 0.000973558741
11300 0.00096027701
11325 0.000947182234
11350 0.00093426255
11375 0.00092150926
11400 0.000908921663
11425 0.000896505578
11450 0.000884266829
11475 0.000872204871
11500 0.000860311519
11525 0.000848575699
11550 0.000836990388
11575 0.000825556296
11600 0.000814279471
11625 0.000803164789
11650 0.000792210513
11675 0.000781408123
11700 0.000770747471
11725 0.000760223144
11750 0.000749837031
11775 0.000739595171
11800 0.000729501432
11825 0.000719553019
11850 0.000709741286
11875 0.00070005712
11900 0.000690496621
11925 0.000681062624
11950 0.000671760962
11975 0.000662594464
12000 0.00065355943
12025 0.00064464728
12050 0.00063585001
12075 0.000627165112
12100 0.000618596145
12125 0.000610148565
12150 0.000601824169
12175 0.000593618514
12200 0.000585523261
12225 0.000577531548
12250 0.00056964213
12275 0.00056185907
12300 0.000554187316
12325 0.00054662767
12350 0.000539175107
12375 0.000531821679
12400 0.00052456168
12425 0.000517394972
12450 0.00051032593
12475 0.000503358889
12500 0.000496493716
12525 0.000489724967
12550 0.000483045213
12575 0.000476449882
12600 0.000469939792
12625 0.000463519445
12650 0.000457192493
12675 0.000450957949
12700 0.000444810106
12725 0.000438742158
12750 0.000432750622
12775 0.000426837113
12800 0.000421006103
12825 0.000415260515
12850 0.000409598602
12875 0.000404014548
12900 0.00039850224
12925 0.000393059229
12950 0.000387687763
12975 0.000382392147
13000 0.000377174559
13025 0.000372032598
13050 0.000366960473
13075 0.000361952822
13100 0.000357008146
13125 0.000352129174
13150 0.000347319931
13175 0.000342581851
13200 0.000337911994
13225 0.000333304719
13250 0.000328755443
13275 0.000324263525
13300 0.000319832029
13325 0.000315464605
13350 0.000311161972
13375 0.000306920767
13400 0.000302735603
13425 0.000298602686
13450 0.000294522134
13475 0.000290497208
13500 0.000286531111
13525 0.000282623893
13550 0.00027877188
13575 0.000274970033
13600 0.000271215333
13625 0.000267508552
13650 0.000263853022
13675 0.000260251453
13700 0.000256703279
13725 0.000253204629
13750 0.000249750882
13775 0.000246339773
13800 0.000242972612
13825 0.000239652697
13850 0.000236382209
13875 0.000233160038
13900 0.000229982222
13925 0.000226844613
13950 0.000223745656
13975 0.000220687091
14000 0.000217672086
14025 0.000214702285
14050 0.000211776105
14075 0.00020888959
14100 0.000206039108
14125 0.000203223757
14150 0.000200445603
14175 0.000197707601
14200 0.000195010863
14225 0.000192353415
14250 0.000189731395
14275 0.000187141707
14300 0.00018458404
14325 0.000182060685
14350 0.00017957432
14375 0.000177125543
14400 0.000174712072
14425 0.000172330215
14450 0.000169977418
14475 0.000167653896
14500 0.000165362066
14525 0.000163104281
14550 0.000160880657
14575 0.000158688684
14600 0.000156524904
14625 0.000154387305
14650 0.000152276546
14675 0.000150195088
14700 0.000148144925
14725 0.000146125729
14750 0.000144134845
14775 0.000142169101
14800 0.000140227004
14825 0.000138309588
14850 0.000136419276
14875 0.000134557684
14900 0.00013272409
14925 0.000130915765
14950 0.000129129867
14975 0.000127365394
15000 0.000125623677
