0 1.07691937e-30
7.11666667 0.000397022133
14.2333333 0.00157501743
21.35 0.00349595264
28.4666667 0.00610020805
35.5833333 0.00931168356
42.7 0.0130439475
49.8166667 0.0172066324
56.9333333 0.0217113043
64.05 0.0264761704
71.1666667 0.0314292245
78.2833333 0.036509701
85.4 0.0416679815
92.5166667 0.0468643128
99.6333333 0.0520668265
106.75 0.0572493833
113.866667 0.0623896939
120.983333 0.0674680316
128.1 0.0724666701
135.216667 0.0773699998
142.333333 0.0821651288
149.45 0.0868426895
156.566667 0.0913975532
163.683333 0.0958292051
170.8 0.100141628
177.916667 0.10434266
185.033333 0.108442919
192.15 0.112454455
199.266667 0.116389357
206.383333 0.120258531
213.5 0.124070822
220.616667 0.12783257
227.733333 0.131547632
234.85 0.135217793
241.966667 0.138843439
249.083333 0.142424355
256.2 0.145960476
263.316667 0.149452478
270.433333 0.152902126
277.55 0.156312349
284.666667 0.15968706
291.783333 0.163030789
298.9 0.1663482
306.016667 0.169643585
313.133333 0.172920418
320.25 0.176181013
327.366667 0.17942635
334.483333 0.182656053
341.6 0.185868519
348.716667 0.189061164
355.833333 0.192230745
362.95 0.195373701
370.066667 0.198486471
377.183333 0.201565749
384.3 0.204608642
391.416667 0.207612724
398.533333 0.210575989
405.65 0.213496733
412.766667 0.216373381
419.883333 0.219204324
427 0.221987785
434.116667 0.224721762
441.233333 0.22740406
448.35 0.230032406
455.466667 0.23260464
462.583333 0.235118938
469.7 0.237574034
476.816667 0.239969383
483.933333 0.242305249
491.05 0.244582682
498.166667 0.246803393
505.283333 0.24896954
512.4 0.251083455
519.516667 0.25314736
526.633333 0.255163113
533.75 0.257132006
540.866667 0.259054658
547.983333 0.260930996
555.1 0.262760318
562.216667 0.264541417
569.333333 0.266272749
576.45 0.267952598
583.566667 0.269579226
590.683333 0.271150986
597.8 0.272666379
604.916667 0.274124073
612.033333 0.275522868
619.15 0.276861634
626.266667 0.278139233
633.383333 0.279354449
640.5 0.280505927
647.616667 0.281592165
654.733333 0.282611544
661.85 0.283562423
668.966667 0.28444329
676.083333 0.285252966
683.2 0.285990841
690.316667 0.286657117
697.433333 0.287253032
704.55 0.287781023
711.666667 0.288244813
718.783333 0.288649391
725.9 0.289000899
733.016667 0.289306421
740.133333 0.289573715
747.25 0.289810917
754.366667 0.29002627
761.483333 0.290227899
768.6 0.290423663
775.716667 0.290621092
782.833333 0.290827387
789.95 0.29104946
797.066667 0.291293964
804.183333 0.29156729
811.3 0.291875488
818.416667 0.292224099
825.533333 0.29261792
832.65 0.293060723
839.766667 0.29355497
846.883333 0.294101585
854 0.294699823
861.116667 0.295347272
868.233333 0.296039985
875.35 0.296772749
882.466667 0.297539428
889.583333 0.298333357
896.7 0.299147706
903.816667 0.299975792
910.933333 0.300811287
918.05 0.301648322
925.166667 0.302481503
932.283333 0.303305851
939.4 0.304116722
946.516667 0.304909742
953.633333 0.305680774
960.75 0.306425956
967.866667 0.307141791
974.983333 0.307825281
982.1 0.308474077
989.216667 0.3090866
996.333333 0.309662127
1003.45 0.310200802
1010.56667 0.310703562
1017.68333 0.311172011
1024.8 0.311608229
1031.91667 0.312014556
1039.03333 0.312393388
1046.15 0.312746989
1053.26667 0.313077362
1060.38333 0.313386161
1067.5 0.313674675
1074.61667 0.31394385
1081.73333 0.314194343
1088.85 0.314426604
1095.96667 0.314640945
1103.08333 0.314837606
1110.2 0.315016784
1117.31667 0.315178638
1124.43333 0.315323261
1131.55 0.315450621
1138.66667 0.315560486
1145.78333 0.315652352
1152.9 0.315725373
1160.01667 0.315778323
1167.13333 0.315809607
1174.25 0.315817306
1181.36667 0.315799287
1188.48333 0.315753345
1195.6 0.315677378
1202.71667 0.315569561
1209.83333 0.31542851
1216.95 0.315253397
1224.06667 0.315044012
1231.18333 0.31480076
1238.3 0.314524598
1245.41667 0.314216923
1252.53333 0.313879439
1259.65 0.313514027
1266.76667 0.313122638
1273.88333 0.312707229
1281 0.312269754
1288.11667 0.311812193
1295.23333 0.311336616
1302.35 0.310845251
1309.46667 0.310340537
1316.58333 0.309825141
1323.7 0.309301924
1330.81667 0.30877386
1337.93333 0.30824391
1345.05 0.307714878
1352.16667 0.307189265
1359.28333 0.306669154
1366.4 0.306156136
1373.51667 0.305651288
1380.63333 0.305155211
1387.75 0.304668113
1394.86667 0.304189915
1401.98333 0.303720375
1409.1 0.303259191
1416.21667 0.302806089
1423.33333 0.302360862
1430.45 0.301923384
1437.56667 0.301493583
1444.68333 0.301071393
1451.8 0.300656692
1458.91667 0.300249245
1466.03333 0.299848653
1473.15 0.299454322
1480.26667 0.299065455
1487.38333 0.298681064
1494.5 0.298300007
1501.61667 0.297921034
1508.73333 0.297542853
1515.85 0.297164187
1522.96667 0.29678383
1530.08333 0.296400692
1537.2 0.29601382
1544.31667 0.295622396
1551.43333 0.29522571
1558.55 0.294823121
1565.66667 0.294413989
1572.78333 0.293997625
1579.9 0.293573233
1587.01667 0.293139891
1594.13333 0.292696542
1601.25 0.292242033
1608.36667 0.291775164
1615.48333 0.291294762
1622.6 0.290799748
1629.71667 0.290289189
1636.83333 0.289762319
1643.95 0.289218522
1651.06667 0.288657281
1658.18333 0.288078097
1665.3 0.287480401
1672.41667 0.286863474
1679.53333 0.286226399
1686.65 0.285568064
1693.76667 0.284887207
1700.88333 0.284182518
1708 0.283452778
1715.11667 0.282697005
1722.23333 0.281914595
1729.35 0.281105434
1736.46667 0.280269963
1743.58333 0.279409185
1750.7 0.278524633
1757.81667 0.277618289
1764.93333 0.276692496
1772.05 0.275749863
1779.16667 0.274793194
1786.28333 0.273825437
1793.4 0.272849664
1800.51667 0.271869077
1807.63333 0.270887019
1814.75 0.26990698
1821.86667 0.268932587
1828.98333 0.267967561
1836.1 0.267015646
1843.21667 0.266080509
1850.33333 0.265165624
1857.45 0.264274145
1864.56667 0.2634088
1871.68333 0.262571798
1878.8 0.261764775
1885.91667 0.260988767
1893.03333 0.260244223
1900.15 0.259531044
1907.26667 0.258848646
1914.38333 0.258196024
1921.5 0.257571837
1928.61667 0.256974476
1935.73333 0.256402134
1942.85 0.255852859
1949.96667 0.255324599
1957.08333 0.254815232
1964.2 0.254322584
1971.31667 0.253844434
1978.43333 0.253378519
1985.55 0.252922529
1992.66667 0.252474106
1999.78333 0.252030851
2006.9 0.251590344
2014.01667 0.251150176
2021.13333 0.250707989
2028.25 0.250261532
2035.36667 0.249808712
2042.48333 0.249347636
2049.6 0.248876643
2056.71667 0.248394313
2063.83333 0.247899448
2070.95 0.247391036
2078.06667 0.246868206
2085.18333 0.24633017
2092.3 0.245776188
2099.41667 0.245205538
2106.53333 0.244617523
2113.65 0.244011504
2120.76667 0.243386948
2127.88333 0.242743496
2135 0.242081031
2142.11667 0.241399731
2149.23333 0.240700097
2156.35 0.23998296
2163.46667 0.239249444
2170.58333 0.238500922
2177.7 0.237738939
2184.81667 0.236965143
2191.93333 0.236181216
2199.05 0.235388817
2206.16667 0.234589549
2213.28333 0.233784942
2220.4 0.232976443
2227.51667 0.232165419
2234.63333 0.231353159
2241.75 0.230540861
2248.86667 0.229729621
2255.98333 0.228920395
2263.1 0.228113961
2270.21667 0.227310873
2277.33333 0.226511407
2284.45 0.225715519
2291.56667 0.224922806
2298.68333 0.224132485
2305.8 0.223343378
2312.91667 0.222553928
2320.03333 0.22176222
2327.15 0.220966033
2334.26667 0.220162899
2341.38333 0.219350193
2348.5 0.21852522
2355.61667 0.217685317
2362.73333 0.216827952
2369.85 0.215950811
2376.96667 0.215051861
2384.08333 0.214129402
2391.2 0.213182075
2398.31667 0.212208861
2405.43333 0.211209049
2412.55 0.210182202
2419.66667 0.209128122
2426.78333 0.208046822
2433.9 0.206938526
2441.01667 0.205803672
2448.13333 0.204642946
2455.25 0.203457311
2462.36667 0.202248041
2469.48333 0.20101673
2476.6 0.199765288
2483.71667 0.1984959
2490.83333 0.197210965
2497.95 0.195913014
2505.06667 0.194604622
2512.18333 0.19328833
2519.3 0.191966589
2526.41667 0.190641724
2533.53333 0.189315949
2540.65 0.187991388
2547.76667 0.186670137
2554.88333 0.185354319
2562 0.184046139
2569.11667 0.182747919
2576.23333 0.1814621
2583.35 0.180191223
2590.46667 0.178937875
2597.58333 0.177704613
2604.7 0.176493884
2611.81667 0.175307938
2618.93333 0.174148751
2626.05 0.173017962
2633.16667 0.171916836
2640.28333 0.170846239
2647.4 0.169806635
2654.51667 0.168798097
2661.63333 0.167820326
2668.75 0.166872686
2675.86667 0.165954235
2682.98333 0.165063766
2690.1 0.164199845
2697.21667 0.163360853
2704.33333 0.162545029
2711.45 0.16175051
2718.56667 0.16097537
2725.68333 0.160217661
2732.8 0.159475453
2739.91667 0.158746876
2747.03333 0.158030163
2754.15 0.157323702
2761.26667 0.156626085
2768.38333 0.15593616
2775.5 0.155253081
2782.61667 0.154576343
2789.73333 0.1539058
2796.85 0.153241665
2803.96667 0.152584482
2811.08333 0.151935067
2818.2 0.151294433
2825.31667 0.150663701
2832.43333 0.150044007
2839.55 0.149436416
2846.66667 0.148841858
2853.78333 0.14826109
2860.9 0.147694682
2868.01667 0.147143035
2875.13333 0.146606414
2882.25 0.146084992
2889.36667 0.145578895
2896.48333 0.145088241
2903.6 0.144613163
2910.71667 0.144153816
2917.83333 0.143710375
2924.95 0.143283025
2932.06667 0.142871946
2939.18333 0.142477307
2946.3 0.142099262
2953.41667 0.141737955
2960.53333 0.141393537
2967.65 0.141066171
2974.76667 0.140756042
2981.88333 0.140463351
2989 0.140188305
2996.11667 0.139931085
3003.23333 0.139691812
3010.35 0.139470503
3017.46667 0.13926703
3024.58333 0.139081087
3031.7 0.138912168
3038.81667 0.138759548
3045.93333 0.138622296
3053.05 0.138499281
3060.16667 0.138389204
3067.28333 0.138290622
3074.4 0.138201998
3081.51667 0.138121731
3088.63333 0.138048215
3095.75 0.137979881
3102.86667 0.137915251
3109.98333 0.13785299
3117.1 0.13779195
3124.21667 0.137731207
3131.33333 0.137670092
3138.45 0.137608199
3145.56667 0.137545381
3152.68333 0.137481727
3159.8 0.137417534
3166.91667 0.137353257
3174.03333 0.13728947
3181.15 0.137226819
3188.26667 0.137165982
3195.38333 0.137107635
3202.5 0.137052429
3209.61667 0.137000963
3216.73333 0.136953767
3223.85 0.136911275
3230.96667 0.136873813
3238.08333 0.13684157
3245.2 0.136814581
3252.31667 0.136792719
3259.43333 0.136775688
3266.55 0.136763038
3273.66667 0.136754186
3280.78333 0.136748455
3287.9 0.136745117
3295.01667 0.136743442
3302.13333 0.136742739
3309.25 0.136742396
3316.36667 0.136741904
3323.48333 0.136740871
3330.6 0.136739028
3337.71667 0.136736219
3344.83333 0.136732399
3351.95 0.136727624
3359.06667 0.136722035
3366.18333 0.136715858
3373.3 0.136709391
3380.41667 0.13670299
3387.53333 0.136697051
3394.65 0.136691993
3401.76667 0.136688217
3408.88333 0.136686084
3416 0.136685873
3423.11667 0.136687758
3430.23333 0.136691786
3437.35 0.13669787
3444.46667 0.136705788
3451.58333 0.136715198
3458.7 0.136725656
3465.81667 0.136736638
3472.93333 0.13674756
3480.05 0.136757797
3487.16667 0.136766697
3494.28333 0.136773593
3501.4 0.136777814
3508.51667 0.136778704
3515.63333 0.136775638
3522.75 0.136768053
3529.86667 0.136755475
3536.98333 0.13673755
3544.1 0.136714073
3551.21667 0.136685002
3558.33333 0.136650469
3565.45 0.136610766
3572.56667 0.136566327
3579.68333 0.136517701
3586.8 0.136465513
3593.91667 0.136410432
3601.03333 0.136353145
3608.15 0.136294337
3615.26667 0.136234675
3622.38333 0.13617481
3629.5 0.136115367
3636.61667 0.136056945
3643.73333 0.136000108
3650.85 0.135945368
3657.96667 0.13589317
3665.08333 0.135843866
3672.2 0.135797699
3679.31667 0.135754788
3686.43333 0.135715126
3693.55 0.135678588
3700.66667 0.135644947
3707.78333 0.135613906
3714.9 0.135585124
3722.01667 0.135558247
3729.13333 0.135532929
3736.25 0.13550885
3743.36667 0.135485723
3750.48333 0.135463291
3757.6 0.135441327
3764.71667 0.135419628
3771.83333 0.135398008
3778.95 0.135376306
3786.06667 0.135354383
3793.18333 0.135332134
3800.3 0.135309489
3807.41667 0.135286422
3814.53333 0.135262946
3821.65 0.135239113
3828.76667 0.135214998
3835.88333 0.135190693
3843 0.135166289
3850.11667 0.135141869
3857.23333 0.135117499
3864.35 0.135093224
3871.46667 0.135069069
3878.58333 0.135045045
3885.7 0.135021149
3892.81667 0.134997365
3899.93333 0.13497367
3907.05 0.134950027
3914.16667 0.134926385
3921.28333 0.134902669
3928.4 0.134878779
3935.51667 0.134854584
3942.63333 0.134829917
3949.75 0.134804565
3956.86667 0.134778269
3963.98333 0.13475071
3971.1 0.134721498
3978.21667 0.134690162
3985.33333 0.134656139
3992.45 0.134618768
3999.56667 0.134577292
4006.68333 0.134530866
4013.8 0.134478581
4020.91667 0.134419487
4028.03333 0.134352632
4035.15 0.134277094
4042.26667 0.134192013
4049.38333 0.134096622
4056.5 0.133990261
4063.61667 0.133872392
4070.73333 0.133742598
4077.85 0.133600595
4084.96667 0.133446226
4092.08333 0.133279477
4099.2 0.133100492
4106.31667 0.132909587
4113.43333 0.132707275
4120.55 0.132494285
4127.66667 0.132271566
4134.78333 0.132040286
4141.9 0.131801809
4149.01667 0.131557663
4156.13333 0.131309489
4163.25 0.131058987
4170.36667 0.130807864
4177.48333 0.130557784
4184.6 0.130310336
4191.71667 0.130067008
4198.83333 0.12982918
4205.95 0.129598122
4213.06667 0.129375003
4220.18333 0.12916089
4227.3 0.128956756
4234.41667 0.128763465
4241.53333 0.12858177
4248.65 0.128412289
4255.76667 0.12825549
4262.88333 0.12811168
4270 0.127980997
