0 3.37249422e-32
25 0.000153289565
50 0.000611105792
75 0.00136781053
100 0.00241541475
125 0.00374479186
150 0.00534623598
175 0.00720924834
200 0.00932197142
225 0.0116708671
250 0.0142409614
275 0.0170164951
300 0.0199815109
325 0.0231199925
350 0.0264155558
375 0.0298510586
400 0.0334085446
425 0.037069659
450 0.0408162848
475 0.044630982
500 0.0484969748
525 0.0523977959
550 0.0563169644
575 0.0602380287
600 0.0641450063
625 0.0680229264
650 0.071858104
675 0.0756379868
700 0.0793507505
725 0.0829850064
750 0.0865298769
775 0.0899753936
800 0.093312911
825 0.0965352189
850 0.0996362761
875 0.102610779
900 0.105453899
925 0.108161374
950 0.110729852
975 0.113157183
1000 0.115442411
1025 0.117585443
1050 0.119586632
1075 0.121446569
1100 0.123166193
1125 0.124747098
1150 0.126191736
1175 0.127503332
1200 0.128685548
1225 0.129742113
1250 0.130676684
1275 0.131492998
1300 0.132195145
1325 0.132787717
1350 0.133275687
1375 0.133664093
1400 0.133957746
1425 0.134161161
1450 0.134278744
1475 0.134315038
1500 0.134274839
1525 0.13416306
1550 0.133984444
1575 0.133743356
1600 0.133443771
1625 0.133089481
1650 0.132684325
1675 0.13223226
1700 0.131737224
1725 0.131202892
1750 0.130632518
1775 0.130028987
1800 0.129395013
1825 0.128733349
1850 0.12804682
1875 0.127338184
1900 0.126609923
1925 0.125864136
1950 0.125102617
1975 0.124327054
2000 0.123539199
2025 0.122740875
2050 0.121933834
2075 0.121119573
2100 0.120299273
2125 0.119473888
2150 0.118644341
2175 0.117811649
2200 0.11697691
2225 0.116141156
2250 0.115305198
2275 0.114469594
2300 0.113634755
2325 0.112801113
2350 0.111969224
2375 0.111139723
2400 0.110313187
2425 0.109489999
2450 0.108670346
2475 0.107854327
2500 0.107042104
2525 0.106233974
2550 0.105430306
2575 0.104631409
2600 0.103837425
2625 0.103048338
2650 0.102264094
2675 0.101484726
2700 0.100710401
2725 0.0999413453
2750 0.0991777188
2775 0.0984195322
2800 0.0976666748
2825 0.0969190286
2850 0.096176578
2875 0.0954394317
2900 0.0947077415
2925 0.0939815852
2950 0.0932609059
2975 0.0925455534
3000 0.0918353949
3025 0.0911304057
3050 0.0904306719
3075 0.0897363042
3100 0.0890473328
3125 0.0883636663
3150 0.087685144
3175 0.0870116407
3200 0.0863431398
3225 0.0856797194
3250 0.0850214645
3275 0.084368375
3300 0.0837203415
3325 0.0830772071
3350 0.0824388633
3375 0.0818053069
3400 0.0811766128
3425 0.0805528468
3450 0.0799339869
3475 0.0793199151
3500 0.0787104842
3525 0.0781056055
3550 0.0775052895
3575 0.0769096083
3600 0.0763186109
3625 0.0757322583
3650 0.0751504292
3675 0.0745729892
3700 0.0739998692
3725 0.0734310916
3750 0.0728667245
3775 0.0723068013
3800 0.0717512696
3825 0.071200008
3850 0.0706528962
3875 0.0701098837
3900 0.0695710023
3925 0.0690363144
3950 0.0685058389
3975 0.0679795125
4000 0.0674572163
4025 0.0669388449
4050 0.0664243646
4075 0.0659138138
4100 0.0654072481
4125 0.0649046725
4150 0.0644060156
4175 0.0639111628
4200 0.0634200238
4225 0.0629325797
4250 0.0624488732
4275 0.0619689518
4300 0.061492808
4325 0.0610203641
4350 0.0605515118
4375 0.0600861757
4400 0.0596243494
4425 0.0591660779
4450 0.0587113997
4475 0.0582602961
4500 0.0578126852
4525 0.0573684665
4550 0.0569275786
4575 0.0564900259
4600 0.0560558535
4625 0.0556250908
4650 0.0551977089
4675 0.0547736239
4700 0.0543527438
4725 0.0539350207
4750 0.0535204677
4775 0.0531091285
4800 0.0527010231
4825 0.0522961137
4850 0.0518943163
4875 0.0514955482
4900 0.0510997741
4925 0.0507070138
4950 0.0503173081
4975 0.0499306676
5000 0.0495470474
5025 0.0491663648
5050 0.0487885469
5075 0.0484135696
5100 0.0480414582
5125 0.0476722489
5150 0.0473059436
5175 0.0469424916
5200 0.0465818129
5225 0.0462238446
5250 0.0458685729
5275 0.0455160262
5300 0.0451662359
5325 0.0448191955
5350 0.0444748497
5375 0.0441331227
5400 0.0437939615
5425 0.0434573611
5450 0.0431233519
5475 0.0427919596
5500 0.0424631697
5525 0.0421369243
5550 0.0418131523
5575 0.0414918106
5600 0.0411729017
5625 0.0408564565
5650 0.0405424945
5675 0.0402309944
5700 0.0399218965
5725 0.0396151356
5750 0.0393106777
5775 0.0390085319
5800 0.038708728
5825 0.0384112795
5850 0.0381161588
5875 0.0378233058
5900 0.0375326617
5925 0.0372442014
5950 0.0369579388
5975 0.0366739021
6000 0.0363920982
6025 0.0361124943
6050 0.0358350314
6075 0.0355596573
6100 0.0352863548
6125 0.0350151417
6150 0.0347460435
6175 0.0344790609
6200 0.0342141569
6225 0.0339512742
6250 0.0336903678
6275 0.0334314276
6300 0.033174474
6325 0.0329195291
6350 0.0326665877
6375 0.0324156096
6400 0.0321665403
6425 0.0319193415
6450 0.0316740098
6475 0.031430567
6500 0.0311890314
6525 0.030949392
6550 0.0307116067
6575 0.0304756241
6600 0.0302414131
6625 0.0300089757
6650 0.0297783343
6675 0.0295495027
6700 0.0293224651
6725 0.029097178
6750 0.028873594
6775 0.0286516889
6800 0.0284314692
6825 0.0282129567
6850 0.027996161
6875 0.0277810616
6900 0.0275676148
6925 0.0273557778
6950 0.0271455324
6975 0.0269368891
7000 0.0267298684
7025 0.0265244753
7050 0.0263206856
7075 0.0261184559
7100 0.0259177484
7125 0.0257185508
7150 0.0255208763
7175 0.0253247436
7200 0.025130153
7225 0.0249370775
7250 0.0247454748
7275 0.024555312
7300 0.0243665823
7325 0.0241793008
7350 0.0239934837
7375 0.0238091272
7400 0.0236262017
7425 0.0234446669
7450 0.0232644949
7475 0.0230856837
7500 0.0229082495
7525 0.0227322059
7550 0.0225575447
7575 0.0223842348
7600 0.0222122383
7625 0.0220415325
7650 0.0218721193
7675 0.0217040154
7700 0.0215372312
7725 0.0213717549
7750 0.0212075543
7775 0.0210445946
7800 0.0208828578
7825 0.0207223494
7850 0.0205630858
7875 0.020405074
7900 0.0202482991
7925 0.0200927283
7950 0.0199383303
7975 0.0197850917
8000 0.0196330207
8025 0.019482133
8050 0.0193324322
8075 0.0191839003
8100 0.0190365052
8125 0.0188902188
8150 0.0187450323
8175 0.018600956
8200 0.0184580041
8225 0.0183161769
8250 0.0181754541
8275 0.0180358044
8300 0.0178972035
8325 0.0177596465
8350 0.0176231451
8375 0.0174877119
8400 0.0173533439
8425 0.017220019
8450 0.0170877073
8475 0.016956388
8500 0.0168260601
8525 0.0166967361
8550 0.0165684263
8575 0.0164411249
8600 0.0163148084
8625 0.0161894485
8650 0.0160650285
8675 0.0159415503
8700 0.0158190268
8725 0.015697466
8750 0.0155768591
8775 0.0154571819
8800 0.0153384084
8825 0.0152205254
8850 0.0151035374
8875 0.0149874573
8900 0.0148722904
8925 0.0147580255
8950 0.0146446382
8975 0.0145321047
9000 0.0144204155
9025 0.0143095773
9050 0.014199602
9075 0.0140904927
9100 0.0139822359
9125 0.0138748073
9150 0.0137681859
9175 0.0136623654
9200 0.0135573541
9225 0.013453163
9250 0.0133497925
9275 0.0132472274
9300 0.0131454439
9325 0.013044424
9350 0.0129441642
9375 0.012844674
9400 0.0127459631
9425 0.0126480294
9450 0.0125508562
9475 0.0124544209
9500 0.0123587081
9525 0.0122637172
9550 0.0121694583
9575 0.0120759395
9600 0.0119831564
9625 0.0118910912
9650 0.0117997226
9675 0.0117090383
9700 0.0116190398
9725 0.0115297376
9750 0.0114411379
9775 0.0113532342
9800 0.011266008
9825 0.0111794398
9850 0.0110935198
9875 0.0110082518
9900 0.0109236459
9925 0.0108397066
9950 0.0107564254
9975 0.0106737835
10000 0.0105917632
10025 0.0105103575
10050 0.0104295718
10075 0.0103494156
10100 0.0102698915
10125 0.0101909892
10150 0.0101126903
10175 0.0100349789
10200 0.00995785054
10225 0.00988131185
10250 0.00980537165
10275 0.00973003043
10300 0.00965527655
10325 0.00958109198
10350 0.00950746304
10375 0.00943438755
10400 0.00936187302
10425 0.00928992722
10450 0.0092185487
10475 0.00914772473
10500 0.00907743803
10525 0.00900767709
10550 0.00893844182
10575 0.00886974023
10600 0.00880157886
10625 0.00873395444
10650 0.0086668534
10675 0.00860025951
10700 0.00853416343
10725 0.00846856688
10750 0.00840347809
10775 0.00833890216
10800 0.00827483415
10825 0.00821126
10850 0.00814816469
10875 0.00808554104
10900 0.00802339232
10925 0.00796172662
10950 0.00790054756
10975 0.00783984867
11000 0.00777961569
11025 0.00771983501
11050 0.00766050153
11075 0.00760161974
11100 0.00754319736
11125 0.00748523646
11150 0.00742772924
11175 0.00737066152
11200 0.00731402125
11225 0.00725780526
11250 0.00720201899
11275 0.00714666954
11300 0.00709175745
11325 0.00703727379
11350 0.00698320472
11375 0.00692953983
11400 0.00687627775
11425 0.00682342458
11450 0.00677098659
11475 0.00671896282
11500 0.00666734345
11525 0.00661611523
11550 0.00656526943
11575 0.00651480627
11600 0.00646473227
11625 0.00641505271
11650 0.00636576518
11675 0.00631685924
11700 0.0062683224
11725 0.00622014763
11750 0.00617233657
11775 0.00612489586
11800 0.00607782969
11825 0.00603113432
11850 0.00598479889
11875 0.00593881187
11900 0.00589316791
11925 0.00584786982
11950 0.00580292415
11975 0.00575833392
12000 0.00571409417
12025 0.00567019388
12050 0.00562662261
12075 0.00558337662
12100 0.00554045967
12125 0.00549787803
12150 0.00545563346
12175 0.00541371998
12200 0.00537212661
12225 0.00533084411
12250 0.00528987025
12275 0.00524920954
12300 0.00520886774
12325 0.0051688454
12350 0.00512913564
12375 0.00508972774
12400 0.00505061374
12425 0.0050117928
12450 0.00497326996
12475 0.0049350503
12500 0.0048971332
12525 0.00485951106
12550 0.00482217361
12575 0.0047851142
12600 0.00474833325
12625 0.00471183609
12650 0.00467562704
12675 0.00463970432
12700 0.00460405982
12725 0.00456868388
12750 0.00453357117
12775 0.0044987232
12800 0.00446414542
12825 0.00442984126
12850 0.00439580787
12875 0.00436203684
12900 0.00432851923
12925 0.00429525102
12950 0.00426223466
12975 0.0042294755
13000 0.00419697603
13025 0.00416473246
13050 0.00413273622
13075 0.00410097922
13100 0.00406945871
13125 0.00403817789
13150 0.00400714185
13175 0.00397635213
13200 0.00394580408
13225 0.00391548915
13250 0.00388540022
13275 0.00385553571
13300 0.0038258994
13325 0.00379649599
13350 0.00376732602
13375 0.00373838414
13400 0.00370966201
13425 0.00368115349
13450 0.00365285812
13475 0.00362478006
13500 0.00359692349
13525 0.00356928799
13550 0.00354186766
13575 0.00351465448
13600 0.00348764337
13625 0.00346083483
13650 0.00343423327
13675 0.00340784224
13700 0.0033816604
13725 0.00335568144
13750 0.00332989781
13775 0.00330430547
13800 0.0032789058
13825 0.00325370327
13850 0.00322870071
13875 0.00320389596
13900 0.00317928242
13925 0.00315485315
13950 0.00313060511
13975 0.00310654043
14000 0.00308266348
14025 0.00305897637
14050 0.00303547615
14075 0.00301215611
14100 0.00298900997
14125 0.00296603569
14150 0.00294323599
14175 0.00292061504
14200 0.00289817416
14225 0.00287590973
14250 0.00285381505
14275 0.00283188459
14300 0.00281011726
14325 0.0027885162
14350 0.00276708529
14375 0.00274582503
14400 0.00272473126
14425 0.00270379742
14450 0.00268301876
14475 0.00266239507
14500 0.0026419298
14525 0.0026216264
14550 0.0026014846
14575 0.00258149979
14600 0.00256166567
14625 0.00254197832
14650 0.0025224383
14675 0.00250304925
14700 0.00248381409
14725 0.00246473185
14750 0.00244579755
14775 0.00242700527
14800 0.00240835193
14825 0.00238983877
14850 0.00237146947
14875 0.00235324639
14900 0.00233516787
14925 0.00231722872
14950 0.00229942348
14975 0.00228174988
15000 0.00226420974
