0 5.08565876e-32
8.33333333 0.00193410046
16.6666667 0.00766478061
25 0.0169822708
33.3333333 0.0295533889
41.6666667 0.0449443573
50 0.0626493381
58.3333333 0.0821218438
66.6666667 0.102806063
75 0.124165389
83.3333333 0.145705978
91.6666667 0.166993914
100 0.187665355
108.333333 0.207429855
116.666667 0.226067679
125 0.243422426
133.333333 0.259390496
141.666667 0.273909025
150 0.286943759
158.333333 0.298478105
166.666667 0.308504283
175 0.317017126
183.333333 0.32401075
191.666667 0.329477975
200 0.333412118
208.333333 0.335810562
216.666667 0.336679376
225 0.336038193
233.333333 0.333924588
241.666667 0.3303973
250 0.325537817
258.333333 0.319450058
266.666667 0.31225814
275 0.304102419
283.333333 0.295134235
291.666667 0.285509855
300 0.275384237
308.333333 0.264905157
316.666667 0.254208195
325 0.243412947
333.333333 0.232620647
341.666667 0.221913272
350 0.211354008
358.333333 0.200988903
366.666667 0.190849392
375 0.180955391
383.333333 0.17131861
391.666667 0.161945779
400 0.152841502
408.333333 0.144010541
416.666667 0.13545939
425 0.127197084
433.333333 0.119235263
441.666667 0.111587601
450 0.104268747
458.333333 0.0972929665
466.666667 0.0906726974
475 0.0844171954
483.333333 0.0785314413
491.666667 0.073015413
500 0.0678637824
508.333333 0.0630660406
516.666667 0.0586070122
525 0.0544676825
533.333333 0.0506262451
541.666667 0.0470592646
550 0.0437428537
558.333333 0.0406537719
566.666667 0.0377703696
575 0.0350733161
583.333333 0.0325460752
591.666667 0.0301751107
600 0.0279498307
608.333333 0.0258622985
616.666667 0.023906761
625 0.0220790564
633.333333 0.0203759709
641.666667 0.0187946148
650 0.0173318769
658.333333 0.015984002
666.666667 0.014746318
675 0.0136131192
683.333333 0.0125776959
691.666667 0.0116324869
700 0.0107693254
708.333333 0.00997974315
716.666667 0.00925530029
725 0.00858791044
733.333333 0.00797013366
741.666667 0.00739541563
750 0.00685825572
758.333333 0.00635429268
766.666667 0.0058803036
775 0.00543411925
783.333333 0.00501446728
791.666667 0.00462076174
800 0.00425286273
808.333333 0.00391083229
816.666667 0.00359471091
825 0.00330433499
833.333333 0.00303920809
841.666667 0.00279843112
850 0.00258068929
858.333333 0.00238428789
866.666667 0.00220722585
875 0.00204729468
883.333333 0.00190219121
891.666667 0.00176963393
900 0.00164747389
908.333333 0.00153379288
916.666667 0.0014269817
925 0.00132579303
933.333333 0.00122936415
941.666667 0.00113720762
950 0.00104917087
958.333333 0.00096536947
966.666667 0.000886102095
975 0.000811757615
983.333333 0.000742725315
991.666667 0.000679318081
1000 0.00062171562
1008.33333 0.00056993107
1016.66667 0.000523800676
1025 0.000482993301
1033.33333 0.000447034856
1041.66667 0.000415342467
1050 0.00038726389
1058.33333 0.000362118817
1066.66667 0.000339239754
1075 0.000318010634
1083.33333 0.000297901216
1091.66667 0.000278494927
1100 0.000259507431
1108.33333 0.000240793487
1116.66667 0.000222340587
1125 0.000204249618
1133.33333 0.000186704796
1141.66667 0.000169936992
1150 0.000154185648
1158.33333 0.00013966452
1166.66667 0.000126535414
1175 0.000114892206
1183.33333 0.00010475532
1191.66667 9.60750262e-05
1200 8.87408744e-05
1208.33333 8.25944318e-05
1216.66667 7.74431224e-05
1225 7.30739874e-05
1233.33333 6.92671232e-05
1241.66667 6.58090401e-05
1250 6.25060776e-05
1258.33333 5.91974017e-05
1266.66667 5.57663451e-05
1275 5.21483005e-05
1283.33333 4.83333863e-05
1291.66667 4.43627629e-05
1300 4.03186591e-05
1308.33333 3.63095215e-05
1316.66667 3.24528003e-05
1325 2.885837e-05
1333.33333 2.56153007e-05
1341.66667 2.27837272e-05
1350 2.03922305e-05
1358.33333 1.84398563e-05
1366.66667 1.69010478e-05
1375 1.57315625e-05
1383.33333 1.48738808e-05
1391.66667 1.4261443e-05
1400 1.38219398e-05
1408.33333 1.34804638e-05
1416.66667 1.31634106e-05
1425 1.28035843e-05
1433.33333 1.23462177e-05
1441.66667 1.17548687e-05
1450 1.10157318e-05
1458.33333 1.01389947e-05
1466.66667 9.15648047e-06
1475 8.11576048e-06
1483.33333 7.07188351e-06
1491.66667 6.07851189e-06
1500 5.18037421e-06
1508.33333 4.40849186e-06
1516.66667 3.77877578e-06
1525 3.29361314e-06
1533.33333 2.9452963e-06
1541.66667 2.71982878e-06
1550 2.59984954e-06
1558.33333 2.56603501e-06
1566.66667 2.59711578e-06
1575 2.66928278e-06
1583.33333 2.75602332e-06
1591.66667 2.8292326e-06
1600 2.86187899e-06
1608.33333 2.83178846e-06
1616.66667 2.72553152e-06
1625 2.54117478e-06
1633.33333 2.2888896e-06
1641.66667 1.98902121e-06
1650 1.66799837e-06
1658.33333 1.35313483e-06
1666.66667 1.06770376e-06
1675 8.27542618e-07
1683.33333 6.3991744e-07
1691.66667 5.0463215e-07
1700 4.16671045e-07
1708.33333 3.69249916e-07
1716.66667 3.56153997e-07
1725 3.72638765e-07
1733.33333 4.14801896e-07
1741.66667 4.77961364e-07
1750 5.54965482e-07
1758.33333 6.35377342e-07
1766.66667 7.06121308e-07
1775 7.53591995e-07
1783.33333 7.66629395e-07
1791.66667 7.39380924e-07
1800 6.73045163e-07
1808.33333 5.75834128e-07
1816.66667 4.61078078e-07
1825 3.44018192e-07
1833.33333 2.38266114e-07
1841.66667 1.53003102e-07
1850 9.1716267e-08
1858.33333 5.27280812e-08
1866.66667 3.11640215e-08
1875 2.15389539e-08
1883.33333 1.99858318e-08
1891.66667 2.53470459e-08
1900 3.88179673e-08
1908.33333 6.23963214e-08
1916.66667 9.68421986e-08
1925 1.400294e-07
1933.33333 1.864104e-07
1941.66667 2.27888394e-07
1950 2.55852237e-07
1958.33333 2.63682648e-07
1966.66667 2.48844438e-07
1975 2.13809195e-07
1983.33333 1.65457002e-07
1991.66667 1.13136452e-07
2000 6.6027631e-08
2008.33333 3.0686349e-08
2016.66667 9.56897822e-09
2025 9.78320597e-10
2033.33333 3.64599207e-10
2041.66667 2.445416e-09
2050 3.34171507e-09
2058.33333 1.95473129e-09
2066.66667 1.15101917e-10
2075 1.50324321e-09
2083.33333 9.79689952e-09
2091.66667 2.67816836e-08
2100 5.11645972e-08
2108.33333 7.85617627e-08
2116.66667 1.02691825e-07
2125 1.17358322e-07
2133.33333 1.18511299e-07
2141.66667 1.05645764e-07
2150 8.20316119e-08
2158.33333 5.36881407e-08
2166.66667 2.74629922e-08
2175 8.88905971e-09
2183.33333 5.62024172e-10
2191.66667 1.58410538e-09
2200 8.23084164e-09
2208.33333 1.55599009e-08
2216.66667 1.93523156e-08
2225 1.76736259e-08
2233.33333 1.14984837e-08
2241.66667 4.1965382e-09
2250 9.84015397e-11
2258.33333 2.69452873e-09
2266.66667 1.31470517e-08
2275 2.96717466e-08
2283.33333 4.80224204e-08
2291.66667 6.29037327e-08
2300 6.97994282e-08
2308.33333 6.65535332e-08
2316.66667 5.41344059e-08
2325 3.63095749e-08
2333.33333 1.83529106e-08
2341.66667 5.25147101e-09
2350 5.29553784e-11
2358.33333 2.93551008e-09
2366.66667 1.13139623e-08
2375 2.09197354e-08
2383.33333 2.7443213e-08
2391.66667 2.81325809e-08
2400 2.27703651e-08
2408.33333 1.36849963e-08
2416.66667 4.81136017e-09
2425 1.60617078e-10
2433.33333 2.27019374e-09
2441.66667 1.1205195e-08
2450 2.44750791e-08
2458.33333 3.78920945e-08
2466.66667 4.70546106e-08
2475 4.89137244e-08
2483.33333 4.28555329e-08
2491.66667 3.09114628e-08
2500 1.70275436e-08
2508.33333 5.66365932e-09
2516.66667 2.32281209e-10
2525 1.9378852e-09
2533.33333 9.42669098e-09
2541.66667 1.93587718e-08
2550 2.76803665e-08
2558.33333 3.11247036e-08
2566.66667 2.83940238e-08
2575 2.05989444e-08
2583.33333 1.08066543e-08
2591.66667 2.87504876e-09
2600 7.22086809e-12
2608.33333 3.55728848e-09
2616.66667 1.25212492e-08
2625 2.38929489e-08
2633.33333 3.37490437e-08
2641.66667 3.86633794e-08
2650 3.69354211e-08
2658.33333 2.9189599e-08
2666.66667 1.81344712e-08
2675 7.57665904e-09
2683.33333 1.05292213e-09
2691.66667 5.77745706e-10
2700 5.9563732e-09
2708.33333 1.49035391e-08
2716.66667 2.39139713e-08
2725 2.9559504e-08
2733.33333 2.97373081e-08
2741.66667 2.44173745e-08
2750 1.56244213e-08
2758.33333 6.67023578e-09
2766.66667 9.24283282e-10
2775 5.74809745e-10
2783.33333 5.83123698e-09
2791.66667 1.48537304e-08
2800 2.44289567e-08
2808.33333 3.11400742e-08
2816.66667 3.26021817e-08
2825 2.83148898e-08
2833.33333 1.9826818e-08
2841.66667 1.0159094e-08
2850 2.70377983e-09
2858.33333 1.00879642e-12
2866.66667 2.83825343e-09
2875 9.99377871e-09
2883.33333 1.870961e-08
2891.66667 2.57142513e-08
2900 2.84182602e-08
2908.33333 2.58473315e-08
2916.66667 1.89774704e-08
2925 1.03572728e-08
2933.33333 3.16211315e-09
2941.66667 2.96043782e-11
2950 2.10145261e-09
2958.33333 8.61765495e-09
2966.66667 1.72051594e-08
2975 2.47497875e-08
2983.33333 2.85297437e-08
2991.66667 2.71972774e-08
3000 2.12540955e-08
3008.33333 1.28530497e-08
3016.66667 5.00441661e-09
3025 4.80067205e-10
3033.33333 8.15384641e-10
3041.66667 5.76937528e-09
3050 1.3433772e-08
3058.33333 2.09448241e-08
3066.66667 2.55335168e-08
3075 2.55299707e-08
3083.33333 2.09582686e-08
3091.66667 1.35101194e-08
3100 5.91314099e-09
3108.33333 9.28960098e-10
3116.66667 3.48309208e-10
3125 4.34784842e-09
3133.33333 1.14387464e-08
3141.66667 1.90202261e-08
3150 2.43317283e-08
3158.33333 2.54547027e-08
3166.66667 2.20002899e-08
3175 1.52364448e-08
3183.33333 7.6135983e-09
3191.66667 1.86639765e-09
3200 2.1091408e-11
3208.33333 2.66922933e-09
3216.66667 8.76839701e-09
3225 1.60371639e-08
3233.33333 2.1795344e-08
3241.66667 2.39406067e-08
3250 2.17059464e-08
3258.33333 1.59253319e-08
3266.66667 8.71578725e-09
3275 2.69667465e-09
3283.33333 3.37097157e-11
3291.66667 1.65617836e-09
3300 6.92982089e-09
3308.33333 1.38999947e-08
3316.66667 2.00118274e-08
3325 2.30418879e-08
3333.33333 2.19015537e-08
3341.66667 1.70218243e-08
3350 1.01837263e-08
3358.33333 3.8607383e-09
3366.66667 3.16054571e-10
3375 7.84247908e-10
3383.33333 5.03334636e-09
3391.66667 1.14627264e-08
3400 1.76965055e-08
3408.33333 2.14527586e-08
3416.66667 2.13707875e-08
3425 1.74967089e-08
3433.33333 1.12542183e-08
3441.66667 4.91567207e-09
3450 7.69770458e-10
3458.33333 2.90480793e-10
3466.66667 3.60874397e-09
3475 9.47605038e-09
3483.33333 1.57288941e-08
3491.66667 2.00813212e-08
3500 2.09552376e-08
3508.33333 1.80469224e-08
3516.66667 1.24264625e-08
3525 6.13799851e-09
3533.33333 1.45003701e-09
3541.66667 3.07636135e-11
3550 2.34816579e-09
3558.33333 7.51067847e-09
3566.66667 1.36024258e-08
3575 1.83872417e-08
3583.33333 2.01229199e-08
3591.66667 1.81893301e-08
3600 1.33040526e-08
3608.33333 7.2507416e-09
3616.66667 2.22284414e-09
3625 2.40169145e-11
3633.33333 1.41657786e-09
3641.66667 5.85320983e-09
3650 1.16861335e-08
3658.33333 1.67739428e-08
3666.66667 1.92626553e-08
3675 1.82561429e-08
3683.33333 1.41335638e-08
3691.66667 8.40147751e-09
3700 3.13807365e-09
3708.33333 2.34484265e-10
3716.66667 7.10118403e-10
3725 4.34986156e-09
3733.33333 9.79219204e-09
3741.66667 1.50326059e-08
3750 1.81563261e-08
3758.33333 1.80325599e-08
3766.66667 1.47186667e-08
3775 9.42987139e-09
3783.33333 4.08897146e-09
3791.66667 6.22787675e-10
3800 2.62696391e-10
3808.33333 3.10306897e-09
3816.66667 8.07584884e-09
3825 1.3347234e-08
3833.33333 1.69891987e-08
3841.66667 1.76799969e-08
3850 1.51791872e-08
3858.33333 1.04065316e-08
3866.66667 5.09920273e-09
3875 1.17497518e-09
3883.33333 3.4790448e-11
3891.66667 2.05828784e-09
3900 6.47390521e-09
3908.33333 1.16478151e-08
3916.66667 1.56836128e-08
3925 1.71127168e-08
3933.33333 1.54242035e-08
3941.66667 1.12429872e-08
3950 6.09434732e-09
3958.33333 1.84340995e-09
3966.66667 1.54964667e-11
3975 1.24493866e-09
3983.33333 5.0514628e-09
3991.66667 1.00228528e-08
4000 1.43345454e-08
4008.33333 1.64150343e-08
4016.66667 1.55144615e-08
4025 1.19707265e-08
4033.33333 7.0787644e-09
4041.66667 2.61338689e-09
4050 1.81456575e-10
4058.33333 6.3981218e-10
4066.66667 3.78975227e-09
4075 8.45694373e-09
4083.33333 1.29249159e-08
4091.66667 1.55621857e-08
4100 1.54139423e-08
4108.33333 1.25437607e-08
4116.66667 8.00311506e-09
4125 3.4424661e-09
4133.33333 5.07706414e-10
4141.66667 2.42624663e-10
4150 2.71426906e-09
4158.33333 6.99561011e-09
4166.66667 1.15092285e-08
4175 1.46046674e-08
4183.33333 1.51581749e-08
4191.66667 1.29769469e-08
4200 8.86250629e-09
4208.33333 4.31263509e-09
4216.66667 9.72639154e-10
4225 3.69399798e-11
4233.33333 1.81859757e-09
4241.66667 5.64186432e-09
4250 1.00945017e-08
4258.33333 1.35457224e-08
4266.66667 1.47398489e-08
4275 1.32496195e-08
4283.33333 9.62554447e-09
4291.66667 5.1892061e-09
4300 1.54802849e-09
4308.33333 9.62918805e-12
4316.66667 1.10908431e-09
4325 4.41996657e-09
4333.33333 8.71580525e-09
4341.66667 1.24209291e-08
4350 1.41850066e-08
4358.33333 1.33718262e-08
4366.66667 1.02854316e-08
4375 6.05330178e-09
4383.33333 2.21133293e-09
4391.66667 1.43345211e-10
4400 5.79618783e-10
4408.33333 3.33613977e-09
4416.66667 7.38760607e-09
4425 1.12454271e-08
4433.33333 1.35014046e-08
4441.66667 1.3338561e-08
4450 1.08238501e-08
4458.33333 6.8779231e-09
4466.66667 2.93509377e-09
4475 4.19045089e-10
4483.33333 2.25890094e-10
4491.66667 2.40225067e-09
4500 6.13395677e-09
4508.33333 1.00474096e-08
4516.66667 1.2712105e-08
4525 1.31605057e-08
4533.33333 1.12363637e-08
4541.66667 7.64613471e-09
4550 3.69676373e-09
4558.33333 8.17119192e-10
4566.66667 3.82799842e-11
4575 1.62167465e-09
4583.33333 4.96914867e-09
4591.66667 8.84578355e-09
4600 1.18325186e-08
4608.33333 1.2842714e-08
4616.66667 1.15146486e-08
4625 8.33821566e-09
4633.33333 4.47151994e-09
4641.66667 1.31597693e-09
4650 5.77504794e-12
4658.33333 9.97659283e-10
4666.66667 3.90937179e-09
4675 7.66383404e-09
4683.33333 1.08847578e-08
4691.66667 1.23984086e-08
4700 1.165862e-08
4708.33333 8.94118774e-09
4716.66667 5.2385069e-09
4725 1.89460968e-09
4733.33333 1.14791288e-10
4741.66667 5.28709651e-10
4750 2.96529939e-09
4758.33333 6.51991977e-09
4766.66667 9.88751865e-09
4775 1.18391464e-08
4783.33333 1.16678577e-08
4791.66667 9.44224191e-09
4800 5.97669609e-09
4808.33333 2.53099632e-09
4816.66667 3.49960785e-10
4825 2.11390363e-10
4833.33333 2.1464265e-09
4841.66667 5.43283197e-09
4850 8.86195597e-09
4858.33333 1.11807377e-08
4866.66667 1.1547134e-08
4875 9.83346957e-09
4883.33333 6.66845782e-09
4891.66667 3.20422267e-09
4900 6.94617902e-10
4908.33333 3.91552956e-11
4916.66667 1.45840633e-09
4925 4.41798416e-09
4933.33333 7.82721484e-09
4941.66667 1.04386767e-08
4950 1.13022725e-08
4958.33333 1.01085713e-08
4966.66667 7.29737248e-09
4975 3.89346248e-09
4983.33333 1.13085764e-09
4991.66667 3.28591533e-12
5000 9.04631771e-10
