0 1.22478614e-30
8.33333333 0.00220256184
16.6666667 0.00851351251
25 0.0181131801
33.3333333 0.0298492204
41.6666667 0.0424898918
50 0.0549673885
58.3333333 0.0665461296
66.6666667 0.0768791135
75 0.0859533435
83.3333333 0.0939593679
91.6666667 0.10113889
100 0.107663112
108.333333 0.11357557
116.666667 0.118805336
125 0.123230713
133.333333 0.126758898
141.666667 0.129387471
150 0.131226609
158.333333 0.132479863
166.666667 0.133397809
175 0.134226861
183.333333 0.135172993
191.666667 0.136389856
200 0.137988278
208.333333 0.140055228
216.666667 0.142668414
225 0.145897747
233.333333 0.14979365
241.666667 0.154370058
250 0.159593126
258.333333 0.165383935
266.666667 0.171636422
275 0.178243984
283.333333 0.185123545
291.666667 0.192226466
300 0.199531266
308.333333 0.207021134
316.666667 0.214655979
325 0.222351344
333.333333 0.229973827
341.666667 0.237355977
350 0.244325857
358.333333 0.250740889
366.666667 0.256514365
375 0.261626349
383.333333 0.266116937
391.666667 0.270066273
400 0.273569775
408.333333 0.276717313
416.666667 0.279582064
425 0.282219982
433.333333 0.284676602
441.666667 0.286995732
450 0.289225241
458.333333 0.291417632
466.666667 0.293626174
475 0.295899424
483.333333 0.298277203
491.666667 0.300789781
500 0.303459887
508.333333 0.306305535
516.666667 0.309341261
525 0.312576332
533.333333 0.316010272
541.666667 0.319627697
550 0.323395156
558.333333 0.327262094
566.666667 0.331166563
575 0.335044448
583.333333 0.338839698
591.666667 0.342512686
600 0.346044494
608.333333 0.349436223
616.666667 0.35270381
625 0.355869912
633.333333 0.358954887
641.666667 0.361968891
650 0.364906743
658.333333 0.367746677
666.666667 0.370453368
675 0.372984819
683.333333 0.375301701
691.666667 0.377376886
700 0.379202486
708.333333 0.380792021
716.666667 0.382176579
725 0.383395739
733.333333 0.384485928
741.666667 0.385470108
750 0.386352504
758.333333 0.387120448
766.666667 0.387752832
775 0.388232081
783.333333 0.388555132
791.666667 0.388739204
800 0.388820266
808.333333 0.388845023
816.666667 0.388859914
825 0.38890171
833.333333 0.38899339
841.666667 0.389146477
850 0.389367965
858.333333 0.389667876
866.666667 0.390063244
875 0.390576151
883.333333 0.391226474
891.666667 0.392022795
900 0.392956196
908.333333 0.394000604
916.666667 0.395120507
925 0.396283324
933.333333 0.397471312
941.666667 0.398687632
950 0.399953464
958.333333 0.401296867
966.666667 0.402737744
975 0.40427518
983.333333 0.405882599
991.666667 0.407512969
1000 0.409111985
1008.33333 0.410633732
1016.66667 0.41205226
1025 0.413364296
1033.33333 0.414582166
1041.66667 0.415720294
1050 0.416781296
1058.33333 0.417747738
1066.66667 0.418582959
1075 0.41924022
1083.33333 0.419675791
1091.66667 0.419860014
1100 0.419781586
1108.33333 0.419443714
1116.66667 0.418854742
1125 0.418018554
1133.33333 0.416930159
1141.66667 0.415579364
1150 0.413961465
1158.33333 0.412090314
1166.66667 0.410007575
1175 0.407783349
1183.33333 0.405506922
1191.66667 0.403270691
1200 0.401153364
1208.33333 0.399208901
1216.66667 0.397465213
1225 0.3959324
1233.33333 0.394616208
1241.66667 0.393530165
1250 0.392700605
1258.33333 0.392162017
1266.66667 0.391944525
1275 0.392058809
1283.33333 0.392484913
1291.66667 0.393169674
1300 0.394033821
1308.33333 0.394985754
1316.66667 0.395936428
1325 0.396809779
1333.33333 0.397545504
1341.66667 0.398094762
1350 0.398412569
1358.33333 0.398451986
1366.66667 0.398164045
1375 0.397504342
1383.33333 0.39644377
1391.66667 0.394978607
1400 0.39313517
1408.33333 0.390966447
1416.66667 0.38854156
1425 0.385932005
1433.33333 0.383199973
1441.66667 0.380393044
1450 0.377546747
1458.33333 0.374692977
1466.66667 0.371869801
1475 0.369127656
1483.33333 0.366528642
1491.66667 0.364138695
1500 0.362015508
1508.33333 0.360196881
1516.66667 0.35869394
1525 0.357491594
1533.33333 0.356555678
1541.66667 0.355843684
1550 0.355314927
1558.33333 0.354936679
1566.66667 0.354684877
1575 0.354540395
1583.33333 0.354483617
1591.66667 0.354490333
1600 0.354530998
1608.33333 0.354573537
1616.66667 0.354588208
1625 0.354552179
1633.33333 0.354451785
1641.66667 0.354281684
1650 0.354041588
1658.33333 0.353732322
1666.66667 0.353353064
1675 0.352900956
1683.33333 0.352372996
1691.66667 0.351769066
1700 0.351094436
1708.33333 0.350360377
1716.66667 0.3495824
1725 0.348776659
1733.33333 0.347955821
1741.66667 0.347125841
1750 0.346284672
1758.33333 0.345423186
1766.66667 0.344527831
1775 0.343584104
1783.33333 0.342579824
1791.66667 0.341507455
1800 0.340365098
1808.33333 0.339156133
1816.66667 0.337887756
1825 0.336568812
1833.33333 0.335207474
1841.66667 0.333809382
1850 0.332376882
1858.33333 0.330909807
1866.66667 0.329407868
1875 0.327874113
1883.33333 0.326318425
1891.66667 0.324759727
1900 0.323225851
1908.33333 0.321750691
1916.66667 0.320369265
1925 0.319112138
1933.33333 0.318000962
1941.66667 0.317046529
1950 0.316249685
1958.33333 0.315604334
1966.66667 0.315100846
1975 0.314728128
1983.33333 0.314473295
1991.66667 0.314319148
2000 0.314240819
2008.33333 0.314203548
2016.66667 0.314163149
2025 0.314069587
2033.33333 0.313872631
2041.66667 0.313527518
2050 0.312998493
2058.33333 0.312259036
2066.66667 0.311289181
2075 0.310071845
2083.33333 0.308590684
2091.66667 0.306831469
2100 0.304787297
2108.33333 0.30246603
2116.66667 0.299896928
2125 0.297133331
2133.33333 0.294249533
2141.66667 0.291332211
2150 0.288468976
2158.33333 0.285737815
2166.66667 0.283200781
2175 0.280903506
2183.33333 0.278879541
2191.66667 0.277156534
2200 0.275760511
2208.33333 0.274715547
2216.66667 0.27403837
2225 0.273729945
2233.33333 0.273767696
2241.66667 0.274101986
2250 0.274658815
2258.33333 0.27534809
2266.66667 0.276074567
2275 0.276747531
2283.33333 0.277286112
2291.66667 0.277619302
2300 0.277682335
2308.33333 0.277412862
2316.66667 0.276750448
2325 0.275641272
2333.33333 0.274047286
2341.66667 0.271956617
2350 0.26939093
2358.33333 0.266406305
2366.66667 0.263086586
2375 0.259531142
2383.33333 0.255841199
2391.66667 0.252109361
2400 0.248415418
2408.33333 0.244828751
2416.66667 0.241414728
2425 0.238240832
2433.33333 0.235378529
2441.66667 0.232898926
2450 0.230863205
2458.33333 0.229311307
2466.66667 0.228253255
2475 0.227666539
2483.33333 0.227500501
2491.66667 0.227685876
2500 0.228145729
2508.33333 0.228803847
2516.66667 0.229588175
2525 0.230429408
2533.33333 0.231257168
2541.66667 0.231997228
2550 0.232572623
2558.33333 0.232909417
2566.66667 0.232945517
2575 0.232639187
2583.33333 0.23197382
2591.66667 0.230956925
2600 0.229613705
2608.33333 0.227977865
2616.66667 0.226083358
2625 0.223960243
2633.33333 0.221635906
2641.66667 0.219140426
2650 0.216513003
2658.33333 0.2138059
2666.66667 0.211083441
2675 0.208415763
2683.33333 0.205869298
2691.66667 0.203497353
2700 0.201334074
2708.33333 0.199393679
2716.66667 0.197674686
2725 0.196167008
2733.33333 0.194858873
2741.66667 0.193740971
2750 0.192806718
2758.33333 0.192049279
2766.66667 0.191457347
2775 0.191011965
2783.33333 0.190685988
2791.66667 0.19044641
2800 0.19025851
2808.33333 0.190090036
2816.66667 0.189913866
2825 0.189708439
2833.33333 0.18945637
2841.66667 0.189142459
2850 0.188752438
2858.33333 0.188273261
2866.66667 0.187694836
2875 0.187012298
2883.33333 0.18622756
2891.66667 0.185349194
2900 0.184390403
2908.33333 0.183365709
2916.66667 0.182287498
2925 0.181163646
2933.33333 0.179996937
2941.66667 0.17878628
2950 0.177529073
2958.33333 0.176223694
2966.66667 0.174871205
2975 0.173475736
2983.33333 0.172043587
2991.66667 0.170581468
3000 0.169094526
3008.33333 0.167584785
3016.66667 0.166050411
3025 0.164486014
3033.33333 0.162883997
3041.66667 0.16123677
3050 0.159539484
3058.33333 0.15779277
3066.66667 0.156004825
3075 0.154192202
3083.33333 0.152378892
3091.66667 0.150593743
3100 0.148866809
3108.33333 0.147225647
3116.66667 0.145692687
3125 0.144284457
3133.33333 0.143012703
3141.66667 0.141886691
3150 0.140915408
3158.33333 0.140108378
3166.66667 0.139474384
3175 0.139018342
3183.33333 0.138737463
3191.66667 0.138618309
3200 0.138636065
3208.33333 0.138756507
3216.66667 0.138940006
3225 0.139146048
3233.33333 0.139336588
3241.66667 0.139477151
3250 0.139535756
3258.33333 0.13948087
3266.66667 0.139280208
3275 0.138901874
3283.33333 0.138318237
3291.66667 0.137511566
3300 0.136479303
3308.33333 0.135236742
3316.66667 0.133815675
3325 0.132259195
3333.33333 0.130614398
3341.66667 0.128925688
3350 0.127231096
3358.33333 0.125562712
3366.66667 0.123950456
3375 0.122426863
3383.33333 0.12103001
3391.66667 0.119802505
3400 0.118786202
3408.33333 0.118014322
3416.66667 0.117503959
3425 0.117251959
3433.33333 0.117235888
3441.66667 0.117419691
3450 0.117761744
3458.33333 0.118222057
3466.66667 0.118765951
3475 0.119363209
3483.33333 0.119983889
3491.66667 0.120593539
3500 0.121150877
3508.33333 0.121609837
3516.66667 0.121925807
3525 0.122063844
3533.33333 0.122005551
3541.66667 0.121751716
3550 0.12131953
3558.33333 0.120735528
3566.66667 0.120027196
3575 0.119216733
3583.33333 0.118319447
3591.66667 0.117347111
3600 0.116314352
3608.33333 0.115244753
3616.66667 0.114173428
3625 0.113144421
3633.33333 0.112203593
3641.66667 0.111389703
3650 0.110727237
3658.33333 0.110223819
3666.66667 0.109873068
3675 0.109661449
3683.33333 0.109576041
3691.66667 0.109609848
3700 0.109762573
3708.33333 0.110036816
3716.66667 0.11043179
3725 0.110937648
3733.33333 0.111533208
3741.66667 0.112188198
3750 0.112869102
3758.33333 0.113546039
3766.66667 0.114197732
3775 0.114812522
3783.33333 0.115385257
3791.66667 0.115911749
3800 0.116383555
3808.33333 0.116785646
3816.66667 0.117098109
3825 0.117301173
3833.33333 0.117381299
3841.66667 0.117335589
3850 0.117172545
3858.33333 0.11690883
3866.66667 0.11656349
3875 0.116152144
3883.33333 0.115683659
3891.66667 0.115160614
3900 0.114583187
3908.33333 0.113954568
3916.66667 0.113285381
3925 0.112595078
3933.33333 0.111909617
3941.66667 0.11125636
3950 0.110658255
3958.33333 0.110129595
3966.66667 0.109674868
3975 0.109290853
3983.33333 0.108970806
3991.66667 0.108708787
4000 0.108502365
4008.33333 0.108352773
4016.66667 0.108262776
4025 0.108233503
4033.33333 0.108261782
4041.66667 0.10833918
4050 0.108453085
4058.33333 0.108589244
4066.66667 0.108734642
4075 0.108879541
4083.33333 0.109018059
4091.66667 0.109147328
4100 0.109265882
4108.33333 0.109372156
4116.66667 0.109463777
4125 0.109537824
4133.33333 0.109591786
4141.66667 0.109624612
4150 0.109637299
4158.33333 0.109632711
4166.66667 0.109614739
4175 0.10958712
4183.33333 0.109552372
4191.66667 0.10951116
4200 0.109462179
4208.33333 0.109402506
4216.66667 0.109328218
4225 0.109235129
4233.33333 0.109119528
4241.66667 0.108978829
4250 0.108812005
4258.33333 0.10861967
4266.66667 0.108403672
4275 0.108166223
4283.33333 0.107908785
4291.66667 0.107631152
4300 0.10733122
4308.33333 0.107005746
4316.66667 0.106652016
4325 0.10626987
4333.33333 0.105863251
4341.66667 0.105440481
4350 0.105012913
4358.33333 0.104592275
4366.66667 0.104187657
4375 0.103803379
4383.33333 0.103438703
4391.66667 0.103089641
4400 0.102752196
4408.33333 0.102425661
4416.66667 0.102114514
4425 0.101827942
4433.33333 0.101577087
4441.66667 0.101371108
4450 0.101213765
4458.33333 0.101102098
4466.66667 0.101027844
4475 0.100981063
4483.33333 0.100954364
4491.66667 0.100945807
4500 0.100959073
4508.33333 0.101000704
4516.66667 0.101075569
4525 0.101182564
4533.33333 0.101312569
4541.66667 0.101449666
4550 0.101575249
4558.33333 0.10167324
4566.66667 0.101734143
4575 0.101756119
4583.33333 0.101742583
4591.66667 0.101697486
4600 0.1016205
4608.33333 0.101504505
4616.66667 0.101336749
4625 0.101103422
4633.33333 0.100795776
4641.66667 0.100415123
4650 0.0999744515
4658.33333 0.0994958007
4666.66667 0.0990044126
4675 0.098522093
4683.33333 0.0980625827
4691.66667 0.0976308442
4700 0.0972264145
4708.33333 0.096849132
4716.66667 0.0965044585
4725 0.096205782
4733.33333 0.0959724442
4741.66667 0.0958241766
4750 0.095774289
4758.33333 0.0958245633
4766.66667 0.0959641013
4775 0.0961726501
4783.33333 0.0964269733
4791.66667 0.0967075223
4800 0.0970025814
4808.33333 0.0973082533
4816.66667 0.0976245605
4825 0.0979497112
4833.33333 0.0982753941
4841.66667 0.0985854771
4850 0.0988588975
4858.33333 0.0990755927
4866.66667 0.0992228924
4875 0.0992995441
4883.33333 0.0993155666
4891.66667 0.0992879695
4900 0.0992341957
4908.33333 0.099166124
4916.66667 0.099087175
4925 0.098993637
4933.33333 0.0988794229
4941.66667 0.0987419444
4950 0.0985863275
4958.33333 0.0984259805
4966.66667 0.0982792028
4975 0.0981633123
4983.33333 0.098088875
4991.66667 0.0980565618
5000 0.0980579696
