0 3.74119415e-32
8.33333333 0.000967587976
16.6666667 0.00384093809
25 0.00853394174
33.3333333 0.0149099629
41.6666667 0.022791379
50 0.0319714968
58.3333333 0.0422276394
66.6666667 0.0533341539
75 0.0650741927
83.3333333 0.0772493472
91.6666667 0.0896865261
100 0.102241811
108.333333 0.114801352
116.666667 0.127279648
125 0.139615737
133.333333 0.151767977
141.666667 0.163708079
150 0.175415074
158.333333 0.186869782
166.666667 0.198050234
175 0.208928389
183.333333 0.21946831
191.666667 0.22962586
200 0.239349803
208.333333 0.248584102
216.666667 0.257271099
225 0.265355185
233.333333 0.272786542
241.666667 0.279524544
250 0.285540458
258.333333 0.290819175
266.666667 0.295359802
275 0.299175107
283.333333 0.302289891
291.666667 0.304738499
300 0.306561745
308.333333 0.30780358
316.666667 0.308507825
325 0.308715259
333.333333 0.30846133
341.666667 0.307774622
350 0.306676201
358.333333 0.305179807
366.666667 0.303292839
375 0.30101797
383.333333 0.298355203
391.666667 0.295304138
400 0.291866207
408.333333 0.288046658
416.666667 0.283856091
425 0.279311403
433.333333 0.274436074
441.666667 0.269259781
450 0.263817412
458.333333 0.258147584
466.666667 0.252290855
475 0.246287794
483.333333 0.240177113
491.666667 0.233994026
500 0.227768976
508.333333 0.221526825
516.666667 0.215286552
525 0.209061448
533.333333 0.202859759
541.666667 0.196685694
550 0.190540675
558.333333 0.184424702
566.666667 0.17833769
575 0.172280666
583.333333 0.166256714
591.666667 0.160271587
600 0.154333953
608.333333 0.148455272
616.666667 0.142649334
625 0.136931528
633.333333 0.131317932
641.666667 0.125824322
650 0.120465213
658.333333 0.115253012
666.666667 0.110197367
675 0.105304766
683.333333 0.100578394
691.666667 0.0960182644
700 0.091621579
708.333333 0.0873832817
716.666667 0.0832967373
725 0.0793544723
733.333333 0.0755489053
741.666667 0.0718730049
750 0.0683208197
758.333333 0.0648878431
766.666667 0.0615711891
775 0.0583695783
783.333333 0.0552831484
791.666667 0.0523131224
800 0.0494613788
808.333333 0.0467299728
816.666667 0.0441206634
825 0.0416344914
833.333333 0.0392714484
841.666667 0.0370302607
850 0.0349083032
858.333333 0.0329016397
866.666667 0.0310051778
875 0.029212916
883.333333 0.027518255
891.666667 0.0259143397
900 0.0243944026
908.333333 0.0229520756
916.666667 0.0215816477
925 0.0202782466
933.333333 0.0190379361
941.666667 0.0178577228
950 0.0167354802
958.333333 0.0156698034
966.666667 0.0146598116
975 0.0137049246
983.333333 0.0128046358
991.666667 0.0119583043
1000 0.011164986
1008.33333 0.0104233149
1016.66667 0.0097314431
1025 0.00908703759
1033.33333 0.00848732995
1041.66667 0.0079292089
1050 0.0074093435
1058.33333 0.00692432347
1066.66667 0.00647080292
1075 0.00604563483
1083.33333 0.00564598495
1091.66667 0.00526941634
1100 0.00491393876
1108.33333 0.00457802005
1116.66667 0.00426056058
1125 0.00396083536
1133.33333 0.0036784112
1141.66667 0.00341304864
1150 0.00316459956
1158.33333 0.0029329107
1166.66667 0.00271774203
1175 0.0025187064
1183.33333 0.00233523377
1191.66667 0.00216656059
1200 0.00201174222
1208.33333 0.00186968434
1216.66667 0.00173918859
1225 0.00161900661
1233.33333 0.00150789744
1241.66667 0.00140468304
1250 0.00130829749
1258.33333 0.00121782611
1266.66667 0.00113253155
1275 0.00105186491
1283.33333 0.000975461334
1291.66667 0.000903121057
1300 0.000834778295
1308.33333 0.000770461724
1316.66667 0.000710251118
1325 0.00065423492
1333.33333 0.000602473032
1341.66667 0.0005549681
1350 0.000511647136
1358.33333 0.000472353892
1366.66667 0.000436851118
1375 0.000404830994
1383.33333 0.000375931576
1391.66667 0.000349757078
1400 0.000325899963
1408.33333 0.000303963104
1416.66667 0.00028358048
1425 0.000264434978
1433.33333 0.000246272007
1441.66667 0.000228907776
1450 0.00021223143
1458.33333 0.000196200773
1466.66667 0.000180832068
1475 0.000166185104
1483.33333 0.000152345431
1491.66667 0.000139405979
1500 0.00012745025
1508.33333 0.000116538898
1516.66667 0.000106700765
1525 9.7928703e-05
1533.33333 9.01797454e-05
1541.66667 8.3378761e-05
1550 7.7424497e-05
1558.33333 7.21970322e-05
1566.66667 6.75658806e-05
1575 6.3398252e-05
1583.33333 5.95671336e-05
1591.66667 5.59588715e-05
1600 5.2479821e-05
1608.33333 4.90614947e-05
1616.66667 4.56635726e-05
1625 4.22742488e-05
1633.33333 3.89076842e-05
1641.66667 3.55987804e-05
1650 3.2395963e-05
1658.33333 2.93530296e-05
1666.66667 2.65212657e-05
1675 2.3942918e-05
1683.33333 2.16467602e-05
1691.66667 1.96460067e-05
1700 1.79383563e-05
1708.33333 1.65076143e-05
1716.66667 1.53262159e-05
1725 1.43580671e-05
1733.33333 1.35613499e-05
1741.66667 1.28912031e-05
1750 1.23023762e-05
1758.33333 1.17519886e-05
1766.66667 1.12024135e-05
1775 1.06240964e-05
1783.33333 9.99791859e-06
1791.66667 9.31661903e-06
1800 8.58485907e-06
1808.33333 7.8177476e-06
1816.66667 7.03797782e-06
1825 6.27205557e-06
1833.33333 5.54631456e-06
1841.66667 4.88344501e-06
1850 4.3000977e-06
1858.33333 3.80581963e-06
1866.66667 3.4032295e-06
1875 3.08906178e-06
1883.33333 2.85557881e-06
1891.66667 2.69189898e-06
1900 2.58497919e-06
1908.33333 2.52023851e-06
1916.66667 2.48201915e-06
1925 2.45417007e-06
1933.33333 2.42098011e-06
1941.66667 2.36850797e-06
1950 2.2861308e-06
1958.33333 2.1679545e-06
1966.66667 2.01367065e-06
1975 1.82853936e-06
1983.33333 1.62239639e-06
1991.66667 1.40785529e-06
2000 1.19810636e-06
2008.33333 1.00482537e-06
2016.66667 8.36657038e-07
2025 6.98549657e-07
2033.33333 5.91952852e-07
2041.66667 5.15641456e-07
2050 4.66777461e-07
2058.33333 4.41814768e-07
2066.66667 4.36981887e-07
2075 4.48290875e-07
2083.33333 4.71234093e-07
2091.66667 5.00464332e-07
2100 5.29760388e-07
2108.33333 5.52460029e-07
2116.66667 5.62343183e-07
2125 5.54747075e-07
2133.33333 5.27569076e-07
2141.66667 4.81811368e-07
2150 4.21447476e-07
2158.33333 3.52600795e-07
2166.66667 2.82245179e-07
2175 2.16789767e-07
2183.33333 1.60941021e-07
2191.66667 1.17134597e-07
2200 8.56349216e-08
2208.33333 6.51805995e-08
2216.66667 5.38862393e-08
2225 5.00527975e-08
2233.33333 5.26058715e-08
2241.66667 6.10458238e-08
2250 7.4992304e-08
2258.33333 9.35648931e-08
2266.66667 1.14903512e-07
2275 1.36075918e-07
2283.33333 1.53467775e-07
2291.66667 1.63560981e-07
2300 1.6384904e-07
2308.33333 1.53572586e-07
2316.66667 1.34008086e-07
2325 1.08190568e-07
2333.33333 8.01434629e-08
2341.66667 5.38562911e-08
2350 3.23340927e-08
2358.33333 1.70122507e-08
2366.66667 7.69873474e-09
2375 3.02093341e-09
2383.33333 1.18271207e-09
2391.66667 7.39834269e-10
2400 1.11152478e-09
2408.33333 2.65672198e-09
2416.66667 6.31310479e-09
2425 1.29624412e-08
2433.33333 2.27869097e-08
2441.66667 3.48818753e-08
2450 4.72922902e-08
2458.33333 5.74796921e-08
2466.66667 6.30641051e-08
2475 6.25796808e-08
2483.33333 5.5972964e-08
2491.66667 4.46614154e-08
2500 3.11246263e-08
2508.33333 1.81651797e-08
2516.66667 8.0909763e-09
2525 2.09520775e-09
2533.33333 3.61928735e-11
2541.66667 6.74729487e-10
2550 2.26424837e-09
2558.33333 3.26742662e-09
2566.66667 2.93506559e-09
2575 1.54117346e-09
2583.33333 1.99674808e-10
2591.66667 3.44157031e-10
2600 3.07553001e-09
2608.33333 8.62896817e-09
2616.66667 1.61650928e-08
2625 2.39690569e-08
2633.33333 2.9990041e-08
2641.66667 3.25280464e-08
2650 3.08203258e-08
2658.33333 2.53155925e-08
2666.66667 1.75366207e-08
2675 9.57961493e-09
2683.33333 3.4280527e-09
2691.66667 3.23044719e-10
2700 4.09041263e-10
2708.33333 2.77227552e-09
2716.66667 5.84715434e-09
2725 8.03466636e-09
2733.33333 8.30394939e-09
2741.66667 6.55900168e-09
2750 3.64207466e-09
2758.33333 9.80065669e-10
2766.66667 1.07780954e-11
2775 1.60490707e-09
2783.33333 5.69896095e-09
2791.66667 1.12751766e-08
2800 1.66964364e-08
2808.33333 2.02742856e-08
2816.66667 2.08636036e-08
2825 1.82685935e-08
2833.33333 1.33140654e-08
2841.66667 7.55766998e-09
2850 2.74823272e-09
2858.33333 2.25691466e-10
2866.66667 4.77056743e-10
2875 3.0041705e-09
2883.33333 6.54486802e-09
2891.66667 9.56133395e-09
2900 1.08143659e-08
2908.33333 9.81394034e-09
2916.66667 6.98439504e-09
2925 3.48845811e-09
2933.33333 7.79224009e-10
2941.66667 4.74960227e-11
2950 1.7683105e-09
2958.33333 5.51237116e-09
2966.66667 1.0090143e-08
2975 1.3974647e-08
2983.33333 1.5847967e-08
2991.66667 1.50725955e-08
3000 1.19173959e-08
3008.33333 7.45808247e-09
3016.66667 3.19047783e-09
3025 4.98242714e-10
3033.33333 1.67967056e-10
3041.66667 2.12541853e-09
3050 5.48498173e-09
3058.33333 8.89011822e-09
3066.66667 1.10177239e-08
3075 1.10614727e-08
3083.33333 9.01905951e-09
3091.66667 5.68143351e-09
3100 2.33146236e-09
3108.33333 2.64973769e-10
3116.66667 3.10557641e-10
3125 2.52328338e-09
3133.33333 6.1626707e-09
3141.66667 9.9609733e-09
3150 1.25822989e-08
3158.33333 1.31045947e-08
3166.66667 1.13495805e-08
3175 7.94226506e-09
3183.33333 4.08065379e-09
3191.66667 1.10136934e-09
3200 8.5355095e-15
3208.33333 1.07994458e-09
3216.66667 3.8551043e-09
3225 7.23905787e-09
3233.33333 9.94875425e-09
3241.66667 1.09742172e-08
3250 9.94314381e-09
3258.33333 7.24920848e-09
3266.66667 3.89992814e-09
3275 1.14216824e-09
3283.33333 3.55582946e-12
3291.66667 9.17328924e-10
3300 3.56635054e-09
3308.33333 7.0012438e-09
3316.66667 9.98760707e-09
3325 1.1454493e-08
3333.33333 1.08806552e-08
3341.66667 8.4790051e-09
3350 5.11407114e-09
3358.33333 1.9845987e-09
3366.66667 1.88274595e-10
3375 3.27240227e-10
3383.33333 2.29684923e-09
3391.66667 5.33241658e-09
3400 8.2945087e-09
3408.33333 1.00870311e-08
3416.66667 1.0055202e-08
3425 8.21921368e-09
3433.33333 5.2603174e-09
3441.66667 2.26666061e-09
3450 3.33330568e-10
3458.33333 1.63146226e-10
3466.66667 1.81319965e-09
3475 4.67800661e-09
3483.33333 7.71347947e-09
3491.66667 9.81849857e-09
3500 1.02343576e-08
3508.33333 8.81702723e-09
3516.66667 6.08451852e-09
3525 3.02401454e-09
3533.33333 7.30693334e-10
3541.66667 1.05966473e-11
3550 1.09181409e-09
3558.33333 3.54774007e-09
3566.66667 6.45836013e-09
3575 8.74896955e-09
3583.33333 9.58189086e-09
3591.66667 8.65860144e-09
3600 6.32340929e-09
3608.33333 3.43275091e-09
3616.66667 1.03954267e-09
3625 8.7229851e-12
3633.33333 7.04132708e-10
3641.66667 2.85983707e-09
3650 5.68112975e-09
3658.33333 8.13673574e-09
3666.66667 9.33465276e-09
3675 8.84458421e-09
3683.33333 6.85039578e-09
3691.66667 4.07863616e-09
3700 1.53084337e-09
3708.33333 1.18320644e-10
3716.66667 3.32652729e-10
3725 2.07118746e-09
3733.33333 4.67952002e-09
3741.66667 7.1937825e-09
3750 8.69318662e-09
3758.33333 8.63398799e-09
3766.66667 7.04382401e-09
3775 4.50702163e-09
3783.33333 1.94788734e-09
3791.66667 2.92253776e-10
3800 1.31105923e-10
3808.33333 1.50837878e-09
3816.66667 3.9089925e-09
3825 6.4499217e-09
3833.33333 8.20338457e-09
3841.66667 8.53383676e-09
3850 7.32636044e-09
3858.33333 5.02439856e-09
3866.66667 2.4646071e-09
3875 5.70317759e-10
3883.33333 1.59377915e-11
3891.66667 9.84293143e-10
3900 3.10424994e-09
3908.33333 5.58985212e-09
3916.66667 7.52891703e-09
3925 8.21519038e-09
3933.33333 7.40316713e-09
3941.66667 5.39367922e-09
3950 2.92047759e-09
3958.33333 8.8049441e-10
3966.66667 6.88748466e-12
3975 6.03988326e-10
3983.33333 2.43990879e-09
3991.66667 4.83461517e-09
4000 6.91004468e-09
4008.33333 7.91027067e-09
4016.66667 7.47498112e-09
4025 5.76734862e-09
4033.33333 3.41095486e-09
4041.66667 1.26007591e-09
4050 8.7939261e-11
4058.33333 3.06711479e-10
4066.66667 1.82061803e-09
4075 4.06452531e-09
4083.33333 6.21261075e-09
4091.66667 7.48012087e-09
4100 7.40799248e-09
4108.33333 6.02714039e-09
4116.66667 3.8436508e-09
4125 1.65156051e-09
4133.33333 2.42442653e-10
4141.66667 1.17979043e-10
4150 1.30984762e-09
4158.33333 3.3715435e-09
4166.66667 5.5438712e-09
4175 7.0327857e-09
4183.33333 7.29791338e-09
4191.66667 6.24693238e-09
4200 4.26591483e-09
4208.33333 2.07578082e-09
4216.66667 4.68210178e-10
4225 1.7739713e-11
4233.33333 8.74734104e-10
4241.66667 2.71381813e-09
4250 4.85539339e-09
4258.33333 6.514902e-09
4266.66667 7.08844097e-09
4275 6.37077594e-09
4283.33333 4.62707385e-09
4291.66667 2.49333264e-09
4300 7.42853747e-10
4308.33333 4.47832158e-12
4316.66667 5.35225871e-10
4325 2.12951113e-09
4333.33333 4.19695953e-09
4341.66667 5.97940729e-09
4350 6.82734012e-09
4358.33333 6.43499163e-09
4366.66667 4.949023e-09
4375 2.91218718e-09
4383.33333 1.06355836e-09
4391.66667 6.88382399e-11
4400 2.79138498e-10
4408.33333 1.60563047e-09
4416.66667 3.55479084e-09
4425 5.41035813e-09
4433.33333 6.49493958e-09
4441.66667 6.41573925e-09
4450 5.20528751e-09
4458.33333 3.30677577e-09
4466.66667 1.41036307e-09
4475 2.00891542e-10
4483.33333 1.09212571e-10
4491.66667 1.15739988e-09
4500 2.95343361e-09
4508.33333 4.83629528e-09
4516.66667 6.11779024e-09
4525 6.33264554e-09
4533.33333 5.40600991e-09
4541.66667 3.67807406e-09
4550 1.77780919e-09
4558.33333 3.92663195e-10
4566.66667 1.85277603e-11
4575 7.80902582e-10
4583.33333 2.39173509e-09
4591.66667 4.25672558e-09
4600 5.69315178e-09
4608.33333 6.17839239e-09
4616.66667 5.53869828e-09
4625 4.01004417e-09
4633.33333 2.149787e-09
4641.66667 6.32174031e-10
4650 2.71119561e-12
4658.33333 4.80860674e-10
4666.66667 1.88241251e-09
4675 3.68895811e-09
4683.33333 5.23829705e-09
4691.66667 5.96585693e-09
4700 5.60912467e-09
4708.33333 4.30107918e-09
4716.66667 2.51939543e-09
4725 9.10779226e-10
4733.33333 5.50188245e-11
4741.66667 2.54825376e-10
4750 1.42762688e-09
4758.33333 3.13797481e-09
4766.66667 4.75791261e-09
4775 5.69626146e-09
4783.33333 5.61311768e-09
4791.66667 4.54174946e-09
4800 2.87419622e-09
4808.33333 1.21664692e-09
4816.66667 1.67931523e-10
4825 1.02053827e-10
4833.33333 1.0337263e-09
4841.66667 2.61523423e-09
4850 4.26496035e-09
4858.33333 5.38007977e-09
4866.66667 5.55565583e-09
4875 4.7305189e-09
4883.33333 3.20738961e-09
4891.66667 1.54070446e-09
4900 3.33693022e-10
4908.33333 1.89640969e-11
4916.66667 7.02397119e-10
4925 2.12665796e-09
4933.33333 3.76686788e-09
4941.66667 5.02287817e-09
4950 5.43772846e-09
4958.33333 4.8627798e-09
4966.66667 3.5098607e-09
4975 1.87216201e-09
4983.33333 5.43399936e-10
4991.66667 1.54210748e-12
5000 4.35867818e-10
