0 3.47871096e-33
16.6666667 6.6385789e-05
33.3333333 0.000231393304
50 0.00041013124
66.6666667 0.000510619025
83.3333333 0.000481100679
100 0.000336702991
116.666667 0.000151728062
133.333333 2.15210561e-05
150 1.34828157e-05
166.666667 0.000132379494
183.333333 0.00031777339
200 0.00047492373
216.666667 0.000523337029
233.333333 0.000438088223
250 0.000262726034
266.666667 8.71216356e-05
283.333333 1.56454464e-06
300 5.05676058e-05
316.666667 0.000209999655
333.333333 0.000399250092
350 0.000522242733
366.666667 0.000516395106
383.333333 0.000384569891
400 0.000193736478
416.666667 4.1014773e-05
433.333333 4.36544222e-06
450 0.000102982077
466.666667 0.000287490423
483.333333 0.000464911879
500 0.000545715482
516.666667 0.00048911174
533.333333 0.000323673141
550 0.000132890136
566.666667 1.30144608e-05
583.333333 2.45179871e-05
600 0.000161661319
616.666667 0.000355467042
633.333333 0.000508517333
650 0.000543979397
666.666667 0.000444164377
683.333333 0.0002592753
700 8.20486563e-05
716.666667 1.13453286e-06
733.333333 5.66765378e-05
750 0.000220351965
766.666667 0.000409778339
783.333333 0.000529934158
800 0.000520748809
816.666667 0.000387023106
833.333333 0.000195789142
850 4.25678952e-05
866.666667 3.52339365e-06
883.333333 9.74825045e-05
900 0.000276752876
916.666667 0.000451204451
933.333333 0.000533451066
950 0.000482486751
966.666667 0.000323996948
983.333333 0.000137294073
1000 1.55221154e-05
1016.66667 1.90898643e-05
1033.33333 0.000145601051
1050 0.000331240127
1066.66667 0.000482828485
1083.33333 0.000524461714
1100 0.000435403633
1116.66667 0.000260333064
1133.33333 8.68819667e-05
1150 1.7444374e-06
1166.66667 4.73191969e-05
1183.33333 0.000200552303
1200 0.000384533034
1216.66667 0.000507021332
1233.33333 0.000506627799
1250 0.000383546244
1266.66667 0.000199462404
1283.33333 4.66750569e-05
1300 1.86876244e-06
1316.66667 8.7670737e-05
1333.33333 0.000261252108
1350 0.000435717377
1366.66667 0.000523613145
1383.33333 0.000480787941
1400 0.000328617665
1416.66667 0.000143409046
1433.33333 1.82237992e-05
1450 1.62091037e-05
1466.66667 0.000138828854
1483.33333 0.000324976206
1500 0.000481494844
1516.66667 0.000529872622
1533.33333 0.000445707728
1550 0.000271107504
1566.66667 9.37149142e-05
1583.33333 2.80259777e-06
1600 4.44274489e-05
1616.66667 0.000198176763
1633.33333 0.000387252641
1650 0.000516918574
1666.66667 0.000522059961
1683.33333 0.000399974253
1700 0.000211868374
1716.66667 5.22340996e-05
1733.33333 1.4248141e-06
1750 8.52429422e-05
1766.66667 0.000261875128
1783.33333 0.000442798935
1800 0.000537208285
1816.66667 0.000497653498
1833.33333 0.000343942821
1850 0.000153254064
1866.66667 2.13893163e-05
1883.33333 1.46309683e-05
1900 0.000136406735
1916.66667 0.000325541671
1933.33333 0.000486994206
1950 0.000539629523
1966.66667 0.000457005411
1983.33333 0.000280655734
2000 9.91918504e-05
2016.66667 3.73947427e-06
2033.33333 4.21309042e-05
2050 0.000194890253
2066.66667 0.000385075359
2083.33333 0.000517003081
2100 0.000524361849
2116.66667 0.000403511874
2133.33333 0.000215246272
2150 5.41632348e-05
2166.66667 1.08445421e-06
2183.33333 8.24578899e-05
2200 0.000257139259
2216.66667 0.00043715651
2233.33333 0.000531973717
2250 0.000493979371
2266.66667 0.000342344937
2283.33333 0.000153302958
2300 2.17807493e-05
2316.66667 1.37025458e-05
2333.33333 0.000132925214
2350 0.000319384256
2366.66667 0.000479331209
2383.33333 0.000532435389
2400 0.000452086125
2416.66667 0.000278683353
2433.33333 9.92889684e-05
2450 3.89523908e-06
2466.66667 4.02770281e-05
2483.33333 0.000190070641
2500 0.000378045831
2516.66667 0.000509880739
2533.33333 0.000519469789
2550 0.00040204225
2566.66667 0.000216509237
2583.33333 5.58941407e-05
2600 6.92085045e-07
2616.66667 7.85396923e-05
2633.33333 0.000250393229
2650 0.000430119182
2666.66667 0.000527663225
2683.33333 0.000494163667
2700 0.000346415608
2716.66667 0.000158443667
2733.33333 2.44151252e-05
2750 1.14727759e-05
2766.66667 0.000126108146
2783.33333 0.000310911496
2800 0.000473323992
2816.66667 0.000531994317
2833.33333 0.000457526819
2850 0.000287213878
2866.66667 0.000106368719
2883.33333 5.59916287e-06
2900 3.54156368e-05
2916.66667 0.000180911098
2933.33333 0.000369207151
2950 0.000505952438
2966.66667 0.000522600596
2983.33333 0.000410780636
3000 0.000226523763
3016.66667 6.22059326e-05
3033.33333 2.48253001e-07
3050 7.17766884e-05
3066.66667 0.000240977844
3083.33333 0.000423020643
3100 0.000526584306
3116.66667 0.000499678166
3133.33333 0.000355763338
3150 0.000167045976
3166.66667 2.82747983e-05
3183.33333 9.1872327e-06
3200 0.000119469892
3216.66667 0.000303843528
3233.33333 0.000469773864
3250 0.000533923941
3266.66667 0.000464031046
3283.33333 0.000295161987
3300 0.000112150472
3316.66667 7.00669668e-06
3333.33333 3.26791586e-05
3350 0.000176406882
3366.66667 0.000366077725
3383.33333 0.000506428926
3400 0.000526918249
3416.66667 0.000417207555
3433.33333 0.000232406433
3450 6.5413743e-05
3466.66667 2.38379829e-07
3483.33333 6.9757015e-05
3500 0.000239152857
3516.66667 0.000423379343
3533.33333 0.000529887367
3550 0.000505145568
3566.66667 0.000361565573
3583.33333 0.00017128761
3600 2.99403266e-05
3616.66667 8.58570967e-06
3633.33333 0.000118003037
3650 0.000303265065
3666.66667 0.000471332917
3683.33333 0.000537799913
3700 0.00046929289
3716.66667 0.000300227283
3733.33333 0.000115505689
3750 7.86378115e-06
3766.66667 3.12997773e-05
3783.33333 0.000173979122
3800 0.000364209858
3816.66667 0.000506466592
3833.33333 0.000529354674
3850 0.000421426285
3866.66667 0.000236880294
3883.33333 6.83121541e-05
3900 2.20754511e-07
3916.66667 6.66218582e-05
3933.33333 0.00023403142
3950 0.00041832881
3966.66667 0.000527002871
3983.33333 0.000505560943
4000 0.000364818806
4016.66667 0.000175407278
4033.33333 3.22889667e-05
4050 7.11373369e-06
4066.66667 0.000112317027
4083.33333 0.000294948004
4100 0.000463287469
4116.66667 0.000532873998
4133.33333 0.000468843351
4150 0.000303360662
4166.66667 0.000119432833
4183.33333 9.24866945e-06
4200 2.79528267e-05
4216.66667 0.000166028129
4233.33333 0.000354113856
4250 0.000497819976
4266.66667 0.000525066142
4283.33333 0.000422209417
4300 0.000240858253
4316.66667 7.1971428e-05
4333.33333 2.38460287e-07
4350 6.16157531e-05
4366.66667 0.00022530418
4383.33333 0.000409198634
4400 0.000521061505
4416.66667 0.000504778141
4433.33333 0.000368504164
4450 0.00018058937
4466.66667 3.53145003e-05
4483.33333 5.61216701e-06
4500 0.000106475224
4516.66667 0.000287407423
4533.33333 0.000457717502
4550 0.000531989962
4566.66667 0.000472938892
4583.33333 0.000310147684
4600 0.000125276114
4616.66667 1.11289735e-05
4633.33333 2.50990518e-05
4650 0.000160338208
4666.66667 0.00034913774
4683.33333 0.000496852157
4700 0.00052937224
4716.66667 0.000430336336
4733.33333 0.000249394017
4750 7.7345529e-05
4766.66667 6.02505516e-07
4783.33333 5.78089538e-05
4800 0.000220401244
4816.66667 0.000406890086
4833.33333 0.000523726308
4850 0.000512256754
4866.66667 0.00037819812
4883.33333 0.000188812964
4900 3.9178737e-05
4916.66667 4.46474317e-06
4933.33333 0.000102174253
4950 0.000283323071
4966.66667 0.000457004965
4983.33333 0.000536025802
5000 0.000480695705
5016.66667 0.000318779804
5033.33333 0.000131573952
5050 1.30863194e-05
5066.66667 2.28216282e-05
5083.33333 0.000155887068
5100 0.000345443263
5116.66667 0.000496275243
5133.33333 0.000532620995
5150 0.000436228513
5166.66667 0.00025552007
5183.33333 8.12599481e-05
5200 9.53261881e-07
5216.66667 5.48895871e-05
5233.33333 0.000215915488
5250 0.000403093148
5266.66667 0.000522374059
5283.33333 0.000513845663
5300 0.000381813489
5316.66667 0.00019261373
5333.33333 4.12687955e-05
5350 3.74929362e-06
5366.66667 9.8827449e-05
5383.33333 0.000278676281
5400 0.000452920136
5416.66667 0.000534039352
5433.33333 0.000481315816
5450 0.000321253908
5466.66667 0.000134238421
5483.33333 1.41496782e-05
5500 2.12275848e-05
5516.66667 0.00015185046
5533.33333 0.000340386536
5550 0.000492167183
5566.66667 0.00053101283
5583.33333 0.000437452294
5600 0.000258464199
5616.66667 8.38719288e-05
5633.33333 1.25682208e-06
5650 5.20217653e-05
5666.66667 0.000210643751
5683.33333 0.00039750729
5700 0.000518861496
5716.66667 0.000513845811
5733.33333 0.00038499802
5750 0.00019695576
5766.66667 4.40196649e-05
5783.33333 2.85756077e-06
5800 9.40692919e-05
5816.66667 0.000271877194
5833.33333 0.000447098445
5850 0.000531869755
5866.66667 0.000483696281
5883.33333 0.000326744153
5900 0.000139710226
5916.66667 1.63586058e-05
5933.33333 1.85120569e-05
5950 0.000145063701
5966.66667 0.000332539992
5983.33333 0.000486928876
6000 0.000530815304
6016.66667 0.000442194074
6033.33333 0.00026550231
6050 8.93395687e-05
6066.66667 2.04349068e-06
6083.33333 4.73924157e-05
6100 0.000202646487
6116.66667 0.000389942783
6133.33333 0.000515337773
6150 0.000515924277
6166.66667 0.000391393941
6183.33333 0.000204208601
6200 4.82826154e-05
6216.66667 1.87398709e-06
6233.33333 8.83118668e-05
6250 0.000264268909
6266.66667 0.000441477306
6283.33333 0.000531008869
6300 0.000487909229
6316.66667 0.000333784157
6333.33333 0.000145987349
6350 1.881618e-05
6366.66667 1.61779275e-05
6383.33333 0.000139485305
6400 0.000326911165
6416.66667 0.000484398089
6433.33333 0.000532872888
6450 0.000447966374
6466.66667 0.000272284955
6483.33333 9.40516918e-05
6500 2.8217937e-06
6516.66667 4.45010668e-05
6533.33333 0.000198261829
6550 0.000386966427
6566.66667 0.000515883218
6583.33333 0.000520262807
6600 0.000397878792
6616.66667 0.000210176887
6633.33333 5.14386348e-05
6650 1.43563459e-06
6666.66667 8.5352551e-05
6683.33333 0.000261115922
6700 0.000440504864
6716.66667 0.000533449665
6733.33333 0.000493271167
6750 0.000340135222
6766.66667 0.000150935865
6783.33333 2.06840371e-05
6800 1.47935463e-05
6816.66667 0.000136229813
6833.33333 0.000324021429
6850 0.000483880509
6866.66667 0.000535550418
6883.33333 0.000453100522
6900 0.000277934496
6916.66667 9.79869728e-05
6933.33333 3.56438578e-06
6950 4.2010022e-05
6966.66667 0.000193954843
6983.33333 0.000383067699
7000 0.000514394378
7016.66667 0.000522025346
7033.33333 0.000402160064
7050 0.000214980512
7066.66667 5.44126609e-05
7083.33333 9.72270903e-07
7100 8.13703306e-05
7116.66667 0.000255144309
7133.33333 0.000435004674
7150 0.000530663365
7166.66667 0.000494136499
7183.33333 0.000343790794
7200 0.000155085149
7216.66667 2.26764096e-05
7233.33333 1.29200883e-05
7250 0.000130600513
7266.66667 0.000316569336
7283.33333 0.000477455732
7300 0.00053252452
7316.66667 0.000454168206
7333.33333 0.000281727526
7350 0.000101724489
7366.66667 4.4405548e-06
7383.33333 3.86297573e-05
7400 0.00018708012
7416.66667 0.000375270424
7433.33333 0.000508767447
7450 0.000520598273
7466.66667 0.000404837096
7483.33333 0.000219566407
7500 5.77344602e-05
7516.66667 5.2979459e-07
7533.33333 7.66580072e-05
7550 0.000247943289
7566.66667 0.000428474799
7583.33333 0.00052769603
7600 0.000495828198
7616.66667 0.000348846573
7633.33333 0.000160480036
7650 2.52401088e-05
7666.66667 1.10159482e-05
7683.33333 0.000125009645
7700 0.000310102535
7716.66667 0.000473485867
7733.33333 0.000533206553
7750 0.000459286395
7766.66667 0.000288784745
7783.33333 0.00010723574
7800 5.75616792e-06
7816.66667 3.53308441e-05
7833.33333 0.000181210492
7850 0.000370279237
7866.66667 0.000507713555
7883.33333 0.000524554158
7900 0.000412324597
7916.66667 0.000227315763
7933.33333 6.23681477e-05
7950 2.94961645e-07
7966.66667 7.23130967e-05
7983.33333 0.000242350031
8000 0.000425118853
8016.66667 0.000528906863
8033.33333 0.000501610834
8050 0.000356909293
8066.66667 0.000167421544
8083.33333 2.82718036e-05
8100 9.33898757e-06
8116.66667 0.000120163597
8133.33333 0.000305138975
8150 0.000471413919
8166.66667 0.00053550677
8183.33333 0.000465227901
8200 0.000295854976
8216.66667 0.000112429731
8233.33333 7.0587318e-06
8250 3.26582287e-05
8266.66667 0.000176374751
8283.33333 0.000366034934
8300 0.000506389571
8316.66667 0.000526950256
8333.33333 0.000417391724
8350 0.000232737077
8366.66667 6.57209127e-05
8383.33333 2.12445147e-07
8400 6.90941465e-05
8416.66667 0.000237752113
8433.33333 0.000421467795
8450 0.000527971603
8466.66667 0.000503782159
8483.33333 0.000361057529
8500 0.000171477437
8516.66667 3.02364641e-05
8533.33333 8.2377031e-06
8550 0.000116496403
8566.66667 0.00030062408
8583.33333 0.000468152999
8600 0.000534970634
8616.66667 0.00046754442
8633.33333 0.000299740213
8650 0.000115801495
8666.66667 8.04704814e-06
8683.33333 3.05311598e-05
8700 0.000171926728
8716.66667 0.000361232372
8733.33333 0.000503424649
8750 0.000527150533
8766.66667 0.00042052276
8783.33333 0.000237062755
8800 6.88233745e-05
8816.66667 1.91433347e-07
8833.33333 6.55554247e-05
8850 0.000232072742
8866.66667 0.000416169193
8883.33333 0.000525479137
8900 0.000505178404
8916.66667 0.000365469368
8933.33333 0.000176441426
8950 3.2898169e-05
8966.66667 6.80275342e-06
8983.33333 0.00011119457
9000 0.000293667987
9016.66667 0.000462672947
9033.33333 0.000533437762
9050 0.000470479753
9066.66667 0.000305387641
9083.33333 0.000120965168
9100 9.69509474e-06
9116.66667 2.73573513e-05
9133.33333 0.000165060853
9150 0.000353711341
9166.66667 0.000498670859
9183.33333 0.000527224905
9200 0.000425051747
9216.66667 0.000243404225
9233.33333 7.34018417e-05
9250 3.25527121e-07
9266.66667 6.08378954e-05
9283.33333 0.000224587241
9300 0.000409426465
9316.66667 0.000522618511
9333.33333 0.000507362632
9350 0.000371301194
9366.66667 0.000182699915
9383.33333 3.62082519e-05
9400 5.37004408e-06
9416.66667 0.000105709394
9433.33333 0.000286920056
9450 0.000458090024
9466.66667 0.000533316159
9483.33333 0.00047482423
9500 0.000311950172
9516.66667 0.000126443061
9533.33333 1.14502564e-05
9550 2.47604403e-05
9566.66667 0.000159774516
9583.33333 0.000348787745
9600 0.000496952815
9616.66667 0.000529888227
9633.33333 0.000431035181
9650 0.00024999977
9666.66667 7.76760355e-05
9683.33333 6.24264858e-07
9700 5.76032986e-05
9716.66667 0.000220086251
9733.33333 0.00040655604
9750 0.000523417505
9766.66667 0.000511992059
9783.33333 0.000377996576
9800 0.00018869496
9816.66667 3.9140828e-05
9833.33333 4.45395374e-06
9850 0.000102093374
9866.66667 0.000283076742
9883.33333 0.000456562782
9900 0.000535458573
9916.66667 0.000480151591
9933.33333 0.000318404516
9950 0.000131419617
9966.66667 1.30686794e-05
9983.33333 2.27609964e-05
10000 0.000155616887
