0 5.08565876e-34
16.6666667 6.6332384e-05
33.3333333 0.000230627524
50 0.000406920142
66.6666667 0.000502929337
83.3333333 0.00046833501
100 0.000321157644
116.666667 0.000138439105
133.333333 1.60564149e-05
150 1.86229699e-05
166.666667 0.000145628282
183.333333 0.000331521849
200 0.000479757355
216.666667 0.000513099114
233.333333 0.000413987342
250 0.000233899958
266.666667 6.67662533e-05
283.333333 1.968567e-07
300 6.98603223e-05
316.666667 0.000240740231
333.333333 0.000425072096
350 0.000527721878
366.666667 0.000495511195
383.333333 0.000344917016
400 0.000153753352
416.666667 2.10838249e-05
433.333333 1.60605894e-05
450 0.000142126174
466.666667 0.000335087594
483.333333 0.000496084657
500 0.000542467791
516.666667 0.000450368862
533.333333 0.000267039938
550 8.66160153e-05
566.666667 1.78284038e-06
583.333333 5.62049418e-05
600 0.000222142726
616.666667 0.000414712573
633.333333 0.000535419116
650 0.000522594236
666.666667 0.000382892256
683.333333 0.000187762723
700 3.67966761e-05
716.666667 6.78451014e-06
733.333333 0.000112567188
750 0.00029964303
766.666667 0.000472195485
783.333333 0.000542105719
800 0.000473860568
816.666667 0.000302464904
833.333333 0.000115334178
850 7.54809754e-06
866.666667 3.33831838e-05
883.333333 0.000178835255
900 0.000369037621
916.666667 0.000506644149
933.333333 0.000521496209
950 0.000406236467
966.666667 0.00021979963
983.333333 5.71395968e-05
1000 7.42178209e-07
1016.66667 7.86751852e-05
1033.33333 0.000250499615
1050 0.000428105801
1066.66667 0.000520743387
1083.33333 0.000481245233
1100 0.00032991814
1116.66667 0.000144011815
1133.33333 1.82255404e-05
1150 1.64298724e-05
1166.66667 0.000139196335
1183.33333 0.000323626234
1200 0.000475501001
1216.66667 0.000517331587
1233.33333 0.000427822718
1250 0.00025267211
1266.66667 8.12363407e-05
1283.33333 9.71575655e-07
1300 5.28604257e-05
1316.66667 0.000210522875
1333.33333 0.000393646985
1350 0.000508902685
1366.66667 0.000497507761
1383.33333 0.000365219522
1400 0.000179460676
1416.66667 3.50143575e-05
1433.33333 5.73427044e-06
1450 0.000106860155
1466.66667 0.000287157948
1483.33333 0.000454935362
1500 0.000524727171
1516.66667 0.000460887153
1533.33333 0.00029585679
1550 0.000113747548
1566.66667 7.54011986e-06
1583.33333 3.16750548e-05
1600 0.000174206631
1616.66667 0.000362766201
1633.33333 0.000501364999
1650 0.000519324209
1666.66667 0.000407388535
1683.33333 0.000222563802
1700 5.91424211e-05
1716.66667 6.37877711e-07
1733.33333 7.71312604e-05
1750 0.000249823408
1766.66667 0.000430737208
1783.33333 0.000527573708
1800 0.000490851679
1816.66667 0.00033924642
1833.33333 0.000150138999
1850 2.01473732e-05
1866.66667 1.57682488e-05
1883.33333 0.000139351774
1900 0.000327832382
1916.66667 0.000484911668
1933.33333 0.000530275761
1950 0.000440688909
1966.66667 0.00026192675
1983.33333 8.54092856e-05
2000 1.45517188e-06
2016.66667 5.30611921e-05
2033.33333 0.00021386815
2050 0.000401614479
2066.66667 0.000520217406
2083.33333 0.000508955325
2100 0.000373571363
2116.66667 0.000183359456
2133.33333 3.5707132e-05
2150 6.23833959e-06
2166.66667 0.000110083989
2183.33333 0.000294118711
2200 0.000464148348
2216.66667 0.000533132734
2233.33333 0.000465752309
2250 0.000296496801
2266.66667 0.000112012808
2283.33333 6.74933504e-06
2300 3.46115403e-05
2316.66667 0.000181372615
2333.33333 0.000371960784
2350 0.000508882298
2366.66667 0.000522107063
2383.33333 0.000404886844
2400 0.000217187697
2416.66667 5.49980445e-05
2433.33333 1.23047422e-06
2450 8.33373658e-05
2466.66667 0.000259306672
2483.33333 0.00043917471
2500 0.00053102977
2516.66667 0.000487973909
2533.33333 0.000332045957
2550 0.000142907553
2566.66667 1.71096782e-05
2583.33333 1.87767371e-05
2600 0.000146901216
2616.66667 0.000335926598
2633.33333 0.000489278328
2650 0.000528684505
2666.66667 0.000434094125
2683.33333 0.00025383632
2700 7.98791441e-05
2716.66667 8.59953242e-07
2733.33333 5.68791372e-05
2750 0.000219112444
2766.66667 0.00040460362
2783.33333 0.000518642284
2800 0.000503077149
2816.66667 0.000365921086
2833.33333 0.000177179547
2850 3.30759009e-05
2866.66667 6.95534518e-06
2883.33333 0.000111914873
2900 0.000294196098
2916.66667 0.000460672215
2933.33333 0.000526377129
2950 0.000457824588
2966.66667 0.000290037065
2983.33333 0.000108627361
3000 6.09821477e-06
3016.66667 3.46603366e-05
3033.33333 0.000179627696
3050 0.000366943183
3066.66667 0.000500980116
3083.33333 0.000513330983
3100 0.000397699593
3116.66667 0.000213104878
3133.33333 5.37658925e-05
3150 1.02873055e-06
3166.66667 8.18552587e-05
3183.33333 0.000255050581
3200 0.000432263031
3216.66667 0.000523055603
3233.33333 0.000481063371
3250 0.000327685248
3266.66667 0.00014120611
3283.33333 1.68760357e-05
3300 1.82980391e-05
3316.66667 0.000144928615
3333.33333 0.000332294868
3350 0.000484849476
3366.66667 0.000524724616
3383.33333 0.000431511224
3400 0.000252743196
3416.66667 7.96991995e-05
3433.33333 8.37380809e-07
3450 5.66155489e-05
3466.66667 0.000218772265
3483.33333 0.000404681288
3500 0.000519491335
3516.66667 0.000504560645
3533.33333 0.000367451921
3550 0.000178141421
3566.66667 3.33379081e-05
3583.33333 7.10404143e-06
3600 0.000112994966
3616.66667 0.000297074232
3633.33333 0.000465410133
3650 0.000532036911
3666.66667 0.000462889348
3683.33333 0.000293251051
3700 0.000109773166
3716.66667 6.22397861e-06
3733.33333 3.55686409e-05
3750 0.00018287455
3766.66667 0.000372909708
3783.33333 0.000508572167
3800 0.000520519982
3816.66667 0.000402630473
3833.33333 0.000215149566
3850 5.39066e-05
3866.66667 1.32496569e-06
3883.33333 8.42762787e-05
3900 0.000260334337
3916.66667 0.000439465272
3933.33333 0.000530066354
3950 0.000485809372
3966.66667 0.000329330048
3983.33333 0.000140646807
4000 1.62334289e-05
4016.66667 1.96806531e-05
4033.33333 0.000149182268
4050 0.000338472174
4066.66667 0.000490726369
4083.33333 0.000528083545
4100 0.000431454748
4116.66667 0.000250266999
4133.33333 7.71688846e-05
4150 6.45557964e-07
4166.66667 5.97807018e-05
4183.33333 0.000224293715
4200 0.000410045966
4216.66667 0.000522071364
4233.33333 0.000503120813
4250 0.000362905111
4266.66667 0.000173101928
4283.33333 3.06991979e-05
4300 8.42600379e-06
4316.66667 0.000117606439
4333.33333 0.000302405948
4350 0.000468387801
4366.66667 0.00053076894
4383.33333 0.000457714454
4400 0.000286564037
4416.66667 0.000104724813
4433.33333 5.01362047e-06
4450 3.82684894e-05
4466.66667 0.000187423332
4483.33333 0.000376262492
4500 0.000508359047
4516.66667 0.000516299818
4533.33333 0.000396068016
4550 0.000209050424
4566.66667 5.067089e-05
4583.33333 1.68042431e-06
4600 8.69687105e-05
4616.66667 0.000262903875
4633.33333 0.00043963713
4650 0.000526968283
4666.66667 0.000480359216
4683.33333 0.000323624744
4700 0.000136742901
4716.66667 1.5024914e-05
4733.33333 2.04881697e-05
4750 0.000150238989
4766.66667 0.000337982201
4783.33333 0.000487870518
4800 0.00052341318
4816.66667 0.000426490462
4833.33333 0.000246577113
4850 7.54797131e-05
4866.66667 4.8454297e-07
4883.33333 5.98219644e-05
4900 0.000223167239
4916.66667 0.000407123065
4933.33333 0.000517782369
4950 0.000498654091
4966.66667 0.000359497238
4983.33333 0.000171346991
5000 3.02653123e-05
5016.66667 8.30910439e-06
5033.33333 0.000116737861
5050 0.00030024496
5066.66667 0.000465169807
5083.33333 0.000527304143
5100 0.000454895911
5116.66667 0.000284891764
5133.33333 0.000104108624
5150 4.92582829e-06
5166.66667 3.81065871e-05
5183.33333 0.000186840426
5200 0.00037528004
5216.66667 0.000507239812
5233.33333 0.000515314338
5250 0.000395335501
5266.66667 0.000208553385
5283.33333 5.03983604e-05
5300 1.75354362e-06
5316.66667 8.76173573e-05
5333.33333 0.000264283649
5350 0.000441615536
5366.66667 0.00052906306
5383.33333 0.00048193088
5400 0.000324252726
5416.66667 0.00013656298
5433.33333 1.47853744e-05
5450 2.12259121e-05
5466.66667 0.000152710318
5483.33333 0.000342163617
5500 0.000492848472
5516.66667 0.000527784676
5533.33333 0.000429099803
5550 0.000247191373
5566.66667 7.50005592e-05
5583.33333 5.29867068e-07
5600 6.18660055e-05
5616.66667 0.000227700029
5633.33333 0.000413311724
5650 0.000523858471
5666.66667 0.000502847104
5683.33333 0.000361011453
5700 0.000170830291
5716.66667 2.94840655e-05
5733.33333 9.18467556e-06
5750 0.000120269309
5766.66667 0.000305924275
5783.33333 0.000471233705
5800 0.000531699741
5816.66667 0.000456428332
5833.33333 0.000283906009
5850 0.000102309525
5866.66667 4.42308543e-06
5883.33333 4.02152383e-05
5900 0.000191316133
5916.66667 0.000380432358
5933.33333 0.000510873238
5950 0.000515973856
5966.66667 0.000393151173
5983.33333 0.000205195803
6000 4.81555297e-05
6016.66667 2.23989135e-06
6033.33333 9.08423616e-05
6050 0.00026861418
6066.66667 0.000444667275
6083.33333 0.000529031592
6100 0.000478618904
6116.66667 0.000319212342
6133.33333 0.000132262841
6150 1.3257627e-05
6166.66667 2.29415822e-05
6183.33333 0.000156308608
6200 0.000345188583
6216.66667 0.000493089007
6233.33333 0.000524481041
6250 0.000423356021
6266.66667 0.000241372901
6283.33333 7.14544082e-05
6300 3.30601159e-07
6316.66667 6.42667169e-05
6333.33333 0.000230571973
6350 0.000414313777
6366.66667 0.000521688346
6383.33333 0.000497899612
6400 0.00035510992
6416.66667 0.000166208435
6433.33333 2.75929349e-05
6450 9.97013379e-06
6466.66667 0.000122283988
6483.33333 0.000307171918
6500 0.000470255182
6516.66667 0.00052830669
6533.33333 0.000451714136
6550 0.000279575345
6566.66667 9.97320935e-05
6583.33333 3.93839362e-06
6600 4.10424742e-05
6616.66667 0.000192069842
6633.33333 0.000379916585
6650 0.000508702073
6666.66667 0.000512698377
6683.33333 0.000389869268
6700 0.000202905618
6716.66667 4.7229324e-05
6733.33333 2.29291988e-06
6750 9.10272122e-05
6766.66667 0.000268133728
6783.33333 0.000443200962
6800 0.000526851482
6816.66667 0.000476369498
6833.33333 0.000317517618
6850 0.000131399018
6866.66667 1.30613717e-05
6883.33333 2.29677144e-05
6900 0.000156109734
6916.66667 0.000344541973
6933.33333 0.000492057677
6950 0.000523313326
6966.66667 0.000422320839
6983.33333 0.000240642319
7000 7.10848944e-05
7016.66667 3.12230268e-07
7033.33333 6.4567298e-05
7050 0.00023112746
7066.66667 0.000414982478
7083.33333 0.000522237535
7100 0.000498083173
7116.66667 0.000354825008
7133.33333 0.000165637331
7150 2.72091735e-05
7166.66667 1.03498802e-05
7183.33333 0.000123787869
7200 0.000309671744
7216.66667 0.000473093876
7233.33333 0.000530569985
7250 0.000452709854
7266.66667 0.000279267121
7283.33333 9.88598449e-05
7300 3.70657232e-06
7316.66667 4.24990965e-05
7333.33333 0.000195498295
7350 0.000384592745
7366.66667 0.000513194781
7383.33333 0.000515594792
7400 0.000390551452
7416.66667 0.000201943924
7433.33333 4.61427335e-05
7450 2.76777282e-06
7466.66667 9.39977989e-05
7483.33333 0.000273230037
7500 0.000448889895
7516.66667 0.000531225033
7533.33333 0.000478169085
7550 0.00031683507
7566.66667 0.000129654734
7583.33333 1.22502815e-05
7600 2.4571665e-05
7616.66667 0.000160271473
7633.33333 0.000349964222
7650 0.000496696478
7666.66667 0.000525493425
7683.33333 0.000421659308
7700 0.000238264564
7716.66667 6.90052521e-05
7733.33333 3.16303834e-07
7750 6.72149014e-05
7766.66667 0.000235433339
7783.33333 0.000418957655
7800 0.000523994267
7816.66667 0.000496889396
7833.33333 0.000351518747
7850 0.00016216631
7866.66667 2.55487086e-05
7883.33333 1.14004867e-05
7900 0.000126867489
7916.66667 0.000312887632
7933.33333 0.000474389796
7950 0.000528868372
7966.66667 0.000448515562
7983.33333 0.000274398216
8000 9.54545832e-05
8016.66667 3.05501925e-06
8033.33333 4.43420816e-05
8050 0.000198175599
8066.66667 0.000385953671
8083.33333 0.000511767974
8100 0.00051137862
8116.66667 0.000385001726
8133.33333 0.000197178464
8150 4.38059939e-05
8166.66667 3.17274879e-06
8183.33333 9.59979319e-05
8200 0.000274869117
8216.66667 0.000448459445
8233.33333 0.000528153291
8250 0.000473277017
8266.66667 0.000311850711
8283.33333 0.000126275968
8300 1.12715537e-05
8316.66667 2.55294845e-05
8333.33333 0.000161764118
8350 0.000350436326
8366.66667 0.000495248041
8383.33333 0.000522290317
8400 0.000417762497
8416.66667 0.000235014072
8433.33333 6.73165027e-05
8450 2.60649714e-07
8466.66667 6.80730164e-05
8483.33333 0.000236144964
8500 0.000418692997
8516.66667 0.000522539839
8533.33333 0.000494673823
8550 0.000349312576
8566.66667 0.00016065387
8583.33333 2.50077641e-05
8600 1.16339798e-05
8616.66667 0.000127378705
8633.33333 0.000313167381
8650 0.000474152517
8666.66667 0.000528134068
8683.33333 0.000447535452
8700 0.000273499781
8716.66667 9.48985702e-05
8733.33333 2.95952249e-06
8750 4.46751479e-05
8766.66667 0.000198786762
8783.33333 0.000386619353
8800 0.000512248254
8816.66667 0.000511493627
8833.33333 0.000384719172
8850 0.000196672156
8866.66667 4.34306391e-05
8883.33333 3.32844596e-06
8900 9.69235431e-05
8916.66667 0.000276468348
8933.33333 0.000450277229
8950 0.000529557448
8966.66667 0.000473784121
8983.33333 0.000311430875
9000 0.000125449685
9016.66667 1.09029582e-05
9033.33333 2.63869532e-05
9050 0.00016406982
9066.66667 0.000353665991
9083.33333 0.000498331006
9100 0.000524144939
9116.66667 0.000417899042
9133.33333 0.000233868017
9150 6.60949089e-05
9166.66667 3.41816754e-07
9183.33333 7.02580301e-05
9200 0.000240169404
9216.66667 0.000423292528
9233.33333 0.000526073095
9250 0.000495993227
9266.66667 0.000348415038
9283.33333 0.000158738465
9300 2.38773738e-05
9316.66667 1.27392942e-05
9333.33333 0.000131015156
9350 0.000318272513
9366.66667 0.00047883665
9383.33333 0.000530676986
9400 0.000447316551
9416.66667 0.000271350809
9433.33333 9.26731321e-05
9450 2.53977849e-06
9466.66667 4.69497197e-05
9483.33333 0.000203158471
9500 0.000391318061
9516.66667 0.000515284914
9533.33333 0.000511737764
9550 0.000382510388
9566.66667 0.000193629152
9583.33333 4.15612446e-05
9600 3.92887149e-06
9616.66667 9.98713863e-05
9633.33333 0.000280296808
9650 0.000452987136
9666.66667 0.000529717478
9683.33333 0.000471312545
9700 0.000307630515
9716.66667 0.000122281594
9733.33333 9.90374091e-06
9750 2.78279725e-05
9766.66667 0.000166818633
9783.33333 0.000355820078
9800 0.000498268735
9816.66667 0.00052141335
9833.33333 0.000413454105
9850 0.000229543576
9866.66667 6.3599865e-05
9883.33333 3.38126099e-07
9900 7.20191469e-05
9916.66667 0.000241994517
9933.33333 0.00042343874
9950 0.000523692585
9966.66667 0.000491571629
9983.33333 0.00034348843
10000 0.00015505955
