0 9.75002034e-34
16.6666667 6.62920277e-05
33.3333333 0.000230049875
50 0.000404505528
66.6666667 0.000497175336
83.3333333 0.00045885427
100 0.000309752615
116.666667 0.000128923271
133.333333 1.25222998e-05
150 2.29281409e-05
166.666667 0.000155608283
183.333333 0.000341287848
200 0.000482356841
216.666667 0.000504368622
233.333333 0.000395474763
250 0.000212947003
266.666667 5.3249059e-05
283.333333 1.32909896e-06
300 8.5790451e-05
316.666667 0.000263567196
333.333333 0.000442259654
350 0.000528495894
366.666667 0.000476978414
383.333333 0.0003144593
400 0.000125994145
416.666667 1.058776e-05
433.333333 2.9402384e-05
450 0.0001736325
466.666667 0.000368893798
483.333333 0.00051389345
500 0.000533226596
516.666667 0.000416750138
533.333333 0.000224978837
550 5.76696758e-05
566.666667 1.95173596e-06
583.333333 8.70101383e-05
600 0.0002689035
616.666667 0.000453392855
633.333333 0.00054488233
650 0.000496016811
666.666667 0.000332184162
683.333333 0.000138250964
700 1.44891595e-05
716.666667 2.46157257e-05
733.333333 0.000162894672
750 0.000357291368
766.666667 0.00050693688
783.333333 0.000534396222
800 0.000425638668
816.666667 0.000237073298
833.333333 6.61332069e-05
850 7.6130689e-07
866.666667 7.3999222e-05
883.333333 0.000247133429
900 0.000429991809
916.666667 0.000527746978
933.333333 0.000489931831
950 0.000336334789
966.666667 0.000146494696
983.333333 1.83728397e-05
1000 1.76738538e-05
1016.66667 0.000144026039
1033.33333 0.000331419159
1050 0.000482541829
1066.66667 0.000519162229
1083.33333 0.00042248217
1100 0.000242664944
1116.66667 7.27198684e-05
1133.33333 3.3709949e-07
1150 6.2601517e-05
1166.66667 0.000226953795
1183.33333 0.000408157646
1200 0.000512429009
1216.66667 0.000485891239
1233.33333 0.00034234026
1250 0.00015602888
1266.66667 2.32510203e-05
1283.33333 1.25940953e-05
1300 0.000129543222
1316.66667 0.000313685131
1333.33333 0.000469925491
1350 0.000517589532
1366.66667 0.000432064781
1383.33333 0.000257505647
1400 8.40524703e-05
1416.66667 1.31987725e-06
1433.33333 5.21465017e-05
1450 0.000210464452
1466.66667 0.000394712056
1483.33333 0.000509885859
1500 0.000496553872
1516.66667 0.000361549634
1533.33333 0.00017449908
1550 3.19449236e-05
1566.66667 7.55034509e-06
1583.33333 0.000114063021
1600 0.000296678685
1616.66667 0.000461262089
1633.33333 0.000522898212
1650 0.000449735784
1666.66667 0.000279483637
1683.33333 0.000100009393
1700 4.0143096e-06
1716.66667 4.11600926e-05
1733.33333 0.000192373074
1750 0.000379630282
1766.66667 0.000506218159
1783.33333 0.000506698783
1800 0.000380768694
1816.66667 0.000193482545
1833.33333 4.16788614e-05
1850 3.92521535e-06
1866.66667 9.98535039e-05
1883.33333 0.000279939471
1900 0.000451059846
1916.66667 0.00052465038
1933.33333 0.000462565626
1950 0.000296890178
1966.66667 0.000113402235
1983.33333 7.2011061e-06
2000 3.34457094e-05
2016.66667 0.000178722468
2033.33333 0.000367912103
2050 0.000503049534
2066.66667 0.000514080495
2083.33333 0.000395218007
2100 0.000208026325
2116.66667 4.95840914e-05
2133.33333 2.18621893e-06
2150 9.06442585e-05
2166.66667 0.000269342814
2183.33333 0.000445806957
2200 0.000528605434
2216.66667 0.00047477331
2233.33333 0.000312154095
2250 0.000125041307
2266.66667 1.05246182e-05
2283.33333 2.81518034e-05
2300 0.00016900952
2316.66667 0.000360278824
2333.33333 0.000502934693
2350 0.000523065186
2366.66667 0.000410206974
2383.33333 0.000222809919
2400 5.79787761e-05
2416.66667 1.16320156e-06
2433.33333 8.1870489e-05
2450 0.000258360239
2466.66667 0.000439259227
2483.33333 0.00053089653
2500 0.000485827467
2516.66667 0.000327401845
2533.33333 0.000137652502
2550 1.47912384e-05
2566.66667 2.23441017e-05
2583.33333 0.000156277815
2600 0.000347132589
2616.66667 0.000496031488
2633.33333 0.000525891484
2650 0.000421305259
2666.66667 0.000236455495
2683.33333 6.69977552e-05
2700 5.07912273e-07
2716.66667 7.11698888e-05
2733.33333 0.000242152267
2750 0.000424759351
2766.66667 0.000524396288
2783.33333 0.00048952456
2800 0.000338270826
2816.66667 0.000148952725
2833.33333 1.94758231e-05
2850 1.66539447e-05
2866.66667 0.000141686376
2883.33333 0.000329627394
2900 0.000483073137
2916.66667 0.000522591907
2933.33333 0.000427790297
2950 0.000247788927
2966.66667 7.57317838e-05
2983.33333 5.59130835e-07
3000 6.10119764e-05
3016.66667 0.000225648698
3033.33333 0.000409175091
3050 0.000516603187
3066.66667 0.000492378675
3083.33333 0.000349074768
3100 0.000160839816
3116.66667 2.50181357e-05
3133.33333 1.18086802e-05
3150 0.000127989765
3166.66667 0.000313447049
3183.33333 0.000472276766
3200 0.000522369847
3216.66667 0.000437844716
3233.33333 0.000262406821
3250 8.67450083e-05
3266.66667 1.65712018e-06
3283.33333 5.11303959e-05
3300 0.000209616867
3316.66667 0.000395238346
3333.33333 0.000512093146
3350 0.00049980553
3366.66667 0.000364720594
3383.33333 0.000176630205
3400 3.27206885e-05
3416.66667 7.36458267e-06
3433.33333 0.000113692414
3450 0.000296798478
3466.66667 0.000462096346
3483.33333 0.000524182225
3500 0.00045096571
3516.66667 0.000280264995
3533.33333 0.000100282769
3550 4.03883352e-06
3566.66667 4.12973474e-05
3583.33333 0.000192832159
3600 0.00038034126
3616.66667 0.000506902866
3633.33333 0.000507075532
3650 0.000380746595
3666.66667 0.000193218862
3683.33333 4.14703568e-05
3700 4.01401593e-06
3716.66667 0.000100278465
3733.33333 0.000280526414
3750 0.000451547747
3766.66667 0.000524861611
3783.33333 0.000462504807
3800 0.000296710936
3816.66667 0.000113274615
3833.33333 7.18019983e-06
3850 3.3438251e-05
3866.66667 0.000178575788
3883.33333 0.000367558912
3900 0.000502596247
3916.66667 0.000513760533
3933.33333 0.000395225527
3950 0.000208337966
3966.66667 4.99015609e-05
3983.33333 2.06664202e-06
4000 8.97638145e-05
4016.66667 0.000267738602
4033.33333 0.000443931975
4050 0.000527128993
4066.66667 0.000474213016
4083.33333 0.000312543465
4100 0.00012584096
4116.66667 1.08608745e-05
4133.33333 2.72784537e-05
4150 0.000166745129
4166.66667 0.000357163288
4183.33333 0.000499990739
4200 0.000521270174
4216.66667 0.000409954225
4233.33333 0.000223662583
4250 5.88706297e-05
4266.66667 9.56288544e-07
4283.33333 7.99747454e-05
4300 0.000255073673
4316.66667 0.000435631404
4333.33333 0.000528177805
4350 0.00048479839
4366.66667 0.000327949984
4383.33333 0.000138833072
4400 1.53430534e-05
4416.66667 2.13797879e-05
4433.33333 0.000153768635
4450 0.000343920322
4466.66667 0.000493361461
4483.33333 0.000524726523
4500 0.000421801506
4516.66667 0.00023788968
4533.33333 6.81828843e-05
4550 4.61935175e-07
4566.66667 6.96623382e-05
4583.33333 0.000239824687
4600 0.000422755894
4616.66667 0.000523715491
4633.33333 0.000490457872
4650 0.00034024222
4666.66667 0.000150846737
4683.33333 2.0267075e-05
4700 1.59835688e-05
4716.66667 0.00014006263
4733.33333 0.000328139814
4750 0.000482781779
4766.66667 0.000523933309
4783.33333 0.000430330355
4800 0.000250458243
4816.66667 7.74111131e-05
4833.33333 6.9054554e-07
4850 5.99002332e-05
4866.66667 0.000224290682
4883.33333 0.000408714946
4900 0.000517713124
4916.66667 0.000494900975
4933.33333 0.000352113303
4950 0.000163243565
4966.66667 2.59902329e-05
4983.33333 1.13142752e-05
5000 0.000126752368
5016.66667 0.000312547955
5033.33333 0.000472581453
5050 0.00052408794
5066.66667 0.000440447458
5083.33333 0.000264929027
5100 8.82967815e-05
5116.66667 1.87058084e-06
5133.33333 5.03154625e-05
5150 0.000208563526
5166.66667 0.000394788589
5183.33333 0.000512715672
5200 0.000501388552
5216.66667 0.000366671159
5233.33333 0.000178206055
5250 3.34092677e-05
5266.66667 7.11588722e-06
5283.33333 0.000112902971
5300 0.000296077428
5316.66667 0.000461949735
5333.33333 0.000524778226
5350 0.000452086799
5366.66667 0.000281450623
5383.33333 0.000101073697
5400 4.19578672e-06
5416.66667 4.08936815e-05
5433.33333 0.00019219105
5450 0.000379863239
5466.66667 0.000506873902
5483.33333 0.000507544004
5500 0.000381517241
5516.66667 0.000193956263
5533.33333 4.18588773e-05
5550 3.90193075e-06
5566.66667 9.97451014e-05
5583.33333 0.000279845211
5600 0.000451061437
5616.66667 0.000524822593
5633.33333 0.000462950692
5650 0.000297434153
5666.66667 0.000113907305
5683.33333 7.36393759e-06
5700 3.30040941e-05
5716.66667 0.000177646212
5733.33333 0.00036651164
5750 0.000501893182
5766.66667 0.000513715475
5783.33333 0.000395825545
5800 0.000209218606
5816.66667 5.05055052e-05
5833.33333 1.92019916e-06
5850 8.87349621e-05
5866.66667 0.000266136185
5883.33333 0.000442377965
5900 0.000526252607
5916.66667 0.000474316726
5933.33333 0.000313418982
5950 0.00012684592
5966.66667 1.12335053e-05
5983.33333 2.65363351e-05
6000 0.000164958104
6016.66667 0.000354945746
6033.33333 0.000498201878
6050 0.000520568862
6066.66667 0.000410441544
6083.33333 0.000224808657
6100 5.97767604e-05
6116.66667 8.23642319e-07
6133.33333 7.85340054e-05
6150 0.000252742822
6166.66667 0.000433308916
6183.33333 0.000526773538
6200 0.000484749318
6216.66667 0.000328981828
6233.33333 0.000140100901
6250 1.58807372e-05
6266.66667 2.06194015e-05
6283.33333 0.000151849533
6300 0.000341618408
6316.66667 0.000491673859
6333.33333 0.000524334615
6350 0.000422703214
6366.66667 0.000239401555
6383.33333 6.93121252e-05
6400 4.4678467e-07
6416.66667 6.83868389e-05
6433.33333 0.000237881623
6450 0.000421123375
6466.66667 0.000523223475
6483.33333 0.000491335659
6500 0.000341993671
6516.66667 0.000152520988
6533.33333 2.09766927e-05
6550 1.53874949e-05
6566.66667 0.000138551094
6583.33333 0.000326621347
6600 0.000482189123
6616.66667 0.000524717158
6633.33333 0.000432215161
6650 0.000252590902
6666.66667 7.88202011e-05
6683.33333 8.06849551e-07
6700 5.8858469e-05
6716.66667 0.000222852508
6733.33333 0.000407858116
6750 0.000518109621
6766.66667 0.000496563171
6783.33333 0.000354393577
6800 0.000165182098
6816.66667 2.68214312e-05
6833.33333 1.08622887e-05
6850 0.00012551045
6866.66667 0.000311407313
6883.33333 0.000472359748
6900 0.000525108147
6916.66667 0.000442384191
6933.33333 0.00026699368
6950 8.96548819e-05
6966.66667 2.06857404e-06
6983.33333 4.94975649e-05
7000 0.000207375783
7016.66667 0.000394031739
7033.33333 0.000512934058
7050 0.000502606484
7066.66667 0.000368403371
7083.33333 0.000179724042
7100 3.41170647e-05
7116.66667 6.84135962e-06
7133.33333 0.000111963233
7150 0.000295097477
7166.66667 0.000461537412
7183.33333 0.000525224152
7200 0.000453236196
7216.66667 0.000282801071
7233.33333 0.000102038995
7250 4.3982701e-06
7266.66667 4.03409175e-05
7283.33333 0.000191256541
7300 0.000379089515
7316.66667 0.000506700984
7333.33333 0.000508097343
7350 0.000382555145
7366.66667 0.00019499695
7383.33333 4.24210734e-05
7400 3.74080547e-06
7416.66667 9.8970171e-05
7433.33333 0.000278864855
7450 0.000450381792
7466.66667 0.000524798026
7483.33333 0.000463606544
7500 0.000298448882
7516.66667 0.000114765543
7533.33333 7.6091955e-06
7550 3.24691661e-05
7566.66667 0.000176546288
7583.33333 0.000365348738
7600 0.000501212331
7616.66667 0.000513829163
7633.33333 0.000396644505
7650 0.000210279981
7666.66667 5.1193576e-05
7683.33333 1.77596467e-06
7700 8.76996455e-05
7716.66667 0.000264599562
7733.33333 0.000440996719
7750 0.000525621725
7766.66667 0.000474657989
7783.33333 0.000314450051
7800 0.000127906995
7816.66667 1.16168098e-05
7833.33333 2.58542843e-05
7850 0.000163358099
7866.66667 0.000353052195
7883.33333 0.000496805399
7900 0.000520217444
7916.66667 0.000411146368
7933.33333 0.000226024128
7950 6.06739906e-05
7966.66667 7.21062909e-07
7983.33333 7.72608849e-05
8000 0.000250740786
8016.66667 0.000431411089
8033.33333 0.000525771574
8050 0.000484974527
8066.66667 0.000330124017
8083.33333 0.000141365826
8100 1.64075957e-05
8116.66667 1.99390616e-05
8133.33333 0.000150138883
8150 0.000339612116
8166.66667 0.000490276983
8183.33333 0.000524140774
8200 0.000423676011
8216.66667 0.000240891658
8233.33333 7.04032488e-05
8250 4.46717054e-07
8266.66667 6.72002455e-05
8283.33333 0.000236063462
8300 0.000419582773
8316.66667 0.000522736135
8333.33333 0.000492126634
8350 0.000343615278
8366.66667 0.000154092169
8383.33333 2.16556315e-05
8400 1.48235874e-05
8416.66667 0.000137073354
8433.33333 0.000325062088
8450 0.000481437787
8466.66667 0.000525243844
8483.33333 0.000433819098
8500 0.000254507805
8516.66667 8.01299206e-05
8533.33333 9.22568117e-07
8550 5.78364489e-05
8566.66667 0.000221358756
8583.33333 0.000406812096
8600 0.000518196467
8616.66667 0.000497873696
8633.33333 0.000356380865
8650 0.000166953925
8666.66667 2.7610424e-05
8683.33333 1.04245051e-05
8700 0.000124244636
8716.66667 0.000310137115
8733.33333 0.000471898565
8750 0.000525837415
8766.66667 0.000444063991
8783.33333 0.000268898785
8800 9.09582703e-05
8816.66667 2.2682455e-06
8833.33333 4.86655539e-05
8850 0.000206106111
8866.66667 0.000393122544
8883.33333 0.000512974562
8900 0.000503682852
8916.66667 0.000370069777
8933.33333 0.000181245073
8950 3.48492726e-05
8966.66667 6.55573979e-06
8983.33333 0.000110947458
9000 0.000293993931
9016.66667 0.000461007974
9033.33333 0.000525616506
9050 0.000454419189
9066.66667 0.0002842457
9083.33333 0.000103096023
9100 4.62711547e-06
9116.66667 3.97241788e-05
9133.33333 0.000190197031
9150 0.000378197971
9166.66667 0.000506485921
9183.33333 0.000508713412
9200 0.000383733082
9216.66667 0.000196185522
9233.33333 4.30664713e-05
9250 3.56298432e-06
9266.66667 9.80997579e-05
9283.33333 0.000277774754
9300 0.000449649187
9316.66667 0.000524815441
9333.33333 0.000464385008
9350 0.000299610709
9366.66667 0.000115730974
9383.33333 7.88553047e-06
9400 3.18995101e-05
9416.66667 0.000175393338
9433.33333 0.000364169135
9450 0.000500580694
9466.66667 0.000514047325
9483.33333 0.000397582081
9500 0.00021143009
9516.66667 5.19212597e-05
9533.33333 1.63860735e-06
9550 8.66783633e-05
9566.66667 0.000263120728
9583.33333 0.000439726038
9600 0.000525129268
9616.66667 0.00047512229
9633.33333 0.000315555059
9650 0.000128991309
9666.66667 1.20060592e-05
9683.33333 2.52100897e-05
9700 0.000161862811
9716.66667 0.000351328249
9733.33333 0.000495603417
9750 0.000520029221
9766.66667 0.000411943039
9783.33333 0.000227260036
9800 6.15611883e-05
9816.66667 6.37074661e-07
9833.33333 7.60785315e-05
9850 0.000248904624
9866.66667 0.000429714629
9883.33333 0.000524946614
9900 0.000485305847
9916.66667 0.000331293669
9933.33333 0.000142613479
9950 1.69271972e-05
9966.66667 1.93050731e-05
9983.33333 0.000148536241
10000 0.000337745036
