0 3.00926554e-36
16.6666667 6.64123183e-05
33.3333333 0.000231774285
50 0.000411733067
66.6666667 0.000514470979
83.3333333 0.000487536049
100 0.000344620246
116.666667 0.000158632309
133.333333 2.45840915e-05
150 1.11864328e-05
166.666667 0.000125802161
183.333333 0.000310606012
200 0.000471921266
216.666667 0.000527826197
233.333333 0.000449833707
250 0.00027746021
266.666667 9.82717334e-05
283.333333 3.52090168e-06
300 4.18688277e-05
316.666667 0.000194649369
333.333333 0.00038520925
350 0.000517599861
366.666667 0.000525051966
383.333333 0.00040373585
400 0.000214765303
416.666667 5.3448948e-05
433.333333 1.30841867e-06
450 8.5041727e-05
466.666667 0.000263073765
483.333333 0.000446423131
500 0.000543357078
516.666667 0.000505387155
533.333333 0.000351540409
550 0.000158789658
566.666667 2.3506516e-05
583.333333 1.32843298e-05
600 0.000133230471
616.666667 0.000323518675
633.333333 0.000489330677
650 0.000548159349
666.666667 0.000470851594
683.333333 0.000295980912
700 0.000110494975
716.666667 6.38391668e-06
733.333333 3.4989499e-05
750 0.000181651843
766.666667 0.000373194637
783.333333 0.000514402933
800 0.000535289903
816.666667 0.00042568468
833.333333 0.000240060391
850 7.03343948e-05
866.666667 2.36197199e-07
883.333333 6.38998258e-05
900 0.000229150417
916.666667 0.00041365618
933.333333 0.000525832888
950 0.000510182504
966.666667 0.000374632004
983.333333 0.000186415744
1000 3.86379875e-05
1016.66667 4.13682356e-06
1033.33333 9.94979549e-05
1050 0.000276987342
1066.66667 0.000448326002
1083.33333 0.000528478625
1100 0.000477754676
1116.66667 0.00032139243
1133.33333 0.000136964988
1150 1.58797837e-05
1166.66667 1.80589429e-05
1183.33333 0.000142251922
1200 0.000326683354
1216.66667 0.000479711912
1233.33333 0.000525305556
1250 0.000440787553
1266.66667 0.000268123518
1283.33333 9.31249203e-05
1300 2.8563288e-06
1316.66667 4.23668556e-05
1333.33333 0.000192236985
1350 0.000378133646
1366.66667 0.000507686288
1383.33333 0.000516407333
1400 0.000399839842
1416.66667 0.000215906699
1433.33333 5.62169744e-05
1450 5.29513106e-07
1466.66667 7.69986731e-05
1483.33333 0.000248015341
1500 0.000428769115
1516.66667 0.000529379353
1533.33333 0.000499670912
1550 0.000354287259
1566.66667 0.000165565422
1583.33333 2.7630844e-05
1600 9.53127264e-06
1616.66667 0.000120748323
1633.33333 0.000306319961
1650 0.00047408559
1666.66667 0.000540547495
1683.33333 0.000472519201
1700 0.000303776065
1716.66667 0.00011834697
1733.33333 8.71248139e-06
1750 2.97132719e-05
1766.66667 0.000171153022
1783.33333 0.000362792006
1800 0.000509287134
1816.66667 0.000537688794
1833.33333 0.000433818746
1850 0.000249376318
1866.66667 7.62079344e-05
1883.33333 5.53002028e-07
1900 6.00728673e-05
1916.66667 0.000225087654
1933.33333 0.000413374873
1950 0.000531146913
1966.66667 0.00051977375
1983.33333 0.00038496228
2000 0.00019386346
2016.66667 4.15754148e-05
2033.33333 3.76105959e-06
2050 9.89993736e-05
2066.66667 0.00027961064
2083.33333 0.000455485825
2100 0.000539004759
2116.66667 0.000488644558
2133.33333 0.000329570291
2150 0.000140998803
2166.66667 1.66857728e-05
2183.33333 1.8250624e-05
2200 0.000144578291
2216.66667 0.000332489601
2233.33333 0.000488284235
2250 0.000534404464
2266.66667 0.000447981234
2283.33333 0.000272110556
2300 9.43075734e-05
2316.66667 2.91458713e-06
2333.33333 4.31754233e-05
2350 0.00019481022
2366.66667 0.00038219695
2383.33333 0.000512042918
2400 0.000519781211
2416.66667 0.000401625993
2433.33333 0.000216382924
2450 5.61579794e-05
2466.66667 5.55082639e-07
2483.33333 7.71318903e-05
2500 0.000247746692
2516.66667 0.000427551467
2533.33333 0.000527170985
2550 0.000497105692
2566.66667 0.000352308675
2583.33333 0.000164743426
2600 2.76300536e-05
2616.66667 9.13971297e-06
2633.33333 0.00011852996
2650 0.000301534696
2666.66667 0.000467300065
2683.33333 0.000533498201
2700 0.000467223928
2716.66667 0.000301365564
2733.33333 0.000118308272
2750 9.04321807e-06
2766.66667 2.79728639e-05
2783.33333 0.000165855129
2800 0.00035434011
2816.66667 0.000499874881
2833.33333 0.000530162355
2850 0.000430105734
2866.66667 0.000249367447
2883.33333 7.77540011e-05
2900 6.2193981e-07
2916.66667 5.64453413e-05
2933.33333 0.000217640396
2950 0.000404209392
2966.66667 0.000523461751
2983.33333 0.000516092846
3000 0.000385711589
3016.66667 0.000197108344
3033.33333 4.40854669e-05
3050 2.81842453e-06
3066.66667 9.39378854e-05
3083.33333 0.000272214133
3100 0.000449010447
3116.66667 0.000536365015
3133.33333 0.000490777961
3150 0.000334900351
3166.66667 0.000146302236
3183.33333 1.88823814e-05
3200 1.61166618e-05
3216.66667 0.00013942726
3233.33333 0.000327442728
3250 0.000486540118
3266.66667 0.000537471849
3283.33333 0.000454852629
3300 0.00027982478
3316.66667 9.95771041e-05
3333.33333 3.9109352e-06
3350 4.04927867e-05
3366.66667 0.000191095869
3383.33333 0.000380676872
3400 0.000514769152
3416.66667 0.000526557538
3433.33333 0.000410172402
3450 0.000223609719
3466.66667 5.98246159e-05
3483.33333 4.0912311e-07
3500 7.49417125e-05
3516.66667 0.000246263232
3533.33333 0.000429007216
3550 0.000532139554
3566.66667 0.000504304613
3583.33333 0.000359388029
3600 0.00016957448
3616.66667 2.93768298e-05
3633.33333 8.56734344e-06
3650 0.000117454408
3666.66667 0.000301782874
3683.33333 0.000469774342
3700 0.00053782378
3716.66667 0.000472096302
3733.33333 0.000305329732
3750 0.000120504978
3766.66667 9.53688146e-06
3783.33333 2.75546045e-05
3800 0.000165512557
3816.66667 0.000354733795
3833.33333 0.000501096787
3850 0.000531842488
3866.66667 0.000431723801
3883.33333 0.000250541221
3900 7.83467323e-05
3916.66667 6.67108218e-07
3933.33333 5.60120367e-05
3950 0.000216775098
3966.66667 0.000402994823
3983.33333 0.000522112538
4000 0.000514958293
4016.66667 0.00038512037
4033.33333 0.000197124561
4050 4.4349401e-05
4066.66667 2.63096133e-06
4083.33333 9.26059814e-05
4100 0.000269488818
4116.66667 0.000445345085
4133.33333 0.000532786075
4150 0.000488376134
4166.66667 0.000334195521
4183.33333 0.000146855372
4200 1.94274077e-05
4216.66667 1.52019004e-05
4233.33333 0.000136244646
4250 0.000322372955
4266.66667 0.000481061323
4283.33333 0.000533422023
4300 0.000453416005
4316.66667 0.000280806466
4333.33333 0.000101408483
4350 4.43869522e-06
4366.66667 3.81562314e-05
4383.33333 0.000185847553
4400 0.000374107724
4416.66667 0.000509320562
4433.33333 0.000524214406
4450 0.000411344738
4466.66667 0.000226837696
4483.33333 6.2507503e-05
4500 1.93471706e-07
4516.66667 7.1022803e-05
4533.33333 0.000239876972
4550 0.000422817003
4566.66667 0.000528826273
4583.33333 0.000505115302
4600 0.000363437336
4616.66667 0.000174293415
4633.33333 3.18799873e-05
4650 7.20432693e-06
4666.66667 0.000112704021
4683.33333 0.000296001924
4700 0.000465934789
4716.66667 0.00053792175
4733.33333 0.000476092872
4750 0.000311190831
4766.66667 0.000125308684
4783.33333 1.10400847e-05
4800 2.53712434e-05
4816.66667 0.000161278497
4833.33333 0.000351190461
4850 0.000500608384
4866.66667 0.0005351535
4883.33333 0.000437613234
4900 0.000256530427
4916.66667 8.20488169e-05
4933.33333 1.03707669e-06
4950 5.38373088e-05
4966.66667 0.000214177467
4983.33333 0.000402251294
5000 0.000524450916
5016.66667 0.000519965162
5033.33333 0.000391041543
5050 0.000201850181
5066.66667 4.65258227e-05
5083.33333 2.30866986e-06
5100 9.11152456e-05
5116.66667 0.000268661606
5133.33333 0.000446535778
5150 0.00053621393
5166.66667 0.00049310226
5183.33333 0.000338690707
5200 0.000149813632
5216.66667 2.03875685e-05
5233.33333 1.46837827e-05
5250 0.000135386586
5266.66667 0.000322311208
5283.33333 0.000482390019
5300 0.000535984363
5316.66667 0.00045647577
5333.33333 0.000283455963
5350 0.000102982787
5366.66667 4.75062063e-06
5383.33333 3.74910818e-05
5400 0.000184778264
5416.66667 0.000373247719
5433.33333 0.00050911469
5450 0.000524814679
5466.66667 0.000412574533
5483.33333 0.000228237739
5500 6.34645682e-05
5516.66667 1.46031413e-07
5533.33333 6.96998406e-05
5550 0.000237475532
5566.66667 0.00042000609
5583.33333 0.000526516772
5600 0.000504051904
5616.66667 0.000363791001
5633.33333 0.000175480738
5650 3.27568576e-05
5666.66667 6.59513862e-06
5683.33333 0.000110027263
5700 0.00029165786
5716.66667 0.000461206257
5733.33333 0.000534381534
5750 0.000474789482
5766.66667 0.000312040628
5783.33333 0.000127051271
5800 1.18327108e-05
5816.66667 2.37474569e-05
5833.33333 0.000156970586
5850 0.000345353034
5866.66667 0.000495280615
5883.33333 0.000532209051
5900 0.000437745185
5916.66667 0.00025882936
5933.33333 8.44332961e-05
5950 1.33835527e-06
5966.66667 5.09717443e-05
5983.33333 0.000208769689
6000 0.000396349753
6016.66667 0.000520463221
6033.33333 0.000519371584
6050 0.000393581271
6066.66667 0.000205633206
6083.33333 4.90277138e-05
6100 1.72330449e-06
6116.66667 8.7337062e-05
6133.33333 0.000263360504
6150 0.000442274843
6166.66667 0.000535079448
6183.33333 0.000495583334
6200 0.000343414114
6216.66667 0.000154278405
6233.33333 2.23035128e-05
6250 1.31927504e-05
6266.66667 0.000131511151
6283.33333 0.000318395067
6300 0.000480838289
6316.66667 0.000537984617
6333.33333 0.000461382665
6350 0.000289157463
6366.66667 0.000107036485
6383.33333 5.67219512e-06
6400 3.55091958e-05
6416.66667 0.000181669879
6433.33333 0.000371365179
6450 0.000510140004
6466.66667 0.000528903328
6483.33333 0.000418323344
6500 0.000233462617
6516.66667 6.63505432e-05
6533.33333 1.56850653e-07
6550 6.77881953e-05
6566.66667 0.000235520935
6583.33333 0.000419810671
6600 0.000528897934
6616.66667 0.000508487734
6633.33333 0.000368761761
6650 0.000179285437
6666.66667 3.436001e-05
6683.33333 6.07928815e-06
6700 0.000108460562
6716.66667 0.000290494376
6733.33333 0.000461555946
6750 0.000536515638
6766.66667 0.000478092336
6783.33333 0.000315379694
6800 0.000129342694
6816.66667 1.25185725e-05
6833.33333 2.29824076e-05
6850 0.000155476968
6866.66667 0.000344054986
6883.33333 0.000494901674
6900 0.000532998856
6916.66667 0.000439420127
6933.33333 0.000260719108
6950 8.57580669e-05
6966.66667 1.51297896e-06
6983.33333 4.98350489e-05
7000 0.000206661253
7016.66667 0.000393997247
7033.33333 0.000518702698
7050 0.000518791423
7066.66667 0.000394232589
7083.33333 0.000206950784
7100 5.00347118e-05
7116.66667 1.46527828e-06
7133.33333 8.53617923e-05
7150 0.000260003135
7166.66667 0.000438571678
7183.33333 0.000532306396
7200 0.00049461768
7216.66667 0.000344240691
7233.33333 0.00015592177
7250 2.32668279e-05
7266.66667 1.22149809e-05
7283.33333 0.000128260904
7300 0.000313718756
7316.66667 0.000476391789
7333.33333 0.000535402044
7350 0.000461401582
7366.66667 0.000291173578
7383.33333 0.000109357094
7400 6.37179403e-06
7416.66667 3.34555484e-05
7433.33333 0.000177172002
7450 0.000366073166
7466.66667 0.000506217105
7483.33333 0.000527888178
7500 0.000420286053
7516.66667 0.000236921672
7533.33333 6.90207523e-05
7550 1.50185367e-07
7566.66667 6.46330526e-05
7583.33333 0.000230446734
7600 0.000415128353
7616.66667 0.000526791011
7633.33333 0.000509851847
7650 0.000372714698
7666.66667 0.000183617692
7683.33333 3.66943161e-05
7700 5.12591267e-06
7716.66667 0.000104700445
7733.33333 0.000285925698
7750 0.000458639013
7766.66667 0.000536877725
7783.33333 0.000481679417
7800 0.000320500026
7816.66667 0.000133570186
7833.33333 1.39689949e-05
7850 2.12852483e-05
7866.66667 0.000151937656
7883.33333 0.000340938586
7900 0.000494232909
7916.66667 0.000535517862
7933.33333 0.000444234612
7950 0.000265813194
7966.66667 8.90654214e-05
7983.33333 1.97767409e-06
8000 4.79114625e-05
8016.66667 0.000204017517
8033.33333 0.000392609391
8050 0.000519832914
8066.66667 0.000522379617
8083.33333 0.000398990705
8100 0.000211073584
8116.66667 5.21310201e-05
8133.33333 1.22584549e-06
8150 8.36446768e-05
8166.66667 0.000258332951
8183.33333 0.000438343373
8200 0.000534109538
8216.66667 0.000498004185
8233.33333 0.000348013421
8250 0.000158760133
8266.66667 2.43595149e-05
8283.33333 1.15988328e-05
8300 0.000126735017
8316.66667 0.000312415571
8333.33333 0.000476235681
8350 0.000536710005
8366.66667 0.000463787019
8383.33333 0.000293763151
8400 0.000111197163
8416.66667 6.83832752e-06
8433.33333 3.25016473e-05
8450 0.000175327211
8466.66667 0.000364209196
8483.33333 0.000505179148
8500 0.000528136475
8516.66667 0.00042168889
8533.33333 0.000238789358
8550 7.03820711e-05
8566.66667 1.73241408e-07
8583.33333 6.30183883e-05
8600 0.000227610169
8616.66667 0.000412063618
8633.33333 0.000524640659
8650 0.000509362563
8666.66667 0.00037383509
8683.33333 0.000185457736
8700 3.79064074e-05
8716.66667 4.55508765e-06
8733.33333 0.000101993013
8750 0.000281774538
8766.66667 0.000454504183
8783.33333 0.000534284891
8800 0.00048143282
8816.66667 0.000322220355
8833.33333 0.000135825841
8850 1.4970823e-05
8866.66667 1.98105299e-05
8883.33333 0.000148004624
8900 0.000335857979
8916.66667 0.000489976776
8933.33333 0.000533709453
8950 0.000445281515
8966.66667 0.000268652498
8983.33333 9.16805825e-05
9000 2.4386432e-06
9016.66667 4.53999748e-05
9033.33333 0.000199289876
9050 0.000387634463
9066.66667 0.000516778066
9083.33333 0.00052247085
9100 0.000401852019
9116.66667 0.00021490581
9133.33333 5.46474707e-05
9150 8.56503133e-07
9166.66667 8.03713023e-05
9183.33333 0.000253708184
9200 0.000434678571
9216.66667 0.000533258865
9233.33333 0.000500388812
9250 0.000352402769
9266.66667 0.000162924513
9283.33333 2.62457428e-05
9300 1.04049547e-05
9316.66667 0.000123318093
9333.33333 0.000308824257
9350 0.000474623778
9366.66667 0.000538210155
9383.33333 0.00046793581
9400 0.000298768799
9416.66667 0.00011489319
9433.33333 7.81081454e-06
9450 3.07991995e-05
9466.66667 0.000172395889
9483.33333 0.000362108151
9500 0.000505504407
9516.66667 0.000531217195
9533.33333 0.000426459551
9550 0.00024337785
9566.66667 7.30845327e-05
9583.33333 3.03022035e-07
9600 6.12044636e-05
9616.66667 0.000225420862
9633.33333 0.000411179156
9650 0.00052601284
9666.66667 0.000512780639
9683.33333 0.000378088639
9700 0.000188979082
9716.66667 3.95470948e-05
9733.33333 4.11020095e-06
9750 0.000100238668
9766.66667 0.000280036679
9783.33333 0.000453998815
9800 0.000535557178
9816.66667 0.000484147213
9833.33333 0.000325369038
9850 0.000138226263
9866.66667 1.58059823e-05
9883.33333 1.89704579e-05
9900 0.000146096479
9916.66667 0.000333905197
9933.33333 0.000488955656
9950 0.000534126534
9966.66667 0.000446964914
9983.33333 0.000270835847
10000 9.33392073e-05
