0 8.429099e-34
16.66667 6.633905e-05
33.33333 0.0002308531
50 0.0004079667
66.66667 0.0005055184
83.33333 0.0004726933
100 0.0003264979
116.6667 0.0001430087
133.3333 1.790994e-05
150 1.678765e-05
166.6667 0.0001409771
183.3333 0.0003267133
200 0.0004780728
216.6667 0.0005166682
233.3333 0.0004223577
250 0.0002438566
266.6667 7.37045e-05
283.3333 4.860651e-07
300 6.298634e-05
316.6667 0.0002299846
333.3333 0.0004161677
350 0.0005260006
366.6667 0.0005029612
383.3333 0.0003587641
400 0.0001674973
416.6667 2.765574e-05
433.3333 1.15732e-05
450 0.0001282319
466.6667 0.000318551
483.3333 0.0004855768
500 0.0005440928
516.6667 0.0004642309
533.3333 0.0002867652
550 0.00010229
566.6667 4.965791e-06
583.3333 4.448946e-05
600 0.0002008018
616.6667 0.0003943853
633.3333 0.0005268258
650 0.0005309055
666.6667 0.0004047085
683.3333 0.0002124389
700 5.164515e-05
716.6667 3.616619e-06
733.3333 9.220181e-05
750 0.0002719149
766.6667 0.0004512447
783.3333 0.0005391972
800 0.0004913821
816.6667 0.0003322947
833.3333 0.000142621
850 1.815804e-05
866.6667 2.127843e-05
883.3333 0.0001495352
900 0.0003372034
916.6667 0.0004888179
933.3333 0.000527589
950 0.0004341458
966.6667 0.0002560671
983.3333 8.352231e-05
1000 3.492663e-06
1016.667 5.580818e-05
1033.333 0.0002132092
1050 0.0003954058
1066.667 0.0005098882
1083.333 0.0004987577
1100 0.0003678876
1116.667 0.0001837402
1133.333 3.955688e-05
1150 8.109086e-06
1166.667 0.0001049336
1183.333 0.0002806097
1200 0.0004459124
1216.667 0.0005170497
1233.333 0.0004580683
1250 0.0002989855
1266.667 0.0001205111
1283.333 1.312904e-05
1300 3.126705e-05
1316.667 0.0001657482
1333.333 0.0003484569
1350 0.000486848
1366.667 0.0005108279
1383.333 0.0004082734
1400 0.0002312013
1416.667 6.944744e-05
1433.333 5.16815e-06
1450 7.119311e-05
1466.667 0.0002343341
1483.333 0.0004121331
1500 0.0005146027
1516.667 0.0004898361
1533.333 0.0003503731
1550 0.0001669285
1566.667 3.261317e-05
1583.333 1.574719e-05
1600 0.0001251756
1616.667 0.0003057003
1633.333 0.0004659916
1650 0.0005248694
1666.667 0.0004524987
1683.333 0.0002855864
1700 0.0001088294
1716.667 1.198362e-05
1733.333 4.431819e-05
1750 0.0001895743
1766.667 0.0003741699
1783.333 0.0005045171
1800 0.0005145269
1816.667 0.0003991784
1833.333 0.0002170864
1850 6.07451e-05
1866.667 9.549312e-06
1883.333 8.94644e-05
1900 0.0002598436
1916.667 0.0004340994
1933.333 0.0005237215
1950 0.0004832598
1966.667 0.0003333992
1983.333 0.0001503997
2000 2.728534e-05
2016.667 2.653746e-05
2033.333 0.0001483576
2050 0.0003306325
2066.667 0.0004805906
2083.333 0.0005220164
2100 0.0004339884
2116.667 0.0002614426
2133.333 9.222563e-05
2150 1.235459e-05
2166.667 6.227461e-05
2183.333 0.0002163642
2200 0.0003960749
2216.667 0.0005099661
2233.333 0.0005002239
2250 0.0003719971
2266.667 0.0001906623
2283.333 4.847452e-05
2300 1.762023e-05
2316.667 0.000113567
2333.333 0.0002873172
2350 0.0004504365
2366.667 0.0005200663
2383.333 0.0004610013
2400 0.0003034673
2416.667 0.0001276277
2433.333 2.276998e-05
2450 4.195945e-05
2466.667 0.0001751897
2483.333 0.0003546086
2500 0.0004890822
2516.667 0.0005104802
2533.333 0.0004081728
2550 0.0002342767
2566.667 7.707298e-05
2583.333 1.616344e-05
2600 8.214977e-05
2616.667 0.0002412558
2633.333 0.0004126122
2650 0.0005093508
2666.667 0.0004826207
2683.333 0.0003462247
2700 0.0001694577
2716.667 4.186613e-05
2733.333 2.785657e-05
2750 0.0001341602
2766.667 0.0003065865
2783.333 0.0004576228
2800 0.0005108213
2816.667 0.0004394618
2833.333 0.0002799399
2850 0.0001131758
2866.667 2.354054e-05
2883.333 5.614571e-05
2900 0.0001941132
2916.667 0.0003672769
2933.333 0.0004878328
2950 0.000494829
2966.667 0.0003849575
2983.333 0.0002140962
3000 6.888413e-05
3016.667 2.278485e-05
3033.333 9.891248e-05
3050 0.0002584275
3066.667 0.0004203297
3083.333 0.0005025673
3100 0.0004636082
3116.667 0.0003234139
3133.333 0.0001532265
3150 3.938626e-05
3166.667 3.954931e-05
3183.333 0.0001535006
3200 0.0003233367
3216.667 0.0004628917
3233.333 0.0005014607
3250 0.0004196382
3266.667 0.0002591085
3283.333 0.0001014463
3300 2.670166e-05
3316.667 7.279221e-05
3333.333 0.0002162987
3350 0.000384393
3366.667 0.0004918273
3383.333 0.0004842006
3400 0.0003655433
3416.667 0.0001962318
3433.333 6.230663e-05
3450 3.178548e-05
3466.667 0.0001201521
3483.333 0.0002825356
3500 0.0004365322
3516.667 0.0005040634
3533.333 0.0004510057
3550 0.0003044715
3566.667 0.0001389877
3583.333 3.861342e-05
3600 5.425879e-05
3616.667 0.0001778792
3633.333 0.0003466329
3650 0.0004748548
3666.667 0.0004975759
3683.333 0.0004034721
3700 0.0002405265
3716.667 9.157039e-05
3733.333 3.217334e-05
3750 9.229582e-05
3766.667 0.000241172
3783.333 0.0004030541
3800 0.000495762
3816.667 0.0004724127
3833.333 0.0003451345
3850 0.0001787652
3866.667 5.780603e-05
3883.333 4.347878e-05
3900 0.0001427155
3916.667 0.0003047931
3933.333 0.0004472449
3950 0.0004978105
3966.667 0.0004310792
3983.333 0.0002812423
4000 0.0001245531
4016.667 4.049544e-05
4033.333 7.143751e-05
4050 0.0002012551
4066.667 0.0003637085
4083.333 0.0004762222
4100 0.0004818375
4116.667 0.0003780234
4133.333 0.0002177738
4150 8.253209e-05
4166.667 4.077983e-05
4183.333 0.0001133461
4200 0.0002630093
4216.667 0.000413576
4233.333 0.0004886551
4250 0.0004503942
4266.667 0.0003185377
4283.333 0.0001602185
4300 5.576245e-05
4316.667 5.792763e-05
4333.333 0.0001652581
4350 0.0003230056
4366.667 0.000451053
4383.333 0.0004845935
4400 0.0004069137
4416.667 0.0002577011
4433.333 0.0001127545
4450 4.547301e-05
4466.667 8.969041e-05
4483.333 0.0002226685
4500 0.0003767927
4516.667 0.0004739507
4533.333 0.0004651143
4550 0.0003550695
4566.667 0.0001998253
4583.333 7.810255e-05
4600 5.141534e-05
4616.667 0.0001329871
4633.333 0.000281204
4650 0.000420843
4666.667 0.0004812466
4683.333 0.0004320712
4700 0.0002985271
4716.667 0.0001484548
4733.333 5.786336e-05
4750 7.243325e-05
4766.667 0.0001844799
4783.333 0.0003369955
4800 0.0004526477
4816.667 0.0004729871
4833.333 0.0003879891
4850 0.0002409962
4866.667 0.0001066265
4883.333 5.290068e-05
4900 0.0001068095
4916.667 0.0002407505
4933.333 0.0003866529
4950 0.0004705677
4966.667 0.0004501505
4983.333 0.000336039
5000 0.0001863299
5016.667 7.701624e-05
5033.333 6.34243e-05
5050 0.0001522162
5066.667 0.0002981292
5083.333 0.0004270486
5100 0.0004736595
5116.667 0.0004145496
5133.333 0.0002799864
5150 0.0001384406
5166.667 6.176473e-05
5183.333 8.873331e-05
5200 0.0002054465
5216.667 0.0003525031
5233.333 0.0004552453
5250 0.0004616778
5266.667 0.0003688008
5283.333 0.0002240176
5300 0.0001009599
5316.667 6.205597e-05
5333.333 0.0001268751
5350 0.0002622993
5366.667 0.0003994619
5383.333 0.0004687883
5400 0.0004353069
5416.667 0.0003163072
5433.333 0.0001724255
5450 7.675468e-05
5466.667 7.771788e-05
5483.333 0.0001745669
5500 0.0003179056
5516.667 0.0004348995
5533.333 0.0004663014
5550 0.0003964669
5566.667 0.0002611503
5583.333 0.000129196
5600 6.750511e-05
5616.667 0.0001071083
5633.333 0.0002275554
5650 0.0003674747
5666.667 0.0004558485
5683.333 0.000448062
5700 0.0003484232
5716.667 0.0002077842
5733.333 9.757154e-05
5750 7.349163e-05
5766.667 0.0001473577
5783.333 0.0002812888
5800 0.0004071252
5816.667 0.0004611068
5833.333 0.0004161675
5850 0.0002954877
5866.667 0.0001605202
5883.333 7.967577e-05
5900 9.362848e-05
5916.667 0.0001948358
5933.333 0.0003315851
5950 0.000434399
5966.667 0.0004513161
5983.333 0.0003741312
6000 0.0002423463
6016.667 0.0001229372
6033.333 7.630125e-05
6050 0.0001256975
6066.667 0.0002456402
6083.333 0.0003750322
6100 0.0004482708
6116.667 0.0004284901
6133.333 0.0003260991
6150 0.0001932974
6166.667 9.745698e-05
6183.333 8.694213e-05
6200 0.0001667056
6216.667 0.0002959691
6233.333 0.0004090649
6250 0.0004487866
6266.667 0.000395314
6283.333 0.0002760921
6300 0.0001517442
6316.667 8.525053e-05
6333.333 0.0001100585
6350 0.0002132685
6366.667 0.0003423438
6383.333 0.0004318549
6400 0.0004366454
6416.667 0.0003546113
6433.333 0.0002276059
6450 0.000120094
6466.667 8.644148e-05
6483.333 0.0001434348
6500 0.0002619197
6516.667 0.0003817203
6533.333 0.0004422073
6550 0.0004129878
6566.667 0.0003091836
6583.333 0.0001836184
6600 9.99473e-05
6616.667 0.0001003951
6633.333 0.0001844535
6650 0.0003092857
6666.667 0.0004115605
6683.333 0.0004395892
6700 0.0003794589
6716.667 0.0002619483
6733.333 0.0001467854
6750 9.229699e-05
6766.667 0.0001258705
6783.333 0.0002301884
6800 0.0003521573
6816.667 0.0004299328
6833.333 0.000424285
6850 0.0003383978
6866.667 0.0002161039
6883.333 0.0001195252
6900 9.752021e-05
6916.667 0.0001609659
6933.333 0.0002773819
6950 0.0003875563
6966.667 0.0004356648
6983.333 0.0003975649
7000 0.0002929198
7016.667 0.0001750626
7033.333 0.0001038208
7050 0.0001151483
7066.667 0.0002029806
7083.333 0.0003224732
7100 0.0004128999
7116.667 0.0004285193
7133.333 0.0003617192
7150 0.0002467262
7166.667 0.0001420741
7183.333 0.0001008116
7200 0.0001436137
7216.667 0.0002484274
7233.333 0.0003618374
7250 0.0004262936
7266.667 0.000409321
7283.333 0.0003198828
7300 0.0002036536
7316.667 0.0001196923
7333.333 0.0001104314
7350 0.0001802348
7366.667 0.0002933588
7383.333 0.0003922613
7400 0.0004268767
7416.667 0.0003799608
7433.333 0.0002756734
7450 0.0001671314
7466.667 0.0001093467
7483.333 0.0001313389
7500 0.0002215632
7516.667 0.0003339665
7533.333 0.0004114963
7550 0.0004150583
7566.667 0.000343222
7583.333 0.0002327444
7600 0.0001397503
7616.667 0.000111208
7633.333 0.0001611996
7650 0.0002639738
7666.667 0.0003672043
7683.333 0.0004186252
7700 0.0003924848
7716.667 0.0003024276
7733.333 0.0001943646
7750 0.0001230564
7766.667 0.0001243526
7783.333 0.0001971624
7800 0.000304219
7816.667 0.0003911432
7833.333 0.0004140534
7850 0.0003617047
7866.667 0.0002609908
7883.333 0.0001631206
7900 0.000117575
7916.667 0.0001470864
7933.333 0.0002362901
7950 0.00033971
7966.667 0.0004049308
7983.333 0.0003991506
8000 0.0003256676
8016.667 0.0002220163
8033.333 0.0001407963
8050 0.000122983
8066.667 0.0001772591
8083.333 0.0002757887
8100 0.0003684871
8116.667 0.0004084725
8133.333 0.0003757702
8150 0.000287287
8166.667 0.0001880777
8183.333 0.0001284127
8200 0.0001383149
8216.667 0.0002124621
8233.333 0.0003130419
8250 0.0003890362
8266.667 0.0004020997
8283.333 0.0003459109
8300 0.0002492306
8316.667 0.0001611918
8333.333 0.0001263416
8350 0.0001621119
8366.667 0.00025011
8383.333 0.0003455813
8400 0.000400177
8416.667 0.000386447
8433.333 0.0003116497
8450 0.000213932
8466.667 0.0001428845
8483.333 0.000134383
8500 0.0001924792
8516.667 0.0002874831
8533.333 0.0003711418
8550 0.0004011565
8566.667 0.0003625795
8583.333 0.0002752671
8600 0.0001836699
8616.667 0.0001342079
8633.333 0.0001517468
8650 0.000227098
8666.667 0.0003218289
8683.333 0.0003878691
8700 0.0003919113
8716.667 0.0003322183
8733.333 0.000239353
8750 0.0001605341
8766.667 0.0001356262
8783.333 0.0001769727
8800 0.0002632786
8816.667 0.0003505737
8833.333 0.0003946162
8850 0.0003733187
8866.667 0.0002978279
8883.333 0.0002066977
8900 0.0001461982
8916.667 0.0001468183
8933.333 0.0002078963
8950 0.0002981285
8966.667 0.0003716093
8983.333 0.0003911855
9000 0.0003472413
9016.667 0.0002624144
9033.333 0.0001799336
9050 0.0001415857
9066.667 0.0001665417
9083.333 0.0002417739
9100 0.0003288508
9116.667 0.0003835679
9133.333 0.0003783861
9150 0.000316286
9166.667 0.0002290714
9183.333 0.0001610766
9200 0.0001466269
9216.667 0.0001927109
9233.333 0.0002756113
9250 0.0003531107
9266.667 0.0003859902
9283.333 0.0003578713
9300 0.0002833639
9316.667 0.0002004713
9333.333 0.0001512006
9350 0.0001602738
9366.667 0.0002227268
9383.333 0.0003066146
9400 0.0003693514
9416.667 0.000379327
9433.333 0.0003318255
9450 0.0002512348
9466.667 0.000178519
9483.333 0.0001503927
9500 0.0001807826
9516.667 0.0002539376
9533.333 0.0003325887
9550 0.0003769337
9566.667 0.0003647736
9583.333 0.0003026169
9600 0.0002221988
9616.667 0.0001642749
9633.333 0.0001579641
9650 0.0002061103
9666.667 0.0002840189
9683.333 0.0003521172
9700 0.000376049
9716.667 0.0003440015
9733.333 0.0002725274
9750 0.0001979974
9766.667 0.0001580924
9783.333 0.000172754
9800 0.0002342194
9816.667 0.0003111194
9833.333 0.0003644812
9850 0.0003674731
9866.667 0.0003188929
9883.333 0.0002436187
9900 0.0001798747
9916.667 0.000159826
9933.333 0.0001933514
9950 0.0002631788
9966.667 0.0003337774
9983.333 0.0003694321
10000 0.0003523088
