0 9.75002034e-34
16.6666667 6.63457785e-05
33.3333333 0.000230819444
50 0.000407723829
66.6666667 0.000504849916
83.3333333 0.000471513168
100 0.000325007756
116.666667 0.00014169669
133.333333 1.73410318e-05
150 1.72718056e-05
166.666667 0.00014230744
183.333333 0.000328160654
200 0.000478695525
216.666667 0.00051581215
233.333333 0.000420081122
250 0.000241017739
266.666667 7.16079143e-05
283.333333 2.25773252e-07
300 6.48157608e-05
316.666667 0.00023307121
333.333333 0.000418915745
350 0.000526829237
366.666667 0.000501159055
383.333333 0.000354960644
400 0.000163456024
416.666667 2.54370592e-05
433.333333 1.24621451e-05
450 0.000131987631
466.666667 0.000323408386
483.333333 0.000489059291
500 0.000544266211
516.666667 0.000460763168
533.333333 0.000281214662
550 9.74161517e-05
566.666667 3.36046457e-06
583.333333 4.72068406e-05
600 0.000206709311
616.666667 0.00040062162
633.333333 0.000530191355
650 0.000529510837
666.666667 0.000399031043
683.333333 0.000205203427
700 4.65262906e-05
716.666667 3.37947253e-06
733.333333 9.72209282e-05
750 0.000279861772
766.666667 0.000458162867
783.333333 0.000541472894
800 0.000487627998
816.666667 0.000324166786
833.333333 0.000134096993
850 1.35846258e-05
866.666667 2.31454827e-05
883.333333 0.00015711572
900 0.000346797961
916.666667 0.00049554085
933.333333 0.000527836154
950 0.000427496636
966.666667 0.000245620214
983.333333 7.44330201e-05
1000 4.00312222e-07
1016.66667 6.04365301e-05
1033.33333 0.00022338053
1050 0.000406024131
1066.66667 0.000515453791
1083.33333 0.000496172673
1100 0.000358122115
1116.66667 0.000171466632
1133.33333 3.08752776e-05
1150 7.46943809e-06
1166.66667 0.000112807599
1183.33333 0.000293128597
1200 0.000456715646
1216.66667 0.000520464078
1233.33333 0.000452028925
1250 0.000286195776
1266.66667 0.000107197356
1283.33333 5.95866281e-06
1300 3.39544733e-05
1316.66667 0.000177076029
1333.33333 0.000362762925
1350 0.000496796475
1366.66667 0.000511110008
1383.33333 0.00039837119
1400 0.000215777143
1416.66667 5.60994461e-05
1433.33333 6.28048193e-07
1450 7.78694501e-05
1466.66667 0.000248974197
1483.33333 0.00042734049
1500 0.000522506779
1516.66667 0.0004860943
1533.33333 0.000336471283
1550 0.000149563987
1566.66667 2.04053503e-05
1583.33333 1.48886919e-05
1600 0.000136218441
1616.66667 0.000323142454
1633.33333 0.000480940629
1650 0.000529496188
1666.66667 0.000444051406
1683.33333 0.000267907928
1700 9.05478434e-05
1716.66667 2.22389027e-06
1733.33333 4.80644225e-05
1750 0.000205040326
1766.66667 0.00039356139
1783.33333 0.000517871719
1800 0.000514741934
1816.66667 0.000385689189
1833.33333 0.000196293202
1850 4.29006079e-05
1866.66667 3.6194593e-06
1883.33333 9.85369907e-05
1900 0.000279435886
1916.66667 0.000454286271
1933.33333 0.000534078447
1950 0.000478160066
1966.66667 0.000314974566
1983.33333 0.000127609741
2000 1.14923298e-05
2016.66667 2.57706514e-05
2033.33333 0.000163162687
2050 0.000353650071
2066.66667 0.000500150705
2083.33333 0.000527996023
2100 0.000422992168
2116.66667 0.000238657381
2133.33333 6.894116e-05
2150 3.31890531e-07
2166.66667 6.77707532e-05
2183.33333 0.000236848341
2200 0.000421356888
2216.66667 0.00052724278
2233.33333 0.000500546516
2250 0.000354891917
2266.66667 0.000164521242
2283.33333 2.6441214e-05
2300 1.09860999e-05
2316.66667 0.000125994964
2333.33333 0.000312846297
2350 0.000476349094
2366.66667 0.000533241033
2383.33333 0.000454580044
2400 0.000280447816
2416.66667 9.95027563e-05
2433.33333 3.82257883e-06
2450 4.20435795e-05
2466.66667 0.000194645054
2483.33333 0.0003839315
2500 0.000513597708
2516.66667 0.00051772044
2533.33333 0.000394251845
2550 0.000206002908
2566.66667 4.86558189e-05
2583.33333 2.1043803e-06
2600 8.98721239e-05
2616.66667 0.000267218453
2633.33333 0.000443938528
2650 0.000530230034
2666.66667 0.000482300672
2683.33333 0.0003245555
2700 0.000137128793
2716.66667 1.51364275e-05
2733.33333 2.03721295e-05
2750 0.000149977425
2766.66667 0.00033796605
2783.33333 0.000488787721
2800 0.00052585772
2816.66667 0.000430406211
2833.33333 0.000250943784
2850 7.85728329e-05
2866.66667 7.09443072e-07
2883.33333 5.67211019e-05
2900 0.000217989597
2916.66667 0.000402494167
2933.33333 0.000516485877
2950 0.000502083976
2966.66667 0.000366635299
2983.33333 0.000178947276
3000 3.43237389e-05
3016.66667 6.16425824e-06
3033.33333 0.000108700626
3050 0.000289784639
3066.66667 0.000457383868
3083.33333 0.000526330053
3100 0.000461582348
3116.66667 0.000296034395
3133.33333 0.000113815851
3150 7.55953041e-06
3166.66667 3.13315558e-05
3183.33333 0.000173135766
3200 0.000360974011
3216.66667 0.000499405086
3233.33333 0.000518045876
3250 0.000407373853
3266.66667 0.00022362106
3283.33333 6.02418164e-05
3300 4.2544348e-07
3316.66667 7.47781877e-05
3333.33333 0.000245698812
3350 0.000426425386
3366.66667 0.000525109224
3383.33333 0.000491530606
3400 0.000342697003
3416.66667 0.000154273926
3433.33333 2.21621816e-05
3450 1.37299013e-05
3466.66667 0.000133498998
3483.33333 0.000320765633
3500 0.000480408182
3516.66667 0.000531248335
3533.33333 0.000447375956
3550 0.0002713966
3566.66667 9.28245403e-05
3583.33333 2.57759569e-06
3600 4.67090165e-05
3616.66667 0.000202927415
3633.33333 0.000391880892
3650 0.000517495213
3666.66667 0.000515857611
3683.33333 0.000387767408
3700 0.000198369079
3716.66667 4.40309621e-05
3733.33333 3.31113123e-06
3750 9.69658772e-05
3766.66667 0.00027736627
3783.33333 0.000452723632
3800 0.000533801773
3816.66667 0.000479338781
3833.33333 0.000317051797
3850 0.000129527266
3866.66667 1.21788408e-05
3883.33333 2.46789362e-05
3900 0.000160592589
3916.66667 0.000350671142
3933.33333 0.000498121383
3950 0.000527884956
3966.66667 0.0004248348
3983.33333 0.000241447462
4000 7.10592765e-05
4016.66667 3.3792452e-07
4033.33333 6.51749053e-05
4050 0.00023244873
4066.66667 0.000416925156
4083.33333 0.00052466921
4100 0.000500855782
4116.66667 0.000357643534
4133.33333 0.000167942181
4150 2.82711226e-05
4166.66667 9.63264454e-06
4183.33333 0.000121404899
4200 0.000306613804
4216.66667 0.000470963101
4233.33333 0.00053082729
4250 0.000455780331
4266.66667 0.000284034667
4283.33333 0.000102961713
4300 4.62857197e-06
4316.66667 3.89798703e-05
4333.33333 0.000188470061
4350 0.000377025162
4366.66667 0.000508750914
4383.33333 0.000516689062
4400 0.000396833909
4416.66667 0.00021013302
4433.33333 5.14789431e-05
4450 1.47143509e-06
4466.66667 8.54706987e-05
4483.33333 0.000260739348
4500 0.000438186836
4516.66667 0.000527649276
4533.33333 0.000483691228
4550 0.000328665956
4566.66667 0.000141334529
4583.33333 1.68412608e-05
4600 1.83853482e-05
4616.66667 0.000145134716
4633.33333 0.000332668977
4650 0.00048571416
4666.66667 0.000526535556
4683.33333 0.000434410451
4700 0.000256139365
4716.66667 8.22650889e-05
4733.33333 1.08228032e-06
4750 5.37954988e-05
4766.66667 0.000213597414
4783.33333 0.000399290317
4800 0.000516531917
4816.66667 0.0005057575
4833.33333 0.000372438554
4850 0.000184306561
4866.66667 3.69475936e-05
4883.33333 5.24011197e-06
4900 0.000105304471
4916.66667 0.000286299751
4933.33333 0.000456245541
4950 0.00052875918
4966.66667 0.000466964694
4983.33333 0.000302255463
5000 0.000118361445
5016.66667 8.8020321e-06
5033.33333 2.93398415e-05
5050 0.000169606345
5066.66667 0.00035833918
5083.33333 0.000499590344
5100 0.000521512851
5116.66667 0.000412921847
5133.33333 0.000229024273
5150 6.33784402e-05
5166.66667 3.213918e-07
5183.33333 7.20512728e-05
5200 0.00024220497
5216.66667 0.000424309561
5233.33333 0.000525748
5250 0.000494887088
5266.66667 0.000347386204
5283.33333 0.00015827944
5300 2.38321689e-05
5316.66667 1.25612194e-05
5333.33333 0.000130340542
5350 0.000317365386
5366.66667 0.000478545089
5383.33333 0.000531878558
5400 0.00045020015
5416.66667 0.000275040632
5433.33333 9.55290154e-05
5450 3.05390309e-06
5466.66667 4.47502636e-05
5483.33333 0.000199488599
5500 0.000388599919
5516.66667 0.00051589205
5533.33333 0.000516598835
5550 0.000390348951
5566.66667 0.00020136858
5583.33333 4.58077456e-05
5600 2.81552874e-06
5616.66667 9.42637417e-05
5633.33333 0.000273618182
5650 0.000449620811
5666.66667 0.000532727959
5683.33333 0.000480669143
5700 0.000319942592
5716.66667 0.00013231507
5733.33333 1.32057714e-05
5750 2.3139279e-05
5766.66667 0.000156971096
5783.33333 0.000346535313
5800 0.000495351022
5816.66667 0.000527713991
5833.33333 0.000427191698
5850 0.000244945978
5866.66667 7.36690986e-05
5883.33333 4.13695308e-07
5900 6.23232007e-05
5916.66667 0.000227776395
5933.33333 0.000412516855
5950 0.000522538157
5966.66667 0.00050189566
5983.33333 0.000361128067
6000 0.000171851735
6016.66667 3.03027172e-05
6033.33333 8.38755881e-06
6050 0.000117139439
6066.66667 0.000301149147
6083.33333 0.00046677885
6100 0.000529791205
6116.66667 0.000458168348
6133.33333 0.000288358679
6150 0.000106711151
6166.66667 5.55596961e-06
6183.33333 3.62693221e-05
6200 0.000183177805
6216.66667 0.000371552998
6233.33333 0.000505615593
6250 0.000517221782
6266.66667 0.000400486849
6283.33333 0.000214758218
6300 5.44392696e-05
6316.66667 1.0079266e-06
6333.33333 8.16145114e-05
6350 0.000255292847
6366.66667 0.000433784185
6383.33333 0.000526387701
6400 0.000486047498
6416.66667 0.000333261555
6433.33333 0.000145667377
6450 1.85964589e-05
6466.66667 1.66374719e-05
6483.33333 0.000140815779
6500 0.000328064682
6516.66667 0.000483260412
6533.33333 0.000527549711
6550 0.000438419133
6566.66667 0.000261146143
6583.33333 8.5807325e-05
6600 1.51719559e-06
6616.66667 5.11434996e-05
6633.33333 0.000209510153
6650 0.000396172005
6666.66667 0.000516281664
6683.33333 0.000508790029
6700 0.00037748624
6716.66667 0.000189093567
6733.33333 3.93748947e-05
6750 4.46276812e-06
6766.66667 0.000102148589
6783.33333 0.000282815612
6800 0.000454640038
6816.66667 0.000530263863
6833.33333 0.000471218124
6850 0.000307505392
6866.66667 0.00012236971
6883.33333 9.98116405e-06
6900 2.75429003e-05
6916.66667 0.00016617845
6933.33333 0.000355418809
6950 0.000499025025
6966.66667 0.000523938766
6983.33333 0.000417463032
7000 0.000233748797
7016.66667 6.627038e-05
7033.33333 2.77602259e-07
7050 6.94105576e-05
7066.66667 0.000238558193
7083.33333 0.000421697737
7100 0.000525652994
7116.66667 0.000497512642
7133.33333 0.000351575496
7150 0.000162098729
7166.66667 2.55255251e-05
7183.33333 1.14059862e-05
7200 0.000126988658
7216.66667 0.000313510968
7233.33333 0.000476087452
7250 0.000531992758
7266.66667 0.000452768208
7283.33333 0.00027871815
7300 9.84115453e-05
7316.66667 3.61560277e-06
7333.33333 4.25951275e-05
7350 0.000195545895
7366.66667 0.000384666716
7383.33333 0.000513745773
7400 0.000517115795
7416.66667 0.000393065395
7433.33333 0.000204706011
7450 4.785697e-05
7466.66667 2.29417051e-06
7483.33333 9.11696264e-05
7500 0.000269245859
7516.66667 0.000445923046
7533.33333 0.000531334184
7550 0.000482052536
7566.66667 0.000323162045
7583.33333 0.000135474719
7600 1.44116811e-05
7616.66667 2.14734663e-05
7633.33333 0.000152983164
7650 0.0003419882
7666.66667 0.000492335373
7683.33333 0.00052757427
7700 0.000429815171
7716.66667 0.000248791059
7733.33333 7.65352062e-05
7750 5.69825244e-07
7766.66667 5.94169629e-05
7783.33333 0.000223046007
7800 0.000408180566
7816.66667 0.00052066128
7833.33333 0.000503314168
7850 0.000364990483
7866.66667 0.000176030051
7883.33333 3.2474738e-05
7900 7.23913534e-06
7916.66667 0.000113062628
7933.33333 0.000296064656
7950 0.000463161826
7966.66667 0.000529395909
7983.33333 0.000461111049
8000 0.000293039838
8016.66667 0.000110626441
8033.33333 6.58346968e-06
8050 3.37686688e-05
8066.66667 0.000178329607
8083.33333 0.000366757936
8100 0.000503260259
8116.66667 0.000518448495
8133.33333 0.000404604529
8150 0.000219599907
8166.66667 5.74810863e-05
8183.33333 6.69715437e-07
8200 7.80693655e-05
8216.66667 0.000250369091
8233.33333 0.000430014885
8250 0.000525703483
8266.66667 0.00048878976
8283.33333 0.00033802248
8300 0.000150031788
8316.66667 2.03941889e-05
8333.33333 1.50555038e-05
8350 0.000136799054
8366.66667 0.000323808045
8383.33333 0.000481064947
8400 0.000528640299
8416.66667 0.000442331536
8433.33333 0.000265990006
8450 8.92567271e-05
8466.66667 2.00915477e-06
8483.33333 4.86667009e-05
8500 0.00020558655
8516.66667 0.000393054057
8533.33333 0.000515788799
8550 0.000511384745
8566.66667 0.000382057244
8583.33333 0.000193544489
8600 4.17052899e-05
8616.66667 3.78355979e-06
8633.33333 9.91175539e-05
8650 0.000279281763
8666.66667 0.000452689851
8683.33333 0.000531160999
8700 0.000474773273
8716.66667 0.00031218699
8733.33333 0.00012608866
8750 1.11457718e-05
8766.66667 2.58515736e-05
8783.33333 0.000162757245
8800 0.000352243782
8816.66667 0.00049792637
8833.33333 0.000525687421
8850 0.000421392768
8866.66667 0.000238095734
8883.33333 6.9054733e-05
8900 2.86423294e-07
8916.66667 6.6794771e-05
8933.33333 0.000234751725
8950 0.000418702788
8966.66667 0.00052504724
8983.33333 0.00049966905
9000 0.000355478694
9016.66667 0.0001658473
9033.33333 2.7271968e-05
9050 1.02708393e-05
9066.66667 0.00012349768
9083.33333 0.000309338398
9100 0.000473229949
9116.66667 0.000531780299
9133.33333 0.000455201102
9150 0.000282461103
9166.66667 0.000101452367
9183.33333 4.2659787e-06
9200 4.03374553e-05
9216.66667 0.000191301723
9233.33333 0.000380346577
9250 0.00051129844
9266.66667 0.000517549046
9283.33333 0.000395931022
9300 0.000208314631
9316.66667 5.0123276e-05
9333.33333 1.7925184e-06
9350 8.78667971e-05
9366.66667 0.000264533747
9383.33333 0.000441924884
9400 0.000529828434
9416.66667 0.000483559657
9433.33333 0.000326664641
9450 0.000138923911
9466.66667 1.57706604e-05
9483.33333 1.9768472e-05
9500 0.000148819835
9516.66667 0.00033725883
9533.33333 0.000489256782
9550 0.000527544815
9566.66667 0.000432680643
9583.33333 0.000252905981
9600 7.95986964e-05
9616.66667 8.12412114e-07
9633.33333 5.65262703e-05
9650 0.000218346681
9666.66667 0.000403965467
9683.33333 0.000519011443
9700 0.000505015363
9716.66667 0.000369111047
9733.33333 0.000180386694
9750 3.47531271e-05
9766.66667 6.19293635e-06
9783.33333 0.000109168556
9800 0.000291288784
9816.66667 0.000459951881
9833.33333 0.000529417349
9850 0.000464380975
9866.66667 0.00029790966
9883.33333 0.000114625808
9900 7.69145436e-06
9916.66667 3.14557266e-05
9933.33333 0.000173831495
9950 0.000362439817
9966.66667 0.000501399601
9983.33333 0.000520065159
10000 0.000408940587
