0 5.89816045e-34
16.6666667 6.6372481e-05
33.3333333 0.000231202335
50 0.000409329385
66.6666667 0.000508694786
83.3333333 0.000477896052
100 0.00033278046
116.666667 0.000148341052
133.333333 2.00728963e-05
150 1.47008102e-05
166.666667 0.000135681806
183.333333 0.000321285391
200 0.000476278677
216.666667 0.00052093269
233.333333 0.000432134635
250 0.000255434114
266.666667 8.17871479e-05
283.333333 9.07462246e-07
300 5.51631395e-05
316.666667 0.00021769253
333.333333 0.000405998267
350 0.000524089427
366.666667 0.000511609011
383.333333 0.000374800994
400 0.000183460814
416.666667 3.54069082e-05
433.333333 6.60479911e-06
450 0.000112393162
466.666667 0.000299583913
483.333333 0.00047345695
500 0.000545894879
516.666667 0.000480161613
533.333333 0.000309569524
550 0.000120583081
566.666667 8.978795e-06
583.333333 3.13311857e-05
600 0.000176412404
616.666667 0.000370944691
633.333333 0.000516717957
650 0.000540229775
666.666667 0.000429735379
683.333333 0.000241038646
700 6.91997063e-05
716.666667 5.38992248e-07
733.333333 6.91955611e-05
750 0.000240105186
766.666667 0.000426867654
783.333333 0.000535374903
800 0.000511150774
816.666667 0.000366584683
833.333333 0.000174455992
850 3.11466017e-05
866.666667 8.14999595e-06
883.333333 0.000116276824
900 0.000300471849
916.666667 0.000467712329
933.333333 0.000533847179
950 0.000465796082
966.666667 0.000297956587
983.333333 0.000114691557
1000 7.81265115e-06
1016.66667 3.04790861e-05
1033.33333 0.000170648377
1050 0.000357329738
1066.66667 0.000496398308
1083.33333 0.000517915567
1100 0.000411184116
1116.66667 0.00022998009
1133.33333 6.54067379e-05
1150 5.97343544e-08
1166.66667 6.65437605e-05
1183.33333 0.00023115834
1200 0.00041091139
1216.66667 0.000515282266
1233.33333 0.000491739029
1250 0.000352141815
1266.66667 0.00016677022
1283.33333 2.89758269e-05
1300 8.22002632e-06
1316.66667 0.000115102357
1333.33333 0.000295974733
1350 0.000459879494
1366.66667 0.000524297972
1383.33333 0.000456716097
1400 0.000291081034
1416.66667 0.000110820166
1433.33333 6.90693625e-06
1450 3.20382189e-05
1466.66667 0.000173993922
1483.33333 0.000361644413
1500 0.000500659407
1516.66667 0.000520999393
1533.33333 0.000412284328
1550 0.000229178018
1566.66667 6.39917815e-05
1583.33333 2.31445563e-07
1600 7.04616762e-05
1616.66667 0.000239751818
1633.33333 0.000423124007
1650 0.000528293115
1666.66667 0.000502201022
1683.33333 0.000357873098
1700 0.000167993251
1716.66667 2.83585838e-05
1733.33333 9.58937399e-06
1750 0.000121445438
1766.66667 0.000307791387
1783.33333 0.000474815496
1800 0.000538317149
1816.66667 0.000466217864
1833.33333 0.000294819229
1850 0.000110556686
1866.66667 6.4170859e-06
1883.33333 3.50022185e-05
1900 0.000181943685
1916.66667 0.000373118198
1933.33333 0.000512045903
1950 0.000528598767
1966.66667 0.000414417306
1983.33333 0.00022713721
2000 6.1282293e-05
2016.66667 5.25192872e-07
2033.33333 7.54352292e-05
2050 0.0002480599
2066.66667 0.000431123494
2083.33333 0.00053213123
2100 0.000500085873
2116.66667 0.00035121463
2133.33333 0.000160723605
2150 2.47702324e-05
2166.66667 1.18866156e-05
2183.33333 0.000128398568
2200 0.000315291723
2216.66667 0.00047807471
2233.33333 0.000534523494
2250 0.000456179646
2266.66667 0.000282659218
2283.33333 0.000101582605
2300 4.29925793e-06
2316.66667 3.97834705e-05
2333.33333 0.000189968428
2350 0.000378934858
2366.66667 0.000511273111
2383.33333 0.000520229308
2400 0.000401341159
2416.66667 0.000214622656
2433.33333 5.42389514e-05
2450 1.00163244e-06
2466.66667 8.16497919e-05
2483.33333 0.000255426984
2500 0.000434681589
2516.66667 0.000529069444
2533.33333 0.000491065158
2550 0.000339860873
2566.66667 0.000151644534
2583.33333 2.11911399e-05
2600 1.41336082e-05
2616.66667 0.000133946433
2633.33333 0.000320242567
2650 0.000479209291
2666.66667 0.000530838754
2683.33333 0.000449176434
2700 0.000275346324
2716.66667 9.68228223e-05
2733.33333 3.4004696e-06
2750 4.20229349e-05
2766.66667 0.000193190012
2783.33333 0.000380795527
2800 0.000510431305
2816.66667 0.000516880921
2833.33333 0.000396914586
2850 0.000210896843
2866.66667 5.24067009e-05
2883.33333 1.15618576e-06
2900 8.28905664e-05
2916.66667 0.000256440543
2933.33333 0.000434439978
2950 0.000527288724
2966.66667 0.000488244346
2983.33333 0.000336953131
3000 0.000149572345
3016.66667 2.04436744e-05
3033.33333 1.45985446e-05
3050 0.000135001586
3066.66667 0.000321033463
3083.33333 0.000478996181
3100 0.000529298363
3116.66667 0.000446564315
3133.33333 0.000272454319
3150 9.47132215e-05
3166.66667 2.97541714e-06
3183.33333 4.35795769e-05
3200 0.000196169972
3216.66667 0.000383903964
3233.33333 0.000512154803
3250 0.000516223193
3266.66667 0.00039400325
3283.33333 0.00020710723
3300 4.98440153e-05
3316.66667 1.66475998e-06
3333.33333 8.70521175e-05
3350 0.000263104644
3366.66667 0.000441116644
3383.33333 0.000531302546
3400 0.000488117415
3416.66667 0.000333295395
3433.33333 0.000144948762
3450 1.81921723e-05
3466.66667 1.71410748e-05
3483.33333 0.000142511763
3500 0.000331199051
3516.66667 0.000488076623
3533.33333 0.000533993162
3550 0.000445743366
3566.66667 0.000267824389
3583.33333 9.00200498e-05
3600 2.10727222e-06
3616.66667 4.85394402e-05
3633.33333 0.000205986343
3650 0.000395080663
3666.66667 0.000520454125
3683.33333 0.00051886112
3700 0.000391099525
3716.66667 0.000201614396
3733.33333 4.59829816e-05
3750 2.69210856e-06
3766.66667 9.35453955e-05
3783.33333 0.000272677475
3800 0.000449709994
3816.66667 0.000535353601
3833.33333 0.000486439786
3850 0.000327666437
3866.66667 0.000139102556
3883.33333 1.57776914e-05
3900 1.9757211e-05
3916.66667 0.000148877433
3933.33333 0.000337891308
3950 0.000491416939
3966.66667 0.000532046236
3983.33333 0.000439345255
4000 0.000260096164
4016.66667 8.4649886e-05
4033.33333 1.34616369e-06
4050 5.19976178e-05
4066.66667 0.000210870199
4083.33333 0.000397724472
4100 0.000518306356
4116.66667 0.000511853799
4133.33333 0.000381676403
4150 0.00019342183
4166.66667 4.19390467e-05
4183.33333 3.4655224e-06
4200 9.72381663e-05
4216.66667 0.000275854255
4233.33333 0.000449208256
4250 0.000529916517
4266.66667 0.000477333084
4283.33333 0.000317991118
4300 0.000132194791
4316.66667 1.35389795e-05
4333.33333 2.1759702e-05
4350 0.000152661696
4366.66667 0.000340256372
4383.33333 0.000490017956
4400 0.000526499563
4416.66667 0.000431328591
4433.33333 0.000252452819
4450 7.99875399e-05
4466.66667 8.29504746e-07
4483.33333 5.4891564e-05
4500 0.000214994647
4516.66667 0.000400543636
4533.33333 0.000518105615
4550 0.000508463244
4566.66667 0.000376451321
4583.33333 0.000188546446
4600 3.94113396e-05
4616.66667 4.2283573e-06
4633.33333 0.000100820638
4650 0.000280642969
4666.66667 0.000453196413
4683.33333 0.000531590183
4700 0.00047631502
4716.66667 0.000315177012
4733.33333 0.000129333101
4750 1.24383882e-05
4766.66667 2.34671283e-05
4783.33333 0.000156973673
4800 0.000345792235
4816.66667 0.000494841037
4833.33333 0.000529020165
4850 0.000431074334
4866.66667 0.000250328313
4883.33333 7.7868091e-05
4900 6.52219479e-07
4916.66667 5.76713316e-05
4933.33333 0.000220261415
4950 0.000406516116
4966.66667 0.000522556147
4983.33333 0.000509863065
5000 0.000374809109
5016.66667 0.000185476361
5033.33333 3.73478256e-05
5050 5.15779196e-06
5066.66667 0.000105183995
5083.33333 0.000287012148
5100 0.000458944446
5116.66667 0.000534248968
5133.33333 0.000474922358
5150 0.000310880554
5166.66667 0.000124882464
5183.33333 1.07819417e-05
5200 2.61684982e-05
5216.66667 0.000163297475
5233.33333 0.000352986785
5250 0.000499521438
5266.66667 0.000528954867
5283.33333 0.000426430094
5300 0.000243682183
5316.66667 7.29325573e-05
5333.33333 3.49405208e-07
5350 6.25628022e-05
5366.66667 0.000228181082
5383.33333 0.000413635259
5400 0.000525352103
5416.66667 0.000506970196
5433.33333 0.000367772293
5450 0.000177991374
5466.66667 3.33668839e-05
5483.33333 6.8420179e-06
5500 0.000111774294
5516.66667 0.00029521389
5533.33333 0.000464628664
5550 0.00053458245
5566.66667 0.000469816185
5583.33333 0.000303008127
5600 0.000118270483
5616.66667 8.72200826e-06
5633.33333 2.95415052e-05
5650 0.00017017151
5666.66667 0.00035967184
5683.33333 0.000502503623
5700 0.000526689205
5716.66667 0.000420069612
5733.33333 0.000236397425
5750 6.82161221e-05
5766.66667 2.1350117e-07
5783.33333 6.65632202e-05
5800 0.000233740975
5816.66667 0.000417452806
5833.33333 0.00052512434
5850 0.000502532457
5866.66667 0.000361091081
5883.33333 0.000172063169
5900 3.06363286e-05
5916.66667 7.97274721e-06
5933.33333 0.00011538677
5950 0.000298680673
5966.66667 0.00046547262
5983.33333 0.000531737609
6000 0.000464116657
6016.66667 0.000296692891
6033.33333 0.000113799434
6050 7.53033799e-06
6066.66667 3.13589247e-05
6083.33333 0.000173219827
6100 0.00036160347
6116.66667 0.000501585736
6133.33333 0.000522642972
6150 0.000414171054
6166.66667 0.000230821696
6183.33333 6.49698696e-05
6200 1.79224551e-07
6216.66667 6.91032573e-05
6233.33333 0.000237028441
6250 0.000419353568
6266.66667 0.000524207176
6283.33333 0.00049873928
6300 0.000355765561
6316.66667 0.000167331842
6333.33333 2.84278621e-05
6350 9.12185536e-06
6366.66667 0.000119231864
6383.33333 0.000303345638
6400 0.000468716891
6416.66667 0.000531997426
6433.33333 0.000461261071
6450 0.000292131912
6466.66667 0.000109867814
6483.33333 6.407142e-06
6500 3.40163466e-05
6516.66667 0.000178907192
6533.33333 0.000368142159
6550 0.000506371845
6566.66667 0.000523901683
6583.33333 0.000411856612
6600 0.000226699326
6616.66667 6.17998414e-05
6633.33333 3.70722976e-07
6650 7.34926474e-05
6666.66667 0.000244405557
6683.33333 0.000427007328
6700 0.000529251733
6716.66667 0.000499570296
6733.33333 0.00035290276
6750 0.000163193419
6766.66667 2.61207308e-05
6783.33333 1.08471308e-05
6800 0.000125124928
6816.66667 0.000311366904
6833.33333 0.000475675113
6850 0.000535193825
6866.66667 0.000459902863
6883.33333 0.00028776622
6900 0.00010558929
6916.66667 5.23765324e-06
6933.33333 3.73020632e-05
6950 0.000185584069
6966.66667 0.000375272725
6983.33333 0.00051068511
7000 0.000523529033
7016.66667 0.00040734067
7033.33333 0.000220728788
7050 5.77970053e-05
7066.66667 6.72821376e-07
7083.33333 7.80932419e-05
7100 0.000250933173
7116.66667 0.00043196463
7133.33333 0.000529866432
7150 0.000495277844
7166.66667 0.000345669885
7183.33333 0.000156502865
7200 2.31472284e-05
7216.66667 1.27853371e-05
7233.33333 0.000130552395
7250 0.000316980134
7266.66667 0.000478013484
7283.33333 0.000532447407
7300 0.000452858717
7316.66667 0.000279402659
7333.33333 9.95361594e-05
7350 3.90911663e-06
7366.66667 4.0670443e-05
7383.33333 0.000191219971
7400 0.000379614347
7416.66667 0.000510867458
7433.33333 0.000518828428
7450 0.000399505891
7466.66667 0.000213054675
7483.33333 5.3439712e-05
7500 1.07722603e-06
7516.66667 8.23209961e-05
7533.33333 0.000256201107
7550 0.000435084538
7566.66667 0.000528836686
7583.33333 0.000490229859
7600 0.000338725435
7616.66667 0.000150657272
7633.33333 2.07700397e-05
7650 1.44915509e-05
7666.66667 0.000134979617
7683.33333 0.000321537595
7700 0.00048019177
7716.66667 0.000531026608
7733.33333 0.000448436532
7750 0.000274022439
7766.66667 9.56386917e-05
7783.33333 3.14345303e-06
7800 4.31379258e-05
7816.66667 0.000195490178
7833.33333 0.000383469521
7850 0.000512390823
7866.66667 0.00051730807
7883.33333 0.000395735185
7900 0.000208908943
7916.66667 5.09508255e-05
7933.33333 1.45505232e-06
7950 8.5383878e-05
7966.66667 0.000260477537
7983.33333 0.000438530909
8000 0.000529827779
8016.66667 0.000488350825
8033.33333 0.000334985249
8050 0.000147013771
8066.66667 1.91834142e-05
8083.33333 1.59548593e-05
8100 0.000138999086
8116.66667 0.00032633255
8133.33333 0.000483541692
8150 0.000531370487
8166.66667 0.000445686567
8183.33333 0.000269670961
8200 9.20710665e-05
8216.66667 2.46597872e-06
8233.33333 4.60919799e-05
8250 0.00020101041
8266.66667 0.000389144562
8283.33333 0.000515635949
8300 0.000516682976
8316.66667 0.000391735602
8333.33333 0.000203798286
8350 4.76733261e-05
8366.66667 2.15005497e-06
8383.33333 9.02524673e-05
8400 0.000267603598
8416.66667 0.000444788478
8433.33333 0.000532446652
8450 0.000486352738
8466.66667 0.000329740963
8483.33333 0.000141603113
8500 1.685374e-05
8516.66667 1.8452436e-05
8533.33333 0.000145636182
8550 0.000334292073
8566.66667 0.000489288028
8583.33333 0.000532455636
8600 0.000442020759
8616.66667 0.000263590151
8633.33333 8.71508924e-05
8650 1.68474193e-06
8666.66667 5.0291077e-05
8683.33333 0.000208453843
8700 0.000396411396
8716.66667 0.000519385547
8733.33333 0.000515376263
8750 0.00038641754
8766.66667 0.0001975371
8783.33333 4.39538464e-05
8800 3.06323676e-06
8816.66667 9.54249969e-05
8833.33333 0.00027441874
8850 0.000449770721
8866.66667 0.000533076281
8883.33333 0.000482359798
8900 0.000323210978
8916.66667 0.000135855692
8933.33333 1.46961499e-05
8950 2.0727483e-05
8966.66667 0.000150816046
8983.33333 0.000339312385
9000 0.000491167245
9016.66667 0.000529844204
9033.33333 0.000435876811
9050 0.000256647264
9066.66667 8.24763004e-05
9083.33333 1.09107311e-06
9100 5.34243626e-05
9116.66667 0.000213014004
9133.33333 0.000399368595
9150 0.00051854783
9166.66667 0.000510499349
9183.33333 0.000379301053
9200 0.000191081201
9216.66667 4.06781589e-05
9233.33333 3.84832987e-06
9250 9.91038358e-05
9266.66667 0.000278401522
9283.33333 0.000451364972
9300 0.000530828202
9316.66667 0.000476752667
9333.33333 0.000316393906
9350 0.000130562242
9366.66667 1.29030935e-05
9383.33333 2.27128467e-05
9400 0.000155061254
9416.66667 0.00034327247
9433.33333 0.000492516022
9450 0.00052758667
9466.66667 0.000430802401
9483.33333 0.000250924955
9500 7.86028931e-05
9516.66667 7.02785531e-07
9533.33333 5.65339542e-05
9550 0.000218024647
9566.66667 0.000403846315
9583.33333 0.000520380492
9600 0.000508894289
9616.66667 0.000375153631
9633.33333 0.00018654327
9650 3.81307217e-05
9666.66667 4.76315851e-06
9683.33333 0.000103333832
9700 0.000284241325
9716.66667 0.000456360897
9733.33333 0.000532957877
9750 0.000475410116
9766.66667 0.00031269837
9783.33333 0.000126826989
9800 1.15073631e-05
9816.66667 2.4920145e-05
9833.33333 0.000160368829
9850 0.000349629388
9866.66667 0.000497322794
9883.33333 0.00052899374
9900 0.000428658782
9916.66667 0.00024688557
9933.33333 7.53165987e-05
9950 4.71298198e-07
9966.66667 6.01162085e-05
9983.33333 0.000224207427
10000 0.000410024995
