0 4.81482486e-35
16.6666667 6.63591441e-05
33.3333333 0.000231011048
50 0.000408526913
66.6666667 0.000506771741
83.3333333 0.000474700198
100 0.000328882038
116.666667 0.0001449973
133.333333 1.86797065e-05
150 1.59641132e-05
166.666667 0.000138991537
183.333333 0.000324748162
200 0.00047753596
216.666667 0.000518423875
233.333333 0.000426131244
250 0.000248196893
266.666667 7.66153731e-05
283.333333 4.61900278e-07
300 5.99146001e-05
316.666667 0.000225385859
333.333333 0.000412555689
350 0.000525618405
366.666667 0.000506527713
383.333333 0.000364926612
400 0.000173362854
416.666667 3.02127547e-05
433.333333 9.30683157e-06
450 0.000122069102
466.666667 0.000311565279
483.333333 0.000481511618
500 0.000545410444
516.666667 0.000470703263
533.333333 0.000295403907
550 0.000108748176
566.666667 5.75951963e-06
583.333333 3.89044917e-05
600 0.000191447064
616.666667 0.000386014619
633.333333 0.000523950807
650 0.000535398833
666.666667 0.000414668511
683.333333 0.000222988083
700 5.73422157e-05
716.666667 1.29135568e-06
733.333333 8.27362852e-05
750 0.000259978907
766.666667 0.000443025776
783.333333 0.00053922684
800 0.00050008566
816.666667 0.000345586627
833.333333 0.000153846989
850 2.14659657e-05
866.666667 1.47103072e-05
883.333333 0.000136207639
900 0.000323882289
916.666667 0.000482529945
933.333333 0.00053196753
950 0.000447410045
966.666667 0.000271751445
983.333333 9.36744665e-05
1000 2.76016651e-06
1016.66667 4.43125132e-05
1033.33333 0.000196668217
1050 0.000382347607
1066.66667 0.000507311377
1083.33333 0.000508446322
1100 0.000385319603
1116.66667 0.000200238086
1133.33333 4.66637307e-05
1150 1.98276041e-06
1166.66667 8.84766181e-05
1183.33333 0.000262162049
1200 0.000435085382
1216.66667 0.000519781472
1233.33333 0.000473444529
1250 0.000319523504
1266.66667 0.000135855694
1283.33333 1.53369747e-05
1300 1.89833971e-05
1316.66667 0.00014508146
1333.33333 0.000330012964
1350 0.000480359842
1366.66667 0.000520099959
1383.33333 0.000429066264
1400 0.000253223991
1416.66667 8.15294816e-05
1433.33333 1.01177243e-06
1450 5.27454774e-05
1466.66667 0.00021097816
1483.33333 0.000396016477
1500 0.000514428626
1516.66667 0.00050628988
1533.33333 0.000375585216
1550 0.000188343492
1566.66667 3.93657605e-05
1583.33333 4.30723054e-06
1600 0.000101331586
1616.66667 0.000281776215
1633.33333 0.000454630497
1650 0.000532518554
1666.66667 0.000475952416
1683.33333 0.000313435366
1700 0.000127171582
1716.66667 1.15396789e-05
1733.33333 2.53088514e-05
1750 0.000161799287
1766.66667 0.00035214949
1783.33333 0.000500102912
1800 0.000530741074
1816.66667 0.000428481493
1833.33333 0.000245054678
1850 7.33658439e-05
1866.66667 4.454855e-07
1883.33333 6.33228453e-05
1900 0.000230208844
1916.66667 0.000416563388
1933.33333 0.000527931856
1950 0.000507841678
1966.66667 0.000366460477
1983.33333 0.000175460873
2000 3.16789182e-05
2016.66667 7.99485221e-06
2033.33333 0.000116359912
2050 0.000301736424
2066.66667 0.000470030525
2083.33333 0.000535841362
2100 0.00046579063
2116.66667 0.000295441767
2133.33333 0.000111228454
2150 6.57597869e-06
2166.66667 3.44949009e-05
2183.33333 0.000180706782
2200 0.000370927998
2216.66667 0.000508594117
2233.33333 0.000523862755
2250 0.000409024848
2266.66667 0.000222370991
2283.33333 5.85785851e-05
2300 6.69513244e-07
2316.66667 7.79197889e-05
2333.33333 0.000251058217
2350 0.000432230587
2366.66667 0.000529572288
2383.33333 0.000493770688
2400 0.000343018155
2416.66667 0.000153736541
2433.33333 2.18118464e-05
2450 1.40096589e-05
2466.66667 0.00013418868
2483.33333 0.000321402708
2500 0.000480813247
2516.66667 0.000531724934
2533.33333 0.000448411779
2550 0.000273084211
2566.66667 9.44707774e-05
2583.33333 2.89140368e-06
2600 4.45739928e-05
2616.66667 0.000198317508
2633.33333 0.000386274444
2650 0.000513360795
2666.66667 0.000515338218
2683.33333 0.000391255805
2700 0.000203873622
2716.66667 4.78893183e-05
2733.33333 2.05707873e-06
2750 8.9407548e-05
2766.66667 0.000265658137
2783.33333 0.000441641637
2800 0.000528391805
2816.66667 0.00048209125
2833.33333 0.000326176673
2850 0.000139452646
2866.66667 1.62419522e-05
2883.33333 1.8720374e-05
2900 0.000145519053
2916.66667 0.00033244769
2933.33333 0.000484959202
2950 0.000525941978
2966.66667 0.000434687294
2983.33333 0.000257343073
3000 8.35748795e-05
3016.66667 1.23142324e-06
3033.33333 5.19283305e-05
3050 0.000210003056
3066.66667 0.000395485191
3083.33333 0.000514533583
3100 0.000506901665
3116.66667 0.00037642849
3133.33333 0.000189123694
3150 3.97956089e-05
3166.66667 4.08558299e-06
3183.33333 0.000100168845
3200 0.000279512385
3216.66667 0.000451393713
3233.33333 0.000528801186
3250 0.000472499476
3266.66667 0.000310946215
3283.33333 0.00012594684
3300 1.12726473e-05
3316.66667 2.51696757e-05
3333.33333 0.000160808134
3350 0.00034966611
3366.66667 0.000496176056
3383.33333 0.000526119656
3400 0.000424265277
3416.66667 0.000242159399
3433.33333 7.20833504e-05
3450 3.30682664e-07
3466.66667 6.34610747e-05
3483.33333 0.000229709963
3500 0.000415009749
3516.66667 0.000525543157
3533.33333 0.000505287149
3550 0.000364449218
3566.66667 0.000174358178
3583.33333 3.13648837e-05
3600 8.02499233e-06
3616.66667 0.00011630273
3633.33333 0.000301461773
3650 0.000469764389
3666.66667 0.000535959087
3683.33333 0.000466493261
3700 0.000296540441
3716.66667 0.000112197817
3733.33333 6.86611326e-06
3750 3.39174001e-05
3766.66667 0.000179644205
3783.33333 0.000370204801
3800 0.000509045233
3816.66667 0.00052582815
3833.33333 0.000412066971
3850 0.00022540759
3866.66667 6.03968822e-05
3883.33333 5.64743404e-07
3900 7.61112631e-05
3916.66667 0.000248637818
3933.33333 0.000430643276
3950 0.000529884194
3966.66667 0.000496105659
3983.33333 0.000346465366
4000 0.000156788209
4016.66667 2.31110042e-05
4033.33333 1.30237009e-05
4050 0.000131463384
4066.66667 0.000318272118
4083.33333 0.000478723922
4100 0.000531527625
4116.66667 0.000449979073
4133.33333 0.000275431741
4150 9.62941592e-05
4166.66667 3.22388268e-06
4183.33333 4.32266699e-05
4200 0.00019589848
4216.66667 0.000383813888
4233.33333 0.000511768261
4250 0.000514983579
4266.66667 0.000391872469
4283.33333 0.00020479421
4300 4.84490301e-05
4316.66667 1.93114051e-06
4333.33333 8.87134992e-05
4350 0.000264803016
4366.66667 0.000441037403
4383.33333 0.000528220306
4400 0.000482248435
4416.66667 0.000326404789
4433.33333 0.000139555169
4450 1.62352964e-05
4466.66667 1.88270828e-05
4483.33333 0.000146012712
4500 0.000333453401
4516.66667 0.000486339572
4533.33333 0.000527344526
4550 0.000435730294
4566.66667 0.000257833305
4583.33333 8.36311039e-05
4600 1.24093913e-06
4616.66667 5.23576924e-05
4633.33333 0.000211163393
4650 0.000397374349
4666.66667 0.000516832746
4683.33333 0.000509121683
4700 0.000378127416
4716.66667 0.000190089619
4733.33333 4.01164458e-05
4750 4.0886839e-06
4766.66667 0.00010027263
4783.33333 0.000280061104
4800 0.00045253824
4816.66667 0.000530457299
4833.33333 0.000474382395
4850 0.000312660962
4866.66667 0.00012710876
4883.33333 1.16316338e-05
4900 2.47075157e-05
4916.66667 0.000159773245
4933.33333 0.000348515561
4950 0.000495421467
4966.66667 0.000526118157
4983.33333 0.000425038562
5000 0.000243334414
5016.66667 7.30093372e-05
5033.33333 3.47619795e-07
5050 6.22104325e-05
5066.66667 0.000227337692
5083.33333 0.000412144983
5100 0.000523037705
5116.66667 0.000503823769
5133.33333 0.000364205827
5150 0.000174902381
5166.66667 3.18466787e-05
5183.33333 7.58512461e-06
5200 0.000114498049
5216.66667 0.000298491701
5233.33333 0.000466378581
5250 0.000533088935
5266.66667 0.000464794095
5283.33333 0.000296079425
5300 0.000112446752
5316.66667 6.99782056e-06
5333.33333 3.32446503e-05
5350 0.000177967585
5366.66667 0.00036788938
5383.33333 0.00050679567
5400 0.000524295268
5416.66667 0.000411506132
5433.33333 0.000225573518
5450 6.07225237e-05
5466.66667 5.11497906e-07
5483.33333 7.5484566e-05
5500 0.000247687303
5516.66667 0.000429894698
5533.33333 0.000529806894
5550 0.000496814705
5566.66667 0.000347636952
5583.33333 0.000157842298
5600 2.35580874e-05
5616.66667 1.27734371e-05
5633.33333 0.000130909721
5650 0.000318094311
5666.66667 0.000479505833
5683.33333 0.000533406396
5700 0.000452525692
5716.66667 0.000277842578
5733.33333 9.78012732e-05
5750 3.50735956e-06
5766.66667 4.26043701e-05
5783.33333 0.000195183392
5800 0.000383905682
5816.66667 0.000513188584
5833.33333 0.000517597036
5850 0.000394939736
5866.66667 0.000207331412
5883.33333 4.9709801e-05
5900 1.76699228e-06
5916.66667 8.76339988e-05
5933.33333 0.00026371271
5950 0.00044078888
5966.66667 0.00052920909
5983.33333 0.000484244981
6000 0.000328692716
6016.66667 0.000141291628
6033.33333 1.68472031e-05
6050 1.82530876e-05
6066.66667 0.00014468965
6083.33333 0.000332076167
6100 0.000485527455
6116.66667 0.000527377036
6133.33333 0.00043646484
6150 0.000258819645
6166.66667 8.43455591e-05
6183.33333 1.32003443e-06
6200 5.17292323e-05
6216.66667 0.000210034801
6233.33333 0.000396107264
6250 0.000515776383
6266.66667 0.000508480757
6283.33333 0.000377910689
6300 0.000190142945
6316.66667 4.02106456e-05
6333.33333 4.01890567e-06
6350 9.99315718e-05
6366.66667 0.000279465348
6383.33333 0.000451806013
6400 0.000529751495
6416.66667 0.000473842362
6433.33333 0.000312349397
6450 0.000126994696
6466.66667 1.16167761e-05
6483.33333 2.46840766e-05
6500 0.000159684846
6516.66667 0.00034838818
6533.33333 0.000495344457
6550 0.000526182256
6566.66667 0.000425265108
6583.33333 0.000243640848
6600 7.324049e-05
6616.66667 3.65123778e-07
6633.33333 6.19934563e-05
6650 0.000227031468
6666.66667 0.000412014004
6683.33333 0.000523331826
6700 0.000504621205
6716.66667 0.000365323578
6733.33333 0.000175940859
6750 3.23675319e-05
6766.66667 7.34316961e-06
6783.33333 0.000113604454
6800 0.000297406439
6816.66667 0.000465712206
6833.33333 0.000533297476
6850 0.000465920017
6866.66667 0.000297683389
6883.33333 0.00011378612
6900 7.37997442e-06
6916.66667 3.23833605e-05
6933.33333 0.000176155602
6950 0.000365884664
6966.66667 0.00050546321
6983.33333 0.000524177093
7000 0.000412538127
7016.66667 0.000227100329
7033.33333 6.18123761e-05
7050 4.17380985e-07
7066.66667 7.4018993e-05
7083.33333 0.000245318486
7100 0.000427513332
7116.66667 0.000528282007
7133.33333 0.000496565521
7150 0.000348438313
7166.66667 0.000158958823
7183.33333 2.41316339e-05
7200 1.22595036e-05
7216.66667 0.000129338206
7233.33333 0.000316027342
7250 0.000477726515
7266.66667 0.000532510916
7283.33333 0.000452634691
7300 0.000278575987
7316.66667 9.85156262e-05
7333.33333 3.65592736e-06
7350 4.20219214e-05
7366.66667 0.000194147539
7383.33333 0.000382954296
7400 0.000512805883
7416.66667 0.000517947234
7433.33333 0.000395793097
7450 0.000208215435
7466.66667 5.0192253e-05
7483.33333 1.70728286e-06
7500 8.72617577e-05
7516.66667 0.000263492396
7533.33333 0.000441149618
7550 0.000530292952
7566.66667 0.000485814972
7583.33333 0.000330252198
7600 0.000142350268
7616.66667 1.71886646e-05
7633.33333 1.80591704e-05
7650 0.000144453098
7666.66667 0.000332347083
7683.33333 0.000486625694
7700 0.000529219688
7716.66667 0.000438597141
7733.33333 0.000260632726
7750 8.53705931e-05
7766.66667 1.45250541e-06
7783.33333 5.12750926e-05
7800 0.000209560053
7816.66667 0.000396167621
7833.33333 0.000516657767
7850 0.000510070916
7866.66667 0.000379756124
7883.33333 0.000191658029
7900 4.0938861e-05
7916.66667 3.82827452e-06
7933.33333 9.90616927e-05
7950 0.000278412312
7966.66667 0.000451101601
7983.33333 0.000529734793
8000 0.000474520327
8016.66667 0.000313401692
8033.33333 0.000127916568
8050 1.19371465e-05
8066.66667 2.41664946e-05
8083.33333 0.000158427188
8100 0.000346779369
8116.66667 0.000493896299
8133.33333 0.000525307835
8150 0.000425099664
8166.66667 0.000243984878
8183.33333 7.36527253e-05
8200 3.6607517e-07
8216.66667 6.12880547e-05
8233.33333 0.000225647365
8250 0.000410288653
8266.66667 0.000521752012
8283.33333 0.000503590591
8300 0.000364971339
8316.66667 0.000176066743
8333.33333 3.25519515e-05
8350 7.16725451e-06
8366.66667 0.000112867284
8383.33333 0.000296226289
8400 0.000464458064
8416.66667 0.000532386755
8433.33333 0.000465591
8450 0.00029786652
8466.66667 0.000114146296
8483.33333 7.50881764e-06
8500 3.20362042e-05
8516.66667 0.00017539978
8533.33333 0.000365071532
8550 0.0005050332
8566.66667 0.000524402639
8583.33333 0.000413349507
8600 0.00022809927
8616.66667 6.24767208e-05
8633.33333 3.91580305e-07
8650 7.33305727e-05
8666.66667 0.000244393159
8683.33333 0.000426967119
8700 0.000528592054
8716.66667 0.000497794449
8733.33333 0.000350167061
8750 0.000160476792
8766.66667 2.47951699e-05
8783.33333 1.18343412e-05
8800 0.000128142033
8816.66667 0.000314788182
8833.33333 0.000477220801
8850 0.000533163789
8866.66667 0.000454290072
8883.33333 0.000280559989
8900 9.99663095e-05
8916.66667 3.95369546e-06
8933.33333 4.11011447e-05
8950 0.000192529849
8966.66667 0.000381486643
8983.33333 0.000512237494
9000 0.000518560696
9016.66667 0.000397274534
9033.33333 0.000209824334
9050 5.11385141e-05
9066.66667 1.54081566e-06
9083.33333 8.60795949e-05
9100 0.000261867012
9116.66667 0.00043982618
9133.33333 0.000529817277
9150 0.000486281057
9166.66667 0.0003312883
9183.33333 0.000143336026
9200 1.75800358e-05
9216.66667 1.76514586e-05
9233.33333 0.00014345483
9250 0.000331241787
9266.66667 0.000485907571
9283.33333 0.000529146718
9300 0.000439085324
9316.66667 0.000261333613
9333.33333 8.58771596e-05
9350 1.51690165e-06
9366.66667 5.09247942e-05
9383.33333 0.000209060184
9400 0.000395860819
9416.66667 0.000516774251
9433.33333 0.00051061047
9450 0.00038049964
9466.66667 0.000192295391
9483.33333 4.12403594e-05
9500 3.76797634e-06
9516.66667 9.88300939e-05
9533.33333 0.000278314738
9550 0.00045139686
9566.66667 0.000530497005
9583.33333 0.000475593308
9600 0.000314468452
9616.66667 0.000128650165
9633.33333 1.21602835e-05
9650 2.39431911e-05
9666.66667 0.000158041495
9683.33333 0.000346608317
9700 0.000494233367
9716.66667 0.000526217433
9733.33333 0.00042637151
9750 0.000245214132
9766.66667 7.44153873e-05
9783.33333 4.13847678e-07
9800 6.06734852e-05
9816.66667 0.00022471664
9833.33333 0.000409536723
9850 0.000521598732
9866.66667 0.000504177975
9883.33333 0.000366079368
9900 0.000177195781
9916.66667 3.31434132e-05
9933.33333 6.86546512e-06
9950 0.000111698796
9966.66667 0.000294604971
9983.33333 0.000463003777
10000 0.000531636365
