0 3.47871096e-33
16.6666667 6.63055086e-05
33.3333333 0.000230242739
50 0.000405310984
66.6666667 0.000499092022
83.3333333 0.000462005513
100 0.000313530047
116.666667 0.00013205252
133.333333 1.36475123e-05
150 2.14520513e-05
166.666667 0.000152279908
183.333333 0.000338086398
200 0.000481587933
216.666667 0.00050737567
233.333333 0.000401681096
250 0.000219861438
266.666667 5.75856464e-05
283.333333 7.51078871e-07
300 8.03541221e-05
316.666667 0.000255996338
333.333333 0.000436749696
350 0.000528554306
366.666667 0.000483411992
383.333333 0.000324652456
400 0.000135010467
416.666667 1.36570319e-05
433.333333 2.45426371e-05
450 0.000162971744
466.666667 0.000357854493
483.333333 0.000508513751
500 0.000536938559
516.666667 0.000428332543
533.333333 0.000238884904
550 6.67183906e-05
566.666667 1.08372716e-06
583.333333 7.61448664e-05
600 0.000253296422
616.666667 0.000441145323
633.333333 0.000542774811
650 0.000505809029
666.666667 0.000349395963
683.333333 0.000154214409
700 2.07475055e-05
716.666667 1.7437471e-05
733.333333 0.000145495541
750 0.000338464376
766.666667 0.000496648095
783.333333 0.000538550688
800 0.000442765229
816.666667 0.000258777872
833.333333 8.12444274e-05
850 1.12457298e-06
866.666667 5.89131288e-05
883.333333 0.000224020418
900 0.00041079718
916.666667 0.000522806318
933.333333 0.000502455713
950 0.000360451187
966.666667 0.000170014633
983.333333 2.89881333e-05
1000 9.43530308e-06
1016.66667 0.000120692626
1033.33333 0.000304805162
1050 0.000466566614
1066.66667 0.00052259811
1083.33333 0.000444179099
1100 0.000271845029
1116.66667 9.43442113e-05
1133.33333 2.8758879e-06
1150 4.41925053e-05
1166.66667 0.000196663285
1183.33333 0.000381538585
1200 0.000503546801
1216.66667 0.000499906316
1233.33333 0.000372558043
1250 0.000187088287
1266.66667 3.89440495e-05
1283.33333 4.33719481e-06
1300 0.000101074055
1316.66667 0.000279423827
1333.33333 0.000447697235
1350 0.000519380183
1366.66667 0.000457604459
1383.33333 0.00029411142
1400 0.000112965015
1416.66667 7.37233035e-06
1433.33333 3.17828859e-05
1450 0.000173871898
1466.66667 0.000360814101
1483.33333 0.000496652106
1500 0.000511588447
1516.66667 0.000397886869
1533.33333 0.000213920777
1550 5.4250604e-05
1566.66667 1.06460609e-06
1583.33333 8.19153477e-05
1600 0.00025548402
1616.66667 0.000432730799
1633.33333 0.000522610065
1650 0.00047888229
1666.66667 0.000323951866
1683.33333 0.000137434913
1700 1.52817174e-05
1716.66667 2.04368062e-05
1733.33333 0.00015041064
1750 0.00033847862
1766.66667 0.000487944175
1783.33333 0.000521879831
1800 0.000422759083
1816.66667 0.000241552711
1833.33333 7.15560271e-05
1850 3.75992432e-07
1866.66667 6.47849619e-05
1883.33333 0.000231713202
1900 0.000415217852
1916.66667 0.000520733436
1933.33333 0.00049382561
1950 0.000348309359
1966.66667 0.000159196972
1983.33333 2.4064007e-05
2000 1.27246405e-05
2016.66667 0.000131172449
2033.33333 0.000318418675
2050 0.000477904291
2066.66667 0.000527313487
2083.33333 0.000441091027
2100 0.000263698182
2116.66667 8.67251721e-05
2133.33333 1.63777305e-06
2150 5.2536816e-05
2166.66667 0.000213332238
2183.33333 0.000401149187
2200 0.000519078792
2216.66667 0.000506218816
2233.33333 0.000369161364
2250 0.000178645616
2266.66667 3.30756771e-05
2283.33333 7.72232109e-06
2300 0.00011583632
2316.66667 0.000301765073
2333.33333 0.000469645342
2350 0.000532872273
2366.66667 0.000458809273
2383.33333 0.000285652973
2400 0.000102740044
2416.66667 4.45627754e-06
2433.33333 4.15362885e-05
2450 0.000194887719
2466.66667 0.000385444486
2483.33333 0.000514957033
2500 0.000516665812
2516.66667 0.000389714466
2533.33333 0.000199561462
2550 4.41983497e-05
2566.66667 3.61788042e-06
2583.33333 9.85986626e-05
2600 0.000280045818
2616.66667 0.000454353065
2633.33333 0.000531677285
2650 0.000472221945
2666.66667 0.000306682132
2683.33333 0.000120349191
2700 9.11147394e-06
2716.66667 3.00551841e-05
2733.33333 0.000172118162
2750 0.000361882364
2766.66667 0.00050146975
2783.33333 0.000518977833
2800 0.000405464783
2816.66667 0.000219461355
2833.33333 5.67370346e-05
2850 9.39754722e-07
2866.66667 8.05496156e-05
2883.33333 0.000254296189
2900 0.000432502881
2916.66667 0.00052331854
2933.33333 0.000480004604
2950 0.000324938302
2966.66667 0.000138010018
2983.33333 1.54327555e-05
3000 2.01986353e-05
3016.66667 0.000149688135
3033.33333 0.000337080883
3050 0.000485806241
3066.66667 0.000519273864
3083.33333 0.000420281214
3100 0.000239829796
3116.66667 7.0837077e-05
3133.33333 2.93584704e-07
3150 6.44936383e-05
3166.66667 0.000230371914
3183.33333 0.00041253666
3200 0.000517223614
3216.66667 0.000490549961
3233.33333 0.000346242215
3250 0.000158575443
3266.66667 2.41579977e-05
3283.33333 1.22213122e-05
3300 0.00012898776
3316.66667 0.000314450312
3333.33333 0.000473228003
3350 0.000523632513
3366.66667 0.000439708156
3383.33333 0.000264613246
3400 8.84453478e-05
3416.66667 1.90232761e-06
3433.33333 4.96094489e-05
3450 0.000207128195
3466.66667 0.000393492063
3483.33333 0.000512841201
3500 0.000503748958
3516.66667 0.000370859227
3533.33333 0.000182538183
3550 3.57237604e-05
3566.66667 6.042106e-06
3583.33333 0.000108859881
3600 0.000291333293
3616.66667 0.000459572827
3633.33333 0.000526964301
3650 0.000458779113
3666.66667 0.000290094795
3683.33333 0.000107772807
3700 5.74706646e-06
3716.66667 3.66352856e-05
3733.33333 0.000184601679
3750 0.000373472733
3766.66667 0.000505953643
3783.33333 0.00051375993
3800 0.000392833379
3816.66667 0.000205476017
3833.33333 4.82741261e-05
3850 2.32179253e-06
3866.66667 9.13959142e-05
3883.33333 0.000269657595
3900 0.000445246672
3916.66667 0.000527629133
3933.33333 0.000474294549
3950 0.00031271498
3966.66667 0.000126218558
3983.33333 1.10382799e-05
4000 2.66739694e-05
4016.66667 0.000165172624
4033.33333 0.000355190142
4050 0.00049876201
4066.66667 0.000521831234
4083.33333 0.000412470448
4100 0.000227068982
4116.66667 6.12747656e-05
4133.33333 6.66306427e-07
4150 7.65970138e-05
4166.66667 0.000249996829
4183.33333 0.000431499763
4200 0.00052752562
4216.66667 0.000488549575
4233.33333 0.000334658301
4250 0.000145204447
4266.66667 1.7890728e-05
4283.33333 1.83856596e-05
4300 0.000146457861
4316.66667 0.000336094924
4333.33333 0.000489543002
4350 0.000527708956
4366.66667 0.00043093216
4383.33333 0.000249105902
4400 7.59395185e-05
4416.66667 6.43285576e-07
4433.33333 6.19522391e-05
4450 0.000228186981
4466.66667 0.000413614853
4483.33333 0.000522657744
4500 0.000499145904
4516.66667 0.000355232594
4533.33333 0.000165084924
4550 2.66288885e-05
4566.66667 1.10844263e-05
4583.33333 0.000126300142
4600 0.000312764287
4616.66667 0.00047431734
4633.33333 0.000527713613
4650 0.000445485653
4666.66667 0.000270040216
4683.33333 9.17539193e-05
4700 2.38487244e-06
4716.66667 4.78170716e-05
4733.33333 0.000204473373
4750 0.000391520094
4766.66667 0.000512544225
4783.33333 0.000505215174
4800 0.000373353005
4816.66667 0.000184907892
4833.33333 3.69211028e-05
4850 5.5354059e-06
4866.66667 0.000106803506
4883.33333 0.00028846269
4900 0.000456887161
4916.66667 0.000525318449
4933.33333 0.00045853165
4950 0.000290946737
4966.66667 0.000108876931
4983.33333 6.07034212e-06
5000 3.54419491e-05
5016.66667 0.000181842655
5033.33333 0.000369874161
5050 0.000502716181
5066.66667 0.000511973022
5083.33333 0.000392880943
5100 0.000206757487
5116.66667 4.94358769e-05
5133.33333 1.93328688e-06
5150 8.87438802e-05
5166.66667 0.000265222919
5183.33333 0.000440557276
5200 0.000524503647
5216.66667 0.000473842229
5233.33333 0.000314636131
5250 0.000128833922
5266.66667 1.21017362e-05
5283.33333 2.45811511e-05
5300 0.000159917174
5316.66667 0.000348505647
5333.33333 0.000493301615
5350 0.000519768584
5366.66667 0.00041426098
5383.33333 0.00023107451
5400 6.45197247e-05
5416.66667 3.79912367e-07
5433.33333 7.17367293e-05
5450 0.000241912084
5466.66667 0.00042332489
5483.33333 0.000522571625
5500 0.000488528484
5516.66667 0.00033870219
5533.33333 0.000150244196
5550 2.02362236e-05
5566.66667 1.56876829e-05
5583.33333 0.000138999253
5600 0.000326695776
5616.66667 0.00048210153
5633.33333 0.000525141302
5650 0.000433613803
5666.66667 0.000254661372
5683.33333 8.05061573e-05
5700 9.37280608e-07
5716.66667 5.70261073e-05
5733.33333 0.000219930201
5750 0.000405728422
5766.66667 0.000518660455
5783.33333 0.000500493814
5800 0.000360567509
5816.66667 0.000171009334
5833.33333 2.9573141e-05
5850 9.24209179e-06
5866.66667 0.000120580341
5883.33333 0.000306255875
5900 0.000470576007
5916.66667 0.000528820458
5933.33333 0.000450938063
5950 0.000277067647
5966.66667 9.68655757e-05
5983.33333 3.28693637e-06
6000 4.46481461e-05
6016.66667 0.000199694361
6033.33333 0.00038853833
6050 0.000513839897
6066.66667 0.000510996724
6083.33333 0.000381464013
6100 0.000192016784
6116.66667 4.03297029e-05
6133.33333 4.61991678e-06
6150 0.000103318427
6166.66667 0.000285565108
6183.33333 0.000457428139
6200 0.000530327765
6216.66667 0.000466696828
6233.33333 0.000299338601
6250 0.000114507316
6266.66667 7.44119333e-06
6283.33333 3.32763768e-05
6300 0.000178644035
6316.66667 0.000368582677
6333.33333 0.000505189484
6350 0.000518077697
6366.66667 0.000400632084
6383.33333 0.000213386719
6400 5.28021049e-05
6416.66667 1.5491705e-06
6433.33333 8.59267671e-05
6450 0.000262347421
6466.66667 0.000439835032
6483.33333 0.000526920305
6500 0.000478758924
6516.66667 0.000320200261
6533.33333 0.000132940794
6550 1.34053678e-05
6566.66667 2.30719552e-05
6583.33333 0.000156831078
6600 0.000345662925
6616.66667 0.000492228418
6633.33333 0.000521020722
6650 0.000417239038
6666.66667 0.00023437325
6683.33333 6.66149552e-05
6700 3.25316042e-07
6716.66667 6.95644862e-05
6733.33333 0.00023857934
6750 0.000420250853
6766.66667 0.000520982044
6783.33333 0.000488899597
6800 0.000340549132
6816.66667 0.000152349545
6833.33333 2.12217992e-05
6850 1.4675226e-05
6866.66667 0.000136053266
6883.33333 0.000322826544
6900 0.000478802323
6916.66667 0.00052365929
6933.33333 0.000434302341
6950 0.000256748767
6966.66667 8.24310279e-05
6983.33333 1.11946259e-06
7000 5.47021924e-05
7016.66667 0.000215616331
7033.33333 0.000401034026
7050 0.000515501458
7066.66667 0.000500081992
7083.33333 0.000362705119
7100 0.000174095021
7116.66667 3.13695553e-05
7133.33333 8.04363704e-06
7150 0.000116173648
7166.66667 0.000300134935
7183.33333 0.000465244053
7200 0.000526499127
7216.66667 0.000452349535
7233.33333 0.000280957181
7250 0.000100567287
7266.66667 4.08341682e-06
7283.33333 4.12280843e-05
7300 0.000192922995
7316.66667 0.000381091222
7333.33333 0.000508847644
7350 0.000510391536
7366.66667 0.00038490857
7383.33333 0.000197013341
7400 4.34894838e-05
7416.66667 3.44498737e-06
7433.33333 9.75525435e-05
7450 0.000277377709
7466.66667 0.000450307345
7483.33333 0.00052725136
7500 0.000468549732
7516.66667 0.000304428361
7533.33333 0.000119449957
7550 8.95552633e-06
7566.66667 2.99316987e-05
7583.33333 0.00017162431
7600 0.000361054559
7616.66667 0.000500611527
7633.33333 0.000518358596
7650 0.000405126963
7666.66667 0.000219267413
7683.33333 5.65952733e-05
7700 1.00742116e-06
7716.66667 8.12231257e-05
7733.33333 0.00025595547
7750 0.00043517152
7766.66667 0.00052649463
7783.33333 0.000482833185
7800 0.000326677424
7816.66667 0.000138527081
7833.33333 1.54039402e-05
7850 2.0831586e-05
7866.66667 0.000152072111
7883.33333 0.000341519019
7900 0.000491537602
7916.66667 0.000524796511
7933.33333 0.000424141921
7950 0.000241452551
7966.66667 7.09046338e-05
7983.33333 4.26297147e-07
8000 6.63681567e-05
8016.66667 0.000234760607
8033.33333 0.000418821688
8050 0.000523689867
8066.66667 0.000495320459
8083.33333 0.000348339394
8100 0.000158498317
8116.66667 2.36248716e-05
8133.33333 1.32013554e-05
8150 0.000132562348
8166.66667 0.000320160471
8183.33333 0.000479300481
8200 0.000527976635
8216.66667 0.000441123946
8233.33333 0.000263513073
8250 8.66557023e-05
8266.66667 1.63590655e-06
8283.33333 5.21826372e-05
8300 0.000212162413
8316.66667 0.000399076491
8333.33333 0.000516590109
8350 0.000504167577
8366.66667 0.000368238585
8383.33333 0.000178850491
8400 3.35508882e-05
8416.66667 7.12452897e-06
8433.33333 0.000113084009
8450 0.000296743344
8466.66667 0.000463423505
8483.33333 0.000527241454
8500 0.000455341533
8516.66667 0.000284790735
8533.33333 0.00010345172
8550 4.70437391e-06
8566.66667 3.93488437e-05
8583.33333 0.000189461353
8600 0.000377655549
8616.66667 0.000506962713
8633.33333 0.000510779593
8650 0.000387158405
8666.66667 0.000199788065
8683.33333 4.51744903e-05
8700 2.93225259e-06
8716.66667 9.47891852e-05
8733.33333 0.000273410313
8750 0.000446787284
8766.66667 0.000525626179
8783.33333 0.000469328934
8800 0.000306893416
8816.66667 0.00012197524
8833.33333 9.80748339e-06
8850 2.81621461e-05
8866.66667 0.000167602251
8883.33333 0.000356339876
8900 0.000497198173
8916.66667 0.000517647154
8933.33333 0.000407151993
8950 0.000222603725
8966.66667 5.90335774e-05
8983.33333 6.85584507e-07
9000 7.7636497e-05
9016.66667 0.000250299477
9033.33333 0.000429795275
9050 0.00052370874
9066.66667 0.000483675702
9083.33333 0.00033029734
9100 0.00014254733
9116.66667 1.71171655e-05
9133.33333 1.86266996e-05
9150 0.00014633739
9166.66667 0.000334515544
9183.33333 0.000486269147
9200 0.00052344247
9216.66667 0.000426876023
9233.33333 0.000246292048
9250 7.47028003e-05
9266.66667 5.11093902e-07
9283.33333 6.19691478e-05
9300 0.000227457267
9316.66667 0.000411752318
9333.33333 0.000519918679
9350 0.000496219071
9366.66667 0.000352846145
9383.33333 0.000163662028
9400 2.61574154e-05
9416.66667 1.12201754e-05
9433.33333 0.000126594679
9450 0.000312869261
9466.66667 0.000474073424
9483.33333 0.000527129266
9500 0.000444676475
9516.66667 0.00026919426
9533.33333 9.11290654e-05
9550 2.28814294e-06
9566.66667 4.85143395e-05
9583.33333 0.000206038372
9600 0.000393708674
9616.66667 0.000514807564
9633.33333 0.00050690672
9650 0.000374061846
9666.66667 0.000184742248
9683.33333 3.65513344e-05
9700 5.91636297e-06
9716.66667 0.000108681214
9733.33333 0.000291922382
9750 0.000461215863
9766.66667 0.000529305798
9783.33333 0.000461088037
9800 0.000291716403
9816.66667 0.000108492248
9833.33333 5.86846487e-06
9850 3.67614157e-05
9866.66667 0.000185270141
9883.33333 0.000374867912
9900 0.000507844921
9916.66667 0.000515670432
9933.33333 0.00039431396
9950 0.000206319594
9966.66667 4.85667635e-05
9983.33333 2.33802534e-06
10000 9.14319135e-05
