0 2.53079232e-33
16.6666667 6.63189607e-05
33.3333333 0.000230435289
50 0.000406115858
66.6666667 0.000501010031
83.3333333 0.000465165776
100 0.000317331731
116.666667 0.000135224422
133.333333 1.48253958e-05
150 2.001669e-05
166.666667 0.000148952842
183.333333 0.000334830752
200 0.000480721471
216.666667 0.000510286399
233.333333 0.000407852977
250 0.000226846797
266.666667 6.20917508e-05
283.333333 3.72789933e-07
300 7.50419184e-05
316.666667 0.000248384662
333.333333 0.000431018675
350 0.000528296663
366.666667 0.000489592592
383.333333 0.00033480965
400 0.000144267443
416.666667 1.71563109e-05
433.333333 2.00912829e-05
450 0.000152461895
466.666667 0.0003465778
483.333333 0.000502573705
500 0.000540022346
516.666667 0.000439548854
533.333333 0.000252917556
550 7.63749786e-05
566.666667 1.02525312e-06
583.333333 6.58634037e-05
600 0.000237690657
616.666667 0.000428236617
633.333333 0.000539617693
650 0.000514681516
666.666667 0.000366323118
683.333333 0.000170741894
700 2.81925769e-05
716.666667 1.14810925e-05
733.333333 0.000128688705
750 0.000319213144
766.666667 0.000485047023
783.333333 0.000541127663
800 0.000458873816
816.666667 0.000280621687
833.333333 9.76792023e-05
850 3.38853224e-06
866.666667 4.53381945e-05
883.333333 0.000201195161
900 0.000390426405
916.666667 0.000515755224
933.333333 0.000513009478
950 0.000383821084
966.666667 0.00019452231
983.333333 4.19472028e-05
1000 3.76836315e-06
1016.66667 9.8832109e-05
1033.33333 0.000277737137
1050 0.000448357838
1066.66667 0.00052313046
1083.33333 0.000463844604
1100 0.00030104465
1116.66667 0.000118202063
1133.33333 8.85840359e-06
1150 2.87297836e-05
1166.66667 0.000167276987
1183.33333 0.00035323222
1200 0.00049118249
1216.66667 0.000510441533
1233.33333 0.000401197076
1250 0.00021946705
1266.66667 5.83696347e-05
1283.33333 4.35188388e-07
1300 7.53649195e-05
1316.66667 0.000244837428
1333.33333 0.000422123729
1350 0.000516471745
1366.66667 0.000479557827
1383.33333 0.000330244428
1400 0.000144970514
1416.66667 1.86712128e-05
1433.33333 1.61987555e-05
1450 0.000139090943
1466.66667 0.000324706206
1483.33333 0.000478205261
1500 0.000521055197
1516.66667 0.000431255857
1533.33333 0.000254687933
1550 8.17290065e-05
1566.66667 1.05106508e-06
1583.33333 5.42143387e-05
1600 0.000214307355
1616.66667 0.000399614215
1633.33333 0.000515373805
1650 0.000502294174
1666.66667 0.000366982538
1683.33333 0.000178666517
1700 3.38232103e-05
1716.66667 6.78306219e-06
1733.33333 0.000111601188
1750 0.000294763647
1766.66667 0.000462524684
1783.33333 0.000528918145
1800 0.000459854172
1816.66667 0.000290672904
1833.33333 0.000108103538
1850 5.82781989e-06
1866.66667 3.64130039e-05
1883.33333 0.000184283983
1900 0.00037364414
1916.66667 0.000507329362
1933.33333 0.000516683897
1950 0.000396852398
1966.66667 0.000209336203
1983.33333 5.04574727e-05
2000 1.89522166e-06
2016.66667 8.86955504e-05
2033.33333 0.000266349936
2050 0.000443617487
2066.66667 0.000529395192
2083.33333 0.000479559501
2100 0.000319690521
2116.66667 0.000131969332
2133.33333 1.29556409e-05
2150 2.39383481e-05
2166.66667 0.000159391074
2183.33333 0.000349771643
2200 0.000497248945
2216.66667 0.000526000784
2233.33333 0.000421219515
2250 0.00023675714
2266.66667 6.74637021e-05
2283.33333 4.31705157e-07
2300 7.02131836e-05
2316.66667 0.000241039029
2333.33333 0.000425188062
2350 0.00052806574
2366.66667 0.000496819471
2383.33333 0.000347501082
2400 0.000156818488
2416.66667 2.27221886e-05
2433.33333 1.40868871e-05
2450 0.000135343504
2466.66667 0.000324223104
2483.33333 0.000483754355
2500 0.000532062137
2516.66667 0.000444385578
2533.33333 0.000265749949
2550 8.78124186e-05
2566.66667 1.79798817e-06
2583.33333 5.1700716e-05
2600 0.000211761867
2616.66667 0.000399751714
2633.33333 0.000519199391
2650 0.000508875587
2666.66667 0.000374142975
2683.33333 0.00018412388
2700 3.61853703e-05
2716.66667 5.99540624e-06
2733.33333 0.00010877212
2750 0.000291570668
2766.66667 0.000460513208
2783.33333 0.00052895405
2800 0.000461867026
2816.66667 0.000293717785
2833.33333 0.000110705074
2850 6.52358795e-06
2866.66667 3.43507125e-05
2883.33333 0.000179658543
2900 0.0003677482
2916.66667 0.000502098324
2933.33333 0.000513842959
2950 0.000397021118
2966.66667 0.000211560692
2983.33333 5.25063409e-05
3000 1.29011414e-06
3016.66667 8.40222718e-05
3033.33333 0.000258158903
3050 0.000434350455
3066.66667 0.000522252694
3083.33333 0.000476818679
3100 0.00032135998
3116.66667 0.000135576559
3133.33333 1.47014782e-05
3150 2.06976904e-05
3166.66667 0.000150508463
3183.33333 0.000337623369
3200 0.000486156127
3216.66667 0.000519977837
3233.33333 0.00042173619
3250 0.000241767828
3266.66667 7.2328545e-05
3283.33333 3.31421729e-07
3300 6.27990084e-05
3316.66667 0.000227857233
3333.33333 0.000411025477
3350 0.000518478612
3366.66667 0.000495130392
3383.33333 0.000352899901
3400 0.000164657842
3416.66667 2.69254364e-05
3433.33333 1.0416607e-05
3450 0.000123763516
3466.66667 0.000309033342
3483.33333 0.000471366409
3500 0.000527575556
3516.66667 0.000448808727
3533.33333 0.00027539337
3550 9.62213984e-05
3566.66667 3.20920352e-06
3583.33333 4.41621397e-05
3600 0.000198217567
3616.66667 0.000386486085
3633.33333 0.000512468297
3650 0.000511542485
3666.66667 0.00038414187
3683.33333 0.000195582133
3700 4.25960479e-05
3716.66667 3.71860458e-06
3733.33333 9.89722467e-05
3750 0.000279553025
3766.66667 0.000452837266
3783.33333 0.000529899977
3800 0.000471166465
3816.66667 0.000306756243
3833.33333 0.0001210548
3850 9.41133872e-06
3866.66667 2.91823005e-05
3883.33333 0.000170260556
3900 0.000360238437
3916.66667 0.000501571816
3933.33333 0.000521671753
3950 0.000410198155
3966.66667 0.000224391356
3983.33333 5.96892202e-05
4000 7.11795745e-07
4016.66667 7.77885879e-05
4033.33333 0.000251364907
4050 0.000432306576
4066.66667 0.000527679849
4083.33333 0.000488491771
4100 0.000334864387
4116.66667 0.00014570664
4133.33333 1.8186434e-05
4150 1.78209446e-05
4166.66667 0.000144823296
4183.33333 0.000333991968
4200 0.000488197655
4216.66667 0.00052826482
4233.33333 0.000433627375
4250 0.000252881691
4266.66667 7.88247752e-05
4283.33333 8.04437695e-07
4300 5.88533266e-05
4316.66667 0.000223153052
4333.33333 0.000409360087
4350 0.00052191076
4366.66667 0.000503065466
4383.33333 0.000362519513
4400 0.000172396812
4416.66667 3.02163961e-05
4433.33333 8.8530338e-06
4450 0.000119171742
4466.66667 0.00030449424
4483.33333 0.000469711417
4500 0.000530083229
4516.66667 0.000454683591
4533.33333 0.000282216567
4550 0.000101118189
4566.66667 4.17794907e-06
4583.33333 4.09678347e-05
4600 0.000192467974
4616.66667 0.000380875315
4633.33333 0.000509534333
4650 0.000512494444
4666.66667 0.000388285249
4683.33333 0.000200614338
4700 4.56609013e-05
4716.66667 2.75696687e-06
4733.33333 9.37449821e-05
4750 0.000271831011
4766.66667 0.00044562029
4783.33333 0.000525989657
4800 0.000471760481
4816.66667 0.000310769575
4833.33333 0.00012555874
4850 1.10395439e-05
4866.66667 2.58439305e-05
4883.33333 0.000162292949
4900 0.000350362475
4916.66667 0.000493597848
4933.33333 0.000518560432
4950 0.000412462851
4966.66667 0.000229710152
4983.33333 6.40020402e-05
5000 2.98972345e-07
5016.66667 7.12710126e-05
5033.33333 0.000240549198
5050 0.000421363677
5066.66667 0.000521018695
5083.33333 0.000488412533
5100 0.000340246207
5116.66667 0.000152481632
5133.33333 2.14171491e-05
5150 1.43225655e-05
5166.66667 0.000134935271
5183.33333 0.00032151248
5200 0.000478454494
5216.66667 0.000525304566
5233.33333 0.000438013212
5250 0.000261305097
5266.66667 8.57886664e-05
5283.33333 1.52185427e-06
5300 5.18279431e-05
5316.66667 0.000211045158
5333.33333 0.000397638404
5350 0.000515975691
5366.66667 0.000505365459
5383.33333 0.000371209533
5400 0.000182278812
5416.66667 3.54825509e-05
5433.33333 6.17797009e-06
5450 0.000109499685
5466.66667 0.000292556065
5483.33333 0.000461519547
5500 0.000529737757
5516.66667 0.000462195232
5533.33333 0.000293508919
5550 0.000110204719
5566.66667 6.34625464e-06
5583.33333 3.52698878e-05
5600 0.000182194401
5616.66667 0.000371776063
5633.33333 0.000506751308
5650 0.000517848634
5666.66667 0.000399354433
5683.33333 0.000212067928
5700 5.21131696e-05
5716.66667 1.60504618e-06
5733.33333 8.64908228e-05
5750 0.000263215498
5766.66667 0.0004410676
5783.33333 0.00052874282
5800 0.000481222788
5816.66667 0.000322897104
5833.33333 0.00013504994
5850 1.41299772e-05
5866.66667 2.22279281e-05
5883.33333 0.000155191516
5900 0.000344753636
5916.66667 0.000493583666
5933.33333 0.000525264131
5950 0.000423529277
5966.66667 0.000240616213
5983.33333 7.04412048e-05
6000 3.76721383e-07
6016.66667 6.63921703e-05
6033.33333 0.000234591142
6050 0.000418620926
6066.66667 0.000524009995
6083.33333 0.000496665749
6100 0.000350634482
6116.66667 0.000160878489
6133.33333 2.47876023e-05
6150 1.21900637e-05
6166.66667 0.000129523455
6183.33333 0.000316548695
6200 0.000477280914
6216.66667 0.000529250968
6233.33333 0.000445812795
6250 0.000269792774
6266.66667 9.14922803e-05
6283.33333 2.34646992e-06
6300 4.8024027e-05
6316.66667 0.000205025143
6333.33333 0.000392767262
6350 0.000514939197
6366.66667 0.000508897888
6383.33333 0.00037777187
6400 0.000188820602
6416.66667 3.8912809e-05
6433.33333 4.84529473e-06
6450 0.000103983397
6466.66667 0.00028539445
6483.33333 0.000455999109
6500 0.000528311265
6516.66667 0.00046528053
6533.33333 0.000299253681
6550 0.000115353012
6566.66667 7.81405529e-06
6583.33333 3.16785426e-05
6600 0.000174604408
6616.66667 0.000363228919
6633.33333 0.000500803873
6650 0.000516797076
6666.66667 0.000403032453
6683.33333 0.000217853183
6700 5.61888906e-05
6716.66667 8.82475209e-07
6733.33333 8.02298562e-05
6750 0.000253492456
6766.66667 0.000431799065
6783.33333 0.0005237145
6800 0.000482113205
6816.66667 0.000328331941
6833.33333 0.000141224615
6850 1.67327784e-05
6866.66667 1.86972176e-05
6883.33333 0.000146125262
6900 0.000333694296
6916.66667 0.000485236504
6933.33333 0.000523043218
6950 0.0004277147
6966.66667 0.000248122571
6983.33333 7.63689975e-05
7000 5.70756113e-07
7016.66667 5.96699996e-05
7033.33333 0.000223443676
7050 0.000407972958
7066.66667 0.000518656226
7083.33333 0.000498721472
7100 0.000358362417
7116.66667 0.000169545537
7133.33333 2.91319773e-05
7150 9.20998171e-06
7166.66667 0.000120104617
7183.33333 0.000305045512
7200 0.000469247512
7216.66667 0.000528509056
7233.33333 0.000452411264
7250 0.000279953621
7266.66667 9.95873769e-05
7283.33333 3.86720028e-06
7300 4.19706087e-05
7316.66667 0.000194444214
7333.33333 0.000383147669
7350 0.00051131442
7366.66667 0.000513191309
7383.33333 0.000387790855
7400 0.000199427357
7416.66667 4.47438561e-05
7433.33333 3.13395365e-06
7450 9.59939434e-05
7466.66667 0.000275722044
7483.33333 0.000450123989
7500 0.000529713623
7516.66667 0.000473639599
7533.33333 0.000310664243
7550 0.000124417663
7566.66667 1.04851711e-05
7583.33333 2.73480833e-05
7600 0.000166360223
7616.66667 0.000356177011
7633.33333 0.000499370407
7650 0.000522438422
7666.66667 0.000413537602
7683.33333 0.000228565854
7700 6.24698059e-05
7716.66667 5.04762167e-07
7733.33333 7.44690575e-05
7750 0.00024638175
7766.66667 0.00042798316
7783.33333 0.000526045864
7800 0.000490232962
7816.66667 0.000338934227
7833.33333 0.000149818954
7850 1.99595542e-05
7866.66667 1.60005729e-05
7883.33333 0.000139954515
7900 0.000328179104
7916.66667 0.000484054101
7933.33333 0.000527577727
7950 0.000436422645
7966.66667 0.000257382231
7983.33333 8.23410981e-05
8000 1.1123372e-06
8016.66667 5.53513077e-05
8033.33333 0.00021719444
8050 0.000403575091
8066.66667 0.000518857939
8083.33333 0.00050390691
8100 0.00036641056
8116.66667 0.000176915608
8133.33333 3.26180691e-05
8150 7.49954097e-06
8166.66667 0.000114390967
8183.33333 0.00029841553
8200 0.000465158631
8216.66667 0.000529101453
8233.33333 0.000457470802
8250 0.000287021874
8266.66667 0.000105162094
8283.33333 5.11271979e-06
8300 3.81109645e-05
8316.66667 0.000187159977
8333.33333 0.000375773456
8350 0.000507214063
8366.66667 0.0005140949
8383.33333 0.000392911692
8400 0.000205811295
8416.66667 4.87056953e-05
8433.33333 2.09188839e-06
8450 8.97946324e-05
8466.66667 0.000266776341
8483.33333 0.000442250301
8500 0.000526235855
8516.66667 0.000475683715
8533.33333 0.000316528877
8550 0.000130375236
8566.66667 1.26477384e-05
8583.33333 2.3670433e-05
8600 0.000157749135
8616.66667 0.000346103125
8633.33333 0.000492137074
8650 0.000520967497
8666.66667 0.000417813481
8683.33333 0.000235571791
8700 6.76940929e-05
8716.66667 2.71277331e-07
8733.33333 6.78896436e-05
8750 0.000235891639
8766.66667 0.000418139191
8783.33333 0.000521177055
8800 0.000492156465
8816.66667 0.000345946529
8833.33333 0.000157526035
8850 2.35472714e-05
8866.66667 1.27726327e-05
8883.33333 0.000130797661
8900 0.000317157459
8916.66667 0.000476313461
8933.33333 0.00052664254
8950 0.000442310293
8966.66667 0.000266547918
8983.33333 8.9508661e-05
9000 2.04437429e-06
9016.66667 4.9100416e-05
9033.33333 0.000206635891
9050 0.00039392157
9066.66667 0.000514925889
9083.33333 0.000507573205
9100 0.000375607503
9116.66667 0.000186704381
9133.33333 3.77814817e-05
9150 5.28798618e-06
9166.66667 0.000105971068
9183.33333 0.000288255683
9200 0.000458676588
9216.66667 0.000529817103
9233.33333 0.000465165622
9250 0.000297870118
9266.66667 0.000113754701
9283.33333 7.29840905e-06
9300 3.31564809e-05
9316.66667 0.000178101746
9333.33333 0.000367793605
9350 0.00050491239
9366.66667 0.000519097105
9383.33333 0.000403059737
9400 0.000216336745
9416.66667 5.4744589e-05
9433.33333 1.20962278e-06
9450 8.32067864e-05
9466.66667 0.000258654112
9483.33333 0.000437506951
9500 0.00052797149
9516.66667 0.000483618232
9533.33333 0.00032721214
9550 0.000139026691
9566.66667 1.56401099e-05
9583.33333 2.03643341e-05
9600 0.000150751945
9616.66667 0.000339858621
9633.33333 0.000490610205
9650 0.000525630584
9666.66667 0.000426952595
9683.33333 0.000245230764
9700 7.3732325e-05
9716.66667 4.62253185e-07
9733.33333 6.29982815e-05
9750 0.000229215473
9766.66667 0.000413786835
9783.33333 0.000521982939
9800 0.000498285988
9816.66667 0.000354869726
9833.33333 0.000165336506
9850 2.69357027e-05
9866.66667 1.0659542e-05
9883.33333 0.000124825652
9900 0.000310826489
9916.66667 0.000473215261
9933.33333 0.000528681367
9950 0.000448784021
9966.66667 0.00027452502
9983.33333 9.52961568e-05
10000 3.01357144e-06
