0 1.59190147e-33
16.6666667 6.63990681e-05
33.3333333 0.000231583954
50 0.00041093247
66.6666667 0.000512544431
83.3333333 0.000484314028
100 0.000340649598
116.666667 0.000155158444
133.333333 2.30246379e-05
150 1.23110495e-05
166.666667 0.000129085856
183.333333 0.00031421323
200 0.000473471215
216.666667 0.000525635363
233.333333 0.000443988936
250 0.000270069226
266.666667 9.26171124e-05
283.333333 2.43509126e-06
300 4.61341472e-05
316.666667 0.000202315743
333.333333 0.00039231804
350 0.000520079142
366.666667 0.000520878483
383.333333 0.000394219442
400 0.000204176034
416.666667 4.70308614e-05
433.333333 2.59737684e-06
450 9.38577605e-05
466.666667 0.000275311385
483.333333 0.00045589425
500 0.000544869819
516.666667 0.000497528299
533.333333 0.000337676269
550 0.000145636972
566.666667 1.78600612e-05
583.333333 1.84936149e-05
600 0.000147249165
616.666667 0.000339638771
633.333333 0.000499377438
650 0.000546627757
666.666667 0.000457890556
683.333333 0.000277616815
700 9.58338059e-05
716.666667 3.08334017e-06
733.333333 4.52520364e-05
750 0.000200830603
766.666667 0.000391853603
783.333333 0.000522931376
800 0.000528814013
816.666667 0.000406766868
833.333333 0.000217705782
850 5.56584204e-05
866.666667 8.75329636e-07
883.333333 7.9976064e-05
900 0.00025291513
916.666667 0.000433137453
933.333333 0.000530774616
950 0.000497328262
966.666667 0.000349634083
983.333333 0.000161275668
1000 2.58265393e-05
1016.66667 1.02744224e-05
1033.33333 0.000121797634
1050 0.000304361627
1066.66667 0.000466746461
1083.33333 0.000527999567
1100 0.000457684422
1116.66667 0.000290928293
1133.33333 0.000110831516
1150 7.03428411e-06
1166.66667 3.10785438e-05
1183.33333 0.000170775842
1200 0.000356323238
1216.66667 0.000495109433
1233.33333 0.000517876633
1250 0.000413249189
1266.66667 0.000233423714
1283.33333 6.81678925e-05
1300 6.17669865e-08
1316.66667 6.3278124e-05
1333.33333 0.000226464696
1350 0.000408304528
1366.66667 0.000518045468
1383.33333 0.000500815346
1400 0.000365106967
1416.66667 0.000178666264
1433.33333 3.47625941e-05
1450 5.62088612e-06
1466.66667 0.000106256265
1483.33333 0.000286818508
1500 0.00045735372
1516.66667 0.000532692229
1533.33333 0.000475068204
1550 0.000313142443
1566.66667 0.0001278408
1583.33333 1.19980358e-05
1600 2.39293959e-05
1616.66667 0.000158153022
1633.33333 0.000347968574
1650 0.000498688764
1666.66667 0.00053496625
1683.33333 0.000438553217
1700 0.000257560487
1716.66667 8.2511726e-05
1733.33333 1.11135934e-06
1750 5.43359964e-05
1766.66667 0.000215844227
1783.33333 0.000405060028
1800 0.000527432256
1816.66667 0.000521745678
1833.33333 0.000390796106
1850 0.000200046361
1866.66667 4.49048145e-05
1883.33333 2.98935623e-06
1900 9.52745013e-05
1916.66667 0.000275583278
1933.33333 0.000453694278
1950 0.000540496948
1966.66667 0.000492583756
1983.33333 0.000333952407
2000 0.00014396112
2016.66667 1.75843947e-05
2033.33333 1.78830841e-05
2050 0.000144485924
2066.66667 0.000333842612
2083.33333 0.000491088048
2100 0.000537535233
2116.66667 0.00045001292
2133.33333 0.000272377991
2150 9.3484214e-05
2166.66667 2.67965807e-06
2183.33333 4.51274587e-05
2200 0.000199294446
2216.66667 0.000387826045
2233.33333 0.00051631113
2250 0.000520507099
2266.66667 0.000398403525
2283.33333 0.000211126511
2300 5.22888038e-05
2316.66667 1.15827601e-06
2333.33333 8.30718427e-05
2350 0.00025685728
2366.66667 0.000435498461
2383.33333 0.000529666505
2400 0.000492340996
2416.66667 0.000342240015
2433.33333 0.000154394382
2450 2.26197452e-05
2466.66667 1.26570198e-05
2483.33333 0.000129379678
2500 0.00031441445
2516.66667 0.000475327413
2533.33333 0.000531780417
2550 0.000455615303
2566.66667 0.000284876289
2583.33333 0.000104796896
2600 5.25701883e-06
2616.66667 3.59410348e-05
2633.33333 0.000181560313
2650 0.000369487846
2666.66667 0.000505988202
2683.33333 0.000522971398
2700 0.000411956837
2716.66667 0.000228312463
2733.33333 6.36533353e-05
2750 1.57475862e-07
2766.66667 6.95745004e-05
2783.33333 0.000237369071
2800 0.000419916494
2816.66667 0.00052619068
2833.33333 0.000503166715
2850 0.000362294986
2866.66667 0.000173828628
2883.33333 3.18105067e-05
2900 7.16468238e-06
2916.66667 0.000112287555
2933.33333 0.00029481816
2950 0.000463723562
2966.66667 0.000534710269
2983.33333 0.000472311576
3000 0.000307634736
3016.66667 0.000122880859
3033.33333 1.03331718e-05
3050 2.62706961e-05
3066.66667 0.000162824369
3083.33333 0.000351856628
3100 0.00049896087
3116.66667 0.000530621645
3133.33333 0.000430976935
3150 0.000249793082
3166.66667 7.76341928e-05
3183.33333 6.08283112e-07
3200 5.73017185e-05
3216.66667 0.00021944519
3233.33333 0.000406006568
3250 0.000523691921
3266.66667 0.000513613973
3283.33333 0.000380779899
3300 0.000191626154
3316.66667 4.08079059e-05
3333.33333 3.84229849e-06
3350 9.93006749e-05
3366.66667 0.000279483009
3383.33333 0.00045426153
3400 0.000536176148
3416.66667 0.000484216024
3433.33333 0.00032436686
3450 0.000136626538
3466.66667 1.49771642e-05
3483.33333 2.03448923e-05
3500 0.000150095813
3516.66667 0.00033934215
3533.33333 0.000493409321
3550 0.00053521432
3566.66667 0.000443841106
3583.33333 0.000265006585
3600 8.81825735e-05
3616.66667 1.82809887e-06
3633.33333 4.91373613e-05
3650 0.000206442995
3666.66667 0.000395070247
3683.33333 0.000520698339
3700 0.000520529426
3716.66667 0.00039467271
3733.33333 0.000206060686
3750 4.89601061e-05
3766.66667 1.84095071e-06
3783.33333 8.8172418e-05
3800 0.000264731967
3816.66667 0.000443245818
3833.33333 0.000534518933
3850 0.00049298782
3866.66667 0.000339441578
3883.33333 0.000150585066
3900 2.06899823e-05
3916.66667 1.45114818e-05
3933.33333 0.000134986969
3950 0.000321826726
3966.66667 0.000481666724
3983.33333 0.000534699574
4000 0.000454493072
4016.66667 0.000281132173
4033.33333 0.000101154273
4050 4.32393885e-06
4066.66667 3.88379357e-05
4083.33333 0.000187311939
4100 0.000375510105
4116.66667 0.00050943286
4133.33333 0.000522235751
4150 0.000407564123
4166.66667 0.00022268355
4183.33333 5.98652252e-05
4200 3.2215343e-07
4216.66667 7.36876151e-05
4233.33333 0.000243250179
4250 0.000424301027
4266.66667 0.000526427232
4283.33333 0.000498640625
4300 0.000354821923
4316.66667 0.000166784957
4333.33333 2.8423977e-05
4350 8.83738971e-06
4366.66667 0.000117824665
4383.33333 0.000300982049
4400 0.000466853334
4416.66667 0.000532591359
4433.33333 0.00046533896
4450 0.000298663768
4466.66667 0.000115825477
4483.33333 8.21173557e-06
4500 2.96860471e-05
4516.66667 0.00016964899
4533.33333 0.000358285607
4550 0.000501404775
4566.66667 0.000527489492
4583.33333 0.000423458616
4600 0.000241257482
4616.66667 7.19541702e-05
4633.33333 2.55043514e-07
4650 6.21546155e-05
4666.66667 0.000226893521
4683.33333 0.000412270325
4700 0.000525687776
4716.66667 0.0005104385
4733.33333 0.000374092133
4750 0.000184770427
4766.66667 3.71400383e-05
4783.33333 5.09930674e-06
4800 0.000104807845
4816.66667 0.000286558503
4833.33333 0.00045958267
4850 0.000537410371
4866.66667 0.000481113916
4883.33333 0.000318803989
4900 0.000131610071
4916.66667 1.31364844e-05
4933.33333 2.26588225e-05
4950 0.000155468661
4966.66667 0.000345207573
4983.33333 0.000497034888
5000 0.000535048234
5016.66667 0.000440241054
5033.33333 0.000260009985
5050 8.44542148e-05
5066.66667 1.32027035e-06
5083.33333 5.21276145e-05
5100 0.000211418017
5116.66667 0.000399502214
5133.33333 0.000522320775
5150 0.00051847678
5166.66667 0.000389918119
5183.33333 0.000200933941
5200 4.59825847e-05
5216.66667 2.45398585e-06
5233.33333 9.19932533e-05
5250 0.000269716382
5266.66667 0.000446690561
5283.33333 0.000534417351
5300 0.000489066302
5316.66667 0.000333349231
5333.33333 0.000145119996
5350 1.84248027e-05
5366.66667 1.64915248e-05
5383.33333 0.000140157316
5400 0.000327497824
5416.66667 0.000484816418
5433.33333 0.000533483257
5450 0.000449209871
5466.66667 0.000274145288
5483.33333 9.57738207e-05
5500 3.18222823e-06
5516.66667 4.25576582e-05
5533.33333 0.00019414332
5550 0.000382144688
5566.66667 0.00051261582
5583.33333 0.000520387971
5600 0.000401601749
5616.66667 0.000215607931
5633.33333 5.53050765e-05
5650 7.39516742e-07
5666.66667 7.91403121e-05
5683.33333 0.000251337727
5700 0.00043133509
5716.66667 0.000529253022
5733.33333 0.000496202888
5750 0.000348690006
5766.66667 0.000160369575
5783.33333 2.52747459e-05
5800 1.08735913e-05
5816.66667 0.000124386279
5833.33333 0.000309174839
5850 0.000473009207
5866.66667 0.00053410399
5883.33333 0.000461949329
5900 0.000292553732
5916.66667 0.000110484167
5933.33333 6.659757e-06
5950 3.29611609e-05
5966.66667 0.000176314645
5983.33333 0.000365196709
6000 0.000505325076
6016.66667 0.000526728561
6033.33333 0.00041869797
6050 0.000235159078
6066.66667 6.7769105e-05
6083.33333 1.55438713e-07
6100 6.6141835e-05
6116.66667 0.00023283009
6133.33333 0.000417003037
6150 0.000526674455
6166.66667 0.000507042596
6183.33333 0.000367889537
6200 0.000178723806
6216.66667 3.40735716e-05
6233.33333 6.2570701e-06
6250 0.000109228028
6266.66667 0.00029157444
6283.33333 0.000462188173
6300 0.000535792273
6316.66667 0.000475576175
6333.33333 0.000311620174
6350 0.000125883044
6366.66667 1.12416301e-05
6383.33333 2.50522127e-05
6400 0.00016045508
6416.66667 0.000349782233
6433.33333 0.000498378522
6450 0.000531932988
6466.66667 0.000433651319
6483.33333 0.000252671841
6500 7.95052855e-05
6516.66667 7.73478223e-07
6533.33333 5.58820628e-05
6550 0.000217301402
6566.66667 0.000404324899
6583.33333 0.000523428541
6600 0.000515046817
6616.66667 0.000383367754
6633.33333 0.000194242283
6650 4.22524906e-05
6666.66667 3.41034009e-06
6683.33333 9.71452354e-05
6700 0.000276590868
6716.66667 0.000452025657
6733.33333 0.000535739606
6750 0.000485887758
6766.66667 0.00032740287
6783.33333 0.000139517297
6800 1.61426493e-05
6816.66667 1.89233625e-05
6833.33333 0.000146434672
6850 0.000334914805
6866.66667 0.000490151747
6883.33333 0.000534574008
6900 0.000446005082
6916.66667 0.000268720477
6933.33333 9.12976404e-05
6950 2.34410473e-06
6966.66667 4.62342111e-05
6983.33333 0.000200965916
7000 0.000389184787
7016.66667 0.000516848112
7033.33333 0.000520201019
7050 0.000397598867
7066.66667 0.000210294275
7083.33333 5.18159411e-05
7100 1.24947955e-06
7116.66667 8.37575519e-05
7133.33333 0.000258046152
7150 0.000437017869
7166.66667 0.000531281034
7183.33333 0.000493780397
7200 0.000343268498
7216.66667 0.000154912297
7233.33333 2.27411955e-05
7250 1.26957722e-05
7266.66667 0.000129718915
7283.33333 0.000315311058
7300 0.000476758145
7316.66667 0.000533430974
7333.33333 0.000457038122
7350 0.000285739496
7366.66667 0.00010508049
7383.33333 5.27079199e-06
7400 3.6139258e-05
7416.66667 0.000182254447
7433.33333 0.000370632061
7450 0.000507181504
7466.66667 0.000523694795
7483.33333 0.000411915212
7500 0.000227670639
7516.66667 6.30011416e-05
7533.33333 1.92726559e-07
7550 7.0669711e-05
7566.66667 0.000239279771
7583.33333 0.000421831225
7600 0.000527136293
7616.66667 0.000502568423
7633.33333 0.00036037539
7650 0.000171591289
7666.66667 3.05710407e-05
7683.33333 7.85131474e-06
7700 0.000114886295
7716.66667 0.000298288459
7733.33333 0.000466471881
7750 0.000535403837
7766.66667 0.000470610732
7783.33333 0.000304439961
7800 0.000119932304
7816.66667 9.34362868e-06
7833.33333 2.80332681e-05
7850 0.000166767691
7866.66667 0.000356297933
7883.33333 0.000501943343
7900 0.000530910174
7916.66667 0.000428694789
7933.33333 0.000246363979
7950 7.50559359e-05
7966.66667 4.34093198e-07
7983.33333 5.98575002e-05
8000 0.000223684605
8016.66667 0.000410069293
8033.33333 0.000525863736
8050 0.000513184456
8066.66667 0.00037835891
8083.33333 0.000188773875
8100 3.91946272e-05
8116.66667 4.39098552e-06
8133.33333 0.000101756451
8150 0.000282612147
8166.66667 0.000456544503
8183.33333 0.000536607297
8200 0.000482786187
8216.66667 0.000321994534
8233.33333 0.000134606824
8250 1.42689273e-05
8266.66667 2.10841238e-05
8283.33333 0.000151580363
8300 0.000340467231
8316.66667 0.000493293093
8333.33333 0.000533665793
8350 0.000441426863
8366.66667 0.000262702138
8383.33333 8.68185584e-05
8400 1.6408958e-06
8416.66667 4.96618026e-05
8433.33333 0.000206789525
8450 0.000394421416
8466.66667 0.000518750852
8483.33333 0.000517649962
8500 0.000391697251
8516.66667 0.000203856195
8533.33333 4.79839373e-05
8550 1.92204547e-06
8566.66667 8.86139662e-05
8583.33333 0.000264669239
8600 0.000442071662
8616.66667 0.000532169143
8633.33333 0.000489959834
8650 0.000336553924
8666.66667 0.000148603032
8683.33333 1.99925491e-05
8700 1.49416518e-05
8716.66667 0.000135937281
8733.33333 0.000322509837
8750 0.000481450502
8766.66667 0.000533369801
8783.33333 0.00045234307
8800 0.000278848035
8816.66667 9.95409099e-05
8833.33333 3.97629694e-06
8850 3.9885371e-05
8866.66667 0.000189342553
8883.33333 0.000377718492
8900 0.000510946751
8916.66667 0.000522495918
8933.33333 0.000406593986
8950 0.000221115667
8966.66667 5.86890411e-05
8983.33333 4.45219606e-07
9000 7.55023187e-05
9016.66667 0.000246415278
9033.33333 0.00042786181
9050 0.000529240888
9066.66667 0.000499917617
9083.33333 0.000354521029
9100 0.000165655471
9116.66667 2.76553026e-05
9133.33333 9.4751557e-06
9150 0.000120240826
9166.66667 0.000304671913
9183.33333 0.000470674203
9200 0.000535331841
9216.66667 0.000466331826
9233.33333 0.000298124436
9250 0.000114734866
9266.66667 7.79903318e-06
9283.33333 3.07798847e-05
9300 0.000172239612
9316.66667 0.000361532469
9333.33333 0.00050408802
9350 0.000528664993
9366.66667 0.000422964198
9383.33333 0.000239795436
9400 7.07030394e-05
9416.66667 2.19743751e-07
9433.33333 6.36088139e-05
9450 0.000229221171
9466.66667 0.000414297604
9483.33333 0.000526328468
9500 0.000509301385
9516.66667 0.000371715091
9533.33333 0.000182346068
9550 3.58746176e-05
9566.66667 5.54971407e-06
9583.33333 0.000106559003
9600 0.000288423776
9616.66667 0.000460228605
9633.33333 0.000536075811
9650 0.000478037881
9666.66667 0.000315128055
9683.33333 0.00012879928
9700 1.22195801e-05
9716.66667 2.36867474e-05
9733.33333 0.000157477351
9750 0.000346707319
9766.66667 0.00049677352
9783.33333 0.000532653754
9800 0.000436413962
9816.66667 0.000256170266
9833.33333 8.20284413e-05
9850 1.03473759e-06
9866.66667 5.36631476e-05
9883.33333 0.000213591198
9900 0.000400868772
9916.66667 0.000521889026
9933.33333 0.000516175183
9950 0.000386596788
9966.66667 0.000197919281
9983.33333 4.44226291e-05
10000 2.78205453e-06
