0 2.40258844e-29
7.11666667 2.56392428e-07
14.2333333 4.06424667e-06
21.35 2.02596345e-05
28.4666667 6.26681191e-05
35.5833333 0.000148859982
42.7 0.000298605121
49.8166667 0.000532189761
56.9333333 0.000868760202
64.05 0.00132484078
71.1666667 0.00191313882
78.2833333 0.00264170581
85.4 0.00351347905
92.5166667 0.00452618919
99.6333333 0.00567259036
106.75 0.00694095441
113.866667 0.00831576664
120.983333 0.00977856573
128.1 0.0113088795
135.216667 0.0128852177
142.333333 0.0144860871
149.45 0.0160909979
156.566667 0.0176814219
163.683333 0.0192416613
170.8 0.0207595786
177.916667 0.0222271387
185.033333 0.0236407196
192.15 0.0250011588
199.266667 0.0263135251
206.383333 0.0275866239
213.5 0.0288322696
220.616667 0.0300643795
227.733333 0.0312979546
234.85 0.0325480235
241.966667 0.0338286211
249.083333 0.0351518686
256.2 0.0365272078
263.316667 0.0379608279
270.433333 0.0394553089
277.55 0.0410094907
284.666667 0.0426185666
291.783333 0.0442743875
298.9 0.0459659571
306.016667 0.0476800873
313.133333 0.049402177
320.25 0.0511170691
327.366667 0.0528099351
334.483333 0.054467133
341.6 0.0560769823
348.716667 0.0576304067
355.833333 0.0591214013
362.95 0.0605472966
370.066667 0.0619088025
377.183333 0.0632098389
384.3 0.0644571682
391.416667 0.0656598643
398.533333 0.0668286582
405.65 0.0679752077
412.766667 0.0691113397
419.883333 0.0702483106
427 0.0713961282
434.116667 0.0725629676
441.233333 0.0737547133
448.35 0.074974646
455.466667 0.0762232901
462.583333 0.0774984256
469.7 0.0787952639
476.816667 0.080106773
483.933333 0.0814241331
491.05 0.0827372929
498.166667 0.0840355888
505.283333 0.0853083898
512.4 0.0865457226
519.516667 0.0877388411
526.633333 0.0888807032
533.75 0.0899663321
540.866667 0.0909930433
547.983333 0.0919605321
555.1 0.0928708253
562.216667 0.0937281056
569.333333 0.0945384283
576.45 0.095309349
583.566667 0.0960494872
590.683333 0.0967680497
597.8 0.0974743408
604.916667 0.0981772822
612.033333 0.0988849676
619.15 0.0996042751
626.266667 0.100340554
633.383333 0.101097401
640.5 0.101876537
647.616667 0.102677782
654.733333 0.10349913
661.85 0.104336907
668.966667 0.105186001
676.083333 0.106040147
683.2 0.106892249
690.316667 0.107734708
697.433333 0.108559767
704.55 0.109359826
711.666667 0.110127745
718.783333 0.110857112
725.9 0.111542475
733.016667 0.112179523
740.133333 0.11276523
747.25 0.113297934
754.366667 0.113777371
761.483333 0.114204646
768.6 0.11458215
775.716667 0.114913439
782.833333 0.115203066
789.95 0.115456386
797.066667 0.115679356
804.183333 0.115878317
811.3 0.116059798
818.416667 0.116230316
825.533333 0.116396203
832.65 0.116563438
839.766667 0.116737503
846.883333 0.116923235
854 0.117124706
861.116667 0.1173451
868.233333 0.117586622
875.35 0.117850415
882.466667 0.118136521
889.583333 0.118443866
896.7 0.118770298
903.816667 0.119112655
910.933333 0.119466883
918.05 0.119828188
925.166667 0.120191211
932.283333 0.120550233
939.4 0.120899388
946.516667 0.121232886
953.633333 0.121545233
960.75 0.121831451
967.866667 0.122087283
974.983333 0.122309385
982.1 0.12249549
989.216667 0.122644544
996.333333 0.122756791
1003.45 0.122833812
1010.56667 0.122878496
1017.68333 0.122894955
1024.8 0.122888361
1031.91667 0.122864731
1039.03333 0.122830656
1046.15 0.122792994
1053.26667 0.122758539
1060.38333 0.122733689
1067.5 0.122724127
1074.61667 0.122734534
1081.73333 0.122768345
1088.85 0.122827567
1095.96667 0.12291266
1103.08333 0.123022484
1110.2 0.12315434
1117.31667 0.123304064
1124.43333 0.123466221
1131.55 0.123634342
1138.66667 0.12380124
1145.78333 0.123959353
1152.9 0.124101122
1160.01667 0.124219367
1167.13333 0.124307654
1174.25 0.124360617
1181.36667 0.124374227
1188.48333 0.124345996
1195.6 0.124275098
1202.71667 0.124162402
1209.83333 0.124010439
1216.95 0.12382327
1224.06667 0.123606308
1231.18333 0.123366063
1238.3 0.123109851
1245.41667 0.122845467
1252.53333 0.122580842
1259.65 0.12232369
1266.76667 0.122081167
1273.88333 0.121859565
1281 0.121664029
1288.11667 0.121498349
1295.23333 0.121364799
1302.35 0.121264061
1309.46667 0.121195223
1316.58333 0.121155845
1323.7 0.121142107
1330.81667 0.12114901
1337.93333 0.121170623
1345.05 0.121200379
1352.16667 0.121231375
1359.28333 0.121256696
1366.4 0.121269725
1373.51667 0.121264443
1380.63333 0.121235697
1387.75 0.121179435
1394.86667 0.121092889
1401.98333 0.120974707
1409.1 0.120825016
1416.21667 0.120645428
1423.33333 0.120438962
1430.45 0.120209912
1437.56667 0.119963646
1444.68333 0.11970636
1451.8 0.119444788
1458.91667 0.119185899
1466.03333 0.118936575
1473.15 0.118703305
1480.26667 0.118491898
1487.38333 0.118307224
1494.5 0.118152997
1501.61667 0.118031613
1508.73333 0.117944028
1515.85 0.117889703
1522.96667 0.117866607
1530.08333 0.117871282
1537.2 0.117898972
1544.31667 0.11794381
1551.43333 0.117999062
1558.55 0.118057414
1565.66667 0.118111296
1572.78333 0.11815322
1579.9 0.118176119
1587.01667 0.118173676
1594.13333 0.118140608
1601.25 0.118072923
1608.36667 0.117968097
1615.48333 0.117825208
1622.6 0.117644983
1629.71667 0.11742979
1636.83333 0.117183548
1643.95 0.116911576
1651.06667 0.116620381
1658.18333 0.116317391
1665.3 0.116010635
1672.41667 0.115708395
1679.53333 0.115418838
1686.65 0.115149637
1693.76667 0.114907612
1700.88333 0.114698404
1708 0.1145262
1715.11667 0.114393522
1722.23333 0.114301108
1729.35 0.114247866
1736.46667 0.114230933
1743.58333 0.114245812
1750.7 0.114286598
1757.81667 0.114346262
1764.93333 0.114417003
1772.05 0.114490627
1779.16667 0.114558953
1786.28333 0.114614214
1793.4 0.114649445
1800.51667 0.11465883
1807.63333 0.114638
1814.75 0.11458425
1821.86667 0.114496684
1828.98333 0.114376253
1836.1 0.114225707
1843.21667 0.114049443
1850.33333 0.11385326
1857.45 0.113644048
1864.56667 0.113429407
1871.68333 0.113217234
1878.8 0.113015299
1885.91667 0.112830822
1893.03333 0.112670093
1900.15 0.112538137
1907.26667 0.11243845
1914.38333 0.11237282
1921.5 0.112341235
1928.61667 0.112341887
1935.73333 0.112371267
1942.85 0.112424354
1949.96667 0.112494886
1957.08333 0.112575689
1964.2 0.112659067
1971.31667 0.112737214
1978.43333 0.112802634
1985.55 0.112848542
1992.66667 0.112869227
1999.78333 0.112860349
2006.9 0.112819159
2014.01667 0.11274463
2021.13333 0.112637491
2028.25 0.11250017
2035.36667 0.112336643
2042.48333 0.112152211
2049.6 0.111953209
2056.71667 0.11174667
2063.83333 0.11153996
2070.95 0.111340402
2078.06667 0.111154908
2085.18333 0.110989638
2092.3 0.110849699
2099.41667 0.110738903
2106.53333 0.110659599
2113.65 0.110612572
2120.76667 0.110597041
2127.88333 0.11061073
2135 0.110650021
2142.11667 0.110710172
2149.23333 0.110785597
2156.35 0.110870178
2163.46667 0.110957592
2170.58333 0.111041649
2177.7 0.111116595
2184.81667 0.111177399
2191.93333 0.11121998
2199.05 0.111241388
2206.16667 0.111239913
2213.28333 0.11121514
2220.4 0.11116793
2227.51667 0.11110034
2234.63333 0.111015488
2241.75 0.11091736
2248.86667 0.110810579
2255.98333 0.110700145
2263.1 0.110591161
2270.21667 0.110488551
2277.33333 0.110396804
2284.45 0.110319744
2291.56667 0.11026034
2298.68333 0.110220567
2305.8 0.110201331
2312.91667 0.110202443
2320.03333 0.110222655
2327.15 0.110259745
2334.26667 0.110310648
2341.38333 0.110371619
2348.5 0.110438426
2355.61667 0.11050656
2362.73333 0.110571452
2369.85 0.110628691
2376.96667 0.110674233
2384.08333 0.110704589
2391.2 0.11071699
2398.31667 0.110709513
2405.43333 0.110681167
2412.55 0.110631938
2419.66667 0.110562778
2426.78333 0.110475553
2433.9 0.110372946
2441.01667 0.110258325
2448.13333 0.110135579
2455.25 0.110008934
2462.36667 0.109882767
2469.48333 0.109761404
2476.6 0.109648938
2483.71667 0.109549054
2490.83333 0.10946487
2497.95 0.109398814
2505.06667 0.109352516
2512.18333 0.109326743
2519.3 0.109321366
2526.41667 0.109335365
2533.53333 0.109366879
2540.65 0.109413283
2547.76667 0.109471313
2554.88333 0.109537209
2562 0.109606887
2569.11667 0.109676126
2576.23333 0.109740752
2583.35 0.109796824
2590.46667 0.109840809
2597.58333 0.109869732
2604.7 0.109881303
2611.81667 0.109874016
2618.93333 0.109847214
2626.05 0.109801116
2633.16667 0.109736811
2640.28333 0.109656212
2647.4 0.109561971
2654.51667 0.109457363
2661.63333 0.109346134
2668.75 0.109232327
2675.86667 0.109120089
2682.98333 0.109013472
2690.1 0.108916232
2697.21667 0.108831656
2704.33333 0.108762397
2711.45 0.108710353
2718.56667 0.108676588
2725.68333 0.108661286
2732.8 0.108663761
2739.91667 0.108682501
2747.03333 0.10871526
2754.15 0.10875918
2761.26667 0.10881094
2768.38333 0.108866934
2775.5 0.108923454
2782.61667 0.108976886
2789.73333 0.109023892
2796.85 0.109061588
2803.96667 0.109087689
2811.08333 0.109100628
2818.2 0.10909963
2825.31667 0.109084746
2832.43333 0.109056833
2839.55 0.109017495
2846.66667 0.108968976
2853.78333 0.10891402
2860.9 0.108855711
2868.01667 0.108797282
2875.13333 0.108741938
2882.25 0.108692671
2889.36667 0.108652096
2896.48333 0.108622308
2903.6 0.108604766
2910.71667 0.108600219
2917.83333 0.108608664
2924.95 0.108629345
2932.06667 0.108660792
2939.18333 0.108700905
2946.3 0.108747065
2953.41667 0.108796279
2960.53333 0.108845346
2967.65 0.108891035
2974.76667 0.10893026
2981.88333 0.108960251
2989 0.108978701
2996.11667 0.108983882
3003.23333 0.108974732
3010.35 0.108950901
3017.46667 0.108912754
3024.58333 0.108861342
3031.7 0.108798339
3038.81667 0.108725949
3045.93333 0.108646789
3053.05 0.10856376
3060.16667 0.108479903
3067.28333 0.108398261
3074.4 0.108321734
3081.51667 0.108252952
3088.63333 0.108194159
3095.75 0.108147122
3102.86667 0.108113062
3109.98333 0.108092619
3117.1 0.108085843
3124.21667 0.108092219
3131.33333 0.108110707
3138.45 0.108139821
3145.56667 0.108177708
3152.68333 0.108222244
3159.8 0.108271135
3166.91667 0.108322012
3174.03333 0.108372523
3181.15 0.108420412
3188.26667 0.108463599
3195.38333 0.108500232
3202.5 0.108528742
3209.61667 0.108547879
3216.73333 0.108556736
3223.85 0.108554759
3230.96667 0.108541755
3238.08333 0.108517873
3245.2 0.108483587
3252.31667 0.108439665
3259.43333 0.108387137
3266.55 0.10832725
3273.66667 0.108261437
3280.78333 0.10819127
3287.9 0.10811843
3295.01667 0.108044664
3302.13333 0.107971757
3309.25 0.107901489
3316.36667 0.107835594
3323.48333 0.107775722
3330.6 0.107723381
3337.71667 0.107679891
3344.83333 0.107646328
3351.95 0.107623474
3359.06667 0.10761177
3366.18333 0.10761128
3373.3 0.10762167
3380.41667 0.107642195
3387.53333 0.107671712
3394.65 0.107708698
3401.76667 0.1077513
3408.88333 0.107797384
3416 0.107844615
3423.11667 0.107890537
3430.23333 0.107932676
3437.35 0.107968639
3444.46667 0.107996225
3451.58333 0.108013536
3458.7 0.10801907
3465.81667 0.108011817
3472.93333 0.10799132
3480.05 0.107957721
3487.16667 0.107911775
3494.28333 0.107854828
3501.4 0.107788769
3508.51667 0.10771595
3515.63333 0.107639079
3522.75 0.107561094
3529.86667 0.107485024
3536.98333 0.107413847
3544.1 0.107350338
3551.21667 0.107296944
3558.33333 0.107255654
3565.45 0.107227902
3572.56667 0.10721449
3579.68333 0.107215545
3586.8 0.1072305
3593.91667 0.107258119
3601.03333 0.107296552
3608.15 0.107343419
3615.26667 0.107395933
3622.38333 0.107451031
3629.5 0.107505535
3636.61667 0.107556306
3643.73333 0.107600405
3650.85 0.107635235
3657.96667 0.10765867
3665.08333 0.107669146
3672.2 0.10766574
3679.31667 0.107648196
3686.43333 0.107616935
3693.55 0.107573024
3700.66667 0.107518112
3707.78333 0.107454351
3714.9 0.107384283
3722.01667 0.107310717
3729.13333 0.10723659
3736.25 0.107164829
3743.36667 0.107098208
3750.48333 0.107039217
3757.6 0.106989952
3764.71667 0.10695202
3771.83333 0.106926473
3778.95 0.106913779
3786.06667 0.106913811
3793.18333 0.106925881
3800.3 0.106948784
3807.41667 0.106980882
3814.53333 0.107020192
3821.65 0.107064492
3828.76667 0.10711143
3835.88333 0.107158639
3843 0.107203842
3850.11667 0.107244953
3857.23333 0.107280167
3864.35 0.107308031
3871.46667 0.1073275
3878.58333 0.107337973
3885.7 0.107339307
3892.81667 0.107331799
3899.93333 0.107316165
3907.05 0.107293477
3914.16667 0.107265102
3921.28333 0.107232617
3928.4 0.107197723
3935.51667 0.107162158
3942.63333 0.107127605
3949.75 0.107095618
3956.86667 0.107067549
3963.98333 0.107044492
3971.1 0.107027235
3978.21667 0.107016229
3985.33333 0.107011571
3992.45 0.107013002
3999.56667 0.107019915
4006.68333 0.107031384
4013.8 0.107046207
4020.91667 0.107062961
4028.03333 0.107080069
4035.15 0.107095885
4042.26667 0.107108769
4049.38333 0.107117182
4056.5 0.107119765
4063.61667 0.107115417
4070.73333 0.107103356
4077.85 0.107083174
4084.96667 0.107054865
4092.08333 0.107018843
4099.2 0.106975937
4106.31667 0.106927366
4113.43333 0.106874703
4120.55 0.106819809
4127.66667 0.10676476
4134.78333 0.106711761
4141.9 0.106663038
4149.01667 0.106620732
4156.13333 0.106586789
4163.25 0.106562849
4170.36667 0.106550144
4177.48333 0.106549421
4184.6 0.10656087
4191.71667 0.106584096
4198.83333 0.106618102
4205.95 0.106661315
4213.06667 0.106711636
4220.18333 0.10676652
4227.3 0.106823079
4234.41667 0.106878208
4241.53333 0.106928721
4248.65 0.106971502
4255.76667 0.107003659
4262.88333 0.107022666
4270 0.107026505
