0 1.33928969e-30
8.33333333 0.0011013193
16.6666667 0.00425735629
25 0.00905951417
33.3333333 0.0149333824
41.6666667 0.0212650145
50 0.0275222491
58.3333333 0.0333386084
66.6666667 0.0385413759
75 0.0431243436
83.3333333 0.0471826942
91.6666667 0.0508369246
100 0.0541720814
108.333333 0.0572091646
116.666667 0.0599116708
125 0.0622173945
133.333333 0.0640783017
141.666667 0.0654914462
150 0.0665103864
158.333333 0.0672359588
166.666667 0.0677934832
175 0.0683074285
183.333333 0.0688833422
191.666667 0.0696017484
200 0.0705225411
208.333333 0.0716939889
216.666667 0.073159548
225 0.0749582028
233.333333 0.0771183955
241.666667 0.0796494892
250 0.0825362462
258.333333 0.0857403916
266.666667 0.0892097833
275 0.0928918366
283.333333 0.0967455356
291.666667 0.10074671
300 0.104884098
308.333333 0.109147755
316.666667 0.113514771
325 0.117938575
333.333333 0.122346708
341.666667 0.126648596
350 0.130750903
358.333333 0.134575193
366.666667 0.138071981
375 0.141226886
383.333333 0.144057738
391.666667 0.146604737
400 0.148917862
408.333333 0.151045945
416.666667 0.153030392
425 0.154904184
433.333333 0.156694672
441.666667 0.158427604
450 0.160130003
458.333333 0.161830764
466.666667 0.163559202
475 0.165342826
483.333333 0.167205683
491.666667 0.169168018
500 0.171246976
508.333333 0.17345739
516.666667 0.175811557
525 0.178317483
533.333333 0.180975962
541.666667 0.183777675
550 0.186701742
558.333333 0.189716811
566.666667 0.192784854
575 0.1958669
583.333333 0.19892919
591.666667 0.201948108
600 0.204912624
608.333333 0.207823726
616.666667 0.210691154
625 0.213528357
633.333333 0.216346929
641.666667 0.219151753
650 0.221937909
658.333333 0.224689994
666.666667 0.227384067
675 0.229991882
683.333333 0.232486515
691.666667 0.234848023
700 0.237067555
708.333333 0.239148603
716.666667 0.241104789
725 0.24295465
733.333333 0.244714971
741.666667 0.246394843
750 0.247992562
758.333333 0.249496586
766.666667 0.25089037
775 0.252159474
783.333333 0.25329849
791.666667 0.254315414
800 0.255232085
808.333333 0.256080849
816.666667 0.256899009
825 0.257723346
833.333333 0.258586662
841.666667 0.259517192
850 0.260540266
858.333333 0.261680554
866.666667 0.262963015
875 0.264411492
883.333333 0.266045193
891.666667 0.267874649
900 0.269899208
908.333333 0.272107657
916.666667 0.274482133
925 0.277003909
933.333333 0.279658524
941.666667 0.282437768
950 0.285337254
958.333333 0.288350236
966.666667 0.291460106
975 0.294634863
983.333333 0.297826277
991.666667 0.300974689
1000 0.304018139
1008.33333 0.306902715
1016.66667 0.309590468
1025 0.312062242
1033.33333 0.314314793
1041.66667 0.316353886
1050 0.318186523
1058.33333 0.319815611
1066.66667 0.321239064
1075 0.32245326
1083.33333 0.32345883
1091.66667 0.32426586
1100 0.324896019
1108.33333 0.325380726
1116.66667 0.325756391
1125 0.326059108
1133.33333 0.326321355
1141.66667 0.326572109
1150 0.326840002
1158.33333 0.327157454
1166.66667 0.327563061
1175 0.328100193
1183.33333 0.328811467
1191.66667 0.329730783
1200 0.330875943
1208.33333 0.332244924
1216.66667 0.333817484
1225 0.335561665
1233.33333 0.337442675
1241.66667 0.339430645
1250 0.341504247
1258.33333 0.343648927
1266.66667 0.345850824
1275 0.348089243
1283.33333 0.350331174
1291.66667 0.352530394
1300 0.354631788
1308.33333 0.356579325
1316.66667 0.35832475
1325 0.359833932
1333.33333 0.361088999
1341.66667 0.362086274
1350 0.36283175
1358.33333 0.363336648
1366.66667 0.363615164
1375 0.363685164
1383.33333 0.363570892
1391.66667 0.363305681
1400 0.36293254
1408.33333 0.3625015
1416.66667 0.362064134
1425 0.361667101
1433.33333 0.361347105
1441.66667 0.361129132
1450 0.361028449
1458.33333 0.361055201
1466.66667 0.361219319
1475 0.361533335
1483.33333 0.362011644
1491.66667 0.362666347
1500 0.363501335
1508.33333 0.364507118
1516.66667 0.365658649
1525 0.366917256
1533.33333 0.368236186
1541.66667 0.369567955
1550 0.370871115
1558.33333 0.372114471
1566.66667 0.37327788
1575 0.374350104
1583.33333 0.375325189
1591.66667 0.376199092
1600 0.376967833
1608.33333 0.377627568
1616.66667 0.378176027
1625 0.378614278
1633.33333 0.378947802
1641.66667 0.379186348
1650 0.379342728
1658.33333 0.379431187
1666.66667 0.379466076
1675 0.379461303
1683.33333 0.379430512
1691.66667 0.379387519
1700 0.379346363
1708.33333 0.379320552
1716.66667 0.379321464
1725 0.379356367
1733.33333 0.379426744
1741.66667 0.379527612
1750 0.379648168
1758.33333 0.379773671
1766.66667 0.379888068
1775 0.379976676
1783.33333 0.380028275
1791.66667 0.380036198
1800 0.379998312
1808.33333 0.379916038
1816.66667 0.379792757
1825 0.379632025
1833.33333 0.379436024
1841.66667 0.379204646
1850 0.378935501
1858.33333 0.378624964
1866.66667 0.378270095
1875 0.377870982
1883.33333 0.377432795
1891.66667 0.376966808
1900 0.376489835
1908.33333 0.376021987
1916.66667 0.375583235
1925 0.375189696
1933.33333 0.374850745
1941.66667 0.374567785
1950 0.374334938
1958.33333 0.37414122
1966.66667 0.373973257
1975 0.373817469
1983.33333 0.373660973
1991.66667 0.373491116
2000 0.373294198
2008.33333 0.373054291
2016.66667 0.372753033
2025 0.3723707
2033.33333 0.371888263
2041.66667 0.371289554
2050 0.370562651
2058.33333 0.369699937
2066.66667 0.368697032
2075 0.367551445
2083.33333 0.366262044
2091.66667 0.364830149
2100 0.36326226
2108.33333 0.361573507
2116.66667 0.359790312
2125 0.357950767
2133.33333 0.356101948
2141.66667 0.354294553
2150 0.352576332
2158.33333 0.350986334
2166.66667 0.349551734
2175 0.348288009
2183.33333 0.34720187
2191.66667 0.346295304
2200 0.345568669
2208.33333 0.345021329
2216.66667 0.344649471
2225 0.344442101
2233.33333 0.344377055
2241.66667 0.344418983
2250 0.3445204
2258.33333 0.344625673
2266.66667 0.344676597
2275 0.34461766
2283.33333 0.344399431
2291.66667 0.343979478
2300 0.343321503
2308.33333 0.34239421
2316.66667 0.341171504
2325 0.339634858
2333.33333 0.337777442
2341.66667 0.33560849
2350 0.333155884
2358.33333 0.330465418
2366.66667 0.327596417
2375 0.324614802
2383.33333 0.321585778
2391.66667 0.318568441
2400 0.315613784
2408.33333 0.312766124
2416.66667 0.310066507
2425 0.307555836
2433.33333 0.305275646
2441.66667 0.303265529
2450 0.301557777
2458.33333 0.300171083
2466.66667 0.299105653
2475 0.298341587
2483.33333 0.297841116
2491.66667 0.297553827
2500 0.297422982
2508.33333 0.297390855
2516.66667 0.297401735
2525 0.297402463
2533.33333 0.297341551
2541.66667 0.297168492
2550 0.296834617
2558.33333 0.296295928
2566.66667 0.295517186
2575 0.294475722
2583.33333 0.293163418
2591.66667 0.291585926
2600 0.289759405
2608.33333 0.287706067
2616.66667 0.285450306
2625 0.283016892
2633.33333 0.28043169
2641.66667 0.277724199
2650 0.274930291
2658.33333 0.272093396
2666.66667 0.269262946
2675 0.266490103
2683.33333 0.263821889
2691.66667 0.261295576
2700 0.258935108
2708.33333 0.256750561
2716.66667 0.254740509
2725 0.252896148
2733.33333 0.251205533
2741.66667 0.249656486
2750 0.248237468
2758.33333 0.24693662
2766.66667 0.245739939
2775 0.244629732
2783.33333 0.243584233
2791.66667 0.242578614
2800 0.241586977
2808.33333 0.240584549
2816.66667 0.239549337
2825 0.238462885
2833.33333 0.237310237
2841.66667 0.236079608
2850 0.234762271
2858.33333 0.233352948
2866.66667 0.231850572
2875 0.230258948
2883.33333 0.228586762
2891.66667 0.226846569
2900 0.225052818
2908.33333 0.223219359
2916.66667 0.221357177
2925 0.219472995
2933.33333 0.217569132
2941.66667 0.215644554
2950 0.213696652
2958.33333 0.211723122
2966.66667 0.209723339
2975 0.207698866
2983.33333 0.20565308
2991.66667 0.203590145
3000 0.201513754
3008.33333 0.199426039
3016.66667 0.197327003
3025 0.19521465
3033.33333 0.193085867
3041.66667 0.190937943
3050 0.188770464
3058.33333 0.186587206
3066.66667 0.184397553
3075 0.182216991
3083.33333 0.180066407
3091.66667 0.177970203
3100 0.17595358
3108.33333 0.174039634
3116.66667 0.172246984
3125 0.17058848
3133.33333 0.169071163
3141.66667 0.167697179
3150 0.166465022
3158.33333 0.165370406
3166.66667 0.164406284
3175 0.163562013
3183.33333 0.162822092
3191.66667 0.162165189
3200 0.16156409
3208.33333 0.160986851
3216.66667 0.160398883
3225 0.159765363
3233.33333 0.159053193
3241.66667 0.158232071
3250 0.157274702
3258.33333 0.156156697
3266.66667 0.154856956
3275 0.153359117
3283.33333 0.151654128
3291.66667 0.149743302
3300 0.147640736
3308.33333 0.145373988
3316.66667 0.142982348
3325 0.140512943
3333.33333 0.138015706
3341.66667 0.135538716
3350 0.133125242
3358.33333 0.130813113
3366.66667 0.128636036
3375 0.126625645
3383.33333 0.124812767
3391.66667 0.123226755
3400 0.121892647
3408.33333 0.12082695
3416.66667 0.120033542
3425 0.119501276
3433.33333 0.119204247
3441.66667 0.119104648
3450 0.119157175
3458.33333 0.119313426
3466.66667 0.119524936
3475 0.119744273
3483.33333 0.119924641
3491.66667 0.120019183
3500 0.119981328
3508.33333 0.119766991
3516.66667 0.119338453
3525 0.1186688
3533.33333 0.117745316
3541.66667 0.116570482
3550 0.115160127
3558.33333 0.113539388
3566.66667 0.111738045
3575 0.109786986
3583.33333 0.10771701
3591.66667 0.105560063
3600 0.103351856
3608.33333 0.10113414
3616.66667 0.0989549683
3625 0.0968661537
3633.33333 0.0949183073
3641.66667 0.0931549501
3650 0.0916076132
3658.33333 0.090293496
3666.66667 0.0892162406
3675 0.0883691681
3683.33333 0.0877394406
3691.66667 0.0873114144
3700 0.0870680119
3708.33333 0.0869899695
3716.66667 0.0870538446
3725 0.0872302296
3733.33333 0.0874834847
3741.66667 0.0877735564
3750 0.0880594546
3758.33333 0.0883031928
3766.66667 0.0884727883
3775 0.0885433695
3783.33333 0.0884963139
3791.66667 0.0883172261
3800 0.0879940533
3808.33333 0.0875164954
3816.66667 0.086877178
3825 0.0860741345
3833.33333 0.0851134298
3841.66667 0.0840105711
3850 0.0827897975
3858.33333 0.0814812021
3866.66667 0.0801165532
3875 0.078725221
3883.33333 0.077331562
3891.66667 0.0759544905
3900 0.0746090507
3908.33333 0.0733090022
3916.66667 0.0720690774
3925 0.0709057981
3933.33333 0.0698364271
3941.66667 0.0688764643
3950 0.0680367111
3958.33333 0.0673210789
3966.66667 0.0667259681
3975 0.0662413788
3983.33333 0.0658532386
3991.66667 0.0655460295
4000 0.0653048161
4008.33333 0.0651161615
4016.66667 0.0649679706
4025 0.0648487535
4033.33333 0.0647469725
4041.66667 0.0646509752
4050 0.0645496362
4058.33333 0.0644334333
4066.66667 0.0642954504
4075 0.0641318363
4083.33333 0.0639415073
4091.66667 0.0637252279
4100 0.063484467
4108.33333 0.063220494
4116.66667 0.0629340321
4125 0.0626255087
4133.33333 0.0622956752
4141.66667 0.0619462237
4150 0.0615800625
4158.33333 0.0612010859
4166.66667 0.0608134992
4175 0.0604209359
4183.33333 0.0600256603
4191.66667 0.0596280971
4200 0.0592268024
4208.33333 0.0588188592
4216.66667 0.0584005948
4225 0.0579684754
4233.33333 0.0575200308
4241.66667 0.0570546602
4250 0.0565741691
4258.33333 0.0560829005
4266.66667 0.0555873793
4275 0.0550955029
4283.33333 0.0546154596
4291.66667 0.0541546813
4300 0.0537191688
4308.33333 0.0533134191
4316.66667 0.0529409581
4325 0.0526052128
4333.33333 0.0523102727
4341.66667 0.0520610905
4350 0.0518628761
4358.33333 0.051719789
4366.66667 0.0516333737
4375 0.0516013564
4383.33333 0.0516173283
4391.66667 0.0516715035
4400 0.0517522924
4408.33333 0.0518480766
4416.66667 0.0519484851
4425 0.0520446988
4433.33333 0.0521287786
4441.66667 0.052192496
4450 0.0522264235
4458.33333 0.052219963
4466.66667 0.0521625738
4475 0.0520458734
4483.33333 0.0518658146
4491.66667 0.0516239992
4500 0.0513274857
4508.33333 0.0509870591
4516.66667 0.050614598
4525 0.0502205917
4533.33333 0.0498128166
4541.66667 0.0493966841
4550 0.0489770151
4558.33333 0.0485603324
4566.66667 0.0481564859
4575 0.0477786846
4583.33333 0.0474417069
4591.66667 0.0471588874
4600 0.0469390651
4608.33333 0.0467847519
4616.66667 0.0466922897
4625 0.04665392
4633.33333 0.0466608665
4641.66667 0.0467060987
4650 0.0467856049
4658.33333 0.0468976945
4666.66667 0.0470407541
4675 0.0472106046
4683.33333 0.0473987972
4691.66667 0.0475927722
4700 0.04777795
4708.33333 0.0479409323
4716.66667 0.0480724575
4725 0.0481688417
4733.33333 0.0482312965
4741.66667 0.0482634692
4750 0.0482683484
4758.33333 0.0482459731
4766.66667 0.0481930135
4775 0.0481044415
4783.33333 0.0479765433
4791.66667 0.0478098964
4800 0.0476109197
4808.33333 0.047391226
4816.66667 0.0471649735
4825 0.0469453071
4833.33333 0.0467413793
4841.66667 0.0465571825
4850 0.0463926096
4858.33333 0.0462461698
4866.66667 0.0461180553
4875 0.0460121138
4883.33333 0.0459357931
4891.66667 0.0458980471
4900 0.0459061132
4908.33333 0.0459625765
4916.66667 0.0460640054
4925 0.0462017392
4933.33333 0.0463644602
4941.66667 0.0465414145
4950 0.0467248988
4958.33333 0.0469110074
4966.66667 0.0470984473
4975 0.0472861152
4983.33333 0.0474706737
4991.66667 0.0476453402
5000 0.0478005272
