0 4.00951193e-30
25 6.8156728e-05
50 0.000272032089
75 0.000609944844
100 0.00107937427
125 0.00167720704
150 0.00239985939
175 0.00324325023
200 0.00420270674
225 0.00527291999
250 0.00644801461
275 0.00772170158
300 0.00908742095
325 0.0105383975
350 0.0120676087
375 0.0136677358
400 0.0153311822
425 0.0170501852
450 0.0188169729
475 0.0206238812
500 0.0224633813
525 0.0243280355
550 0.0262104592
575 0.028103353
600 0.0299996137
625 0.0318924642
650 0.0337755292
675 0.0356428215
700 0.0374886758
725 0.0393077018
750 0.0410948095
775 0.0428452975
800 0.0445549432
825 0.046220031
850 0.0478373005
875 0.0494038594
900 0.0509171278
925 0.052374853
950 0.0537751747
975 0.0551166796
1000 0.0563983932
1025 0.0576197042
1050 0.0587802698
1075 0.0598799622
1100 0.0609188815
1125 0.0618974067
1150 0.062816228
1175 0.0636763194
1200 0.0644788565
1225 0.0652251299
1250 0.0659165045
1275 0.0665544395
1300 0.0671405347
1325 0.067676553
1350 0.0681643862
1375 0.0686059794
1400 0.0690032613
1425 0.0693581215
1450 0.0696724406
1475 0.0699481379
1500 0.0701871878
1525 0.0703915874
1550 0.0705632911
1575 0.0707041597
1600 0.0708159553
1625 0.0709003803
1650 0.070959124
1675 0.0709938767
1700 0.0710062976
1725 0.0709979616
1750 0.0709703233
1775 0.0709247257
1800 0.070862444
1825 0.0707847289
1850 0.070692816
1875 0.0705878953
1900 0.0704710653
1925 0.0703433106
1950 0.0702055182
1975 0.0700585229
2000 0.0699031443
2025 0.0697401911
2050 0.0695704302
2075 0.0693945476
2100 0.0692131345
2125 0.0690267093
2150 0.0688357606
2175 0.0686407776
2200 0.0684422482
2225 0.0682406277
2250 0.0680363052
2275 0.0678295965
2300 0.0676207685
2325 0.0674100791
2350 0.0671978005
2375 0.0669842115
2400 0.0667695661
2425 0.0665540652
2450 0.066337854
2475 0.066121049
2500 0.0659037727
2525 0.0656861706
2550 0.065468399
2575 0.0652505941
2600 0.0650328478
2625 0.0648152105
2650 0.0645977182
2675 0.0643804228
2700 0.0641634033
2725 0.06394675
2750 0.0637305344
2775 0.0635147901
2800 0.0632995196
2825 0.0630847206
2850 0.0628704132
2875 0.0626566446
2900 0.0624434713
2925 0.0622309308
2950 0.0620190271
2975 0.0618077406
3000 0.0615970543
3025 0.0613869762
3050 0.0611775401
3075 0.0609687852
3100 0.0607607309
3125 0.0605533667
3150 0.0603466641
3175 0.0601406028
3200 0.0599351883
3225 0.0597304488
3250 0.0595264146
3275 0.0593230945
3300 0.0591204705
3325 0.0589185121
3350 0.0587172005
3375 0.0585165426
3400 0.0583165645
3425 0.0581172904
3450 0.0579187224
3475 0.0577208386
3500 0.0575236094
3525 0.0573270195
3550 0.0571310783
3575 0.0569358108
3600 0.0567412364
3625 0.0565473523
3650 0.0563541345
3675 0.0561615556
3700 0.0559696044
3725 0.0557782929
3750 0.0555876449
3775 0.0553976756
3800 0.0552083782
3825 0.0550197278
3850 0.0548316997
3875 0.0546442869
3900 0.0544575035
3925 0.0542713719
3950 0.0540859034
3975 0.0539010878
4000 0.0537168999
4025 0.0535333183
4050 0.0533503397
4075 0.05316798
4100 0.0529862597
4125 0.0528051863
4150 0.0526247468
4175 0.0524449166
4200 0.0522656773
4225 0.0520870294
4250 0.0519089897
4275 0.0517315767
4300 0.0515547942
4325 0.0513786268
4350 0.0512030511
4375 0.051028052
4400 0.0508536331
4425 0.0506798117
4450 0.0505066039
4475 0.0503340101
4500 0.0501620133
4525 0.0499905914
4550 0.0498197326
4575 0.0496494431
4600 0.0494797405
4625 0.0493106382
4650 0.0491421333
4675 0.0489742078
4700 0.0488068413
4725 0.0486400252
4750 0.0484737681
4775 0.048308087
4800 0.0481429926
4825 0.0479784792
4850 0.0478145283
4875 0.0476511212
4900 0.0474882527
4925 0.0473259329
4950 0.0471641782
4975 0.0470029964
5000 0.0468423795
5025 0.0466823086
5050 0.0465227674
5075 0.0463637535
5100 0.0462052784
5125 0.0460473572
5150 0.045889995
5175 0.0457331817
5200 0.0455768987
5225 0.0454211321
5250 0.0452658819
5275 0.0451111608
5300 0.0449569823
5325 0.0448033489
5350 0.0446502487
5375 0.0444976637
5400 0.0443455825
5425 0.0441940075
5450 0.0440429519
5475 0.0438924274
5500 0.043742434
5525 0.0435929585
5550 0.0434439839
5575 0.0432955011
5600 0.0431475148
5625 0.0430000381
5650 0.0428530809
5675 0.0427066409
5700 0.0425607039
5725 0.0424152541
5750 0.0422702849
5775 0.0421258027
5800 0.0419818204
5825 0.0418383459
5850 0.0416953747
5875 0.0415528921
5900 0.0414108836
5925 0.0412693452
5950 0.0411282845
5975 0.040987714
6000 0.0408476395
6025 0.0407080545
6050 0.0405689442
6075 0.0404302957
6100 0.0402921071
6125 0.0401543874
6150 0.040017148
6175 0.0398803927
6200 0.0397441133
6225 0.0396082951
6250 0.0394729272
6275 0.0393380096
6300 0.039203552
6325 0.0390695649
6350 0.0389360498
6375 0.0388029974
6400 0.0386703933
6425 0.0385382284
6450 0.0384065047
6475 0.0382752323
6500 0.0381444203
6525 0.0380140685
6550 0.0378841663
6575 0.0377547
6600 0.0376256626
6625 0.0374970575
6650 0.0373688951
6675 0.0372411831
6700 0.0371139192
6725 0.0369870922
6750 0.0368606895
6775 0.0367347056
6800 0.0366091457
6825 0.0364840199
6850 0.0363593342
6875 0.0362350849
6900 0.0361112601
6925 0.0359878482
6950 0.0358648459
6975 0.0357422594
7000 0.0356200984
7025 0.0354983672
7050 0.0353770607
7075 0.0352561667
7100 0.0351356751
7125 0.035015584
7150 0.0348959008
7175 0.0347766344
7200 0.0346577877
7225 0.0345393539
7250 0.0344213212
7275 0.0343036806
7300 0.0341864322
7325 0.0340695838
7350 0.0339531436
7375 0.0338371127
7400 0.0337214833
7425 0.0336062439
7450 0.0334913871
7475 0.0333769143
7500 0.0332628339
7525 0.0331491528
7550 0.0330358708
7575 0.0329229792
7600 0.0328104669
7625 0.032698328
7650 0.0325865655
7675 0.0324751876
7700 0.0323642004
7725 0.0322536019
7750 0.032143383
7775 0.0320335331
7800 0.0319240481
7825 0.0318149319
7850 0.0317061927
7875 0.0315978354
7900 0.0314898567
7925 0.0313822469
7950 0.0312749964
7975 0.0311681025
8000 0.0310615703
8025 0.0309554075
8050 0.0308496178
8075 0.0307441965
8100 0.0306391337
8125 0.0305344211
8150 0.0304300573
8175 0.0303260481
8200 0.0302224008
8225 0.0301191176
8250 0.0300161929
8275 0.0299136168
8300 0.029811382
8325 0.0297094887
8350 0.0296079429
8375 0.0295067516
8400 0.0294059154
8425 0.0293054279
8450 0.0292052794
8475 0.0291054639
8500 0.0290059827
8525 0.0289068424
8550 0.0288080488
8575 0.0287096015
8600 0.0286114932
8625 0.0285137148
8650 0.0284162614
8675 0.0283191355
8700 0.0282223437
8725 0.0281258911
8750 0.0280297758
8775 0.0279339903
8800 0.0278385258
8825 0.0277433787
8850 0.0276485525
8875 0.0275540539
8900 0.0274598867
8925 0.0273660481
8950 0.02727253
8975 0.0271793246
9000 0.0270864294
9025 0.0269938488
9050 0.0269015891
9075 0.0268096531
9100 0.026718037
9125 0.0266267325
9150 0.0265357327
9175 0.0264450363
9200 0.0263546482
9225 0.0262645745
9250 0.0261748168
9275 0.0260853703
9300 0.0259962269
9325 0.0259073805
9350 0.025818831
9375 0.0257305838
9400 0.0256426443
9425 0.0255550131
9450 0.0254676847
9475 0.0253806511
9500 0.0252939072
9525 0.025207454
9550 0.0251212971
9575 0.0250354413
9600 0.0249498861
9625 0.0248646254
9650 0.0247796515
9675 0.0246949604
9700 0.0246105541
9725 0.0245264381
9750 0.0244426167
9775 0.0243590882
9800 0.024275846
9825 0.0241928831
9850 0.0241101963
9875 0.0240277885
9900 0.0239456654
9925 0.02386383
9950 0.02378228
9975 0.0237010084
10000 0.0236200087
10025 0.023539279
10050 0.0234588227
10075 0.0233786452
10100 0.0232987488
10125 0.0232191302
10150 0.0231397825
10175 0.0230606996
10200 0.0229818807
10225 0.0229033298
10250 0.0228250519
10275 0.0227470485
10300 0.0226693155
10325 0.0225918458
10350 0.0225146344
10375 0.0224376812
10400 0.0223609908
10425 0.0222845677
10450 0.0222084123
10475 0.0221325199
10500 0.0220568838
10525 0.0219814995
10550 0.0219063682
10575 0.0218314943
10600 0.0217568819
10625 0.0216825307
10650 0.0216084353
10675 0.0215345892
10700 0.0214609889
10725 0.0213876364
10750 0.0213145361
10775 0.0212416917
10800 0.0211691017
10825 0.0210967605
10850 0.021024662
10875 0.0209528037
10900 0.0208811879
10925 0.0208098195
10950 0.020738701
10975 0.0206678304
11000 0.0205972017
11025 0.0205268094
11050 0.0204566518
11075 0.020386732
11100 0.0203170544
11125 0.020247621
11150 0.0201784289
11175 0.0201094721
11200 0.0200407456
11225 0.0199722486
11250 0.0199039846
11275 0.0198359579
11300 0.0197681695
11325 0.019700616
11350 0.0196332914
11375 0.0195661913
11400 0.0194993158
11425 0.0194326686
11450 0.0193662537
11475 0.0193000713
11500 0.0192341175
11525 0.0191683863
11550 0.0191028741
11575 0.0190375818
11600 0.0189725132
11625 0.0189076719
11650 0.0188430574
11675 0.0187786652
11700 0.0187144896
11725 0.0186505279
11750 0.0185867814
11775 0.0185232542
11800 0.0184599493
11825 0.0183968654
11850 0.0183339977
11875 0.0182713409
11900 0.0182088929
11925 0.0181466558
11950 0.0180846336
11975 0.0180228286
12000 0.0179612389
12025 0.0178998595
12050 0.0178386855
12075 0.0177777155
12100 0.0177169522
12125 0.0176563994
12150 0.0175960588
12175 0.0175359278
12200 0.0174760013
12225 0.017416275
12250 0.0173567482
12275 0.0172974239
12300 0.0172383058
12325 0.0171793948
12350 0.0171206878
12375 0.0170621797
12400 0.0170038668
12425 0.0169457491
12450 0.0168878299
12475 0.0168301125
12500 0.0167725971
12525 0.0167152803
12550 0.016658157
12575 0.0166012241
12600 0.0165444822
12625 0.0164879349
12650 0.0164315851
12675 0.0163754323
12700 0.0163194726
12725 0.0162637012
12750 0.0162081156
12775 0.0161527172
12800 0.0160975094
12825 0.0160424948
12850 0.0159876721
12875 0.0159330373
12900 0.0158785858
12925 0.0158243157
12950 0.015770229
12975 0.0157163291
13000 0.015662618
13025 0.0156090938
13050 0.0155557524
13075 0.0155025895
13100 0.015449604
13125 0.015396798
13150 0.0153441751
13175 0.0152917365
13200 0.0152394801
13225 0.0151874013
13250 0.0151354965
13275 0.0150837651
13300 0.0150322098
13325 0.0149808336
13350 0.0149296374
13375 0.0148786185
13400 0.0148277724
13425 0.0147770959
13450 0.0147265891
13475 0.0146762549
13500 0.014626096
13525 0.0145761127
13550 0.0145263019
13575 0.0144766592
13600 0.014427182
13625 0.0143778709
13650 0.0143287289
13675 0.0142797585
13700 0.0142309592
13725 0.0141823278
13750 0.0141338601
13775 0.0140855538
13800 0.0140374101
13825 0.0139894322
13850 0.0139416221
13875 0.0138939789
13900 0.0138464988
13925 0.0137991781
13950 0.013752015
13975 0.0137050114
14000 0.01365817
14025 0.0136114927
14050 0.013564978
14075 0.0135186219
14100 0.013472421
14125 0.0134263743
14150 0.0133804837
14175 0.0133347521
14200 0.0132891807
14225 0.0132437676
14250 0.0131985089
14275 0.0131534013
14300 0.0131084445
14325 0.0130636407
14350 0.0130189926
14375 0.0129745009
14400 0.0129301633
14425 0.0128859758
14450 0.0128419357
14475 0.0127980431
14500 0.0127543005
14525 0.0127107103
14550 0.0126672726
14575 0.0126239849
14600 0.0125808433
14625 0.0125378454
14650 0.0124949919
14675 0.0124522853
14700 0.012409728
14725 0.0123673194
14750 0.0123250566
14775 0.012282936
14800 0.0122409557
14825 0.0121991168
14850 0.0121574219
14875 0.0121158728
14900 0.0120744688
14925 0.0120332066
14950 0.0119920828
14975 0.0119510961
15000 0.0119102478
