0 1.13651087e-29
7.11666667 2.39708591e-07
14.2333333 3.76860268e-06
21.35 1.85302763e-05
28.4666667 5.62338695e-05
35.5833333 0.000130352307
42.7 0.000253847597
49.8166667 0.000437025266
56.9333333 0.000685884765
64.05 0.00100122963
71.1666667 0.00137865213
78.2833333 0.00180934325
85.4 0.00228153171
92.5166667 0.00278225423
99.6333333 0.0032991194
106.75 0.00382175475
113.866667 0.00434271075
120.983333 0.00485771657
128.1 0.00536531489
135.216667 0.00586601938
142.333333 0.00636121754
149.45 0.0068520707
156.566667 0.0073386401
163.683333 0.00781940172
170.8 0.00829121977
177.916667 0.00874974954
185.033333 0.00919015506
192.15 0.00960797148
199.266667 0.00999992471
206.383333 0.0103645419
213.5 0.0107024385
220.616667 0.0110162396
227.733333 0.0113101643
234.85 0.0115893696
241.966667 0.0118591834
249.083333 0.0121243752
256.2 0.0123885902
263.316667 0.0126540376
270.433333 0.0129214668
277.55 0.0131904134
284.666667 0.0134596452
291.783333 0.0137277081
298.9 0.0139934609
306.016667 0.0142564945
313.133333 0.0145173644
320.25 0.0147775968
327.366667 0.0150394803
334.483333 0.0153056877
341.6 0.0155788064
348.716667 0.0158608672
355.833333 0.0161529587
362.95 0.0164549987
370.066667 0.0167657005
377.183333 0.0170827385
384.3 0.0174030823
391.416667 0.0177234372
398.533333 0.018040714
405.65 0.0183524453
412.766667 0.0186570792
419.883333 0.0189541017
427 0.0192439735
434.116667 0.0195278977
441.233333 0.019807466
448.35 0.0200842511
455.466667 0.0203594221
462.583333 0.0206334505
469.7 0.0209059618
476.816667 0.0211757544
483.933333 0.0214409798
491.05 0.0216994502
498.166667 0.0219490123
505.283333 0.022187921
512.4 0.0224151457
519.516667 0.0226305537
526.633333 0.0228349432
533.75 0.0230299207
540.866667 0.023217649
547.983333 0.023400512
555.1 0.0235807556
562.216667 0.0237601682
569.333333 0.0239398524
576.45 0.0241201254
583.566667 0.0243005579
590.683333 0.0244801421
597.8 0.0246575527
604.916667 0.0248314533
612.033333 0.0250007924
619.15 0.0251650375
626.266667 0.0253243058
633.383333 0.0254793712
640.5 0.0256315461
647.616667 0.0257824594
654.733333 0.0259337705
661.85 0.0260868672
668.966667 0.026242603
676.083333 0.0264011185
683.2 0.0265617812
690.316667 0.026723257
697.433333 0.0268837036
704.55 0.0270410558
711.666667 0.027193356
718.783333 0.0273390723
725.9 0.0274773493
733.016667 0.0276081459
740.133333 0.0277322323
747.25 0.0278510452
754.366667 0.027966423
761.483333 0.0280802677
768.6 0.0281941928
775.716667 0.0283092227
782.833333 0.0284256004
789.95 0.0285427403
797.066667 0.0286593402
804.183333 0.0287736329
811.3 0.0288837333
818.416667 0.0289880171
825.533333 0.0290854595
832.65 0.0291758686
839.766667 0.0292599676
846.883333 0.0293393072
854 0.0294160247
861.116667 0.0294924931
868.233333 0.0295709281
875.35 0.029653029
882.466667 0.0297397218
889.583333 0.0298310565
896.7 0.029926275
903.816667 0.0300240366
910.933333 0.0301227545
918.05 0.0302209728
925.166667 0.0303177097
932.283333 0.0304126947
939.4 0.0305064542
946.516667 0.0306002259
953.633333 0.0306957227
960.75 0.0307947918
967.866667 0.0308990398
974.983333 0.0310094994
982.1 0.0311264044
989.216667 0.0312491187
996.333333 0.0313762325
1003.45 0.0315058077
1010.56667 0.0316357225
1017.68333 0.0317640485
1024.8 0.0318893868
1031.91667 0.0320110977
1039.03333 0.0321293814
1046.15 0.0322451956
1053.26667 0.0323600268
1060.38333 0.0324755618
1067.5 0.0325933216
1074.61667 0.0327143294
1081.73333 0.0328388731
1088.85 0.0329664086
1095.96667 0.0330956189
1103.08333 0.033224618
1110.2 0.0333512615
1117.31667 0.0334735044
1124.43333 0.0335897433
1131.55 0.0336990782
1138.66667 0.0338014514
1145.78333 0.0338976357
1152.9 0.0339890788
1160.01667 0.0340776311
1167.13333 0.0341652065
1174.25 0.0342534382
1181.36667 0.034343387
1188.48333 0.0344353566
1195.6 0.0345288435
1202.71667 0.034622631
1209.83333 0.0347150073
1216.95 0.0348040688
1224.06667 0.0348880528
1231.18333 0.0349656421
1238.3 0.0350361858
1245.41667 0.035099802
1252.53333 0.035157342
1259.65 0.0352102289
1266.76667 0.0352601988
1273.88333 0.0353089927
1281 0.0353580568
1288.11667 0.0354083024
1295.23333 0.0354599667
1302.35 0.0355125985
1309.46667 0.035565166
1316.58333 0.0356162643
1323.7 0.0356643834
1330.81667 0.0357081859
1337.93333 0.0357467444
1345.05 0.0357796996
1352.16667 0.0358073118
1359.28333 0.0358304026
1366.4 0.035850202
1373.51667 0.0358681304
1380.63333 0.0358855594
1387.75 0.0359035924
1394.86667 0.0359229029
1401.98333 0.0359436555
1409.1 0.0359655185
1416.21667 0.0359877613
1423.33333 0.0360094148
1430.45 0.0360294636
1437.56667 0.0360470365
1444.68333 0.0360615639
1451.8 0.0360728754
1458.91667 0.0360812277
1466.03333 0.0360872585
1473.15 0.0360918793
1480.26667 0.0360961249
1487.38333 0.036100986
1494.5 0.0361072513
1501.61667 0.0361153839
1508.73333 0.0361254504
1515.85 0.0361371142
1522.96667 0.0361496926
1530.08333 0.0361622713
1537.2 0.0361738561
1544.31667 0.0361835407
1551.43333 0.0361906631
1558.55 0.0361949236
1565.66667 0.0361964456
1572.78333 0.0361957661
1579.9 0.0361937535
1587.01667 0.0361914666
1594.13333 0.0361899746
1601.25 0.036190169
1608.36667 0.0361926013
1615.48333 0.0361973757
1622.6 0.0362041198
1629.71667 0.0362120411
1636.83333 0.0362200626
1643.95 0.0362270155
1651.06667 0.0362318545
1658.18333 0.0362338567
1665.3 0.0362327652
1672.41667 0.0362288493
1679.53333 0.0362228674
1686.65 0.0362159374
1693.76667 0.0362093374
1700.88333 0.0362042742
1708 0.0362016628
1715.11667 0.0362019603
1722.23333 0.0362050858
1729.35 0.0362104424
1736.46667 0.036217038
1743.58333 0.0362236796
1750.7 0.0362292053
1757.81667 0.0362327064
1764.93333 0.0362336983
1772.05 0.036232206
1779.16667 0.0362287487
1786.28333 0.0362242283
1793.4 0.036219744
1800.51667 0.0362163711
1807.63333 0.0362149458
1814.75 0.0362159003
1821.86667 0.0362191759
1828.98333 0.0362242329
1836.1 0.0362301502
1843.21667 0.0362357974
1850.33333 0.0362400428
1857.45 0.0362419591
1864.56667 0.0362409881
1871.68333 0.0362370345
1878.8 0.0362304745
1885.91667 0.0362220776
1893.03333 0.0362128607
1900.15 0.0362039003
1907.26667 0.0361961398
1914.38333 0.0361902255
1921.5 0.0361864005
1928.61667 0.0361844741
1935.73333 0.0361838711
1942.85 0.0361837488
1949.96667 0.0361831615
1957.08333 0.0361812401
1964.2 0.036177356
1971.31667 0.0361712402
1978.43333 0.0361630355
1985.55 0.0361532743
1992.66667 0.0361427868
1999.78333 0.0361325551
2006.9 0.0361235417
2014.01667 0.0361165207
2021.13333 0.0361119443
2028.25 0.036109867
2035.36667 0.0361099408
2042.48333 0.0361114829
2049.6 0.0361136017
2056.71667 0.0361153587
2063.83333 0.0361159369
2070.95 0.036114783
2078.06667 0.0361116995
2085.18333 0.0361068692
2092.3 0.0361008085
2099.41667 0.0360942591
2106.53333 0.0360880394
2113.65 0.0360828843
2120.76667 0.0360793022
2127.88333 0.0360774785
2135 0.0360772402
2142.11667 0.036078089
2149.23333 0.0360792956
2156.35 0.0360800349
2163.46667 0.0360795377
2170.58333 0.0360772297
2177.7 0.0360728321
2184.81667 0.0360664066
2191.93333 0.0360583384
2199.05 0.03604926
2206.16667 0.0360399345
2213.28333 0.0360311172
2220.4 0.0360234226
2227.51667 0.0360172203
2234.63333 0.0360125755
2241.75 0.0360092446
2248.86667 0.0360067241
2255.98333 0.0360043425
2263.1 0.0360013795
2270.21667 0.0359971904
2277.33333 0.0359913159
2284.45 0.0359835604
2291.56667 0.0359740247
2298.68333 0.0359630909
2305.8 0.0359513613
2312.91667 0.0359395618
2320.03333 0.0359284246
2327.15 0.0359185694
2334.26667 0.0359104019
2341.38333 0.0359040442
2348.5 0.0358993116
2355.61667 0.0358957375
2362.73333 0.035892646
2369.85 0.0358892604
2376.96667 0.0358848323
2384.08333 0.0358787692
2391.2 0.0358707403
2398.31667 0.0358607411
2405.43333 0.035849104
2412.55 0.0358364507
2419.66667 0.0358235932
2426.78333 0.0358113965
2433.9 0.0358006293
2441.01667 0.0357918253
2448.13333 0.0357851832
2455.25 0.0357805238
2462.36667 0.0357773137
2469.48333 0.0357747542
2476.6 0.0357719198
2483.71667 0.0357679229
2490.83333 0.0357620752
2497.95 0.0357540149
2505.06667 0.0357437764
2512.18333 0.0357317892
2519.3 0.035718804
2526.41667 0.0357057603
2533.53333 0.0356936186
2540.65 0.0356831891
2547.76667 0.0356749864
2554.88333 0.035669139
2562 0.0356653685
2569.11667 0.0356630423
2576.23333 0.0356612889
2583.35 0.0356591552
2590.46667 0.0356557758
2597.58333 0.0356505232
2604.7 0.0356431142
2611.81667 0.035633652
2618.93333 0.0356225997
2626.05 0.0356106919
2633.16667 0.0355987994
2640.28333 0.0355877761
2647.4 0.0355783106
2654.51667 0.0355708128
2661.63333 0.0355653499
2668.75 0.0355616443
2675.86667 0.0355591293
2682.98333 0.0355570534
2690.1 0.0355546128
2697.21667 0.035551089
2704.33333 0.0355459704
2711.45 0.0355390348
2718.56667 0.0355303841
2725.68333 0.0355204236
2732.8 0.035509791
2739.91667 0.0354992487
2747.03333 0.0354895557
2754.15 0.0354813414
2761.26667 0.0354750009
2768.38333 0.0354706305
2775.5 0.0354680119
2782.61667 0.0354666497
2789.73333 0.035465855
2796.85 0.035464862
2803.96667 0.035462958
2811.08333 0.0354596048
2818.2 0.0354545302
2825.31667 0.035447775
2832.43333 0.035439685
2839.55 0.0354308508
2846.66667 0.035422004
2853.78333 0.0354138893
2860.9 0.0354071343
2868.01667 0.03540214
2875.13333 0.0353990126
2882.25 0.0353975475
2889.36667 0.0353972693
2896.48333 0.0353975184
2903.6 0.0353975705
2910.71667 0.0353967642
2917.83333 0.0353946155
2924.95 0.0353908971
2932.06667 0.0353856708
2939.18333 0.0353792669
2946.3 0.0353722164
2953.41667 0.035365151
2960.53333 0.0353586886
2967.65 0.0353533261
2974.76667 0.0353493585
2981.88333 0.0353468371
2989 0.0353455718
2996.11667 0.0353451746
3003.23333 0.0353451352
3010.35 0.035344912
3017.46667 0.0353440236
3024.58333 0.0353421245
3031.7 0.035339054
3038.81667 0.0353348526
3045.93333 0.0353297444
3053.05 0.0353240932
3060.16667 0.0353183386
3067.28333 0.035312925
3074.4 0.0353082339
3081.51667 0.0353045293
3088.63333 0.0353019234
3095.75 0.0353003656
3102.86667 0.0352996565
3109.98333 0.0352994826
3117.1 0.0352994669
3124.21667 0.0352992282
3131.33333 0.0352984397
3138.45 0.0352968789
3145.56667 0.0352944617
3152.68333 0.0352912547
3159.8 0.0352874634
3166.91667 0.0352833986
3174.03333 0.0352794246
3181.15 0.0352758994
3188.26667 0.0352731142
3195.38333 0.0352712461
3202.5 0.0352703298
3209.61667 0.0352702551
3216.73333 0.0352707905
3223.85 0.0352716291
3230.96667 0.0352724468
3238.08333 0.0352729631
3245.2 0.0352729912
3252.31667 0.0352724681
3259.43333 0.0352714594
3266.55 0.0352701372
3273.66667 0.0352687374
3280.78333 0.0352675052
3287.9 0.0352666409
3295.01667 0.0352662573
3302.13333 0.035266359
3309.25 0.0352668448
3316.36667 0.0352675349
3323.48333 0.0352682142
3330.6 0.0352686815
3337.71667 0.035268795
3344.83333 0.0352685018
3351.95 0.0352678473
3359.06667 0.0352669608
3366.18333 0.0352660239
3373.3 0.0352652268
3380.41667 0.0352647245
3387.53333 0.0352646014
3394.65 0.0352648531
3401.76667 0.0352653872
3408.88333 0.0352660437
3416 0.035266629
3423.11667 0.0352669555
3430.23333 0.0352668789
3437.35 0.0352663253
3444.46667 0.0352653033
3451.58333 0.0352638995
3458.7 0.0352622603
3465.81667 0.0352605637
3472.93333 0.035258988
3480.05 0.0352576834
3487.16667 0.0352567505
3494.28333 0.0352562288
3501.4 0.0352560968
3508.51667 0.0352562793
3515.63333 0.0352566634
3522.75 0.0352571161
3529.86667 0.0352575035
3536.98333 0.0352577084
3544.1 0.0352576444
3551.21667 0.0352572665
3558.33333 0.0352565764
3565.45 0.035255623
3572.56667 0.0352544966
3579.68333 0.0352533184
3586.8 0.0352522234
3593.91667 0.035251341
3601.03333 0.0352507737
3608.15 0.035250579
3615.26667 0.0352507569
3622.38333 0.0352512464
3629.5 0.0352519333
3636.61667 0.0352526682
3643.73333 0.0352532924
3650.85 0.0352536664
3657.96667 0.035253697
3665.08333 0.0352533552
3672.2 0.0352526824
3679.31667 0.0352517823
3686.43333 0.0352508001
3693.55 0.0352498936
3700.66667 0.0352492008
3707.78333 0.0352488132
3714.9 0.0352487581
3722.01667 0.0352489961
3729.13333 0.0352494316
3736.25 0.0352499359
3743.36667 0.0352503759
3750.48333 0.0352506426
3757.6 0.035250673
3764.71667 0.0352504608
3771.83333 0.0352500532
3778.95 0.0352495368
3786.06667 0.035249015
3793.18333 0.0352485836
3800.3 0.0352483094
3807.41667 0.0352482178
3814.53333 0.0352482906
3821.65 0.0352484745
3828.76667 0.0352486967
3835.88333 0.0352488845
3843 0.0352489829
3850.11667 0.0352489662
3857.23333 0.0352488419
3864.35 0.0352486459
3871.46667 0.0352484303
3878.58333 0.0352482493
3885.7 0.0352481441
3892.81667 0.0352481325
3899.93333 0.0352482049
3907.05 0.0352483262
3914.16667 0.0352484448
3921.28333 0.0352485039
3928.4 0.0352484546
3935.51667 0.0352482662
3942.63333 0.0352479327
3949.75 0.0352474746
3956.86667 0.0352469344
3963.98333 0.0352463694
3971.1 0.035245841
3978.21667 0.0352454036
3985.33333 0.0352450937
3992.45 0.0352449226
3999.56667 0.0352448708
4006.68333 0.0352448883
4013.8 0.0352448987
4020.91667 0.035244808
4028.03333 0.0352445182
4035.15 0.0352439425
4042.26667 0.0352430225
4049.38333 0.0352417418
4056.5 0.0352401351
4063.61667 0.0352382893
4070.73333 0.0352363338
4077.85 0.035234422
4084.96667 0.0352327042
4092.08333 0.0352312971
4099.2 0.0352302558
4106.31667 0.0352295537
4113.43333 0.0352290767
4120.55 0.0352286342
4127.66667 0.0352279878
4134.78333 0.0352268923
4141.9 0.0352251439
4149.01667 0.0352226242
4156.13333 0.0352193328
4163.25 0.0352153981
4170.36667 0.0352110648
4177.48333 0.0352066567
4184.6 0.0352025222
4191.71667 0.0351989716
4198.83333 0.0351962184
4205.95 0.0351943368
4213.06667 0.0351932445
4220.18333 0.0351927148
4227.3 0.0351924163
4234.41667 0.0351919745
4241.53333 0.0351910406
4248.65 0.0351893572
4255.76667 0.0351868063
4262.88333 0.035183431
4270 0.0351794267
