0 0
16.66667 0.0004652284
33.33333 0.001827184
50 0.004035329
66.66667 0.007039252
83.33333 0.01078874
100 0.01523384
116.6667 0.02032496
133.3333 0.02601292
150 0.03224904
166.6667 0.03898522
183.3333 0.046174
200 0.05376869
216.6667 0.0617234
233.3333 0.06999312
250 0.07853384
266.6667 0.08730257
283.3333 0.09625743
300 0.1053578
316.6667 0.1145641
333.3333 0.1238384
350 0.1331438
366.6667 0.1424451
383.3333 0.1517083
400 0.1609012
416.6667 0.169993
433.3333 0.1789544
450 0.1877579
466.6667 0.1963775
483.3333 0.2047891
500 0.2129699
516.6667 0.220899
533.3333 0.2285573
550 0.235927
566.6667 0.2429924
583.3333 0.2497391
600 0.2561545
616.6667 0.2622275
633.3333 0.2679487
650 0.2733101
666.6667 0.2783054
683.3333 0.2829295
700 0.2871788
716.6667 0.2910512
733.3333 0.2945458
750 0.2976629
766.6667 0.3004041
783.3333 0.302772
800 0.3047704
816.6667 0.306404
833.3333 0.3076787
850 0.3086009
866.6667 0.3091782
883.3333 0.3094186
900 0.309331
916.6667 0.3089249
933.3333 0.3082103
950 0.3071977
966.6667 0.3058982
983.3333 0.3043229
1000 0.3024837
1016.667 0.3003924
1033.333 0.298061
1050 0.2955019
1066.667 0.2927274
1083.333 0.28975
1100 0.2865819
1116.667 0.2832356
1133.333 0.2797235
1150 0.2760575
1166.667 0.2722499
1183.333 0.2683124
1200 0.2642566
1216.667 0.2600939
1233.333 0.2558355
1250 0.2514921
1266.667 0.2470742
1283.333 0.2425921
1300 0.2380556
1316.667 0.2334741
1333.333 0.2288568
1350 0.2242125
1366.667 0.2195494
1383.333 0.2148756
1400 0.2101987
1416.667 0.2055258
1433.333 0.2008639
1450 0.1962193
1466.667 0.191598
1483.333 0.1870059
1500 0.182448
1516.667 0.1779295
1533.333 0.1734548
1550 0.1690282
1566.667 0.1646536
1583.333 0.1603345
1600 0.1560743
1616.667 0.1518757
1633.333 0.1477416
1650 0.1436741
1666.667 0.1396755
1683.333 0.1357474
1700 0.1318916
1716.667 0.1281092
1733.333 0.1244015
1750 0.1207693
1766.667 0.1172133
1783.333 0.113734
1800 0.1103318
1816.667 0.1070067
1833.333 0.1037589
1850 0.1005881
1866.667 0.09749402
1883.333 0.09447634
1900 0.0915345
1916.667 0.08866788
1933.333 0.08587576
1950 0.08315733
1966.667 0.08051169
1983.333 0.07793789
2000 0.0754349
2016.667 0.07300162
2033.333 0.07063694
2050 0.06833966
2066.667 0.06610857
2083.333 0.06394241
2100 0.06183991
2116.667 0.05979977
2133.333 0.05782066
2150 0.05590126
2166.667 0.05404021
2183.333 0.05223618
2200 0.05048781
2216.667 0.04879376
2233.333 0.04715266
2250 0.04556319
2266.667 0.04402401
2283.333 0.04253381
2300 0.04109127
2316.667 0.03969509
2333.333 0.03834402
2350 0.03703678
2366.667 0.03577213
2383.333 0.03454886
2400 0.03336576
2416.667 0.03222167
2433.333 0.03111542
2450 0.03004589
2466.667 0.02901196
2483.333 0.02801256
2500 0.02704662
2516.667 0.02611311
2533.333 0.02521102
2550 0.02433937
2566.667 0.02349719
2583.333 0.02268354
2600 0.02189753
2616.667 0.02113825
2633.333 0.02040485
2650 0.01969648
2666.667 0.01901234
2683.333 0.01835162
2700 0.01771356
2716.667 0.0170974
2733.333 0.01650243
2750 0.01592794
2766.667 0.01537324
2783.333 0.01483768
2800 0.01432061
2816.667 0.01382141
2833.333 0.01333947
2850 0.01287422
2866.667 0.01242508
2883.333 0.01199152
2900 0.011573
2916.667 0.011169
2933.333 0.01077904
2950 0.01040262
2966.667 0.0100393
2983.333 0.009688611
3000 0.009350128
3016.667 0.009023428
3033.333 0.008708107
3050 0.008403772
3066.667 0.008110044
3083.333 0.007826555
3100 0.007552952
3116.667 0.007288894
3133.333 0.007034048
3150 0.006788096
3166.667 0.006550729
3183.333 0.006321649
3200 0.006100568
3216.667 0.005887209
3233.333 0.005681302
3250 0.005482589
3266.667 0.005290819
3283.333 0.00510575
3300 0.004927148
3316.667 0.00475479
3333.333 0.004588456
3350 0.004427937
3366.667 0.00427303
3383.333 0.004123539
3400 0.003979275
3416.667 0.003840056
3433.333 0.003705706
3450 0.003576054
3466.667 0.003450937
3483.333 0.003330196
3500 0.003213678
3516.667 0.003101235
3533.333 0.002992726
3550 0.002888013
3566.667 0.002786962
3583.333 0.002689447
3600 0.002595343
3616.667 0.002504531
3633.333 0.002416897
3650 0.002332328
3666.667 0.002250718
3683.333 0.002171964
3700 0.002095965
3716.667 0.002022625
3733.333 0.001951851
3750 0.001883553
3766.667 0.001817645
3783.333 0.001754043
3800 0.001692666
3816.667 0.001633437
3833.333 0.001576281
3850 0.001521124
3866.667 0.001467897
3883.333 0.001416533
3900 0.001366966
3916.667 0.001319133
3933.333 0.001272974
3950 0.001228431
3966.667 0.001185446
3983.333 0.001143965
4000 0.001103935
4016.667 0.001065306
4033.333 0.001028029
4050 0.0009920563
4066.667 0.0009573423
4083.333 0.000923843
4100 0.0008915159
4116.667 0.00086032
4133.333 0.0008302157
4150 0.0008011647
4166.667 0.0007731304
4183.333 0.000746077
4200 0.0007199702
4216.667 0.000694777
4233.333 0.0006704653
4250 0.0006470044
4266.667 0.0006243644
4283.333 0.0006025166
4300 0.0005814333
4316.667 0.0005610878
4333.333 0.0005414542
4350 0.0005225076
4366.667 0.000504224
4383.333 0.0004865802
4400 0.0004695538
4416.667 0.0004531232
4433.333 0.0004372675
4450 0.0004219666
4466.667 0.0004072012
4483.333 0.0003929524
4500 0.0003792023
4516.667 0.0003659333
4533.333 0.0003531286
4550 0.000340772
4566.667 0.0003288477
4583.333 0.0003173408
4600 0.0003062365
4616.667 0.0002955208
4633.333 0.00028518
4650 0.0002752012
4666.667 0.0002655715
4683.333 0.0002562788
4700 0.0002473113
4716.667 0.0002386576
4733.333 0.0002303068
4750 0.0002222482
4766.667 0.0002144717
4783.333 0.0002069673
4800 0.0001997255
4816.667 0.0001927372
4833.333 0.0001859935
4850 0.0001794858
4866.667 0.0001732059
4883.333 0.0001671459
4900 0.0001612979
4916.667 0.0001556547
4933.333 0.0001502091
4950 0.0001449541
4966.667 0.0001398832
4983.333 0.0001349898
5000 0.0001302678
5016.667 0.0001257112
5033.333 0.0001213142
5050 0.0001170713
5066.667 0.0001129771
5083.333 0.0001090264
5100 0.0001052142
5116.667 0.0001015357
5133.333 9.798622e-05
5150 9.45613e-05
5166.667 9.125661e-05
5183.333 8.806798e-05
5200 8.499138e-05
5216.667 8.202293e-05
5233.333 7.915891e-05
5250 7.63957e-05
5266.667 7.372982e-05
5283.333 7.115794e-05
5300 6.867683e-05
5316.667 6.628337e-05
5333.333 6.397458e-05
5350 6.174756e-05
5366.667 5.959956e-05
5383.333 5.752788e-05
5400 5.552997e-05
5416.667 5.360335e-05
5433.333 5.174564e-05
5450 4.995456e-05
5466.667 4.82279e-05
5483.333 4.656355e-05
5500 4.49595e-05
5516.667 4.34138e-05
5533.333 4.192459e-05
5550 4.049008e-05
5566.667 3.910856e-05
5583.333 3.777841e-05
5600 3.649806e-05
5616.667 3.526602e-05
5633.333 3.408088e-05
5650 3.29413e-05
5666.667 3.184597e-05
5683.333 3.079371e-05
5700 2.978335e-05
5716.667 2.881383e-05
5733.333 2.788411e-05
5750 2.699326e-05
5766.667 2.614039e-05
5783.333 2.532468e-05
5800 2.454537e-05
5816.667 2.380178e-05
5833.333 2.30933e-05
5850 2.241936e-05
5866.667 2.17795e-05
5883.333 2.117331e-05
5900 2.060047e-05
5916.667 2.006071e-05
5933.333 1.955389e-05
5950 1.907993e-05
5966.667 1.863885e-05
5983.333 1.823076e-05
6000 1.785591e-05
6016.667 1.751465e-05
6033.333 1.720746e-05
6050 1.693496e-05
6066.667 1.669795e-05
6083.333 1.649738e-05
6100 1.63344e-05
6116.667 1.621039e-05
6133.333 1.612696e-05
6150 1.6086e-05
6166.667 1.608972e-05
6183.333 1.614064e-05
6200 1.624171e-05
6216.667 1.63963e-05
6233.333 1.66083e-05
6250 1.688213e-05
6266.667 1.722291e-05
6283.333 1.763642e-05
6300 1.812933e-05
6316.667 1.870919e-05
6333.333 1.938463e-05
6350 2.016548e-05
6366.667 2.106291e-05
6383.333 2.208964e-05
6400 2.326009e-05
6416.667 2.459066e-05
6433.333 2.609991e-05
6450 2.780892e-05
6466.667 2.974153e-05
6483.333 3.192474e-05
6500 3.438903e-05
6516.667 3.716888e-05
6533.333 4.030317e-05
6550 4.383573e-05
6566.667 4.781595e-05
6583.333 5.229937e-05
6600 5.734846e-05
6616.667 6.303334e-05
6633.333 6.943269e-05
6650 7.663466e-05
6666.667 8.473791e-05
6683.333 9.385277e-05
6700 0.0001041024
6716.667 0.0001156244
6733.333 0.0001285717
6750 0.0001431149
6766.667 0.0001594433
6783.333 0.0001777674
6800 0.0001983204
6816.667 0.0002213605
6833.333 0.0002471737
6850 0.0002760756
6866.667 0.0003084145
6883.333 0.0003445743
6900 0.0003849775
6916.667 0.0004300886
6933.333 0.0004804171
6950 0.000536522
6966.667 0.0005990151
6983.333 0.0006685653
7000 0.0007459031
7016.667 0.0008318248
7033.333 0.0009271977
7050 0.001032965
7066.667 0.001150151
7083.333 0.001279866
7100 0.001423313
7116.667 0.001581792
7133.333 0.001756708
7150 0.001949576
7166.667 0.002162024
7183.333 0.002395808
7200 0.002652808
7216.667 0.002935041
7233.333 0.003244668
7250 0.003583994
7266.667 0.003955484
7283.333 0.004361759
7300 0.004805611
7316.667 0.005290003
7333.333 0.005818078
7350 0.006393161
7366.667 0.007018769
7383.333 0.00769861
7400 0.008436592
7416.667 0.009236823
7433.333 0.01010361
7450 0.01104148
7466.667 0.01205515
7483.333 0.01314955
7500 0.01432983
7516.667 0.01560131
7533.333 0.01696956
7550 0.0184403
7566.667 0.02001948
7583.333 0.02171321
7600 0.02352779
7616.667 0.02546969
7633.333 0.02754552
7650 0.02976205
7666.667 0.03212618
7683.333 0.0346449
7700 0.03732533
7716.667 0.04017463
7733.333 0.04320003
7750 0.04640879
7766.667 0.04980818
7783.333 0.05340543
7800 0.05720774
7816.667 0.06122222
7833.333 0.06545587
7850 0.06991555
7866.667 0.07460792
7883.333 0.07953946
7900 0.08471636
7916.667 0.09014456
7933.333 0.09582963
7950 0.1017768
7966.667 0.1079909
7983.333 0.1144762
8000 0.1212367
8016.667 0.1282758
8033.333 0.1355961
8050 0.1431998
8066.667 0.1510886
8083.333 0.1592631
8100 0.1677236
8116.667 0.1764695
8133.333 0.1854992
8150 0.1948107
8166.667 0.2044008
8183.333 0.2142655
8200 0.2244001
8216.667 0.2347988
8233.333 0.245455
8250 0.2563611
8266.667 0.2675085
8283.333 0.2788878
8300 0.2904885
8316.667 0.3022993
8333.333 0.3143079
8350 0.326501
8366.667 0.3388645
8383.333 0.3513834
8400 0.3640419
8416.667 0.3768233
8433.333 0.3897101
8450 0.4026841
8466.667 0.4157264
8483.333 0.4288174
8500 0.4419369
8516.667 0.4550643
8533.333 0.4681784
8550 0.4812575
8566.667 0.4942797
8583.333 0.5072227
8600 0.5200641
8616.667 0.5327813
8633.333 0.5453515
8650 0.5577521
8666.667 0.5699605
8683.333 0.5819543
8700 0.5937113
8716.667 0.6052096
8733.333 0.6164279
8750 0.6273449
8766.667 0.6379404
8783.333 0.6481945
8800 0.6580879
8816.667 0.6676022
8833.333 0.6767199
8850 0.6854242
8866.667 0.6936993
8883.333 0.7015304
8900 0.7089037
8916.667 0.7158063
8933.333 0.7222268
8950 0.7281547
8966.667 0.7335806
8983.333 0.7384965
9000 0.7428954
9016.667 0.7467718
9033.333 0.7501213
9050 0.7529407
9066.667 0.7552281
9083.333 0.7569828
9100 0.7582054
9116.667 0.7588976
9133.333 0.7590624
9150 0.7587039
9166.667 0.7578274
9183.333 0.7564393
9200 0.7545468
9216.667 0.7521585
9233.333 0.7492838
9250 0.745933
9266.667 0.7421173
9283.333 0.7378488
9300 0.7331403
9316.667 0.7280053
9333.333 0.722458
9350 0.7165133
9366.667 0.7101863
9383.333 0.7034931
9400 0.6964497
9416.667 0.6890728
9433.333 0.6813793
9450 0.6733863
9466.667 0.6651112
9483.333 0.6565715
9500 0.6477846
9516.667 0.6387681
9533.333 0.6295396
9550 0.6201165
9566.667 0.6105161
9583.333 0.6007555
9600 0.5908517
9616.667 0.5808214
9633.333 0.570681
9650 0.5604464
9666.667 0.5501334
9683.333 0.5397572
9700 0.5293328
9716.667 0.5188746
9733.333 0.5083965
9750 0.497912
9766.667 0.4874342
9783.333 0.4769753
9800 0.4665475
9816.667 0.4561621
9833.333 0.4458299
9850 0.4355614
9866.667 0.4253661
9883.333 0.4152534
9900 0.4052319
9916.667 0.3953098
9933.333 0.3854946
9950 0.3757934
9966.667 0.3662126
9983.333 0.3567584
10000 0.3474362
