0 1.71993025e-32
16.6666667 0.000472476764
33.3333333 0.00187604764
50 0.00417185912
66.6666667 0.00730335098
83.3333333 0.0112057955
100 0.0158152369
116.666667 0.0210744591
133.333333 0.0269348374
150 0.0333543821
166.666667 0.0402934612
183.333333 0.0477102319
200 0.0555576363
216.666667 0.0637830314
233.333333 0.0723304436
250 0.0811444392
266.666667 0.0901740457
283.333333 0.0993752225
300 0.108711013
316.666667 0.118149445
333.333333 0.127660089
350 0.137210682
366.666667 0.14676509
383.333333 0.15628338
400 0.16572392
416.666667 0.175046652
433.333333 0.184216309
450 0.193204351
466.666667 0.201988957
483.333333 0.210553132
500 0.218881705
516.666667 0.22695838
533.333333 0.234763942
550 0.242276245
566.666667 0.249471942
583.333333 0.256329244
600 0.262830655
616.666667 0.268964647
633.333333 0.274725681
650 0.280112605
666.666667 0.285126052
683.333333 0.28976583
700 0.294029252
716.666667 0.297910969
733.333333 0.301404309
750 0.30450355
766.666667 0.307206249
783.333333 0.309514717
800 0.311436134
816.666667 0.312981248
833.333333 0.314162195
850 0.314990221
866.666667 0.31547415
883.333333 0.31562009
900 0.315432433
916.666667 0.314915701
933.333333 0.314076506
950 0.312924884
966.666667 0.311474493
983.333333 0.309741638
1000 0.307743495
1016.66667 0.305496187
1033.33333 0.30301342
1050 0.300306118
1066.66667 0.297383151
1083.33333 0.294252815
1100 0.290924482
1116.66667 0.287409787
1133.33333 0.283722926
1150 0.279879962
1166.66667 0.275897439
1183.33333 0.271790801
1200 0.267573215
1216.66667 0.263255183
1233.33333 0.258845054
1250 0.254350195
1266.66667 0.249778367
1283.33333 0.245138776
1300 0.240442429
1316.66667 0.235701696
1333.33333 0.230929241
1350 0.226136769
1366.66667 0.221334025
1383.33333 0.216528412
1400 0.211725329
1416.66667 0.20692909
1433.33333 0.20214404
1450 0.197375478
1466.66667 0.192630041
1483.33333 0.187915441
1500 0.183239687
1516.66667 0.178610082
1533.33333 0.174032397
1550 0.169510502
1566.66667 0.165046571
1583.33333 0.160641779
1600 0.156297197
1616.66667 0.15201458
1633.33333 0.147796746
1650 0.143647447
1666.66667 0.139570797
1683.33333 0.135570499
1700 0.13164915
1716.66667 0.127807898
1733.33333 0.124046547
1750 0.120364067
1766.66667 0.1167593
1783.33333 0.113231615
1800 0.109781265
1816.66667 0.106409344
1833.33333 0.103117382
1850 0.0999067342
1866.66667 0.0967780202
1883.33333 0.0937307983
1900 0.0907635985
1916.66667 0.0878742846
1933.33333 0.0850606036
1950 0.0823207176
1966.66667 0.0796535289
1983.33333 0.0770586927
2000 0.0745363298
2016.66667 0.0720865608
2033.33333 0.0697090405
2050 0.0674026656
2066.66667 0.0651655545
2083.33333 0.0629952979
2100 0.0608893774
2116.66667 0.0588455959
2133.33333 0.0568623637
2150 0.0549387464
2166.66667 0.0530742669
2183.33333 0.0512685489
2200 0.0495209378
2216.66667 0.0478302402
2233.33333 0.0461946711
2250 0.0446120208
2266.66667 0.0430799704
2283.33333 0.0415964374
2300 0.0401598245
2316.66667 0.038769086
2333.33333 0.0374235975
2350 0.0361228851
2366.66667 0.0348663188
2383.33333 0.0336528843
2400 0.0324811123
2416.66667 0.0313491838
2433.33333 0.0302551668
2450 0.0291972916
2466.66667 0.0281741646
2483.33333 0.0271848451
2500 0.026228763
2516.66667 0.025305516
2533.33333 0.0244146233
2550 0.0235553285
2566.66667 0.0227265207
2583.33333 0.0219267969
2600 0.0211546368
2616.66667 0.0204086223
2633.33333 0.019687619
2650 0.0189908569
2666.66667 0.018317883
2683.33333 0.017668411
2700 0.0170421247
2716.66667 0.0164385101
2733.33333 0.0158567749
2750 0.0152958802
2766.66667 0.0147546692
2783.33333 0.0142320406
2800 0.0137271027
2816.66667 0.013239252
2833.33333 0.0127681518
2850 0.0123136216
2866.66667 0.0118754816
2883.33333 0.0114534107
2900 0.0110468686
2916.66667 0.010655107
2933.33333 0.0102772621
2950 0.00991249205
2966.66667 0.00956010598
2983.33333 0.00921963904
3000 0.00889084787
3016.66667 0.00857363117
3033.33333 0.00826790741
3050 0.00797349558
3066.66667 0.00769004214
3083.33333 0.00741701846
3100 0.00715378666
3116.66667 0.00689970701
3133.33333 0.00665424606
3150 0.00641704605
3166.66667 0.0061879318
3183.33333 0.00596685489
3200 0.00575379802
3216.66667 0.00554867561
3233.33333 0.00535126708
3250 0.00516120522
3266.66667 0.00497802178
3283.33333 0.00480123114
3300 0.00463042019
3316.66667 0.00446531131
3333.33333 0.00430577657
3350 0.00415179973
3366.66667 0.00400340193
3383.33333 0.0038605594
3400 0.00372314346
3416.66667 0.00359090348
3433.33333 0.00346349715
3450 0.00334055529
3466.66667 0.00322175606
3483.33333 0.00310688126
3500 0.00299583486
3516.66667 0.00288861828
3533.33333 0.00278527317
3550 0.00268581367
3566.66667 0.00259017319
3583.33333 0.00249818434
3600 0.00240959792
3616.66667 0.0023241326
3633.33333 0.00224153587
3650 0.00216163377
3666.66667 0.00208435157
3683.33333 0.00200969895
3700 0.00193772635
3716.66667 0.00186846951
3733.33333 0.00180190274
3750 0.00173791765
3766.66667 0.00167633379
3783.33333 0.00161693629
3800 0.00155952565
3816.66667 0.00150396123
3833.33333 0.0014501826
3850 0.00139820198
3866.66667 0.0013480713
3883.33333 0.00129983708
3900 0.00125349984
3916.66667 0.00120899266
3933.33333 0.00116618583
3950 0.001124915
3966.66667 0.00108502158
3983.33333 0.00104639041
4000 0.00100897087
4016.66667 0.000972774419
4033.33333 0.000937850278
4050 0.000904248817
4066.66667 0.0008719866
4083.33333 0.000841025597
4100 0.000811273595
4116.66667 0.000782604814
4133.33333 0.000754892534
4150 0.000728041425
4166.66667 0.000702007796
4183.33333 0.00067680076
4200 0.000652464548
4216.66667 0.000629049105
4233.33333 0.000606580141
4250 0.00058503952
4266.66667 0.000564362701
4283.33333 0.000544453514
4300 0.000525210278
4316.66667 0.0005065534
4333.33333 0.000488444317
4350 0.000470889136
4366.66667 0.000453926152
4383.33333 0.000437602375
4400 0.000421948047
4416.66667 0.000406958486
4433.33333 0.000392589563
4450 0.000378767919
4466.66667 0.000365411727
4483.33333 0.000352454086
4500 0.000339860439
4516.66667 0.000327633827
4533.33333 0.000315806434
4550 0.000304421
4566.66667 0.000293509276
4583.33333 0.000283075454
4600 0.000273090413
4616.66667 0.00026349844
4633.33333 0.000254233566
4650 0.000245239279
4666.66667 0.00023648433
4683.33333 0.00022796895
4700 0.000219719493
4716.66667 0.000211773861
4733.33333 0.000204163385
4750 0.000196897889
4766.66667 0.000189959245
4783.33333 0.000183305421
4800 0.000176883196
4816.66667 0.000170644677
4833.33333 0.000164561475
4850 0.000158631419
4866.66667 0.000152875561
4883.33333 0.000147326874
4900 0.000142015099
4916.66667 0.000136953415
4933.33333 0.000132131692
4950 0.000127518526
4966.66667 0.000123071006
4983.33333 0.00011874846
5000 0.000114525061
5016.66667 0.0001103967
5033.33333 0.000106379759
5050 0.000102502482
5066.66667 9.87923692e-05
5083.33333 9.52643726e-05
5100 9.19141334e-05
5116.66667 8.87185137e-05
5133.33333 8.56429782e-05
5150 8.26529597e-05
5166.66667 7.97249771e-05
5183.33333 7.68534376e-05
5200 7.40507195e-05
5216.66667 7.13406998e-05
5233.33333 6.87483381e-05
5250 6.6289288e-05
5266.66667 6.39633083e-05
5283.33333 6.17536999e-05
5300 5.96327592e-05
5316.66667 5.75711134e-05
5333.33333 5.55474606e-05
5350 5.35551385e-05
5366.66667 5.16031637e-05
5383.33333 4.97115018e-05
5400 4.79025104e-05
5416.66667 4.619185e-05
5433.33333 4.45821883e-05
5450 4.3061853e-05
5466.66667 4.16087367e-05
5483.33333 4.01979067e-05
5500 3.88100896e-05
5516.66667 3.74379118e-05
5533.33333 3.60876249e-05
5550 3.47757815e-05
5566.66667 3.35222536e-05
5583.33333 3.23423103e-05
5600 3.124068e-05
5616.66667 3.02096463e-05
5633.33333 2.92317091e-05
5650 2.82857342e-05
5666.66667 2.73543168e-05
5683.33333 2.64296537e-05
5700 2.5515769e-05
5716.66667 2.4626332e-05
5733.33333 2.37790073e-05
5750 2.29885569e-05
5766.66667 2.22612637e-05
5783.33333 2.15926154e-05
5800 2.09689482e-05
5816.66667 2.03723648e-05
5833.33333 1.97871262e-05
5850 1.92051853e-05
5866.66667 1.86288211e-05
5883.33333 1.80694245e-05
5900 1.75429783e-05
5916.66667 1.7064022e-05
5933.33333 1.66403597e-05
5950 1.6270365e-05
5966.66667 1.59437366e-05
5983.33333 1.56453697e-05
6000 1.53609629e-05
6016.66667 1.50823538e-05
6033.33333 1.48106212e-05
6050 1.45557974e-05
6066.66667 1.4333343e-05
6083.33333 1.41587703e-05
6100 1.40424242e-05
6116.66667 1.39862552e-05
6133.33333 1.39836565e-05
6150 1.40224121e-05
6166.66667 1.40897884e-05
6183.33333 1.41780294e-05
6200 1.42882743e-05
6216.66667 1.44314174e-05
6233.33333 1.46255681e-05
6250 1.48910651e-05
6266.66667 1.52448658e-05
6283.33333 1.56962875e-05
6300 1.62455933e-05
6316.66667 1.68860297e-05
6333.33333 1.76088409e-05
6350 1.8409722e-05
6366.66667 1.92944931e-05
6383.33333 2.02818719e-05
6400 2.14022079e-05
6416.66667 2.26925306e-05
6433.33333 2.41896224e-05
6450 2.59235599e-05
6466.66667 2.79141158e-05
6483.33333 3.01716612e-05
6500 3.2702855e-05
6516.66667 3.55197152e-05
6533.33333 3.86491778e-05
6550 4.21396845e-05
6566.66667 4.60621443e-05
6583.33333 5.05045848e-05
6600 5.55621578e-05
6616.66667 6.13260322e-05
6633.33333 6.78754794e-05
6650 7.52768606e-05
6666.66667 8.35912306e-05
6683.33333 9.28892476e-05
6700 0.000103268987
6716.66667 0.000114870451
6733.33333 0.000127881085
6750 0.000142529594
6766.66667 0.000159069648
6783.33333 0.000177759254
6800 0.000198843965
6816.66667 0.000222551842
6833.33333 0.000249104738
6850 0.000278744793
6866.66667 0.000311768744
6883.33333 0.000348558404
6900 0.00038959562
6916.66667 0.000435454853
6933.33333 0.000486774692
6950 0.000544218236
6966.66667 0.000608438029
6983.33333 0.000680061716
7000 0.000759708796
7016.66667 0.000848038012
7033.33333 0.000945812503
7050 0.00105396079
7066.66667 0.00117361035
7083.33333 0.00130607858
7100 0.00145282147
7116.66667 0.00161535699
7133.33333 0.00179519305
7150 0.00199379165
7166.66667 0.00221259113
7183.33333 0.00245308812
7200 0.00271695691
7216.66667 0.00300616558
7233.33333 0.00332304436
7250 0.00367027477
7266.66667 0.00405079658
7283.33333 0.00446766169
7300 0.00492388941
7316.66667 0.0054223834
7333.33333 0.00596595427
7350 0.00655745453
7366.66667 0.00719998877
7383.33333 0.00789712599
7400 0.00865303079
7416.66667 0.0094724521
7433.33333 0.0103605577
7450 0.0113226629
7466.66667 0.0123639495
7483.33333 0.0134892868
7500 0.0147032382
7516.66667 0.0160102746
7533.33333 0.0174151328
7550 0.0189231936
7566.66667 0.0205407264
7583.33333 0.0222748875
7600 0.0241334367
7616.66667 0.0261242521
7633.33333 0.0282548066
7650 0.0305318061
7666.66667 0.0329611477
7683.33333 0.0355482471
7700 0.0382986408
7716.66667 0.0412186509
7733.33333 0.0443158438
7750 0.0475990681
7766.66667 0.051077999
7783.33333 0.0547623022
7800 0.0586606949
7816.66667 0.0627802548
7833.33333 0.0671262675
7850 0.0717027231
7866.66667 0.0765133294
7883.33333 0.0815626841
7900 0.0868571442
7916.66667 0.0924049965
7933.33333 0.0982157642
7950 0.104298808
7966.66667 0.110661681
7983.33333 0.117308838
8000 0.124241248
8016.66667 0.131457144
8033.33333 0.138953748
8050 0.146729375
8066.66667 0.154785128
8083.33333 0.163125423
8100 0.171756998
8116.66667 0.180686573
8133.33333 0.189917919
8150 0.199449398
8166.66667 0.20927301
8183.33333 0.219375502
8200 0.229741391
8216.66667 0.240356948
8233.33333 0.251213696
8250 0.262309949
8266.66667 0.273649488
8283.33333 0.285237437
8300 0.29707455
8316.66667 0.309151876
8333.33333 0.321448008
8350 0.333930459
8366.66667 0.346561432
8383.33333 0.359306608
8400 0.372144163
8416.66667 0.385070525
8433.33333 0.398099855
8450 0.411255736
8466.66667 0.424555843
8483.33333 0.437992678
8500 0.451515124
8516.66667 0.465016025
8533.33333 0.478330051
8550 0.491243832
8566.66667 0.503517278
8583.33333 0.514911963
8600 0.525220297
8616.66667 0.534288722
8633.33333 0.542029672
8650 0.548420042
8666.66667 0.553487639
8683.33333 0.557290137
8700 0.559892735
8716.66667 0.561350353
8733.33333 0.561698277
8750 0.560952258
8766.66667 0.559116236
8783.33333 0.556193856
8800 0.55219935
8816.66667 0.547164158
8833.33333 0.541137581
8850 0.534181915
8866.66667 0.526364364
8883.33333 0.517748833
8900 0.508390375
8916.66667 0.498333865
8933.33333 0.487616806
8950 0.476274772
8966.66667 0.464347204
8983.33333 0.451881408
9000 0.438933433
9016.66667 0.425565745
9033.33333 0.411842796
9050 0.397826184
9066.66667 0.383571136
9083.33333 0.369125384
9100 0.354530543
9116.66667 0.339825231
9133.33333 0.325048571
9150 0.310242744
9166.66667 0.295453711
9183.33333 0.280729968
9200 0.266119943
9216.66667 0.251669058
9233.33333 0.237417527
9250 0.223399603
9266.66667 0.209644362
9283.33333 0.196177585
9300 0.183023927
9316.66667 0.170208532
9333.33333 0.15775756
9350 0.145697528
9366.66667 0.134053822
9383.33333 0.122849023
9400 0.112101662
9416.66667 0.101825848
9433.33333 0.092031793
9450 0.0827269629
9466.66667 0.073917371
9483.33333 0.065608526
9500 0.0578057434
9516.66667 0.050513799
9533.33333 0.0437361566
9550 0.0374741413
9566.66667 0.0317264037
9583.33333 0.0264888709
9600 0.0217551649
9616.66667 0.0175172905
9633.33333 0.0137663166
9650 0.0104928117
9666.66667 0.00768692701
9683.33333 0.00533817846
9700 0.00343509862
9716.66667 0.00196496403
9733.33333 0.000913744808
9750 0.000266308415
9766.66667 6.7903331e-06
9783.33333 0.000118975995
9800 0.000586545288
9816.66667 0.0013931059
9833.33333 0.00252204635
9850 0.00395632547
9866.66667 0.00567834391
9883.33333 0.00767000302
9900 0.00991296612
9916.66667 0.0123890384
9933.33333 0.0150805199
9950 0.0179703884
9966.66667 0.021042242
9983.33333 0.0242800288
10000 0.0276676945
