0 4.33334237e-34
16.6666667 6.65302684e-05
33.3333333 0.000233472754
50 0.000418908841
66.6666667 0.000531856925
83.3333333 0.000516915839
100 0.000381431682
116.666667 0.000191870852
133.333333 4.12061819e-05
150 3.33895462e-06
166.666667 9.69108619e-05
183.333333 0.000276218113
200 0.000453629408
216.666667 0.000542478747
233.333333 0.000499416865
250 0.000345528896
266.666667 0.000155961012
283.333333 2.32025014e-05
300 1.19987167e-05
316.666667 0.000127880207
333.333333 0.000314577006
350 0.000481474737
366.666667 0.000547667973
383.333333 0.000481172824
400 0.000314311442
416.666667 0.00012791771
433.333333 1.21371763e-05
450 2.28653662e-05
466.666667 0.00015487021
483.333333 0.000344480556
500 0.000500406458
516.666667 0.000547728091
533.333333 0.000463847647
550 0.000289182247
566.666667 0.000107592884
583.333333 6.0747037e-06
600 3.31047459e-05
616.666667 0.000175572548
633.333333 0.00036522745
650 0.00051142724
666.666667 0.000544448487
683.333333 0.000448670802
700 0.000269874843
716.666667 9.32869013e-05
733.333333 2.92607644e-06
750 4.16460571e-05
766.666667 0.000190852067
783.333333 0.000379461153
800 0.000517766385
816.666667 0.000540069786
833.333333 0.000435839425
850 0.000254638188
866.666667 8.25344005e-05
883.333333 1.22192039e-06
900 4.92528432e-05
916.666667 0.000203762232
933.333333 0.000391338745
950 0.000522877449
966.666667 0.00053588295
983.333333 0.000424154187
1000 0.00024075572
1016.66667 7.2842694e-05
1033.33333 2.65021672e-07
1050 5.75965559e-05
1066.66667 0.000217642094
1083.33333 0.00040430207
1100 0.000528730886
1116.66667 0.000531626958
1133.33333 0.000411529179
1150 0.000225605163
1166.66667 6.24883397e-05
1183.33333 4.8485606e-08
1200 6.82081319e-05
1216.66667 0.000234570654
1233.33333 0.000419785448
1250 0.000535385987
1266.66667 0.000526068649
1283.33333 0.000396200109
1300 0.00020782798
1316.66667 5.10763188e-05
1333.33333 1.03813266e-06
1350 8.17867204e-05
1366.66667 0.000254769528
1383.33333 0.000437199319
1400 0.000541681809
1416.66667 0.000518110506
1433.33333 0.000377733124
1450 0.000187814664
1466.66667 3.94189596e-05
1483.33333 3.74099703e-06
1500 9.79393681e-05
1516.66667 0.000276878227
1533.33333 0.000454759869
1550 0.000546277811
1566.66667 0.000507542274
1583.33333 0.00035713477
1600 0.000167188061
1616.66667 2.87783861e-05
1633.33333 8.24416906e-06
1650 0.000115390135
1666.66667 0.000298818015
1683.33333 0.000470599922
1700 0.000548437731
1716.66667 0.000495084104
1733.33333 0.000336141247
1750 0.000147741332
1766.66667 2.00512037e-05
1783.33333 1.41080888e-05
1800 0.000132652247
1816.66667 0.000318885607
1833.33333 0.000483701305
1850 0.000548316191
1866.66667 0.000481904628
1883.33333 0.000316263862
1900 0.000130549424
1916.66667 1.3423287e-05
1933.33333 2.07219123e-05
1950 0.000148850655
1966.66667 0.000336568364
1983.33333 0.000494263284
2000 0.000546717921
2016.66667 0.000468957623
2033.33333 0.000298108733
2050 0.000115648582
2066.66667 8.5404005e-06
2083.33333 2.77899594e-05
2100 0.000164165356
2116.66667 0.000352628075
2133.33333 0.000503343601
2150 0.000544488083
2166.66667 0.000456461228
2183.33333 0.000281216161
2200 0.000102267998
2216.66667 4.90352474e-06
2233.33333 3.55419667e-05
2250 0.000179604845
2266.66667 0.000368444521
2283.33333 0.000512044411
2300 0.000541923239
2316.66667 0.000443800657
2333.33333 0.000264442499
2350 8.9396972e-05
2366.66667 2.21014484e-06
2383.33333 4.45566544e-05
2400 0.000196311715
2416.66667 0.000385101627
2433.33333 0.000520812502
2450 0.000538612137
2466.66667 0.000429946751
2483.33333 0.000246685132
2500 7.63903914e-05
2516.66667 4.9801166e-07
2533.33333 5.53724512e-05
2550 0.000214871692
2566.66667 0.000402790865
2583.33333 0.00052927235
2600 0.00053378964
2616.66667 0.000414138769
2633.33333 0.000227540671
2650 6.32944019e-05
2666.66667 4.64908409e-08
2683.33333 6.81268056e-05
2700 0.000234996608
2716.66667 0.000420798691
2733.33333 0.000536581593
2750 0.000526898668
2766.66667 0.000396374365
2783.33333 0.000207502641
2800 5.07237006e-05
2816.66667 1.11033572e-06
2833.33333 8.24139675e-05
2850 0.000255694414
2866.66667 0.000437976733
2883.33333 0.000541991613
2900 0.000517959121
2916.66667 0.000377405759
2933.33333 0.000187620694
2950 3.942366e-05
2966.66667 3.69191806e-06
2983.33333 9.7460526e-05
3000 0.000275808362
3016.66667 0.000453387398
3033.33333 0.000545267852
3050 0.000507546078
3066.66667 0.000358300141
3083.33333 0.00016889836
3100 2.98493609e-05
3116.66667 7.54157146e-06
3133.33333 0.00011254963
3150 0.000294631357
3166.66667 0.000466772111
3183.33333 0.000546762007
3200 0.000496438409
3216.66667 0.000339867163
3233.33333 0.000151810128
3250 2.20130567e-05
3266.66667 1.23747927e-05
3283.33333 0.000127434265
3300 0.000312239028
3316.66667 0.000478589267
3333.33333 0.000547121868
3350 0.000485158048
3366.66667 0.000322271947
3383.33333 0.000136168598
3400 1.56158235e-05
3416.66667 1.81092884e-05
3433.33333 0.000142455253
3450 0.000329341054
3466.66667 0.000489620883
3483.33333 0.000546831911
3500 0.000473669265
3516.66667 0.000305023466
3533.33333 0.0001213538
3550 1.03153463e-05
3566.66667 2.49343628e-05
3583.33333 0.000158285513
3600 0.000346765982
3616.66667 0.000500425186
3633.33333 0.000545894185
3650 0.000461430122
3666.66667 0.000287334555
3683.33333 0.000106746564
3700 5.95602838e-06
3716.66667 3.31770316e-05
3733.33333 0.000175479672
3750 0.000364924178
3766.66667 0.000510995802
3783.33333 0.00054386121
3800 0.000447773761
3816.66667 0.000268641811
3833.33333 9.2114332e-05
3850 2.63889676e-06
3866.66667 4.3062869e-05
3883.33333 0.000194109192
3900 0.000383565264
3916.66667 0.000520810173
3933.33333 0.000540172241
3950 0.000432368285
3966.66667 0.000248967377
3983.33333 7.77283013e-05
4000 6.05093456e-07
4016.66667 5.45195935e-05
4033.33333 0.00021368245
4050 0.000401930941
4066.66667 0.000529180516
4083.33333 0.000534540393
4100 0.000415452856
4116.66667 0.000228909356
4133.33333 6.41668911e-05
4150 3.09105285e-08
4166.66667 6.71533799e-05
4183.33333 0.000233385133
4200 0.000419179648
4216.66667 0.000535662149
4233.33333 0.000527139599
4250 0.000397716523
4266.66667 0.000209299916
4283.33333 5.19692004e-05
4300 8.99220553e-07
4316.66667 8.0438873e-05
4333.33333 0.000252507278
4350 0.000434830782
4366.66667 0.000540280143
4383.33333 0.000518496386
4400 0.000379920727
4416.66667 0.000190768596
4433.33333 4.13741013e-05
4450 3.04254954e-06
4466.66667 9.40189504e-05
4483.33333 0.000270809011
4500 0.000448974433
4516.66667 0.000543455932
4533.33333 0.000509168631
4550 0.000362499985
4566.66667 0.000173465249
4583.33333 3.22791746e-05
4600 6.30356979e-06
4616.66667 0.000107912255
4633.33333 0.000288598634
4650 0.000462129158
4666.66667 0.000545691947
4683.33333 0.00049940931
4700 0.000345365502
4716.66667 0.000157072304
4733.33333 2.43956048e-05
4750 1.06726858e-05
4766.66667 0.000122479233
4783.33333 0.000306476231
4800 0.000474851356
4816.66667 0.000547224942
4833.33333 0.000489026327
4850 0.000328019054
4866.66667 0.000141072297
4883.33333 1.74757324e-05
4900 1.63005082e-05
4916.66667 0.000138166773
4933.33333 0.000324914583
4950 0.000487357287
4966.66667 0.00054787931
4983.33333 0.000477534303
5000 0.000309908659
5016.66667 0.000125104354
5033.33333 1.14735432e-05
5050 2.3382128e-05
5066.66667 0.000155195567
5083.33333 0.000343940454
5100 0.000499390619
5116.66667 0.000547206599
5133.33333 0.000464500656
5150 0.000290807568
5166.66667 0.000109197246
5183.33333 6.54978033e-06
5200 3.19910867e-05
5216.66667 0.00017337817
5233.33333 0.00036309404
5250 0.000510388864
5266.66667 0.000544797174
5283.33333 0.000449855366
5300 0.000270982099
5316.66667 9.37483791e-05
5333.33333 2.93566713e-06
5350 4.19746863e-05
5366.66667 0.000192173459
5383.33333 0.000381669793
5400 0.000519817731
5416.66667 0.000540549579
5433.33333 0.000433967358
5450 0.000251057693
5466.66667 7.92877022e-05
5483.33333 7.67639297e-07
5500 5.29956484e-05
5516.66667 0.00021095183
5533.33333 0.000399088204
5550 0.000527463242
5566.66667 0.000534733638
5583.33333 0.000417452977
5600 0.000231687491
5616.66667 6.61976147e-05
5633.33333 1.83584769e-08
5650 6.47124508e-05
5666.66667 0.000229320828
5683.33333 0.000415180611
5700 0.000533513316
5716.66667 0.000527820676
5733.33333 0.000400844743
5750 0.000213232502
5766.66667 5.45598447e-05
5783.33333 5.60857737e-07
5800 7.69825586e-05
5816.66667 0.000247311578
5833.33333 0.000430219274
5850 0.000538389082
5866.66667 0.000520191345
5883.33333 0.000384318737
5900 0.000195630675
5916.66667 4.41941157e-05
5933.33333 2.29626276e-06
5950 8.99426186e-05
5966.66667 0.000265305079
5983.33333 0.00044468073
6000 0.000542440488
6016.66667 0.000511905229
6033.33333 0.000367639097
6050 0.000178512452
6066.66667 3.48351704e-05
6083.33333 5.24076076e-06
6100 0.000103903106
6116.66667 0.000283745709
6133.33333 0.000458900788
6150 0.000545708394
6166.66667 0.000502682844
6183.33333 0.000350352859
6200 0.000161482942
6216.66667 2.63285132e-05
6233.33333 9.51170566e-06
6250 0.000119122737
6266.66667 0.000302824581
6283.33333 0.000472841719
6300 0.000547905826
6316.66667 0.000492113954
6333.33333 0.000332116004
6350 0.000144398405
6366.66667 1.8727745e-05
6383.33333 1.52255287e-05
6400 0.000135603041
6416.66667 0.000322323391
6433.33333 0.00048610435
6450 0.000548616238
6466.66667 0.000479952866
6483.33333 0.000312946572
6500 0.000127472323
6516.66667 1.22441516e-05
6533.33333 2.23787081e-05
6550 0.00015302881
6566.66667 0.000341702305
6583.33333 0.000498156614
6600 0.000547565545
6616.66667 0.000466306571
6633.33333 0.000293250702
6650 0.00011116017
6666.66667 7.09961448e-06
6683.33333 3.08014862e-05
6700 0.000170897237
6716.66667 0.000360372888
6733.33333 0.000508627182
6750 0.000544792233
6766.66667 0.000451601077
6783.33333 0.00027361837
6800 9.5915106e-05
6816.66667 3.39670277e-06
6833.33333 4.02319788e-05
6850 0.000188768336
6866.66667 0.000377994267
6883.33333 0.000517487515
6900 0.000540616551
6916.66667 0.000436355448
6933.33333 0.000254525193
6950 8.19748341e-05
6966.66667 1.09314405e-06
6983.33333 5.04699127e-05
7000 0.000206486942
7016.66667 0.000394616284
7033.33333 0.000525018039
7050 0.000535434684
7066.66667 0.000420904713
7083.33333 0.000236118005
7100 6.92973206e-05
7116.66667 7.93495199e-08
7133.33333 6.1500999e-05
7150 0.000224233104
7166.66667 0.000410583845
7183.33333 0.000531586456
7200 0.000529469387
7216.66667 0.000405237878
7233.33333 0.00021820019
7250 5.76605092e-05
7266.66667 2.86026317e-07
7283.33333 7.34976218e-05
7300 0.000242364339
7316.66667 0.000426266992
7333.33333 0.000537385258
7350 0.000522638166
7366.66667 0.000389049528
7383.33333 0.000200415109
7400 4.68488026e-05
7416.66667 1.74141821e-06
7433.33333 8.66883842e-05
7450 0.000261148671
7466.66667 0.000441790989
7483.33333 0.000542299491
7500 0.000514626479
7516.66667 0.000371974782
7533.33333 0.000182512673
7550 3.68088222e-05
7566.66667 4.54183202e-06
7583.33333 0.000101177525
7600 0.000280553674
7616.66667 0.00045693156
7633.33333 0.000545982679
7650 0.000505116499
7666.66667 0.000353860468
7683.33333 0.000164536585
7700 2.76839454e-05
7716.66667 8.75952358e-06
7733.33333 0.000116827257
7750 0.00030021588
7766.66667 0.000471227169
7783.33333 0.000548078663
7800 0.000494018571
7816.66667 0.000334902315
7833.33333 0.000146823766
7850 1.97195548e-05
7866.66667 1.43574225e-05
7883.33333 0.000133281241
7900 0.000319605365
7916.66667 0.000484227786
7933.33333 0.000548440438
7950 0.000481556877
7966.66667 0.000315568401
7983.33333 0.000129831052
8000 1.31170799e-05
8016.66667 2.11812367e-05
8033.33333 0.000150126136
8050 0.000338287958
8066.66667 0.000495726187
8083.33333 0.000547210857
8100 0.00046816056
8116.66667 0.000296365515
8133.33333 0.000113909099
8150 7.94023464e-06
8166.66667 2.90448739e-05
8183.33333 0.00016709959
8200 0.000356129316
8216.66667 0.000505834574
8233.33333 0.000544720854
8250 0.000454231873
8266.66667 0.000277594099
8283.33333 9.91604414e-05
8300 4.12551726e-06
8316.66667 3.78502725e-05
8333.33333 0.000184213071
8350 0.000373316456
8366.66667 0.000514864329
8383.33333 0.000541272638
8400 0.000439933694
8416.66667 0.000259233742
8433.33333 8.54522831e-05
8450 1.57036324e-06
8466.66667 4.76508673e-05
8483.33333 0.000201705271
8500 0.000390184342
8516.66667 0.000523089724
8533.33333 0.000536947576
8550 0.000425126765
8566.66667 0.000241020023
8583.33333 7.25594858e-05
8600 2.26875214e-07
8616.66667 5.86070785e-05
8633.33333 0.000219851219
8650 0.000406959121
8666.66667 0.000530549967
8683.33333 0.000531564458
8700 0.000409497384
8716.66667 0.000222661637
8733.33333 6.03426644e-05
8750 1.36955146e-07
8766.66667 7.08581614e-05
8783.33333 0.000238745392
8800 0.000423578975
8816.66667 0.000537014048
8833.33333 0.000524814744
8850 0.00039279646
8866.66667 0.000204063808
8883.33333 4.88529456e-05
8900 1.3896848e-06
8916.66667 8.439115e-05
8933.33333 0.000258191087
8950 0.000439697204
8966.66667 0.000542121133
8983.33333 0.000516482862
9000 0.000375038391
9016.66667 0.000185422698
9033.33333 3.83067187e-05
9050 4.03645659e-06
9066.66667 9.89929965e-05
9083.33333 0.000277762118
9100 0.000454856391
9116.66667 0.000545597776
9133.33333 0.000506606748
9150 0.000356536293
9166.66667 0.000167141172
9183.33333 2.89608833e-05
9200 8.03168141e-06
9216.66667 0.000114325907
9233.33333 0.000297001716
9250 0.0004687231
9266.66667 0.000547413372
9283.33333 0.000495478662
9300 0.0003377576
9316.66667 0.000149629915
9333.33333 2.09806858e-05
9350 1.32497794e-05
9366.66667 0.00013008966
9383.33333 0.000315641868
9400 0.000481241567
9416.66667 0.000547780788
9433.33333 0.000483489572
9450 0.000319093708
9466.66667 0.000133120789
9483.33333 1.43843273e-05
9500 1.95691162e-05
9516.66667 0.000146171668
9533.33333 0.000333709931
9550 0.000492615448
9566.66667 0.000547005985
9583.33333 0.000470914863
9600 0.000300682418
9616.66667 0.000117598304
9633.33333 9.08540648e-06
9650 2.69583227e-05
9666.66667 0.000162684051
9683.33333 0.000351455365
9700 0.000503132793
9716.66667 0.000545284193
9733.33333 0.000457773954
9750 0.000282385346
9766.66667 0.000102876853
9783.33333 4.98928946e-06
9800 3.54967797e-05
9816.66667 0.000179857256
9833.33333 0.00036914259
9850 0.000512948637
9866.66667 0.00054257514
9883.33333 0.000443852706
9900 0.000263929965
9916.66667 8.87666999e-05
9933.33333 2.07344855e-06
9950 4.53091846e-05
9966.66667 0.000197853743
9983.33333 0.000386840524
10000 0.000521964263
