0 1.7486368e-29
7.11666667 1.02195788e-06
14.2333333 1.61987717e-05
21.35 8.07406966e-05
28.4666667 0.000249720418
35.5833333 0.000593095063
42.7 0.00118954837
49.8166667 0.00211982225
56.9333333 0.00346022256
64.05 0.00527691035
71.1666667 0.00762144383
78.2833333 0.0105278455
85.4 0.0140112654
92.5166667 0.0180681266
99.6333333 0.0226774974
106.75 0.0278033515
113.866667 0.0333973555
120.983333 0.0394018555
128.1 0.0457528013
135.216667 0.0523824377
142.333333 0.0592216756
149.45 0.0662021252
156.566667 0.0732578184
163.683333 0.0803266596
170.8 0.0873516412
177.916667 0.0942818366
185.033333 0.101073159
192.15 0.10768886
199.266667 0.114099731
206.383333 0.120283986
213.5 0.126226818
220.616667 0.131919661
227.733333 0.137359205
234.85 0.142546246
241.966667 0.14748447
249.083333 0.152179247
256.2 0.156636549
263.316667 0.160862031
270.433333 0.164860345
277.55 0.168634699
284.666667 0.172186666
291.783333 0.175516235
298.9 0.178622078
306.016667 0.181501992
313.133333 0.184153481
320.25 0.186574428
327.366667 0.188763798
334.483333 0.190722313
341.6 0.192453051
348.716667 0.193961891
355.833333 0.195257787
362.95 0.196352804
370.066667 0.197261934
377.183333 0.198002685
384.3 0.198594476
391.416667 0.199057896
398.533333 0.19941388
405.65 0.199682873
412.766667 0.199884047
419.883333 0.200034628
427 0.200149364
434.116667 0.200240177
441.233333 0.20031598
448.35 0.200382682
455.466667 0.200443345
462.583333 0.200498479
469.7 0.200546448
476.816667 0.200583965
483.933333 0.200606637
491.05 0.200609543
498.166667 0.200587801
505.283333 0.200537113
512.4 0.200454238
519.516667 0.200337371
526.633333 0.200186408
533.75 0.200003075
540.866667 0.199790904
547.983333 0.199555076
555.1 0.199302136
562.216667 0.199039595
569.333333 0.198775475
576.45 0.198517809
583.566667 0.198274155
590.683333 0.198051149
597.8 0.197854132
604.916667 0.197686885
612.033333 0.197551471
619.15 0.197448213
626.266667 0.197375784
633.383333 0.197331415
640.5 0.197311194
647.616667 0.197310425
654.733333 0.197324021
661.85 0.197346893
668.966667 0.197374301
676.083333 0.197402144
683.2 0.197427156
690.316667 0.197447012
697.433333 0.197460334
704.55 0.197466604
711.666667 0.197466025
718.783333 0.19745932
725.9 0.197447525
733.016667 0.197431777
740.133333 0.197413128
747.25 0.197392382
754.366667 0.197369974
761.483333 0.197345876
768.6 0.197319543
775.716667 0.19728989
782.833333 0.197255304
789.95 0.197213694
797.066667 0.19716259
804.183333 0.197099288
811.3 0.197021042
818.416667 0.196925303
825.533333 0.196809973
832.65 0.196673666
839.766667 0.196515936
846.883333 0.196337447
854 0.19614005
861.116667 0.195926767
868.233333 0.195701653
875.35 0.195469568
882.466667 0.195235862
889.583333 0.19500602
896.7 0.194785292
903.816667 0.194578346
910.933333 0.194388973
918.05 0.19421986
925.166667 0.194072443
932.283333 0.193946838
939.4 0.193841838
946.516667 0.193754968
953.633333 0.193682588
960.75 0.193620035
967.866667 0.193561797
974.983333 0.193501724
982.1 0.193433268
989.216667 0.193349763
996.333333 0.19324472
1003.45 0.19311214
1010.56667 0.192946823
1017.68333 0.192744645
1024.8 0.192502786
1031.91667 0.192219879
1039.03333 0.191896072
1046.15 0.191532997
1053.26667 0.191133636
1060.38333 0.190702113
1067.5 0.190243423
1074.61667 0.189763126
1081.73333 0.189267032
1088.85 0.188760898
1095.96667 0.188250171
1103.08333 0.187739773
1110.2 0.187233946
1117.31667 0.186736172
1124.43333 0.186249136
1131.55 0.185774756
1138.66667 0.185314254
1145.78333 0.184868264
1152.9 0.18443696
1160.01667 0.184020189
1167.13333 0.183617607
1174.25 0.183228789
1181.36667 0.182853318
1188.48333 0.182490835
1195.6 0.18214106
1202.71667 0.181803773
1209.83333 0.181478778
1216.95 0.181165852
1224.06667 0.180864696
1231.18333 0.180574892
1238.3 0.180295888
1245.41667 0.180027006
1252.53333 0.179767476
1259.65 0.179516488
1266.76667 0.179273258
1273.88333 0.179037088
1281 0.178807427
1288.11667 0.178583902
1295.23333 0.178366336
1302.35 0.178154736
1309.46667 0.177949266
1316.58333 0.177750196
1323.7 0.177557855
1330.81667 0.177372565
1337.93333 0.177194594
1345.05 0.177024107
1352.16667 0.176861131
1359.28333 0.176705537
1366.4 0.176557038
1373.51667 0.176415195
1380.63333 0.176279454
1387.75 0.176149177
1394.86667 0.176023705
1401.98333 0.175902404
1409.1 0.175784726
1416.21667 0.17567025
1423.33333 0.17555871
1430.45 0.175450006
1437.56667 0.175344185
1444.68333 0.175241408
1451.8 0.175141904
1458.91667 0.175045915
1466.03333 0.174953652
1473.15 0.174865258
1480.26667 0.174780794
1487.38333 0.174700248
1494.5 0.174623551
1501.61667 0.174550612
1508.73333 0.174481347
1515.85 0.174415696
1522.96667 0.174353625
1530.08333 0.174295105
1537.2 0.174240079
1544.31667 0.174188408
1551.43333 0.174139827
1558.55 0.174093907
1565.66667 0.174050037
1572.78333 0.174007432
1579.9 0.173965161
1587.01667 0.173922203
1594.13333 0.173877506
1601.25 0.173830048
1608.36667 0.173778896
1615.48333 0.173723238
1622.6 0.173662412
1629.71667 0.173595916
1636.83333 0.173523415
1643.95 0.173444742
1651.06667 0.173359916
1658.18333 0.173269159
1665.3 0.173172927
1672.41667 0.173071936
1679.53333 0.172967183
1686.65 0.172859947
1693.76667 0.172751762
1700.88333 0.172644358
1708 0.172539577
1715.11667 0.172439264
1722.23333 0.172345146
1729.35 0.172258716
1736.46667 0.172181139
1743.58333 0.172113178
1750.7 0.172055156
1757.81667 0.172006958
1764.93333 0.171968054
1772.05 0.171937552
1779.16667 0.17191426
1786.28333 0.171896756
1793.4 0.171883454
1800.51667 0.171872676
1807.63333 0.171862705
1814.75 0.171851855
1821.86667 0.171838529
1828.98333 0.17182128
1836.1 0.171798877
1843.21667 0.171770362
1850.33333 0.171735101
1857.45 0.171692818
1864.56667 0.171643605
1871.68333 0.171587912
1878.8 0.171526512
1885.91667 0.171460437
1893.03333 0.171390903
1900.15 0.171319223
1907.26667 0.17124672
1914.38333 0.171174637
1921.5 0.171104067
1928.61667 0.171035893
1935.73333 0.170970739
1942.85 0.170908945
1949.96667 0.170850558
1957.08333 0.170795342
1964.2 0.170742796
1971.31667 0.170692208
1978.43333 0.170642705
1985.55 0.170593332
1992.66667 0.170543131
1999.78333 0.170491227
2006.9 0.170436907
2014.01667 0.170379687
2021.13333 0.170319357
2028.25 0.170256009
2035.36667 0.170190033
2042.48333 0.170122084
2049.6 0.170053044
2056.71667 0.169983952
2063.83333 0.169915941
2070.95 0.169850165
2078.06667 0.169787741
2085.18333 0.169729687
2092.3 0.169676879
2099.41667 0.169630011
2106.53333 0.169589561
2113.65 0.169555774
2120.76667 0.169528637
2127.88333 0.169507878
2135 0.169492969
2142.11667 0.169483141
2149.23333 0.169477423
2156.35 0.169474691
2163.46667 0.169473732
2170.58333 0.169473315
2177.7 0.16947227
2184.81667 0.169469558
2191.93333 0.169464336
2199.05 0.169455996
2206.16667 0.169444199
2213.28333 0.169428879
2220.4 0.169410233
2227.51667 0.169388696
2234.63333 0.169364899
2241.75 0.169339626
2248.86667 0.169313752
2255.98333 0.16928819
2263.1 0.169263821
2270.21667 0.169241436
2277.33333 0.169221673
2284.45 0.169204964
2291.56667 0.169191494
2298.68333 0.169181175
2305.8 0.169173646
2312.91667 0.169168289
2320.03333 0.169164268
2327.15 0.169160584
2334.26667 0.169156144
2341.38333 0.169149822
2348.5 0.169140523
2355.61667 0.16912723
2362.73333 0.16910903
2369.85 0.169085132
2376.96667 0.169054869
2384.08333 0.169017691
2391.2 0.168973159
2398.31667 0.168920946
2405.43333 0.168860844
2412.55 0.168792778
2419.66667 0.168716823
2426.78333 0.168633225
2433.9 0.168542405
2441.01667 0.168444957
2448.13333 0.168341625
2455.25 0.168233266
2462.36667 0.168120806
2469.48333 0.168005183
2476.6 0.167887307
2483.71667 0.167768018
2490.83333 0.167648074
2497.95 0.167528143
2505.06667 0.167408827
2512.18333 0.167290677
2519.3 0.16717423
2526.41667 0.167060023
2533.53333 0.166948608
2540.65 0.166840548
2547.76667 0.166736396
2554.88333 0.166636666
2562 0.166541794
2569.11667 0.166452102
2576.23333 0.166367764
2583.35 0.166288784
2590.46667 0.16621498
2597.58333 0.166145991
2604.7 0.166081282
2611.81667 0.166020168
2618.93333 0.165961845
2626.05 0.165905424
2633.16667 0.165849979
2640.28333 0.165794592
2647.4 0.165738414
2654.51667 0.165680718
2661.63333 0.165620957
2668.75 0.165558815
2675.86667 0.165494242
2682.98333 0.165427472
2690.1 0.165359018
2697.21667 0.165289646
2704.33333 0.165220323
2711.45 0.165152149
2718.56667 0.165086279
2725.68333 0.16502385
2732.8 0.164965901
2739.91667 0.164913325
2747.03333 0.16486682
2754.15 0.164826871
2761.26667 0.164793744
2768.38333 0.164767481
2775.5 0.164747923
2782.61667 0.164734711
2789.73333 0.164727312
2796.85 0.164725029
2803.96667 0.164727025
2811.08333 0.164732347
2818.2 0.164739961
2825.31667 0.164748796
2832.43333 0.16475779
2839.55 0.164765951
2846.66667 0.164772402
2853.78333 0.164776435
2860.9 0.164777538
2868.01667 0.164775413
2875.13333 0.164769977
2882.25 0.164761341
2889.36667 0.164749784
2896.48333 0.164735707
2903.6 0.164719589
2910.71667 0.16470195
2917.83333 0.164683304
2924.95 0.164664127
2932.06667 0.164644832
2939.18333 0.16462574
2946.3 0.164607072
2953.41667 0.164588934
2960.53333 0.164571319
2967.65 0.164554112
2974.76667 0.164537108
2981.88333 0.164520042
2989 0.164502621
2996.11667 0.164484566
3003.23333 0.164465652
3010.35 0.164445745
3017.46667 0.16442482
3024.58333 0.164402974
3031.7 0.164380418
3038.81667 0.164357449
3045.93333 0.164334421
3053.05 0.164311704
3060.16667 0.164289644
3067.28333 0.16426854
3074.4 0.164248619
3081.51667 0.164230035
3088.63333 0.164212872
3095.75 0.164197159
3102.86667 0.164182883
3109.98333 0.164170004
3117.1 0.164158463
3124.21667 0.164148183
3131.33333 0.164139067
3138.45 0.164130988
3145.56667 0.164123788
3152.68333 0.164117276
3159.8 0.164111232
3166.91667 0.164105419
3174.03333 0.164099599
3181.15 0.164093554
3188.26667 0.164087095
3195.38333 0.164080079
3202.5 0.164072405
3209.61667 0.164064017
3216.73333 0.164054887
3223.85 0.164045003
3230.96667 0.164034354
3238.08333 0.164022918
3245.2 0.164010645
3252.31667 0.16399745
3259.43333 0.163983206
3266.55 0.163967731
3273.66667 0.163950783
3280.78333 0.163932048
3287.9 0.163911129
3295.01667 0.163887552
3302.13333 0.163860764
3309.25 0.163830155
3316.36667 0.163795092
3323.48333 0.163754962
3330.6 0.16370923
3337.71667 0.163657493
3344.83333 0.163599534
3351.95 0.163535366
3359.06667 0.163465248
3366.18333 0.163389689
3373.3 0.163309422
3380.41667 0.163225362
3387.53333 0.163138552
3394.65 0.163050102
3401.76667 0.16296113
3408.88333 0.162872712
3416 0.162785847
3423.11667 0.162701423
3430.23333 0.162620209
3437.35 0.16254284
3444.46667 0.162469816
3451.58333 0.1624015
3458.7 0.16233811
3465.81667 0.162279725
3472.93333 0.162226277
3480.05 0.162177564
3487.16667 0.162133262
3494.28333 0.16209294
3501.4 0.162056094
3508.51667 0.162022176
3515.63333 0.16199062
3522.75 0.16196088
3529.86667 0.161932443
3536.98333 0.16190485
3544.1 0.161877701
3551.21667 0.161850661
3558.33333 0.161823458
3565.45 0.161795886
3572.56667 0.161767806
3579.68333 0.161739158
3586.8 0.161709958
3593.91667 0.161680311
3601.03333 0.161650405
3608.15 0.161620503
3615.26667 0.16159093
3622.38333 0.161562042
3629.5 0.161534201
3636.61667 0.161507742
3643.73333 0.161482944
3650.85 0.16146002
3657.96667 0.1614391
3665.08333 0.161420242
3672.2 0.161403441
3679.31667 0.161388652
3686.43333 0.161375806
3693.55 0.16136483
3700.66667 0.161355655
3707.78333 0.16134822
3714.9 0.161342467
3722.01667 0.161338332
3729.13333 0.161335738
3736.25 0.161334584
3743.36667 0.16133474
3750.48333 0.161336051
3757.6 0.161338334
3764.71667 0.16134139
3771.83333 0.161345
3778.95 0.161348933
3786.06667 0.161352938
3793.18333 0.161356741
3800.3 0.161360044
3807.41667 0.161362518
3814.53333 0.16136381
3821.65 0.161363555
3828.76667 0.161361398
3835.88333 0.161357016
3843 0.16135015
3850.11667 0.161340636
3857.23333 0.161328422
3864.35 0.161313586
3871.46667 0.161296334
3878.58333 0.161276995
3885.7 0.161255997
3892.81667 0.161233845
3899.93333 0.161211091
3907.05 0.161188305
3914.16667 0.161166047
3921.28333 0.161144845
3928.4 0.161125176
3935.51667 0.161107449
3942.63333 0.161091993
3949.75 0.161079042
3956.86667 0.161068733
3963.98333 0.161061099
3971.1 0.161056068
3978.21667 0.161053479
3985.33333 0.161053088
3992.45 0.161054594
3999.56667 0.161057659
4006.68333 0.161061932
4013.8 0.161067072
4020.91667 0.161072756
4028.03333 0.161078691
4035.15 0.161084608
4042.26667 0.161090257
4049.38333 0.161095389
4056.5 0.161099753
4063.61667 0.161103078
4070.73333 0.161105071
4077.85 0.161105414
4084.96667 0.16110377
4092.08333 0.161099779
4099.2 0.161093065
4106.31667 0.16108323
4113.43333 0.161069854
4120.55 0.161052485
4127.66667 0.161030638
4134.78333 0.161003799
4141.9 0.160971436
4149.01667 0.160933026
4156.13333 0.160888096
4163.25 0.160836269
4170.36667 0.160777324
4177.48333 0.160711242
4184.6 0.160638249
4191.71667 0.160558843
4198.83333 0.160473796
4205.95 0.16038413
4213.06667 0.160291077
4220.18333 0.160196018
4227.3 0.16010041
4234.41667 0.160005711
4241.53333 0.159913299
4248.65 0.159824413
4255.76667 0.159740087
4262.88333 0.159661111
4270 0.159587992
