0 1.24600386e-32
25 1.7043388e-05
50 6.80725162e-05
75 0.00015279125
100 0.000270725382
125 0.000421240782
150 0.000603554854
175 0.000816739705
200 0.00105972201
225 0.00133128683
250 0.00163008939
275 0.00195467269
300 0.00230348519
325 0.00267489355
350 0.0030671902
375 0.00347860011
400 0.003907292
425 0.00435139534
450 0.00480902029
475 0.00527827493
500 0.00575727661
525 0.0062441585
550 0.00673707597
575 0.00723421696
600 0.0077338167
625 0.0082341731
650 0.00873365799
675 0.0092307221
700 0.00972389591
725 0.010211791
750 0.010693105
775 0.0111666303
800 0.0116312618
825 0.0120859998
850 0.0125299478
875 0.0129623069
900 0.0133823719
925 0.0137895306
950 0.014183267
975 0.0145631622
1000 0.0149288919
1025 0.0152802184
1050 0.0156169816
1075 0.0159390924
1100 0.0162465294
1125 0.0165393389
1150 0.0168176333
1175 0.0170815851
1200 0.017331418
1225 0.0175673974
1250 0.0177898242
1275 0.0179990319
1300 0.0181953865
1325 0.0183792842
1350 0.0185511462
1375 0.0187114102
1400 0.0188605236
1425 0.0189989386
1450 0.019127112
1475 0.019245506
1500 0.0193545867
1525 0.0194548205
1550 0.0195466681
1575 0.0196305791
1600 0.0197069909
1625 0.0197763296
1650 0.0198390122
1675 0.0198954467
1700 0.0199460294
1725 0.0199911405
1750 0.0200311416
1775 0.0200663757
1800 0.0200971702
1825 0.0201238392
1850 0.0201466843
1875 0.020165993
1900 0.0201820351
1925 0.0201950619
1950 0.0202053074
1975 0.0202129914
2000 0.0202183224
2025 0.0202214984
2050 0.020222705
2075 0.0202221132
2100 0.020219879
2125 0.0202161451
2150 0.0202110442
2175 0.0202047017
2200 0.0201972357
2225 0.0201887555
2250 0.0201793596
2275 0.0201691357
2300 0.0201581627
2325 0.0201465136
2350 0.0201342579
2375 0.0201214607
2400 0.0201081816
2425 0.0200944726
2450 0.0200803785
2475 0.0200659389
2500 0.0200511907
2525 0.0200361697
2550 0.0200209099
2575 0.0200054417
2600 0.0199897902
2625 0.0199739761
2650 0.0199580169
2675 0.01994193
2700 0.0199257329
2725 0.0199094429
2750 0.0198930747
2775 0.0198766393
2800 0.0198601446
2825 0.0198435973
2850 0.019827005
2875 0.0198103763
2900 0.0197937201
2925 0.0197770432
2950 0.0197603496
2975 0.0197436414
3000 0.0197269203
3025 0.0197101895
3050 0.0196934536
3075 0.0196767175
3100 0.0196599842
3125 0.0196432547
3150 0.0196265284
3175 0.019609805
3200 0.0195930861
3225 0.0195763745
3250 0.0195596734
3275 0.0195429841
3300 0.019526306
3325 0.0195096375
3350 0.019492978
3375 0.0194763282
3400 0.0194596906
3425 0.0194430673
3450 0.0194264588
3475 0.0194098639
3500 0.0193932808
3525 0.0193767086
3550 0.0193601483
3575 0.0193436019
3600 0.0193270711
3625 0.0193105559
3650 0.0192940548
3675 0.0192775659
3700 0.0192610887
3725 0.0192446242
3750 0.0192281744
3775 0.0192117404
3800 0.0191953221
3825 0.0191789177
3850 0.0191625256
3875 0.0191461455
3900 0.0191297785
3925 0.0191134264
3950 0.0190970903
3975 0.0190807695
4000 0.0190644624
4025 0.0190481674
4050 0.0190318845
4075 0.0190156151
4100 0.0189993608
4125 0.0189831223
4150 0.0189668987
4175 0.0189506885
4200 0.0189344904
4225 0.0189183045
4250 0.0189021323
4275 0.0188859752
4300 0.0188698338
4325 0.018853707
4350 0.0188375933
4375 0.0188214915
4400 0.0188054021
4425 0.0187893266
4450 0.0187732663
4475 0.0187572214
4500 0.0187411907
4525 0.0187251728
4550 0.0187091668
4575 0.0186931734
4600 0.0186771941
4625 0.0186612299
4650 0.0186452809
4675 0.0186293458
4700 0.0186134232
4725 0.0185975125
4750 0.0185816145
4775 0.0185657308
4800 0.0185498622
4825 0.0185340085
4850 0.0185181683
4875 0.0185023404
4900 0.0184865245
4925 0.0184707215
4950 0.0184549328
4975 0.0184391591
5000 0.0184234001
5025 0.0184076543
5050 0.0183919205
5075 0.0183761989
5100 0.0183604902
5125 0.018344796
5150 0.0183291168
5175 0.0183134517
5200 0.0182977997
5225 0.0182821596
5250 0.0182665316
5275 0.0182509169
5300 0.0182353166
5325 0.0182197311
5350 0.0182041595
5375 0.0181886007
5400 0.0181730537
5425 0.0181575189
5450 0.0181419975
5475 0.0181264906
5500 0.0181109982
5525 0.0180955196
5550 0.0180800533
5575 0.0180645989
5600 0.0180491568
5625 0.0180337282
5650 0.0180183141
5675 0.0180029143
5700 0.0179875279
5725 0.0179721537
5750 0.0179567913
5775 0.0179414414
5800 0.0179261051
5825 0.0179107831
5850 0.0178954753
5875 0.0178801807
5900 0.017864898
5925 0.0178496271
5950 0.0178343688
5975 0.0178191242
6000 0.017803894
6025 0.0177886776
6050 0.017773474
6075 0.0177582823
6100 0.0177431025
6125 0.0177279353
6150 0.0177127819
6175 0.0176976427
6200 0.0176825172
6225 0.0176674042
6250 0.0176523029
6275 0.0176372136
6300 0.017622137
6325 0.0176070743
6350 0.0175920256
6375 0.0175769903
6400 0.0175619673
6425 0.017546956
6450 0.0175319566
6475 0.0175169701
6500 0.0175019975
6525 0.0174870387
6550 0.0174720931
6575 0.0174571596
6600 0.0174422377
6625 0.0174273278
6650 0.0174124309
6675 0.0173975478
6700 0.0173826784
6725 0.0173678219
6750 0.0173529773
6775 0.0173381443
6800 0.0173233234
6825 0.0173085156
6850 0.0172937215
6875 0.0172789409
6900 0.017264173
6925 0.0172494168
6950 0.0172346722
6975 0.0172199398
7000 0.0172052205
7025 0.0171905149
7050 0.0171758225
7075 0.0171611426
7100 0.0171464743
7125 0.0171318176
7150 0.0171171731
7175 0.0171025418
7200 0.0170879241
7225 0.0170733195
7250 0.0170587271
7275 0.0170441461
7300 0.0170295767
7325 0.0170150198
7350 0.017000476
7375 0.0169859457
7400 0.0169714282
7425 0.0169569227
7450 0.0169424286
7475 0.0169279461
7500 0.0169134761
7525 0.0168990193
7550 0.0168845758
7575 0.016870145
7600 0.0168557258
7625 0.0168413181
7650 0.016826922
7675 0.0168125385
7700 0.0167981681
7725 0.0167838109
7750 0.0167694661
7775 0.0167551329
7800 0.016740811
7825 0.0167265008
7850 0.0167122032
7875 0.0166979188
7900 0.0166836474
7925 0.0166693881
7950 0.0166551402
7975 0.0166409037
8000 0.0166266789
8025 0.0166124668
8050 0.0165982678
8075 0.0165840816
8100 0.0165699073
8125 0.0165557443
8150 0.0165415926
8175 0.0165274528
8200 0.0165133257
8225 0.0164992115
8250 0.01648511
8275 0.0164710202
8300 0.0164569415
8325 0.0164428742
8350 0.0164288189
8375 0.0164147762
8400 0.0164007464
8425 0.016386729
8450 0.0163727231
8475 0.0163587284
8500 0.016344745
8525 0.0163307736
8550 0.0163168149
8575 0.0163028689
8600 0.0162889351
8625 0.0162750127
8650 0.0162611014
8675 0.0162472014
8700 0.0162333135
8725 0.0162194382
8750 0.0162055756
8775 0.0161917249
8800 0.0161778854
8825 0.016164057
8850 0.0161502399
8875 0.016136435
8900 0.0161226427
8925 0.0161088628
8950 0.0160950947
8975 0.0160813377
9000 0.0160675917
9025 0.0160538571
9050 0.0160401347
9075 0.0160264248
9100 0.0160127273
9125 0.0159990412
9150 0.0159853662
9175 0.0159717021
9200 0.0159580495
9225 0.0159444092
9250 0.0159307812
9275 0.0159171654
9300 0.0159035609
9325 0.0158899674
9350 0.0158763848
9375 0.0158628137
9400 0.0158492549
9425 0.0158357084
9450 0.0158221738
9475 0.0158086505
9500 0.0157951379
9525 0.0157816363
9550 0.0157681463
9575 0.0157546685
9600 0.015741203
9625 0.0157277491
9650 0.0157143064
9675 0.0157008743
9700 0.0156874533
9725 0.0156740439
9750 0.0156606467
9775 0.0156472615
9800 0.015633888
9825 0.0156205253
9850 0.0156071733
9875 0.0155938323
9900 0.0155805031
9925 0.0155671859
9950 0.0155538807
9975 0.0155405869
10000 0.0155273038
10025 0.0155140314
10050 0.0155007701
10075 0.0154875205
10100 0.015474283
10125 0.0154610572
10150 0.0154478426
10175 0.0154346387
10200 0.0154214454
10225 0.0154082633
10250 0.0153950929
10275 0.0153819345
10300 0.0153687876
10325 0.0153556518
10350 0.0153425266
10375 0.015329412
10400 0.0153163086
10425 0.0153032169
10450 0.0152901371
10475 0.0152770687
10500 0.0152640112
10525 0.0152509642
10550 0.0152379278
10575 0.0152249026
10600 0.0152118892
10625 0.0151988875
10650 0.0151858971
10675 0.0151729174
10700 0.0151599482
10725 0.0151469896
10750 0.0151340422
10775 0.0151211066
10800 0.0151081825
10825 0.0150952696
10850 0.0150823673
10875 0.0150694753
10900 0.0150565941
10925 0.0150437241
10950 0.0150308657
10975 0.0150180189
11000 0.015005183
11025 0.0149923575
11050 0.0149795424
11075 0.014966738
11100 0.014953945
11125 0.0149411635
11150 0.0149283933
11175 0.0149156339
11200 0.0149028849
11225 0.0148901462
11250 0.0148774183
11275 0.0148647016
11300 0.0148519965
11325 0.0148393026
11350 0.0148266193
11375 0.0148139462
11400 0.0148012835
11425 0.0147886316
11450 0.0147759909
11475 0.0147633617
11500 0.0147507435
11525 0.0147381359
11550 0.0147255383
11575 0.0147129511
11600 0.0147003748
11625 0.0146878097
11650 0.0146752559
11675 0.014662713
11700 0.0146501805
11725 0.014637658
11750 0.0146251459
11775 0.0146126447
11800 0.0146001547
11825 0.0145876759
11850 0.0145752078
11875 0.01456275
11900 0.0145503022
11925 0.0145378647
11950 0.0145254382
11975 0.0145130228
12000 0.0145006185
12025 0.0144882248
12050 0.0144758412
12075 0.0144634676
12100 0.0144511044
12125 0.0144387521
12150 0.0144264109
12175 0.0144140807
12200 0.0144017609
12225 0.0143894511
12250 0.0143771513
12275 0.0143648619
12300 0.0143525834
12325 0.014340316
12350 0.0143280593
12375 0.014315813
12400 0.0143035765
12425 0.0142913501
12450 0.0142791341
12475 0.014266929
12500 0.0142547348
12525 0.0142425513
12550 0.014230378
12575 0.0142182145
12600 0.014206061
12625 0.0141939179
12650 0.0141817857
12675 0.0141696644
12700 0.0141575536
12725 0.0141454528
12750 0.0141333618
12775 0.0141212808
12800 0.0141092103
12825 0.0140971506
12850 0.0140851017
12875 0.0140730631
12900 0.0140610345
12925 0.0140490155
12950 0.0140370066
12975 0.0140250082
13000 0.0140130206
13025 0.0140010436
13050 0.0139890769
13075 0.0139771199
13100 0.0139651726
13125 0.0139532354
13150 0.0139413087
13175 0.0139293927
13200 0.0139174872
13225 0.0139055918
13250 0.0138937061
13275 0.0138818301
13300 0.0138699641
13325 0.0138581086
13350 0.0138462638
13375 0.0138344294
13400 0.013822605
13425 0.0138107901
13450 0.0137989849
13475 0.0137871898
13500 0.0137754052
13525 0.0137636311
13550 0.0137518673
13575 0.0137401134
13600 0.0137283689
13625 0.0137166341
13650 0.0137049095
13675 0.0136931953
13700 0.0136814915
13725 0.0136697979
13750 0.013658114
13775 0.0136464396
13800 0.0136347748
13825 0.0136231202
13850 0.013611476
13875 0.0135998422
13900 0.0135882183
13925 0.0135766041
13950 0.0135649992
13975 0.0135534041
14000 0.0135418191
14025 0.0135302444
14050 0.0135186801
14075 0.0135071256
14100 0.0134955805
14125 0.0134840449
14150 0.0134725189
14175 0.0134610031
14200 0.0134494976
14225 0.0134380023
14250 0.0134265167
14275 0.0134150405
14300 0.0134035736
14325 0.0133921165
14350 0.0133806695
14375 0.0133692328
14400 0.0133578061
14425 0.0133463889
14450 0.0133349811
14475 0.0133235827
14500 0.0133121939
14525 0.0133008153
14550 0.0132894469
14575 0.0132780884
14600 0.0132667393
14625 0.0132553995
14650 0.013244069
14675 0.0132327483
14700 0.0132214377
14725 0.0132101372
14750 0.0131988464
14775 0.013187565
14800 0.0131762928
14825 0.01316503
14850 0.0131537769
14875 0.0131425338
14900 0.0131313008
14925 0.0131200774
14950 0.0131088632
14975 0.0130976582
15000 0.0130864626
