0 2.42266985e-30
8.33333333 0.00440330584
16.6666667 0.0169987193
25 0.0360888793
33.3333333 0.0592853735
41.6666667 0.0840233331
50 0.108044255
58.3333333 0.129715369
66.6666667 0.148120411
75 0.162939964
83.3333333 0.174207703
91.6666667 0.182057959
100 0.186562853
108.333333 0.187705119
116.666667 0.185469785
125 0.179990215
133.333333 0.171668926
141.666667 0.161213531
150 0.149570659
158.333333 0.137785343
166.666667 0.126841002
175 0.117535917
183.333333 0.110428987
191.666667 0.105853645
200 0.103970553
208.333333 0.104819337
216.666667 0.108339807
225 0.114356725
233.333333 0.122546349
241.666667 0.132415571
250 0.14331988
258.333333 0.154527648
266.666667 0.165315205
275 0.175061406
283.333333 0.183309459
291.666667 0.189777914
300 0.194324893
308.333333 0.196889235
316.666667 0.197440221
325 0.195960465
333.333333 0.192468458
341.666667 0.187066785
350 0.179988967
358.333333 0.171617899
366.666667 0.16246149
375 0.15308999
383.333333 0.144055713
391.666667 0.13582216
400 0.128723707
408.333333 0.122962528
416.666667 0.11863345
425 0.115757655
433.333333 0.114306296
441.666667 0.114204501
450 0.115319247
458.333333 0.117444675
466.666667 0.120300466
475 0.123552374
483.333333 0.12685248
491.666667 0.129886278
500 0.132409612
508.333333 0.134262761
516.666667 0.135359396
525 0.135659512
533.333333 0.135142064
541.666667 0.133791943
550 0.131607542
558.333333 0.12862402
566.666667 0.124938685
575 0.120723189
583.333333 0.11621295
591.666667 0.111674711
600 0.107363174
608.333333 0.103482497
616.666667 0.100165935
625 0.0974784136
633.333333 0.0954366604
641.666667 0.0940344757
650 0.0932600288
658.333333 0.0930977323
666.666667 0.0935161588
675 0.0944511034
683.333333 0.095795509
691.666667 0.0974044386
700 0.0991155376
708.333333 0.100777491
716.666667 0.102274812
725 0.103538945
733.333333 0.104542211
741.666667 0.105279249
750 0.105746306
758.333333 0.10592915
766.666667 0.105805545
775 0.105360486
783.333333 0.104605718
791.666667 0.103592705
800 0.102411277
808.333333 0.10117309
816.666667 0.0999863388
825 0.0989323061
833.333333 0.0980533131
841.666667 0.0973561224
850 0.0968275535
858.333333 0.0964536371
866.666667 0.096232613
875 0.096175818
883.333333 0.0962970076
891.666667 0.0965966061
900 0.0970498302
908.333333 0.0976054756
916.666667 0.0981965891
925 0.0987581725
933.333333 0.0992435487
941.666667 0.0996318048
950 0.0999233356
958.333333 0.100126547
966.666667 0.100243157
975 0.100260056
983.333333 0.100152077
991.666667 0.0998942677
1000 0.0994771383
1008.33333 0.0989166985
1016.66667 0.0982535785
1025 0.0975410325
1033.33333 0.0968272805
1041.66667 0.096140616
1050 0.0954844393
1058.33333 0.0948444806
1066.66667 0.0942043883
1075 0.0935616415
1083.33333 0.0929355457
1091.66667 0.0923630231
1100 0.0918840662
1108.33333 0.0915240107
1116.66667 0.0912815332
1125 0.0911285747
1133.33333 0.0910225272
1141.66667 0.0909249088
1150 0.0908174348
1158.33333 0.0907075721
1166.66667 0.0906208004
1175 0.090583396
1183.33333 0.0906043326
1191.66667 0.0906654602
1200 0.0907251378
1208.33333 0.0907338835
1216.66667 0.0906545955
1225 0.0904774925
1233.33333 0.0902223447
1241.66667 0.0899267052
1250 0.089625714
1258.33333 0.0893332828
1266.66667 0.0890339441
1275 0.0886895692
1283.33333 0.0882579455
1291.66667 0.0877143609
1300 0.087065736
1308.33333 0.0863503062
1316.66667 0.0856227553
1325 0.0849317257
1333.33333 0.0843003704
1341.66667 0.0837192396
1350 0.0831549299
1358.33333 0.0825703747
1366.66667 0.0819470507
1375 0.0812984186
1383.33333 0.0806680809
1391.66667 0.0801134345
1400 0.0796825172
1408.33333 0.0793949847
1416.66667 0.0792361509
1425 0.0791667753
1433.33333 0.079143772
1441.66667 0.0791418715
1450 0.0791659141
1458.33333 0.0792480392
1466.66667 0.0794313114
1475 0.0797477908
1483.33333 0.0802016085
1491.66667 0.0807650825
1500 0.0813895575
1508.33333 0.0820255834
1516.66667 0.0826426592
1525 0.08323914
1533.33333 0.083837795
1541.66667 0.0844694941
1550 0.0851531893
1558.33333 0.0858820185
1566.66667 0.086622238
1575 0.0873253686
1583.33333 0.0879475149
1591.66667 0.088466415
1600 0.0888880056
1608.33333 0.0892394962
1616.66667 0.0895525566
1625 0.0898450013
1633.33333 0.0901099926
1641.66667 0.0903180199
1650 0.090430611
1658.33333 0.0904189986
1666.66667 0.090278587
1675 0.0900321654
1683.33333 0.0897203487
1691.66667 0.0893839546
1700 0.0890469232
1708.33333 0.0887080559
1716.66667 0.0883454987
1725 0.0879316559
1733.33333 0.0874511544
1741.66667 0.0869130282
1750 0.0863511501
1758.33333 0.0858126706
1766.66667 0.0853400382
1775 0.0849552371
1783.33333 0.0846537399
1791.66667 0.084410902
1800 0.0841974936
1808.33333 0.083996679
1816.66667 0.0838141518
1825 0.0836765458
1833.33333 0.0836189919
1841.66667 0.0836679518
1850 0.083827698
1858.33333 0.0840769594
1866.66667 0.0843772701
1875 0.0846888812
1883.33333 0.0849864934
1891.66667 0.0852672672
1900 0.0855474196
1908.33333 0.0858493223
1916.66667 0.086185622
1925 0.0865482894
1933.33333 0.0869080262
1941.66667 0.0872243641
1950 0.0874615771
1958.33333 0.0876027321
1966.66667 0.0876551592
1975 0.087644826
1983.33333 0.087602486
1991.66667 0.0875484097
2000 0.0874831141
2008.33333 0.0873885146
2016.66667 0.0872388262
2025 0.0870158199
2033.33333 0.0867209782
2041.66667 0.0863786439
2050 0.0860286391
2058.33333 0.0857118852
2066.66667 0.0854558471
2075 0.085266599
2083.33333 0.0851310255
2091.66667 0.0850277781
2100 0.0849414603
2108.33333 0.0848731164
2116.66667 0.0848420345
2125 0.0848781653
2133.33333 0.085008971
2141.66667 0.0852470962
2150 0.0855846929
2158.33333 0.0859968963
2166.66667 0.0864525103
2175 0.0869265947
2183.33333 0.0874089346
2191.66667 0.0879045892
2200 0.0884266863
2208.33333 0.0889853853
2216.66667 0.0895786416
2225 0.0901893232
2233.33333 0.0907899517
2241.66667 0.0913525585
2250 0.0918587181
2258.33333 0.0923049011
2266.66667 0.0927007556
2275 0.093061492
2283.33333 0.0933984081
2291.66667 0.0937123593
2300 0.0939933259
2308.33333 0.094226059
2316.66667 0.0943987122
2325 0.0945099395
2333.33333 0.0945708243
2341.66667 0.0946007035
2350 0.0946190652
2358.33333 0.0946376399
2366.66667 0.0946566217
2375 0.0946667698
2383.33333 0.0946561115
2391.66667 0.0946176359
2400 0.0945539259
2408.33333 0.0944763195
2416.66667 0.0943990651
2425 0.0943315438
2433.33333 0.0942726517
2441.66667 0.0942103253
2450 0.0941265462
2458.33333 0.0940053237
2466.66667 0.0938395905
2475 0.0936334776
2483.33333 0.0933987902
2491.66667 0.0931475046
2500 0.0928842033
2508.33333 0.0926024759
2516.66667 0.0922873452
2525 0.0919227125
2533.33333 0.0915001928
2541.66667 0.0910248814
2550 0.0905150214
2558.33333 0.089995533
2566.66667 0.0894884559
2575 0.0890049712
2583.33333 0.0885429748
2591.66667 0.088091471
2600 0.0876396628
2608.33333 0.087186214
2616.66667 0.0867439762
2625 0.0863376264
2633.33333 0.0859951312
2641.66667 0.0857370236
2650 0.0855686361
2658.33333 0.0854790608
2666.66667 0.0854473634
2675 0.0854530344
2683.33333 0.0854855668
2691.66667 0.0855484482
2700 0.0856555854
2708.33333 0.0858219045
2716.66667 0.0860527715
2725 0.0863375177
2733.33333 0.0866503932
2741.66667 0.0869586583
2750 0.0872340191
2758.33333 0.0874619456
2766.66667 0.0876444132
2775 0.0877948052
2783.33333 0.0879275524
2791.66667 0.0880476806
2800 0.0881455064
2808.33333 0.088199217
2816.66667 0.0881841967
2825 0.088084628
2833.33333 0.0879017185
2841.66667 0.087654496
2850 0.0873726933
2858.33333 0.0870850819
2866.66667 0.0868088272
2875 0.0865449423
2883.33333 0.0862819477
2891.66667 0.0860058406
2900 0.0857113948
2908.33333 0.0854091576
2916.66667 0.0851246054
2925 0.0848897396
2933.33333 0.0847310956
2941.66667 0.0846598808
2950 0.0846689221
2958.33333 0.0847377831
2966.66667 0.0848434421
2975 0.0849712421
2983.33333 0.0851207449
2991.66667 0.0853036698
3000 0.0855350227
3008.33333 0.0858218927
3016.66667 0.0861555447
3025 0.0865108213
3033.33333 0.0868532609
3041.66667 0.0871505379
3050 0.0873826965
3058.33333 0.0875462437
3066.66667 0.0876502024
3075 0.0877062059
3083.33333 0.0877176816
3091.66667 0.0876736493
3100 0.0875504006
3108.33333 0.0873204269
3116.66667 0.0869643398
3125 0.0864799723
3133.33333 0.0858841423
3141.66667 0.0852060993
3150 0.0844757319
3158.33333 0.0837122099
3166.66667 0.0829185706
3175 0.0820849019
3183.33333 0.0811985843
3191.66667 0.0802565772
3200 0.0792736648
3208.33333 0.0782824642
3216.66667 0.0773249431
3225 0.0764392976
3233.33333 0.075648316
3241.66667 0.0749546844
3250 0.0743453863
3258.33333 0.0738029946
3266.66667 0.0733183513
3275 0.0728984678
3283.33333 0.0725657903
3291.66667 0.0723491344
3300 0.0722706182
3308.33333 0.0723348508
3316.66667 0.0725255645
3325 0.0728113116
3333.33333 0.0731575185
3341.66667 0.0735391707
3350 0.0739481537
3358.33333 0.074391882
3366.66667 0.0748840692
3375 0.0754322628
3383.33333 0.0760283001
3391.66667 0.0766463937
3400 0.0772498593
3408.33333 0.0778033314
3416.66667 0.078284693
3425 0.0786911125
3433.33333 0.0790364366
3441.66667 0.0793413419
3450 0.0796210879
3458.33333 0.0798768009
3466.66667 0.0800944539
3475 0.0802519607
3483.33333 0.0803308946
3491.66667 0.0803271511
3500 0.0802554188
3508.33333 0.0801453229
3516.66667 0.0800310839
3525 0.0799395811
3533.33333 0.0798823775
3541.66667 0.0798552812
3550 0.0798453645
3558.33333 0.079841824
3566.66667 0.0798453238
3575 0.0798713123
3583.33333 0.0799457893
3591.66667 0.0800956364
3600 0.0803381652
3608.33333 0.0806747942
3616.66667 0.0810916661
3625 0.0815666409
3633.33333 0.0820790949
3641.66667 0.082617759
3650 0.0831829652
3658.33333 0.0837825109
3666.66667 0.0844234864
3675 0.0851042908
3683.33333 0.0858108321
3691.66667 0.0865187258
3700 0.0872003137
3708.33333 0.0878329981
3716.66667 0.0884048603
3725 0.0889150058
3733.33333 0.0893687736
3741.66667 0.0897704946
3750 0.0901176237
3758.33333 0.0903992665
3766.66667 0.0905998233
3775 0.0907058516
3783.33333 0.0907126322
3791.66667 0.0906271021
3800 0.0904656704
3808.33333 0.0902480203
3816.66667 0.0899899967
3825 0.0896991039
3833.33333 0.0893747813
3841.66667 0.0890131907
3850 0.0886139643
3858.33333 0.0881853761
3866.66667 0.0877451979
3875 0.0873166788
3883.33333 0.0869215381
3891.66667 0.0865733652
3900 0.0862746254
3908.33333 0.0860186699
3916.66667 0.0857956696
3925 0.0855994486
3933.33333 0.0854317809
3941.66667 0.0853020097
3950 0.0852222162
3958.33333 0.0852004059
3966.66667 0.0852351833
3975 0.0853146476
3983.33333 0.085420137
3991.66667 0.0855330343
4000 0.0856413248
4008.33333 0.0857427301
4016.66667 0.0858429576
4025 0.0859500482
4033.33333 0.0860677489
4041.66667 0.0861913172
4050 0.086307935
4058.33333 0.0864015937
4066.66667 0.086460057
4075 0.0864804467
4083.33333 0.0864706584
4091.66667 0.0864458695
4100 0.0864218271
4108.33333 0.086408196
4116.66667 0.0864052066
4125 0.0864051943
4133.33333 0.0863981834
4141.66667 0.0863786541
4150 0.0863500434
4158.33333 0.0863246621
4166.66667 0.0863189949
4175 0.0863466544
4183.33333 0.0864124343
4191.66667 0.0865103629
4200 0.0866266816
4208.33333 0.0867462289
4216.66667 0.0868590387
4225 0.086963878
4233.33333 0.0870670053
4241.66667 0.0871768408
4250 0.0872973042
4258.33333 0.0874232557
4266.66667 0.0875404317
4275 0.087630016
4283.33333 0.0876756563
4291.66667 0.0876694915
4300 0.0876142305
4308.33333 0.0875202842
4316.66667 0.0873994277
4325 0.0872582139
4333.33333 0.0870945008
4341.66667 0.0868988994
4350 0.0866604727
4358.33333 0.0863738482
4366.66667 0.0860441399
4375 0.0856871113
4383.33333 0.0853243492
4391.66667 0.0849756974
4400 0.0846525958
4408.33333 0.0843555501
4416.66667 0.0840769345
4425 0.0838076764
4433.33333 0.0835444182
4441.66667 0.0832934754
4450 0.083069474
4458.33333 0.0828891934
4466.66667 0.0827635621
4475 0.0826917369
4483.33333 0.0826602382
4491.66667 0.0826476543
4500 0.0826326833
4508.33333 0.0826016007
4516.66667 0.0825514868
4525 0.0824876202
4533.33333 0.0824163476
4541.66667 0.0823370334
4550 0.0822372374
4558.33333 0.0820937561
4566.66667 0.0818793045
4575 0.0815718099
4583.33333 0.0811619187
4591.66667 0.0806550875
4600 0.080067208
4608.33333 0.0794158548
4616.66667 0.0787114229
4625 0.077952549
4633.33333 0.0771281844
4641.66667 0.0762254639
4650 0.0752396492
4658.33333 0.0741813153
4666.66667 0.0730771677
4675 0.071963865
4683.33333 0.0708775642
4691.66667 0.0698439803
4700 0.0688735574
4708.33333 0.0679639399
4716.66667 0.0671084607
4725 0.0663064774
4733.33333 0.0655704869
4741.66667 0.0649264648
4750 0.0644071065
4758.33333 0.0640410357
4766.66667 0.0638429852
4775 0.0638095066
4783.33333 0.0639221521
4791.66667 0.0641565392
4800 0.0644929508
4808.33333 0.0649234557
4816.66667 0.065452257
4825 0.0660892609
4833.33333 0.0668401106
4841.66667 0.0676976069
4850 0.0686387323
4858.33333 0.0696287811
4866.66667 0.0706306858
4875 0.07161517
4883.33333 0.0725670144
4891.66667 0.0734846521
4900 0.0743735424
4908.33333 0.075236754
4916.66667 0.0760674746
4925 0.0768471587
4933.33333 0.0775502337
4941.66667 0.0781530845
4950 0.078642966
4958.33333 0.079022553
4966.66667 0.0793079706
4975 0.0795212997
4983.33333 0.0796811936
4991.66667 0.0797960899
5000 0.079863181
