0 1.19520827e-29
7.11666667 2.56392618e-07
14.2333333 4.06429469e-06
21.35 2.02608469e-05
28.4666667 6.26799772e-05
35.5833333 0.000148928769
42.7 0.000298891226
49.8166667 0.000533133838
56.9333333 0.000871385454
64.05 0.001331237
71.1666667 0.00192716055
78.2833333 0.00266989159
85.4 0.00356616291
92.5166667 0.00461873374
99.6333333 0.00582662914
106.75 0.00718549672
113.866667 0.00868799831
120.983333 0.0103241794
128.1 0.012081791
135.216667 0.0139465704
142.333333 0.0159025114
149.45 0.0179321643
156.566667 0.0200170061
163.683333 0.0221379036
170.8 0.0242756704
177.916667 0.0264116925
185.033333 0.0285285748
192.15 0.0306107492
199.266667 0.0326449801
206.383333 0.0346207155
213.5 0.0365302514
220.616667 0.0383687006
227.733333 0.0401337858
234.85 0.0418254967
241.966667 0.0434456682
249.083333 0.0449975368
256.2 0.046485331
263.316667 0.0479139355
270.433333 0.0492886496
277.55 0.0506150434
284.666667 0.0518988939
291.783333 0.0531461726
298.9 0.0543630527
306.016667 0.0555559002
313.133333 0.0567312266
320.25 0.0578955891
327.366667 0.0590554364
334.483333 0.0602169143
341.6 0.0613856495
348.716667 0.0625665391
355.833333 0.0637635696
362.95 0.064979689
370.066667 0.0662167438
377.183333 0.0674754871
384.3 0.0687556511
391.416667 0.070056071
398.533333 0.071374841
405.65 0.0727094792
412.766667 0.0740570822
419.883333 0.0754144516
427 0.0767781824
434.116667 0.0781447132
441.233333 0.0795103422
448.35 0.0808712249
455.466667 0.0822233671
462.583333 0.0835626336
469.7 0.0848847865
476.816667 0.086185562
483.933333 0.0874607893
491.05 0.0887065421
498.166667 0.0899193123
505.283333 0.0910961834
512.4 0.0922349836
519.516667 0.0933343989
526.633333 0.0943940296
533.75 0.0954143839
540.866667 0.0963968089
547.983333 0.0973433676
555.1 0.098256679
562.216667 0.0991397412
569.333333 0.0999957574
576.45 0.100827984
583.566667 0.101639611
590.683333 0.102433685
597.8 0.10321307
604.916667 0.103980433
612.033333 0.10473826
619.15 0.105488861
626.266667 0.106234381
633.383333 0.106976784
640.5 0.107717819
647.616667 0.108458965
654.733333 0.109201359
661.85 0.109945721
668.966667 0.110692291
676.083333 0.111440781
683.2 0.112190358
690.316667 0.112939673
697.433333 0.113686919
704.55 0.114429929
711.666667 0.115166304
718.783333 0.115893545
725.9 0.116609198
733.016667 0.11731097
740.133333 0.117996831
747.25 0.118665069
754.366667 0.119314316
761.483333 0.119943535
768.6 0.120551984
775.716667 0.121139167
782.833333 0.121704788
789.95 0.122248719
797.066667 0.122770997
804.183333 0.12327185
811.3 0.123751751
818.416667 0.124211495
825.533333 0.124652273
832.65 0.125075743
839.766667 0.125484063
846.883333 0.125879884
854 0.126266296
861.116667 0.126646721
868.233333 0.127024772
875.35 0.127404087
882.466667 0.127788161
889.583333 0.128180199
896.7 0.128583
903.816667 0.128998898
910.933333 0.129429733
918.05 0.129876882
925.166667 0.13034131
932.283333 0.130823626
939.4 0.131324146
946.516667 0.131842922
953.633333 0.132379748
960.75 0.132934139
967.866667 0.133505282
974.983333 0.134091991
982.1 0.134692654
989.216667 0.135305227
996.333333 0.135927247
1003.45 0.1365559
1010.56667 0.137188121
1017.68333 0.137820729
1024.8 0.138450572
1031.91667 0.139074665
1039.03333 0.139690312
1046.15 0.140295183
1053.26667 0.140887349
1060.38333 0.141465278
1067.5 0.142027785
1074.61667 0.142573967
1081.73333 0.143103123
1088.85 0.143614687
1095.96667 0.144108175
1103.08333 0.144583165
1110.2 0.145039304
1117.31667 0.145476336
1124.43333 0.14589415
1131.55 0.146292829
1138.66667 0.146672682
1145.78333 0.147034266
1152.9 0.14737837
1160.01667 0.147705978
1167.13333 0.148018201
1174.25 0.148316192
1181.36667 0.14860106
1188.48333 0.148873788
1195.6 0.149135164
1202.71667 0.149385751
1209.83333 0.149625879
1216.95 0.149855671
1224.06667 0.150075094
1231.18333 0.150284026
1238.3 0.15048233
1245.41667 0.150669913
1252.53333 0.150846778
1259.65 0.151013042
1266.76667 0.151168931
1273.88333 0.151314757
1281 0.151450869
1288.11667 0.151577601
1295.23333 0.151695229
1302.35 0.151803934
1309.46667 0.151903791
1316.58333 0.151994787
1323.7 0.15207685
1330.81667 0.152149909
1337.93333 0.152213952
1345.05 0.152269086
1352.16667 0.152315578
1359.28333 0.152353884
1366.4 0.152384642
1373.51667 0.152408643
1380.63333 0.152426789
1387.75 0.152440024
1394.86667 0.152449271
1401.98333 0.152455377
1409.1 0.152459062
1416.21667 0.152460901
1423.33333 0.152461319
1430.45 0.152460604
1437.56667 0.152458941
1444.68333 0.152456448
1451.8 0.152453209
1458.91667 0.15244931
1466.03333 0.152444849
1473.15 0.152439944
1480.26667 0.152434723
1487.38333 0.152429298
1494.5 0.152423745
1501.61667 0.152418069
1508.73333 0.152412186
1515.85 0.152405903
1522.96667 0.152398918
1530.08333 0.152390827
1537.2 0.152381148
1544.31667 0.152369349
1551.43333 0.152354887
1558.55 0.152337245
1565.66667 0.152315965
1572.78333 0.152290677
1579.9 0.152261106
1587.01667 0.15222708
1594.13333 0.152188511
1601.25 0.15214538
1608.36667 0.1520977
1615.48333 0.152045494
1622.6 0.151988773
1629.71667 0.15192752
1636.83333 0.151861697
1643.95 0.151791264
1651.06667 0.151716206
1658.18333 0.151636579
1665.3 0.15155254
1672.41667 0.151464392
1679.53333 0.15137259
1686.65 0.151277751
1693.76667 0.151180626
1700.88333 0.151082062
1708 0.150982947
1715.11667 0.150884149
1722.23333 0.150786457
1729.35 0.150690537
1736.46667 0.150596901
1743.58333 0.150505897
1750.7 0.150417722
1757.81667 0.150332449
1764.93333 0.150250054
1772.05 0.150170459
1779.16667 0.150093548
1786.28333 0.150019189
1793.4 0.149947224
1800.51667 0.14987746
1807.63333 0.14980964
1814.75 0.149743421
1821.86667 0.149678352
1828.98333 0.149613866
1836.1 0.149549291
1843.21667 0.149483874
1850.33333 0.149416826
1857.45 0.14934737
1864.56667 0.1492748
1871.68333 0.149198526
1878.8 0.149118114
1885.91667 0.149033308
1893.03333 0.148944028
1900.15 0.148850358
1907.26667 0.148752513
1914.38333 0.148650803
1921.5 0.148545593
1928.61667 0.148437268
1935.73333 0.148326205
1942.85 0.148212759
1949.96667 0.148097264
1957.08333 0.147980041
1964.2 0.147861415
1971.31667 0.147741734
1978.43333 0.147621385
1985.55 0.147500806
1992.66667 0.147380482
1999.78333 0.147260941
2006.9 0.147142724
2014.01667 0.147026361
2021.13333 0.146912339
2028.25 0.14680107
2035.36667 0.146692864
2042.48333 0.146587918
2049.6 0.146486311
2056.71667 0.146388016
2063.83333 0.146292921
2070.95 0.146200857
2078.06667 0.146111629
2085.18333 0.146025043
2092.3 0.145940926
2099.41667 0.145859134
2106.53333 0.14577955
2113.65 0.145702068
2120.76667 0.145626568
2127.88333 0.145552896
2135 0.14548084
2142.11667 0.145410117
2149.23333 0.145340368
2156.35 0.145271175
2163.46667 0.145202076
2170.58333 0.145132604
2177.7 0.145062314
2184.81667 0.14499082
2191.93333 0.144917819
2199.05 0.144843102
2206.16667 0.144766556
2213.28333 0.144688148
2220.4 0.144607909
2227.51667 0.144525901
2234.63333 0.144442196
2241.75 0.144356846
2248.86667 0.144269875
2255.98333 0.144181272
2263.1 0.144090993
2270.21667 0.14399898
2277.33333 0.143905171
2284.45 0.143809523
2291.56667 0.143712025
2298.68333 0.143612704
2305.8 0.143511632
2312.91667 0.143408914
2320.03333 0.143304678
2327.15 0.143199056
2334.26667 0.14309216
2341.38333 0.142984067
2348.5 0.142874799
2355.61667 0.142764316
2362.73333 0.142652506
2369.85 0.142539196
2376.96667 0.142424159
2384.08333 0.142307133
2391.2 0.14218784
2398.31667 0.14206601
2405.43333 0.141941399
2412.55 0.141813802
2419.66667 0.141683065
2426.78333 0.141549077
2433.9 0.141411765
2441.01667 0.141271081
2448.13333 0.141126979
2455.25 0.140979401
2462.36667 0.140828266
2469.48333 0.140673464
2476.6 0.140514861
2483.71667 0.14035232
2490.83333 0.140185728
2497.95 0.140015021
2505.06667 0.139840221
2512.18333 0.139661461
2519.3 0.139478998
2526.41667 0.139293218
2533.53333 0.139104623
2540.65 0.138913805
2547.76667 0.138721413
2554.88333 0.138528112
2562 0.138334552
2569.11667 0.138141331
2576.23333 0.137948983
2583.35 0.13775797
2590.46667 0.137568687
2597.58333 0.137381482
2604.7 0.137196666
2611.81667 0.137014543
2618.93333 0.136835413
2626.05 0.136659583
2633.16667 0.136487361
2640.28333 0.136319037
2647.4 0.136154872
2654.51667 0.135995068
2661.63333 0.135839749
2668.75 0.135688953
2675.86667 0.135542617
2682.98333 0.135400589
2690.1 0.135262638
2697.21667 0.135128476
2704.33333 0.134997785
2711.45 0.134870241
2718.56667 0.13474554
2725.68333 0.134623413
2732.8 0.134503639
2739.91667 0.134386045
2747.03333 0.134270498
2754.15 0.134156899
2761.26667 0.13404516
2768.38333 0.133935189
2775.5 0.133826879
2782.61667 0.133720091
2789.73333 0.133614654
2796.85 0.133510364
2803.96667 0.133406999
2811.08333 0.133304331
2818.2 0.133202147
2825.31667 0.133100267
2832.43333 0.132998565
2839.55 0.13289698
2846.66667 0.132795521
2853.78333 0.132694264
2860.9 0.132593341
2868.01667 0.132492924
2875.13333 0.132393203
2882.25 0.132294369
2889.36667 0.132196594
2896.48333 0.132100025
2903.6 0.132004777
2910.71667 0.131910939
2917.83333 0.131818585
2924.95 0.131727788
2932.06667 0.131638632
2939.18333 0.131551222
2946.3 0.131465689
2953.41667 0.131382188
2960.53333 0.131300887
2967.65 0.131221954
2974.76667 0.131145537
2981.88333 0.131071753
2989 0.131000671
2996.11667 0.130932308
3003.23333 0.130866629
3010.35 0.130803554
3017.46667 0.130742968
3024.58333 0.130684743
3031.7 0.130628745
3038.81667 0.130574854
3045.93333 0.130522974
3053.05 0.130473032
3060.16667 0.130424984
3067.28333 0.130378811
3074.4 0.130334504
3081.51667 0.130292065
3088.63333 0.130251491
3095.75 0.130212769
3102.86667 0.130175873
3109.98333 0.130140754
3117.1 0.130107346
3124.21667 0.130075566
3131.33333 0.130045318
3138.45 0.130016503
3145.56667 0.129989019
3152.68333 0.129962777
3159.8 0.129937701
3166.91667 0.129913738
3174.03333 0.129890859
3181.15 0.129869059
3188.26667 0.129848355
3195.38333 0.129828778
3202.5 0.129810371
3209.61667 0.129793178
3216.73333 0.12977724
3223.85 0.129762584
3230.96667 0.129749232
3238.08333 0.129737191
3245.2 0.129726462
3252.31667 0.12971704
3259.43333 0.12970892
3266.55 0.129702097
3273.66667 0.129696567
3280.78333 0.129692318
3287.9 0.129689327
3295.01667 0.129687554
3302.13333 0.129686929
3309.25 0.129687352
3316.36667 0.129688688
3323.48333 0.129690772
3330.6 0.129693415
3337.71667 0.129696417
3344.83333 0.129699575
3351.95 0.129702696
3359.06667 0.129705607
3366.18333 0.129708162
3373.3 0.129710242
3380.41667 0.129711756
3387.53333 0.129712635
3394.65 0.12971283
3401.76667 0.129712308
3408.88333 0.129711048
3416 0.129709045
3423.11667 0.129706309
3430.23333 0.129702869
3437.35 0.129698776
3444.46667 0.129694104
3451.58333 0.129688947
3458.7 0.129683415
3465.81667 0.129677628
3472.93333 0.129671703
3480.05 0.129665751
3487.16667 0.129659866
3494.28333 0.129654121
3501.4 0.129648568
3508.51667 0.129643237
3515.63333 0.129638144
3522.75 0.129633293
3529.86667 0.129628682
3536.98333 0.129624309
3544.1 0.129620174
3551.21667 0.129616279
3558.33333 0.129612629
3565.45 0.12960923
3572.56667 0.129606086
3579.68333 0.1296032
3586.8 0.12960057
3593.91667 0.129598193
3601.03333 0.129596061
3608.15 0.129594164
3615.26667 0.129592491
3622.38333 0.129591026
3629.5 0.129589754
3636.61667 0.129588651
3643.73333 0.129587694
3650.85 0.129586855
3657.96667 0.129586102
3665.08333 0.129585408
3672.2 0.129584745
3679.31667 0.129584095
3686.43333 0.129583445
3693.55 0.129582793
3700.66667 0.129582144
3707.78333 0.129581507
3714.9 0.129580896
3722.01667 0.129580322
3729.13333 0.129579795
3736.25 0.12957932
3743.36667 0.129578897
3750.48333 0.129578526
3757.6 0.129578207
3764.71667 0.129577942
3771.83333 0.129577738
3778.95 0.129577603
3786.06667 0.129577545
3793.18333 0.129577568
3800.3 0.129577664
3807.41667 0.12957781
3814.53333 0.129577964
3821.65 0.129578065
3828.76667 0.129578032
3835.88333 0.129577774
3843 0.129577194
3850.11667 0.129576199
3857.23333 0.129574706
3864.35 0.129572648
3871.46667 0.129569977
3878.58333 0.129566665
3885.7 0.1295627
3892.81667 0.129558079
3899.93333 0.129552809
3907.05 0.129546896
3914.16667 0.129540349
3921.28333 0.12953317
3928.4 0.129525365
3935.51667 0.129516939
3942.63333 0.129507903
3949.75 0.129498274
3956.86667 0.129488081
3963.98333 0.129477358
3971.1 0.129466149
3978.21667 0.129454498
3985.33333 0.12944245
3992.45 0.129430044
3999.56667 0.129417308
4006.68333 0.129404254
4013.8 0.129390878
4020.91667 0.129377159
4028.03333 0.129363056
4035.15 0.129348512
4042.26667 0.129333455
4049.38333 0.1293178
4056.5 0.129301458
4063.61667 0.129284332
4070.73333 0.129266324
4077.85 0.129247337
4084.96667 0.129227274
4092.08333 0.129206032
4099.2 0.129183505
4106.31667 0.12915957
4113.43333 0.129134087
4120.55 0.129106889
4127.66667 0.129077782
4134.78333 0.129046543
4141.9 0.129012928
4149.01667 0.12897668
4156.13333 0.128937545
4163.25 0.128895292
4170.36667 0.128849723
4177.48333 0.128800696
4184.6 0.128748133
4191.71667 0.128692026
4198.83333 0.128632436
4205.95 0.128569486
4213.06667 0.128503353
4220.18333 0.128434252
4227.3 0.128362429
4234.41667 0.128288149
4241.53333 0.128211695
4248.65 0.128133365
4255.76667 0.128053481
4262.88333 0.12797239
4270 0.127890469
