0 2.18872992e-30
8.33333333 0.00873356122
16.6666667 0.0336597932
25 0.0712590517
33.3333333 0.11658115
41.6666667 0.164316774
50 0.209805753
58.3333333 0.249709186
66.6666667 0.282209562
75 0.306774563
83.3333333 0.32366069
91.6666667 0.333392699
100 0.336419424
108.333333 0.333039649
116.666667 0.323563023
125 0.308574393
133.333333 0.289141077
141.666667 0.266845645
150 0.243615771
158.333333 0.221414859
166.666667 0.20191256
175 0.186253048
183.333333 0.174987354
191.666667 0.168162234
200 0.16549672
208.333333 0.166554661
216.666667 0.170843082
225 0.177817225
233.333333 0.186826481
241.666667 0.197065291
250 0.207586853
258.333333 0.217400817
266.666667 0.225629033
275 0.231659829
283.333333 0.235237398
291.666667 0.236449871
300 0.235623791
308.333333 0.233172453
316.666667 0.229462458
325 0.224749636
333.333333 0.21919974
341.666667 0.212968622
350 0.206290292
358.333333 0.199520881
366.666667 0.19311111
375 0.187516396
383.333333 0.183084491
391.666667 0.179971085
400 0.178120082
408.333333 0.177314795
416.666667 0.177274309
425 0.177750812
433.333333 0.178586909
441.666667 0.179714004
450 0.181102339
458.333333 0.182695638
466.666667 0.184368167
475 0.185928048
483.333333 0.187165527
491.666667 0.187921574
500 0.188142008
508.333333 0.187889911
516.666667 0.187310048
525 0.186562568
533.333333 0.185757808
541.666667 0.18492257
550 0.184012018
558.333333 0.182958626
566.666667 0.1817318
575 0.180377358
583.333333 0.179016911
591.666667 0.177807529
600 0.176881736
608.333333 0.176297246
616.666667 0.17602055
625 0.175951555
633.333333 0.175976378
641.666667 0.176022135
650 0.176087365
658.333333 0.176234385
666.666667 0.176548856
675 0.177087745
683.333333 0.177841941
691.666667 0.178731892
700 0.179637923
708.333333 0.180449788
716.666667 0.181110934
725 0.181636111
733.333333 0.182094545
741.666667 0.182567945
750 0.183104736
758.333333 0.183693191
766.666667 0.184266293
775 0.184735187
783.333333 0.185034082
791.666667 0.185154164
800 0.185149968
808.333333 0.185115523
816.666667 0.185142464
825 0.185280812
833.333333 0.185521292
841.666667 0.185806961
850 0.186067332
858.333333 0.186257323
866.666667 0.186381511
875 0.186492048
883.333333 0.186662007
891.666667 0.186948104
900 0.187361668
908.333333 0.187862121
916.666667 0.188375598
925 0.188828687
933.333333 0.189179957
941.666667 0.189433499
950 0.189628241
958.333333 0.189809282
966.666667 0.18999661
975 0.190167677
983.333333 0.190263018
991.666667 0.190212116
1000 0.189966244
1008.33333 0.189521377
1016.66667 0.188919306
1025 0.188226236
1033.33333 0.187499724
1041.66667 0.186760883
1050 0.185986268
1058.33333 0.185123894
1066.66667 0.184125504
1075 0.18297874
1083.33333 0.181722538
1091.66667 0.180437317
1100 0.179214074
1108.33333 0.178117294
1116.66667 0.177159964
1125 0.176303278
1133.33333 0.175481475
1141.66667 0.17463969
1150 0.173766008
1158.33333 0.172901495
1166.66667 0.172122697
1175 0.171504778
1183.33333 0.17108323
1191.66667 0.170833185
1200 0.170676979
1208.33333 0.170516845
1216.66667 0.170277187
1225 0.169935931
1233.33333 0.169529527
1241.66667 0.16912892
1250 0.168798061
1258.33333 0.168555263
1266.66667 0.168356629
1275 0.168110235
1283.33333 0.167714844
1291.66667 0.16710482
1300 0.16627965
1308.33333 0.16530362
1316.66667 0.164275479
1325 0.163282434
1333.33333 0.16236047
1341.66667 0.161480166
1350 0.160564969
1358.33333 0.159533332
1366.66667 0.158344558
1375 0.157026293
1383.33333 0.155670295
1391.66667 0.154398212
1400 0.153313439
1408.33333 0.152461721
1416.66667 0.151818988
1425 0.151311852
1433.33333 0.150860659
1441.66667 0.150424314
1450 0.150025431
1458.33333 0.149743947
1466.66667 0.149682459
1475 0.149920018
1483.33333 0.150476398
1491.66667 0.151303618
1500 0.152308269
1508.33333 0.153393468
1516.66667 0.154500094
1525 0.155627701
1533.33333 0.156825576
1541.66667 0.158158988
1550 0.159667497
1558.33333 0.161335758
1566.66667 0.163090857
1575 0.164827154
1583.33333 0.166446284
1591.66667 0.167892814
1600 0.169168495
1608.33333 0.170318739
1616.66667 0.17139856
1625 0.17243518
1633.33333 0.173405839
1641.66667 0.174241734
1650 0.174856041
1658.33333 0.175182167
1666.66667 0.175203483
1675 0.174960043
1683.33333 0.174529152
1691.66667 0.173989442
1700 0.173386094
1708.33333 0.172714168
1716.66667 0.171928037
1725 0.170972103
1733.33333 0.16981758
1741.66667 0.168487201
1750 0.167055648
1758.33333 0.165625321
1766.66667 0.164289056
1775 0.163097647
1783.33333 0.162047589
1791.66667 0.161094589
1800 0.160185863
1808.33333 0.15929526
1816.66667 0.158443996
1825 0.157696959
1833.33333 0.157136468
1841.66667 0.156826259
1850 0.156783139
1858.33333 0.156969836
1866.66667 0.157312269
1875 0.157732609
1883.33333 0.15818205
1891.66667 0.158657568
1900 0.159194955
1908.33333 0.159842031
1916.66667 0.160625535
1925 0.16152812
1933.33333 0.162486788
1941.66667 0.163413563
1950 0.164228392
1958.33333 0.164888428
1966.66667 0.165399748
1975 0.165806223
1983.33333 0.166161358
1991.66667 0.166497097
2000 0.166804884
2008.33333 0.167038125
2016.66667 0.16713472
2025 0.167048588
2033.33333 0.166774825
2041.66667 0.166356348
2050 0.165868869
2058.33333 0.165391472
2066.66667 0.164976871
2075 0.164635322
2083.33333 0.164339419
2091.66667 0.164046862
2100 0.163729755
2108.33333 0.163396093
2116.66667 0.163093156
2125 0.162891391
2133.33333 0.162856745
2141.66667 0.16302474
2150 0.163388418
2158.33333 0.163905368
2166.66667 0.164519801
2175 0.165188644
2183.33333 0.165899114
2191.66667 0.166669772
2200 0.167535366
2208.33333 0.168523536
2216.66667 0.169635134
2225 0.170837698
2233.33333 0.172074885
2241.66667 0.17328679
2250 0.174430988
2258.33333 0.175494174
2266.66667 0.176489312
2275 0.177440505
2283.33333 0.17836381
2291.66667 0.179253832
2300 0.180082688
2308.33333 0.180811435
2316.66667 0.181407762
2325 0.181860741
2333.33333 0.182185185
2341.66667 0.182413615
2350 0.182580191
2358.33333 0.182704941
2366.66667 0.182786263
2375 0.182805265
2383.33333 0.182739329
2391.66667 0.182577564
2400 0.182329919
2408.33333 0.182025109
2416.66667 0.181698351
2425 0.181375246
2433.33333 0.18106017
2441.66667 0.180735242
2450 0.180370494
2458.33333 0.179940066
2466.66667 0.179436065
2475 0.178872892
2483.33333 0.178279649
2491.66667 0.177684471
2500 0.177098828
2508.33333 0.176510117
2516.66667 0.175886708
2525 0.175193359
2533.33333 0.174409471
2541.66667 0.17354103
2550 0.172620028
2558.33333 0.17169131
2566.66667 0.170793181
2575 0.169941364
2583.33333 0.169124433
2591.66667 0.168313282
2600 0.167480149
2608.33333 0.166617862
2616.66667 0.165749589
2625 0.164923909
2633.33333 0.164197149
2641.66667 0.163611294
2650 0.163178083
2658.33333 0.162877055
2666.66667 0.162668539
2675 0.162515295
2683.33333 0.162402176
2691.66667 0.162344078
2700 0.162378121
2708.33333 0.162543715
2716.66667 0.162860218
2725 0.163313148
2733.33333 0.163855864
2741.66667 0.164426122
2750 0.164969628
2758.33333 0.165459284
2766.66667 0.165900838
2775 0.166322335
2783.33333 0.166752652
2791.66667 0.167199823
2800 0.167640004
2808.33333 0.168022762
2816.66667 0.16829038
2825 0.168401963
2833.33333 0.168350689
2841.66667 0.168165815
2850 0.167898435
2858.33333 0.167597862
2866.66667 0.167290113
2875 0.166968927
2883.33333 0.166603622
2891.66667 0.166159872
2900 0.165623115
2908.33333 0.165013005
2916.66667 0.164381624
2925 0.163796085
2933.33333 0.163313768
2941.66667 0.162961968
2950 0.162731631
2958.33333 0.162587917
2966.66667 0.162492171
2975 0.162424346
2983.33333 0.162394761
2991.66667 0.16243941
3000 0.162601124
3008.33333 0.162905908
3016.66667 0.163346112
3025 0.163878799
3033.33333 0.164440152
3041.66667 0.164968949
3050 0.165427637
3058.33333 0.165810813
3066.66667 0.166137129
3075 0.16642889
3083.33333 0.166689748
3091.66667 0.166891875
3100 0.166979409
3108.33333 0.166886874
3116.66667 0.166563861
3125 0.165993996
3133.33333 0.165198929
3141.66667 0.164225288
3150 0.163120941
3158.33333 0.16191219
3166.66667 0.160593188
3175 0.159132961
3183.33333 0.157496808
3191.66667 0.155671717
3200 0.153683293
3208.33333 0.151595619
3216.66667 0.149493647
3225 0.14745613
3233.33333 0.145531785
3241.66667 0.143729888
3250 0.142029635
3258.33333 0.140403613
3266.66667 0.138843879
3275 0.137377895
3283.33333 0.136066376
3291.66667 0.134983811
3300 0.134190736
3308.33333 0.133710833
3316.66667 0.133523648
3325 0.133576264
3333.33333 0.133808277
3341.66667 0.1341781
3350 0.134678127
3358.33333 0.135331729
3366.66667 0.136173818
3375 0.137224635
3383.33333 0.138469565
3391.66667 0.139854868
3400 0.141301501
3408.33333 0.142730537
3416.66667 0.144088211
3425 0.145358921
3433.33333 0.146560357
3441.66667 0.14772359
3450 0.148868057
3458.33333 0.149983716
3466.66667 0.151029037
3475 0.151945747
3483.33333 0.152683211
3491.66667 0.153220716
3500 0.153577048
3508.33333 0.153802919
3516.66667 0.15395997
3525 0.154096441
3533.33333 0.154230925
3541.66667 0.154351609
3550 0.154430825
3558.33333 0.154447452
3566.66667 0.154406103
3575 0.154343778
3583.33333 0.154320855
3591.66667 0.154400801
3600 0.154628257
3608.33333 0.155015692
3616.66667 0.15554446
3625 0.156179113
3633.33333 0.15688757
3641.66667 0.157657216
3650 0.158499389
3658.33333 0.159440547
3666.66667 0.160504953
3675 0.161697663
3683.33333 0.162996163
3691.66667 0.16435452
3700 0.165717704
3708.33333 0.167038896
3716.66667 0.168291404
3725 0.169469803
3733.33333 0.170580456
3741.66667 0.171626834
3750 0.172597472
3758.33333 0.173462839
3766.66667 0.174182685
3775 0.174720103
3783.33333 0.175055162
3791.66667 0.175191274
3800 0.175151245
3808.33333 0.174965149
3816.66667 0.174656317
3825 0.174232565
3833.33333 0.173687034
3841.66667 0.173008089
3850 0.172193056
3858.33333 0.171258614
3866.66667 0.170242297
3875 0.169194051
3883.33333 0.168161776
3891.66667 0.167177832
3900 0.16625302
3908.33333 0.165380845
3916.66667 0.164549727
3925 0.163756883
3933.33333 0.163016781
3941.66667 0.16235983
3950 0.161821828
3958.33333 0.161429381
3966.66667 0.161188515
3975 0.161082154
3983.33333 0.161077769
3991.66667 0.161141447
4000 0.161251511
4008.33333 0.161405065
4016.66667 0.161614402
4025 0.161895303
4033.33333 0.162253265
4041.66667 0.16267475
4050 0.16312799
4058.33333 0.163573125
4066.66667 0.163976756
4075 0.164323793
4083.33333 0.164620801
4091.66667 0.164889264
4100 0.165152185
4108.33333 0.165420739
4116.66667 0.165687623
4125 0.165930389
4133.33333 0.166123027
4141.66667 0.166249942
4150 0.166315243
4158.33333 0.166342592
4166.66667 0.166365561
4175 0.166413153
4183.33333 0.166497576
4191.66667 0.166610221
4200 0.166727712
4208.33333 0.166824905
4216.66667 0.166888236
4225 0.166922714
4233.33333 0.166949014
4241.66667 0.166992156
4250 0.167067448
4258.33333 0.167170811
4266.66667 0.167278428
4275 0.167355994
4283.33333 0.16737306
4291.66667 0.1673154
4300 0.167189275
4308.33333 0.167015558
4316.66667 0.166816731
4325 0.1666034
4333.33333 0.16636725
4341.66667 0.166084138
4350 0.165725966
4358.33333 0.165275483
4366.66667 0.164736613
4375 0.164135022
4383.33333 0.163508463
4391.66667 0.162891526
4400 0.162302262
4408.33333 0.161737299
4416.66667 0.161177866
4425 0.160603705
4433.33333 0.160007849
4441.66667 0.159404684
4450 0.158826991
4458.33333 0.158313087
4466.66667 0.157890195
4475 0.157562136
4483.33333 0.157307467
4491.66667 0.15708909
4500 0.156870669
4508.33333 0.156631784
4516.66667 0.156374263
4525 0.156116439
4533.33333 0.155878067
4541.66667 0.155663402
4550 0.155451002
4558.33333 0.155195697
4566.66667 0.154842262
4575 0.154344515
4583.33333 0.153680772
4591.66667 0.152858168
4600 0.151903702
4608.33333 0.150846339
4616.66667 0.149698972
4625 0.148449287
4633.33333 0.147064382
4641.66667 0.145507319
4650 0.143757901
4658.33333 0.141827696
4666.66667 0.139761891
4675 0.13762673
4683.33333 0.135488216
4691.66667 0.133391966
4700 0.131353707
4708.33333 0.129364839
4716.66667 0.127410322
4725 0.125490188
4733.33333 0.123634169
4741.66667 0.121902104
4750 0.120369559
4758.33333 0.119105089
4766.66667 0.118149589
4775 0.117507227
4783.33333 0.117151948
4791.66667 0.117046204
4800 0.117162824
4808.33333 0.117499551
4816.66667 0.118079373
4825 0.118936656
4833.33333 0.120095846
4841.66667 0.121553047
4850 0.12326932
4858.33333 0.125178904
4866.66667 0.127208449
4875 0.129298181
4883.33333 0.131415162
4891.66667 0.133552765
4900 0.135717197
4908.33333 0.137908107
4916.66667 0.140103059
4925 0.142253612
4933.33333 0.144295024
4941.66667 0.146164951
4950 0.147822216
4958.33333 0.149256741
4966.66667 0.150486145
4975 0.151540926
4983.33333 0.152445661
4991.66667 0.153205405
5000 0.153803802
