0 1.11358754e-29
7.11666667 4.10298013e-08
14.2333333 6.5073017e-07
21.35 3.24670957e-06
28.4666667 1.00561887e-05
35.5833333 2.39304537e-05
42.7 4.81174287e-05
49.8166667 8.60183801e-05
56.9333333 0.000140954495
64.05 0.00021596505
71.1666667 0.000313652045
78.2833333 0.000436077835
85.4 0.00058471409
92.5166667 0.000760433668
99.6333333 0.000963532818
106.75 0.00119376995
113.866667 0.00145040892
120.983333 0.0017322587
128.1 0.00203770615
135.216667 0.00236474354
142.333333 0.00271099635
149.45 0.00307375824
156.566667 0.00345004014
163.683333 0.00383663776
170.8 0.00423021812
177.916667 0.00462742166
185.033333 0.00502497259
192.15 0.00541978788
199.266667 0.00580907449
206.383333 0.00619040556
213.5 0.00656176939
220.616667 0.00692158843
227.733333 0.00726870985
234.85 0.00760237303
241.966667 0.00792216142
249.083333 0.0082279477
256.2 0.00851984062
263.316667 0.00879813983
270.433333 0.00906330281
277.55 0.00931592465
284.666667 0.00955672871
291.783333 0.00978656432
298.9 0.0100064064
306.016667 0.0102173518
313.133333 0.0104206087
320.25 0.0106174763
327.366667 0.0108093145
334.483333 0.0109975051
341.6 0.0111834087
348.716667 0.0113683193
355.833333 0.0115534236
362.95 0.0117397671
370.066667 0.0119282303
377.183333 0.0121195165
384.3 0.0123141508
391.416667 0.0125124888
398.533333 0.0127147313
405.65 0.012920943
412.766667 0.0131310705
419.883333 0.0133449569
427 0.0135623527
434.116667 0.0137829196
441.233333 0.0140062314
448.35 0.0142317712
455.466667 0.0144589288
462.583333 0.0146870017
469.7 0.0149152013
476.816667 0.0151426669
483.933333 0.0153684879
491.05 0.0155917333
498.166667 0.0158114858
505.283333 0.0160268793
512.4 0.0162371339
519.516667 0.0164415857
526.633333 0.0166397096
533.75 0.0168311314
540.866667 0.0170156298
547.983333 0.0171931289
555.1 0.0173636833
562.216667 0.0175274584
569.333333 0.0176847092
576.45 0.0178357606
583.566667 0.0179809901
590.683333 0.0181208164
597.8 0.0182556914
604.916667 0.0183860965
612.033333 0.0185125406
619.15 0.0186355584
626.266667 0.0187557062
633.383333 0.0188735549
640.5 0.0189896787
647.616667 0.0191046397
654.733333 0.0192189694
661.85 0.0193331493
668.966667 0.0194475919
676.083333 0.0195626246
683.2 0.0196784788
690.316667 0.019795285
697.433333 0.0199130747
704.55 0.0200317891
711.666667 0.0201512928
718.783333 0.0202713916
725.9 0.020391851
733.016667 0.0205124144
740.133333 0.0206328173
747.25 0.0207527973
754.366667 0.0208720988
761.483333 0.0209904728
768.6 0.0211076721
775.716667 0.0212234455
782.833333 0.021337532
789.95 0.0214496581
797.066667 0.0215595392
804.183333 0.0216668877
811.3 0.0217714256
818.416667 0.0218729022
825.533333 0.0219711142
832.65 0.0220659245
839.766667 0.0221572785
846.883333 0.0222452139
854 0.0223298634
861.116667 0.0224114486
868.233333 0.0224902683
875.35 0.0225666798
882.466667 0.0226410798
889.583333 0.0227138844
896.7 0.0227855133
903.816667 0.0228563792
910.933333 0.0229268827
918.05 0.0229974128
925.166667 0.0230683506
932.283333 0.023140074
939.4 0.0232129612
946.516667 0.0232873899
953.633333 0.0233637317
960.75 0.0234423404
967.866667 0.0235235369
974.983333 0.0236075911
982.1 0.0236947048
989.216667 0.0237849984
996.333333 0.023878502
1003.45 0.0239751556
1010.56667 0.0240748151
1017.68333 0.0241772661
1024.8 0.0242822416
1031.91667 0.0243894408
1039.03333 0.0244985485
1046.15 0.0246092492
1053.26667 0.0247212372
1060.38333 0.0248342208
1067.5 0.024947921
1074.61667 0.0250620667
1081.73333 0.0251763883
1088.85 0.0252906116
1095.96667 0.0254044548
1103.08333 0.0255176287
1110.2 0.0256298419
1117.31667 0.0257408093
1124.43333 0.0258502633
1131.55 0.0259579661
1138.66667 0.0260637201
1145.78333 0.026167375
1152.9 0.0262688308
1160.01667 0.0263680351
1167.13333 0.0264649752
1174.25 0.026559667
1181.36667 0.0266521413
1188.48333 0.0267424296
1195.6 0.026830552
1202.71667 0.0269165091
1209.83333 0.0270002779
1216.95 0.0270818127
1224.06667 0.027161051
1231.18333 0.0272379218
1238.3 0.0273123566
1245.41667 0.0273842982
1252.53333 0.0274537091
1259.65 0.0275205754
1266.76667 0.0275849064
1273.88333 0.0276467309
1281 0.0277060891
1288.11667 0.0277630243
1295.23333 0.027817573
1302.35 0.0278697577
1309.46667 0.0279195827
1316.58333 0.0279670337
1323.7 0.0280120819
1330.81667 0.0280546908
1337.93333 0.0280948266
1345.05 0.0281324678
1352.16667 0.0281676148
1359.28333 0.028200296
1366.4 0.0282305715
1373.51667 0.0282585317
1380.63333 0.0282842928
1387.75 0.0283079899
1394.86667 0.0283297676
1401.98333 0.028349772
1409.1 0.0283681429
1416.21667 0.0283850087
1423.33333 0.0284004846
1430.45 0.028414673
1437.56667 0.0284276668
1444.68333 0.0284395534
1451.8 0.0284504204
1458.91667 0.0284603591
1466.03333 0.028469468
1473.15 0.0284778535
1480.26667 0.0284856284
1487.38333 0.028492909
1494.5 0.0284998105
1501.61667 0.028506441
1508.73333 0.0285128972
1515.85 0.028519259
1522.96667 0.0285255874
1530.08333 0.0285319234
1537.2 0.0285382887
1544.31667 0.0285446893
1551.43333 0.0285511197
1558.55 0.0285575685
1565.66667 0.0285640233
1572.78333 0.0285704757
1579.9 0.028576924
1587.01667 0.028583374
1594.13333 0.028589838
1601.25 0.0285963313
1608.36667 0.0286028672
1615.48333 0.0286094519
1622.6 0.028616079
1629.71667 0.0286227258
1636.83333 0.0286293524
1643.95 0.0286359021
1651.06667 0.0286423063
1658.18333 0.02864849
1665.3 0.0286543793
1672.41667 0.0286599095
1679.53333 0.0286650311
1686.65 0.0286697139
1693.76667 0.0286739486
1700.88333 0.0286777447
1708 0.0286811261
1715.11667 0.028684125
1722.23333 0.0286867752
1729.35 0.0286891057
1736.46667 0.0286911375
1743.58333 0.0286928816
1750.7 0.0286943405
1757.81667 0.0286955124
1764.93333 0.0286963961
1772.05 0.0286969965
1779.16667 0.0286973296
1786.28333 0.0286974243
1793.4 0.0286973228
1800.51667 0.0286970776
1807.63333 0.0286967458
1814.75 0.0286963829
1821.86667 0.0286960357
1828.98333 0.0286957369
1836.1 0.028695501
1843.21667 0.0286953239
1850.33333 0.0286951847
1857.45 0.0286950499
1864.56667 0.0286948802
1871.68333 0.0286946366
1878.8 0.0286942872
1885.91667 0.0286938118
1893.03333 0.0286932042
1900.15 0.0286924724
1907.26667 0.0286916367
1914.38333 0.0286907249
1921.5 0.0286897682
1928.61667 0.0286887958
1935.73333 0.028687831
1942.85 0.0286868886
1949.96667 0.0286859747
1957.08333 0.0286850876
1964.2 0.0286842212
1971.31667 0.0286833682
1978.43333 0.028682525
1985.55 0.0286816943
1992.66667 0.0286808878
1999.78333 0.0286801262
2006.9 0.0286794377
2014.01667 0.0286788552
2021.13333 0.0286784113
2028.25 0.028678134
2035.36667 0.0286780421
2042.48333 0.0286781419
2049.6 0.028678426
2056.71667 0.0286788738
2063.83333 0.028679454
2070.95 0.0286801291
2078.06667 0.0286808599
2085.18333 0.0286816111
2092.3 0.028682355
2099.41667 0.0286830741
2106.53333 0.0286837613
2113.65 0.0286844186
2120.76667 0.0286850531
2127.88333 0.0286856727
2135 0.0286862814
2142.11667 0.0286868753
2149.23333 0.0286874395
2156.35 0.0286879483
2163.46667 0.0286883657
2170.58333 0.0286886493
2177.7 0.0286887543
2184.81667 0.0286886387
2191.93333 0.028688267
2199.05 0.0286876141
2206.16667 0.0286866661
2213.28333 0.0286854203
2220.4 0.0286838833
2227.51667 0.0286820677
2234.63333 0.0286799886
2241.75 0.0286776604
2248.86667 0.0286750941
2255.98333 0.0286722962
2263.1 0.0286692689
2270.21667 0.0286660118
2277.33333 0.028662524
2284.45 0.0286588076
2291.56667 0.0286548701
2298.68333 0.0286507274
2305.8 0.0286464044
2312.91667 0.0286419353
2320.03333 0.0286373627
2327.15 0.0286327347
2334.26667 0.0286281022
2341.38333 0.0286235148
2348.5 0.0286190173
2355.61667 0.0286146467
2362.73333 0.0286104299
2369.85 0.0286063823
2376.96667 0.0286025083
2384.08333 0.0285988029
2391.2 0.0285952538
2398.31667 0.0285918448
2405.43333 0.0285885596
2412.55 0.0285853841
2419.66667 0.0285823088
2426.78333 0.0285793297
2433.9 0.0285764472
2441.01667 0.0285736642
2448.13333 0.0285709827
2455.25 0.0285683998
2462.36667 0.0285659044
2469.48333 0.0285634741
2476.6 0.0285610744
2483.71667 0.028558659
2490.83333 0.0285561728
2497.95 0.0285535557
2505.06667 0.0285507482
2512.18333 0.0285476966
2519.3 0.0285443572
2526.41667 0.0285407003
2533.53333 0.0285367105
2540.65 0.0285323861
2547.76667 0.0285277363
2554.88333 0.0285227772
2562 0.028517527
2569.11667 0.0285120019
2576.23333 0.0285062137
2583.35 0.0285001683
2590.46667 0.0284938666
2597.58333 0.0284873071
2604.7 0.0284804897
2611.81667 0.0284734195
2618.93333 0.028466111
2626.05 0.02845859
2633.16667 0.0284508952
2640.28333 0.0284430764
2647.4 0.0284351925
2654.51667 0.0284273067
2661.63333 0.0284194825
2668.75 0.0284117783
2675.86667 0.028404244
2682.98333 0.0283969178
2690.1 0.0283898261
2697.21667 0.0283829832
2704.33333 0.0283763941
2711.45 0.0283700574
2718.56667 0.0283639689
2725.68333 0.0283581252
2732.8 0.0283525261
2739.91667 0.0283471766
2747.03333 0.0283420868
2754.15 0.0283372712
2761.26667 0.0283327456
2768.38333 0.0283285248
2775.5 0.0283246186
2782.61667 0.028321029
2789.73333 0.0283177482
2796.85 0.0283147568
2803.96667 0.0283120249
2811.08333 0.028309514
2818.2 0.0283071792
2825.31667 0.0283049739
2832.43333 0.028302853
2839.55 0.0283007766
2846.66667 0.0282987123
2853.78333 0.0282966361
2860.9 0.0282945322
2868.01667 0.0282923909
2875.13333 0.0282902057
2882.25 0.0282879708
2889.36667 0.0282856776
2896.48333 0.028283313
2903.6 0.0282808589
2910.71667 0.0282782926
2917.83333 0.0282755891
2924.95 0.0282727242
2932.06667 0.0282696777
2939.18333 0.028266437
2946.3 0.0282629994
2953.41667 0.0282593728
2960.53333 0.0282555761
2967.65 0.0282516371
2974.76667 0.0282475897
2981.88333 0.0282434705
2989 0.0282393159
2996.11667 0.0282351585
3003.23333 0.0282310256
3010.35 0.0282269381
3017.46667 0.0282229109
3024.58333 0.0282189539
3031.7 0.0282150743
3038.81667 0.0282112781
3045.93333 0.0282075724
3053.05 0.0282039667
3060.16667 0.028200474
3067.28333 0.0281971102
3074.4 0.0281938941
3081.51667 0.0281908453
3088.63333 0.0281879835
3095.75 0.0281853258
3102.86667 0.0281828854
3109.98333 0.0281806702
3117.1 0.0281786816
3124.21667 0.0281769147
3131.33333 0.0281753579
3138.45 0.0281739946
3145.56667 0.0281728038
3152.68333 0.0281717625
3159.8 0.0281708473
3166.91667 0.0281700361
3174.03333 0.0281693095
3181.15 0.0281686513
3188.26667 0.0281680489
3195.38333 0.0281674926
3202.5 0.0281669748
3209.61667 0.0281664881
3216.73333 0.0281660249
3223.85 0.0281655758
3230.96667 0.0281651299
3238.08333 0.0281646745
3245.2 0.028164197
3252.31667 0.0281636856
3259.43333 0.0281631317
3266.55 0.0281625312
3273.66667 0.0281618852
3280.78333 0.0281612011
3287.9 0.0281604914
3295.01667 0.0281597727
3302.13333 0.0281590638
3309.25 0.0281583834
3316.36667 0.0281577483
3323.48333 0.0281571716
3330.6 0.0281566619
3337.71667 0.0281562229
3344.83333 0.0281558539
3351.95 0.0281555508
3359.06667 0.0281553071
3366.18333 0.028155115
3373.3 0.0281549665
3380.41667 0.0281548534
3387.53333 0.0281547682
3394.65 0.0281547029
3401.76667 0.0281546497
3408.88333 0.0281546002
3416 0.0281545454
3423.11667 0.0281544762
3430.23333 0.0281543838
3437.35 0.0281542602
3444.46667 0.0281540993
3451.58333 0.0281538973
3458.7 0.0281536534
3465.81667 0.0281533697
3472.93333 0.0281530513
3480.05 0.0281527059
3487.16667 0.0281523431
3494.28333 0.0281519735
3501.4 0.0281516087
3508.51667 0.0281512597
3515.63333 0.0281509372
3522.75 0.0281506503
3529.86667 0.0281504066
3536.98333 0.0281502116
3544.1 0.0281500682
3551.21667 0.028149977
3558.33333 0.0281499362
3565.45 0.0281499416
3572.56667 0.0281499874
3579.68333 0.0281500667
3586.8 0.0281501724
3593.91667 0.0281502977
3601.03333 0.0281504367
3608.15 0.0281505848
3615.26667 0.0281507387
3622.38333 0.0281508956
3629.5 0.0281510532
3636.61667 0.0281512088
3643.73333 0.0281513585
3650.85 0.0281514976
3657.96667 0.0281516199
3665.08333 0.0281517187
3672.2 0.0281517873
3679.31667 0.0281518198
3686.43333 0.0281518124
3693.55 0.0281517633
3700.66667 0.0281516735
3707.78333 0.0281515466
3714.9 0.0281513877
3722.01667 0.0281512032
3729.13333 0.0281509993
3736.25 0.0281507819
3743.36667 0.0281505552
3750.48333 0.0281503223
3757.6 0.0281500853
3764.71667 0.0281498454
3771.83333 0.0281496039
3778.95 0.0281493627
3786.06667 0.0281491247
3793.18333 0.0281488937
3800.3 0.0281486745
3807.41667 0.0281484725
3814.53333 0.0281482927
3821.65 0.0281481393
3828.76667 0.0281480155
3835.88333 0.0281479231
3843 0.0281478623
3850.11667 0.0281478325
3857.23333 0.0281478317
3864.35 0.0281478578
3871.46667 0.0281479079
3878.58333 0.0281479792
3885.7 0.028148068
3892.81667 0.0281481705
3899.93333 0.0281482816
3907.05 0.0281483959
3914.16667 0.0281485069
3921.28333 0.0281486075
3928.4 0.0281486907
3935.51667 0.0281487497
3942.63333 0.0281487787
3949.75 0.028148773
3956.86667 0.0281487294
3963.98333 0.0281486463
3971.1 0.0281485232
3978.21667 0.0281483608
3985.33333 0.0281481602
3992.45 0.0281479229
3999.56667 0.0281476504
4006.68333 0.028147344
4013.8 0.0281470048
4020.91667 0.0281466341
4028.03333 0.0281462328
4035.15 0.0281458027
4042.26667 0.0281453457
4049.38333 0.0281448647
4056.5 0.0281443632
4063.61667 0.0281438461
4070.73333 0.0281433193
4077.85 0.0281427901
4084.96667 0.0281422669
4092.08333 0.0281417589
4099.2 0.0281412759
4106.31667 0.0281408274
4113.43333 0.0281404215
4120.55 0.0281400644
4127.66667 0.028139759
4134.78333 0.0281395047
4141.9 0.0281392967
4149.01667 0.0281391265
4156.13333 0.0281389825
4163.25 0.0281388508
4170.36667 0.0281387169
4177.48333 0.0281385666
4184.6 0.0281383869
4191.71667 0.0281381668
4198.83333 0.0281378966
4205.95 0.028137568
4213.06667 0.0281371726
4220.18333 0.0281367007
4227.3 0.0281361408
4234.41667 0.028135479
4241.53333 0.0281346989
4248.65 0.0281337833
4255.76667 0.0281327151
4262.88333 0.02813148
4270 0.028130068
