0 2.76247353e-29
7.11666667 2.40366093e-07
14.2333333 3.81010583e-06
21.35 1.89922874e-05
28.4666667 5.87478127e-05
35.5833333 0.000139556197
42.7 0.000279990368
49.8166667 0.000499187647
56.9333333 0.000815381584
64.05 0.00124463969
71.1666667 0.00179991458
78.2833333 0.00249046781
85.4 0.00332167427
92.5166667 0.00429516915
99.6333333 0.00540926443
106.75 0.00665954228
113.866667 0.00803952848
120.983333 0.00954135964
128.1 0.0111563778
135.216667 0.0128756121
142.333333 0.0146901323
149.45 0.0165912814
156.566667 0.0185708092
163.683333 0.0206209363
170.8 0.0227343775
177.916667 0.0249043496
185.033333 0.0271245785
192.15 0.0293893139
199.266667 0.0316933493
206.383333 0.0340320433
213.5 0.036401333
220.616667 0.0387977314
227.733333 0.0412183039
234.85 0.0436606201
241.966667 0.0461226803
249.083333 0.0486028192
256.2 0.0510995909
263.316667 0.0536116397
270.433333 0.0561375642
277.55 0.0586757817
284.666667 0.0612244016
291.783333 0.0637811181
298.9 0.066343132
306.016667 0.0689071111
313.133333 0.0714691977
320.25 0.0740250671
327.366667 0.0765700389
334.483333 0.0790992343
341.6 0.0816077701
348.716667 0.0840909744
355.833333 0.0865446047
362.95 0.088965049
370.066667 0.0913494913
377.183333 0.0936960253
384.3 0.096003707
391.416667 0.0982725394
398.533333 0.100503394
405.65 0.102697875
412.766667 0.104858139
419.883333 0.106986683
427 0.109086128
434.116667 0.111158999
441.233333 0.113207533
448.35 0.115233515
455.466667 0.117238163
462.583333 0.119222059
469.7 0.12118514
476.816667 0.123126732
483.933333 0.125045638
491.05 0.126940267
498.166667 0.128808782
505.283333 0.130649277
512.4 0.132459942
519.516667 0.134239223
526.633333 0.135985954
533.75 0.137699448
540.866667 0.139379554
547.983333 0.141026658
555.1 0.142641642
562.216667 0.144225807
569.333333 0.145780761
576.45 0.147308284
583.566667 0.148810188
590.683333 0.15028818
597.8 0.151743739
604.916667 0.153178019
612.033333 0.154591777
619.15 0.155985348
626.266667 0.15735864
633.383333 0.158711176
640.5 0.160042157
647.616667 0.16135054
654.733333 0.162635131
661.85 0.163894677
668.966667 0.165127942
676.083333 0.166333775
683.2 0.167511148
690.316667 0.168659177
697.433333 0.169777123
704.55 0.170864379
711.666667 0.171920446
718.783333 0.172944921
725.9 0.173937479
733.016667 0.174897882
740.133333 0.175825986
747.25 0.176721779
754.366667 0.17758541
761.483333 0.178417231
768.6 0.179217833
775.716667 0.179988067
782.833333 0.180729057
789.95 0.181442191
797.066667 0.1821291
804.183333 0.182791621
811.3 0.183431751
818.416667 0.18405159
825.533333 0.184653292
832.65 0.185238997
839.766667 0.185810783
846.883333 0.186370597
854 0.186920206
861.116667 0.187461132
868.233333 0.187994607
875.35 0.18852152
882.466667 0.189042385
889.583333 0.189557327
896.7 0.19006608
903.816667 0.190568013
910.933333 0.19106218
918.05 0.191547383
925.166667 0.192022251
932.283333 0.19248532
939.4 0.192935113
946.516667 0.193370211
953.633333 0.193789297
960.75 0.194191194
967.866667 0.194574875
974.983333 0.19493947
982.1 0.195284246
989.216667 0.195608603
996.333333 0.195912059
1003.45 0.196194245
1010.56667 0.196454907
1017.68333 0.196693913
1024.8 0.19691127
1031.91667 0.197107134
1039.03333 0.19728182
1046.15 0.197435805
1053.26667 0.197569722
1060.38333 0.197684337
1067.5 0.197780526
1074.61667 0.197859233
1081.73333 0.19792143
1088.85 0.197968074
1095.96667 0.198000063
1103.08333 0.198018204
1110.2 0.198023184
1117.31667 0.198015555
1124.43333 0.19799573
1131.55 0.197963994
1138.66667 0.197920527
1145.78333 0.197865429
1152.9 0.197798764
1160.01667 0.197720599
1167.13333 0.197631044
1174.25 0.197530285
1181.36667 0.197418612
1188.48333 0.197296427
1195.6 0.197164246
1202.71667 0.197022683
1209.83333 0.196872421
1216.95 0.196714179
1224.06667 0.196548673
1231.18333 0.196376581
1238.3 0.19619851
1245.41667 0.196014974
1252.53333 0.195826389
1259.65 0.195633074
1266.76667 0.195435265
1273.88333 0.195233139
1281 0.195026845
1288.11667 0.194816537
1295.23333 0.194602399
1302.35 0.194384673
1309.46667 0.194163677
1316.58333 0.193939809
1323.7 0.193713549
1330.81667 0.193485442
1337.93333 0.193256081
1345.05 0.19302608
1352.16667 0.192796042
1359.28333 0.192566531
1366.4 0.192338044
1373.51667 0.192110996
1380.63333 0.1918857
1387.75 0.191662377
1394.86667 0.191441156
1401.98333 0.191222097
1409.1 0.191005211
1416.21667 0.190790488
1423.33333 0.190577915
1430.45 0.190367498
1437.56667 0.19015927
1444.68333 0.18995329
1451.8 0.189749632
1458.91667 0.189548371
1466.03333 0.18934956
1473.15 0.189153205
1480.26667 0.188959243
1487.38333 0.188767526
1494.5 0.188577805
1501.61667 0.188389732
1508.73333 0.188202857
1515.85 0.188016639
1522.96667 0.187830461
1530.08333 0.187643652
1537.2 0.18745551
1544.31667 0.187265335
1551.43333 0.187072453
1558.55 0.186876259
1565.66667 0.186676248
1572.78333 0.186472045
1579.9 0.186263438
1587.01667 0.186050397
1594.13333 0.185833076
1601.25 0.18561182
1608.36667 0.185387134
1615.48333 0.185159664
1622.6 0.184930145
1629.71667 0.184699363
1636.83333 0.184468103
1643.95 0.184237113
1651.06667 0.184007067
1658.18333 0.183778554
1665.3 0.183552067
1672.41667 0.183328014
1679.53333 0.183106736
1686.65 0.182888528
1693.76667 0.182673661
1700.88333 0.182462401
1708 0.182255015
1715.11667 0.182051778
1722.23333 0.18185296
1729.35 0.181658811
1736.46667 0.181469542
1743.58333 0.181285308
1750.7 0.18110618
1757.81667 0.180932137
1764.93333 0.180763056
1772.05 0.180598706
1779.16667 0.180438755
1786.28333 0.180282778
1793.4 0.180130274
1800.51667 0.179980686
1807.63333 0.179833422
1814.75 0.179687883
1821.86667 0.179543492
1828.98333 0.179399718
1836.1 0.17925611
1843.21667 0.179112314
1850.33333 0.178968094
1857.45 0.178823345
1864.56667 0.178678091
1871.68333 0.17853248
1878.8 0.178386767
1885.91667 0.178241292
1893.03333 0.178096451
1900.15 0.177952662
1907.26667 0.177810335
1914.38333 0.177669844
1921.5 0.177531503
1928.61667 0.17739555
1935.73333 0.177262135
1942.85 0.177131321
1949.96667 0.177003088
1957.08333 0.176877341
1964.2 0.176753929
1971.31667 0.176632661
1978.43333 0.176513326
1985.55 0.176395717
1992.66667 0.176279644
1999.78333 0.176164956
2006.9 0.176051549
2014.01667 0.175939373
2021.13333 0.175828434
2028.25 0.175718787
2035.36667 0.175610529
2042.48333 0.175503787
2049.6 0.175398699
2056.71667 0.175295405
2063.83333 0.175194038
2070.95 0.17509471
2078.06667 0.174997514
2085.18333 0.174902526
2092.3 0.174809805
2099.41667 0.174719405
2106.53333 0.174631377
2113.65 0.174545777
2120.76667 0.174462671
2127.88333 0.174382129
2135 0.17430423
2142.11667 0.174229052
2149.23333 0.174156667
2156.35 0.174087133
2163.46667 0.17402049
2170.58333 0.173956749
2177.7 0.173895893
2184.81667 0.173837871
2191.93333 0.173782596
2199.05 0.173729948
2206.16667 0.173679777
2213.28333 0.173631905
2220.4 0.173586135
2227.51667 0.173542256
2234.63333 0.173500057
2241.75 0.173459329
2248.86667 0.173419879
2255.98333 0.173381536
2263.1 0.173344153
2270.21667 0.173307606
2277.33333 0.173271797
2284.45 0.173236641
2291.56667 0.173202063
2298.68333 0.17316799
2305.8 0.173134337
2312.91667 0.173101012
2320.03333 0.173067903
2327.15 0.173034883
2334.26667 0.173001811
2341.38333 0.172968532
2348.5 0.172934882
2355.61667 0.172900687
2362.73333 0.172865767
2369.85 0.172829931
2376.96667 0.172792979
2384.08333 0.172754704
2391.2 0.172714894
2398.31667 0.172673342
2405.43333 0.172629856
2412.55 0.172584273
2419.66667 0.172536477
2426.78333 0.172486414
2433.9 0.172434101
2441.01667 0.172379635
2448.13333 0.172323188
2455.25 0.172264998
2462.36667 0.172205358
2469.48333 0.172144586
2476.6 0.17208301
2483.71667 0.172020941
2490.83333 0.171958654
2497.95 0.171896379
2505.06667 0.17183429
2512.18333 0.17177251
2519.3 0.17171111
2526.41667 0.171650126
2533.53333 0.171589566
2540.65 0.171529421
2547.76667 0.171469678
2554.88333 0.171410326
2562 0.17135136
2569.11667 0.171292785
2576.23333 0.171234614
2583.35 0.171176866
2590.46667 0.171119564
2597.58333 0.171062728
2604.7 0.17100637
2611.81667 0.170950492
2618.93333 0.170895076
2626.05 0.170840089
2633.16667 0.170785476
2640.28333 0.170731165
2647.4 0.170677073
2654.51667 0.170623116
2661.63333 0.170569217
2668.75 0.170515323
2675.86667 0.170461413
2682.98333 0.170407508
2690.1 0.170353677
2697.21667 0.170300039
2704.33333 0.170246753
2711.45 0.170194013
2718.56667 0.170142033
2725.68333 0.170091031
2732.8 0.170041214
2739.91667 0.169992764
2747.03333 0.169945829
2754.15 0.169900515
2761.26667 0.169856881
2768.38333 0.169814942
2775.5 0.169774669
2782.61667 0.169735994
2789.73333 0.169698816
2796.85 0.169663005
2803.96667 0.16962841
2811.08333 0.169594864
2818.2 0.169562193
2825.31667 0.169530222
2832.43333 0.169498785
2839.55 0.169467732
2846.66667 0.169436934
2853.78333 0.169406288
2860.9 0.16937572
2868.01667 0.169345184
2875.13333 0.169314657
2882.25 0.169284136
2889.36667 0.169253631
2896.48333 0.169223154
2903.6 0.169192721
2910.71667 0.169162339
2917.83333 0.169132008
2924.95 0.169101719
2932.06667 0.169071453
2939.18333 0.169041185
2946.3 0.169010885
2953.41667 0.168980523
2960.53333 0.168950069
2967.65 0.168919501
2974.76667 0.168888808
2981.88333 0.168857994
2989 0.168827081
2996.11667 0.168796114
3003.23333 0.168765167
3010.35 0.168734334
3017.46667 0.168703735
3024.58333 0.168673507
3031.7 0.168643797
3038.81667 0.16861475
3045.93333 0.168586504
3053.05 0.168559173
3060.16667 0.168532847
3067.28333 0.168507584
3074.4 0.168483408
3081.51667 0.168460319
3088.63333 0.168438292
3095.75 0.168417289
3102.86667 0.168397265
3109.98333 0.168378176
3117.1 0.168359986
3124.21667 0.168342665
3131.33333 0.168326192
3138.45 0.168310552
3145.56667 0.168295731
3152.68333 0.168281715
3159.8 0.168268486
3166.91667 0.168256019
3174.03333 0.168244281
3181.15 0.168233234
3188.26667 0.168222833
3195.38333 0.16821303
3202.5 0.168203774
3209.61667 0.168195017
3216.73333 0.16818671
3223.85 0.168178814
3230.96667 0.168171296
3238.08333 0.168164134
3245.2 0.168157323
3252.31667 0.168150871
3259.43333 0.168144803
3266.55 0.168139156
3273.66667 0.168133976
3280.78333 0.168129308
3287.9 0.168125188
3295.01667 0.168121635
3302.13333 0.168118636
3309.25 0.16811615
3316.36667 0.168114098
3323.48333 0.168112367
3330.6 0.16811082
3337.71667 0.168109303
3344.83333 0.16810766
3351.95 0.168105742
3359.06667 0.168103423
3366.18333 0.168100601
3373.3 0.168097208
3380.41667 0.168093207
3387.53333 0.168088587
3394.65 0.16808336
3401.76667 0.168077551
3408.88333 0.168071189
3416 0.168064307
3423.11667 0.168056933
3430.23333 0.168049091
3437.35 0.168040797
3444.46667 0.168032061
3451.58333 0.168022891
3458.7 0.16801329
3465.81667 0.168003257
3472.93333 0.167992792
3480.05 0.167981895
3487.16667 0.167970566
3494.28333 0.167958807
3501.4 0.167946627
3508.51667 0.167934034
3515.63333 0.167921043
3522.75 0.167907673
3529.86667 0.167893939
3536.98333 0.167879852
3544.1 0.167865415
3551.21667 0.167850618
3558.33333 0.167835435
3565.45 0.167819822
3572.56667 0.167803727
3579.68333 0.167787088
3586.8 0.167769846
3593.91667 0.167751954
3601.03333 0.167733383
3608.15 0.167714136
3615.26667 0.167694247
3622.38333 0.167673784
3629.5 0.167652846
3636.61667 0.167631559
3643.73333 0.167610064
3650.85 0.167588509
3657.96667 0.16756704
3665.08333 0.167545789
3672.2 0.167524871
3679.31667 0.167504373
3686.43333 0.167484358
3693.55 0.167464856
3700.66667 0.167445867
3707.78333 0.167427365
3714.9 0.167409294
3722.01667 0.167391576
3729.13333 0.167374115
3736.25 0.167356803
3743.36667 0.167339526
3750.48333 0.167322175
3757.6 0.167304651
3764.71667 0.167286871
3771.83333 0.167268776
3778.95 0.167250328
3786.06667 0.167231514
3793.18333 0.167212338
3800.3 0.16719282
3807.41667 0.167172984
3814.53333 0.167152858
3821.65 0.167132467
3828.76667 0.16711183
3835.88333 0.16709096
3843 0.16706987
3850.11667 0.167048572
3857.23333 0.167027089
3864.35 0.167005451
3871.46667 0.166983705
3878.58333 0.166961916
3885.7 0.166940163
3892.81667 0.16691854
3899.93333 0.166897151
3907.05 0.166876106
3914.16667 0.166855512
3921.28333 0.166835474
3928.4 0.166816081
3935.51667 0.166797409
3942.63333 0.166779512
3949.75 0.166762421
3956.86667 0.166746142
3963.98333 0.166730654
3971.1 0.166715914
3978.21667 0.166701856
3985.33333 0.1666884
3992.45 0.166675454
3999.56667 0.166662925
4006.68333 0.166650721
4013.8 0.166638761
4020.91667 0.166626976
4028.03333 0.166615312
4035.15 0.16660373
4042.26667 0.166592204
4049.38333 0.166580715
4056.5 0.166569252
4063.61667 0.166557803
4070.73333 0.16654636
4077.85 0.16653491
4084.96667 0.166523439
4092.08333 0.166511934
4099.2 0.166500375
4106.31667 0.166488741
4113.43333 0.166477005
4120.55 0.166465132
4127.66667 0.166453074
4134.78333 0.166440765
4141.9 0.166428128
4149.01667 0.166415067
4156.13333 0.166401475
4163.25 0.166387243
4170.36667 0.166372265
4177.48333 0.166356449
4184.6 0.166339727
4191.71667 0.16632206
4198.83333 0.166303443
4205.95 0.166283905
4213.06667 0.166263503
4220.18333 0.166242313
4227.3 0.166220425
4234.41667 0.166197928
4241.53333 0.166174902
4248.65 0.166151408
4255.76667 0.166127487
4262.88333 0.16610315
4270 0.166078384
