0 7.54599308e-30
7.11666667 2.55082222e-07
14.2333333 4.0239686e-06
21.35 1.98985019e-05
28.4666667 6.08679184e-05
35.5833333 0.000142543722
42.7 0.000281075421
49.8166667 0.000491071817
56.9333333 0.000783828029
64.05 0.00116609415
71.1666667 0.00163952092
78.2833333 0.00220080025
85.4 0.00284240653
92.5166667 0.00355375665
99.6333333 0.00432255858
106.75 0.00513611409
113.866667 0.00598237953
120.983333 0.00685065762
128.1 0.00773187821
135.216667 0.00861850878
142.333333 0.00950420098
149.45 0.0103833165
156.566667 0.0112504795
163.683333 0.0121002778
170.8 0.0129271836
177.916667 0.013725711
185.033333 0.0144907653
192.15 0.0152181013
199.266667 0.0159047841
206.383333 0.0165495481
213.5 0.0171529751
220.616667 0.017717449
227.733333 0.01824689
234.85 0.0187463131
241.966667 0.019221285
249.083333 0.0196773698
256.2 0.0201196489
263.316667 0.0205523826
270.433333 0.0209788528
277.55 0.021401389
284.666667 0.0218215492
291.783333 0.0222404031
298.9 0.0226588499
306.016667 0.0230779029
313.133333 0.0234988865
320.25 0.0239235088
327.366667 0.0243538008
334.483333 0.0247919375
341.6 0.0252399787
348.716667 0.0256995791
355.833333 0.0261717231
362.95 0.0266565342
370.066667 0.0271531926
377.183333 0.0276599781
384.3 0.0281744322
391.416667 0.0286936124
398.533333 0.0292143986
405.65 0.0297338019
412.766667 0.0302492288
419.883333 0.030758661
427 0.0312607279
434.116667 0.0317546674
441.233333 0.0322401902
448.35 0.0327172789
455.466667 0.0331859646
462.583333 0.0336461235
469.7 0.0340973349
476.816667 0.0345388248
483.933333 0.0349695071
491.05 0.0353881114
498.166667 0.0357933754
505.283333 0.0361842624
512.4 0.0365601657
519.516667 0.0369210596
526.633333 0.0372675703
533.75 0.0376009521
540.866667 0.0379229717
547.983333 0.0382357208
555.1 0.0385413862
562.216667 0.0388420162
569.333333 0.0391393193
576.45 0.0394345253
583.566667 0.0397283286
590.683333 0.0400209166
597.8 0.0403120733
604.916667 0.0406013363
612.033333 0.0408881765
619.15 0.0411721666
626.266667 0.041453111
633.383333 0.0417311132
640.5 0.0420065712
647.616667 0.0422801038
654.733333 0.0425524217
661.85 0.0428241678
668.966667 0.0430957552
676.083333 0.0433672336
683.2 0.0436382089
690.316667 0.0439078322
697.433333 0.0441748634
704.55 0.0444378019
711.666667 0.0446950652
718.783333 0.0449451881
725.9 0.0451870103
733.016667 0.0454198224
740.133333 0.045643446
747.25 0.0458582339
754.366667 0.0460649906
761.483333 0.0462648267
768.6 0.0464589719
775.716667 0.0466485789
782.833333 0.0468345542
789.95 0.0470174442
797.066667 0.0471973992
804.183333 0.0473742187
811.3 0.0475474719
818.416667 0.0477166687
825.533333 0.0478814484
832.65 0.0480417492
839.766667 0.0481979245
846.883333 0.0483507829
854 0.0485015399
861.116667 0.0486516913
868.233333 0.0488028285
875.35 0.048956431
882.466667 0.0491136739
889.583333 0.0492752875
896.7 0.0494414944
903.816667 0.0496120359
910.933333 0.0497862822
918.05 0.0499634034
925.166667 0.0501425689
932.283333 0.0503231354
939.4 0.050504787
946.516667 0.0506876013
953.633333 0.0508720292
960.75 0.0510587936
967.866667 0.0512487278
974.983333 0.051442587
982.1 0.0516408688
989.216667 0.0518436807
996.333333 0.0520506776
1003.45 0.0522610839
1010.56667 0.052473794
1017.68333 0.0526875325
1024.8 0.0529010424
1031.91667 0.0531132667
1039.03333 0.053323487
1046.15 0.0535313966
1053.26667 0.0537370913
1060.38333 0.0539409853
1067.5 0.054143665
1074.61667 0.054345712
1081.73333 0.0545475284
1088.85 0.0547491973
1095.96667 0.0549504043
1103.08333 0.055150437
1110.2 0.0553482598
1117.31667 0.0555426536
1124.43333 0.055732393
1131.55 0.0559164305
1138.66667 0.0560940546
1145.78333 0.0562649933
1152.9 0.0564294446
1160.01667 0.0565880284
1167.13333 0.0567416682
1174.25 0.0568914227
1181.36667 0.0570382965
1188.48333 0.0571830623
1195.6 0.0573261262
1202.71667 0.0574674573
1209.83333 0.0576065951
1216.95 0.0577427316
1224.06667 0.0578748538
1231.18333 0.0580019213
1238.3 0.0581230469
1245.41667 0.0582376498
1252.53333 0.0583455531
1259.65 0.0584470105
1266.76667 0.0585426573
1273.88333 0.0586333965
1281 0.0587202392
1288.11667 0.0588041316
1295.23333 0.0588857961
1302.35 0.0589656184
1309.46667 0.0590435967
1316.58333 0.0591193633
1323.7 0.0591922717
1330.81667 0.0592615331
1337.93333 0.0593263747
1345.05 0.0593861932
1352.16667 0.0594406733
1359.28333 0.0594898537
1366.4 0.0595341286
1373.51667 0.0595741876
1380.63333 0.0596109069
1387.75 0.0596452133
1394.86667 0.0596779458
1401.98333 0.0597097394
1409.1 0.0597409505
1416.21667 0.0597716342
1423.33333 0.0598015754
1430.45 0.059830364
1437.56667 0.0598575001
1444.68333 0.0598825072
1451.8 0.059905036
1458.91667 0.0599249388
1466.03333 0.0599423052
1473.15 0.0599574541
1480.26667 0.0599708857
1487.38333 0.0599832025
1494.5 0.0599950144
1501.61667 0.0600068432
1508.73333 0.0600190421
1515.85 0.0600317425
1522.96667 0.0600448372
1530.08333 0.0600580008
1537.2 0.0600707449
1544.31667 0.0600824998
1551.43333 0.0600927086
1558.55 0.0601009205
1565.66667 0.0601068676
1572.78333 0.0601105121
1579.9 0.0601120565
1587.01667 0.0601119135
1594.13333 0.0601106395
1601.25 0.0601088425
1608.36667 0.0601070795
1615.48333 0.060105761
1622.6 0.0601050799
1629.71667 0.060104979
1636.83333 0.0601051636
1643.95 0.0601051598
1651.06667 0.0601044075
1658.18333 0.0601023731
1665.3 0.060098661
1672.41667 0.0600931026
1679.53333 0.060085805
1686.65 0.06007715
1693.76667 0.0600677406
1700.88333 0.0600583061
1708 0.0600495817
1715.11667 0.0600421852
1722.23333 0.0600365143
1729.35 0.0600326845
1736.46667 0.0600305179
1743.58333 0.0600295862
1750.7 0.0600292981
1757.81667 0.0600290145
1764.93333 0.0600281678
1772.05 0.0600263637
1779.16667 0.0600234442
1786.28333 0.0600195023
1793.4 0.060014845
1800.51667 0.0600099137
1807.63333 0.0600051786
1814.75 0.0600010277
1821.86667 0.0599976735
1828.98333 0.0599950935
1836.1 0.0599930178
1843.21667 0.0599909636
1850.33333 0.0599883107
1857.45 0.0599844035
1864.56667 0.0599786594
1871.68333 0.0599706645
1878.8 0.0599602401
1885.91667 0.0599474675
1893.03333 0.059932669
1900.15 0.0599163492
1907.26667 0.0598991089
1914.38333 0.0598815454
1921.5 0.0598641603
1928.61667 0.0598472871
1935.73333 0.0598310536
1942.85 0.0598153821
1949.96667 0.0598000279
1957.08333 0.0597846471
1964.2 0.0597688809
1971.31667 0.059752442
1978.43333 0.0597351857
1985.55 0.0597171543
1992.66667 0.059698587
1999.78333 0.0596798923
2006.9 0.0596615889
2014.01667 0.0596442254
2021.13333 0.0596282922
2028.25 0.0596141419
2035.36667 0.0596019323
2042.48333 0.0595916014
2049.6 0.0595828798
2056.71667 0.0595753377
2063.83333 0.0595684572
2070.95 0.0595617189
2078.06667 0.0595546845
2085.18333 0.0595470628
2092.3 0.0595387464
2099.41667 0.0595298119
2106.53333 0.0595204872
2113.65 0.059511089
2120.76667 0.0595019462
2127.88333 0.059493321
2135 0.0594853457
2142.11667 0.0594779839
2149.23333 0.0594710262
2156.35 0.0594641184
2163.46667 0.0594568176
2170.58333 0.0594486653
2177.7 0.0594392633
2184.81667 0.0594283383
2191.93333 0.0594157845
2199.05 0.0594016757
2206.16667 0.0593862461
2213.28333 0.0593698448
2220.4 0.059352871
2227.51667 0.0593357042
2234.63333 0.05931864
2241.75 0.0593018431
2248.86667 0.0592853254
2255.98333 0.0592689512
2263.1 0.059252468
2270.21667 0.0592355572
2277.33333 0.0592178942
2284.45 0.0591992091
2291.56667 0.0591793368
2298.68333 0.0591582491
2305.8 0.0591360641
2312.91667 0.059113031
2320.03333 0.0590894937
2327.15 0.0590658397
2334.26667 0.0590424405
2341.38333 0.0590195947
2348.5 0.0589974822
2355.61667 0.0589761361
2362.73333 0.058955438
2369.85 0.0589351366
2376.96667 0.0589148887
2384.08333 0.0588943151
2391.2 0.058873064
2398.31667 0.0588508705
2405.43333 0.0588276036
2412.55 0.0588032917
2419.66667 0.0587781213
2426.78333 0.0587524094
2433.9 0.0587265522
2441.01667 0.0587009596
2448.13333 0.0586759846
2455.25 0.0586518624
2462.36667 0.0586286679
2469.48333 0.0586063017
2476.6 0.0585845064
2483.71667 0.0585629123
2490.83333 0.0585411041
2497.95 0.0585186969
2505.06667 0.0584954096
2512.18333 0.058471119
2519.3 0.0584458884
2526.41667 0.0584199619
2533.53333 0.0583937266
2540.65 0.05836765
2547.76667 0.0583422012
2554.88333 0.0583177736
2562 0.0582946195
2569.11667 0.058272811
2576.23333 0.0582522319
2583.35 0.0582326033
2590.46667 0.0582135358
2597.58333 0.0581946004
2604.7 0.0581754043
2611.81667 0.0581556575
2618.93333 0.0581352195
2626.05 0.0581141189
2633.16667 0.0580925417
2640.28333 0.0580707934
2647.4 0.0580492404
2654.51667 0.0580282436
2661.63333 0.0580080937
2668.75 0.0579889612
2675.86667 0.0579708676
2682.98333 0.057953683
2690.1 0.057937149
2697.21667 0.0579209232
2704.33333 0.0579046366
2711.45 0.057887955
2718.56667 0.0578706337
2725.68333 0.0578525577
2732.8 0.0578337599
2739.91667 0.0578144166
2747.03333 0.0577948192
2754.15 0.0577753282
2761.26667 0.0577563162
2768.38333 0.0577381086
2775.5 0.0577209331
2782.61667 0.0577048837
2789.73333 0.0576899072
2796.85 0.0576758136
2803.96667 0.0576623091
2811.08333 0.0576490468
2818.2 0.0576356861
2825.31667 0.0576219523
2832.43333 0.057607684
2839.55 0.0575928623
2846.66667 0.0575776148
2853.78333 0.057562194
2860.9 0.0575469335
2868.01667 0.0575321894
2875.13333 0.0575182775
2882.25 0.0575054171
2889.36667 0.0574936922
2896.48333 0.0574830365
2903.6 0.0574732449
2910.71667 0.0574640103
2917.83333 0.0574549769
2924.95 0.0574458026
2932.06667 0.0574362168
2939.18333 0.0574260643
2946.3 0.0574153275
2953.41667 0.0574041238
2960.53333 0.0573926781
2967.65 0.0573812783
2974.76667 0.057370221
2981.88333 0.0573597579
2989 0.0573500531
2996.11667 0.0573411577
3003.23333 0.0573330054
3010.35 0.0573254293
3017.46667 0.0573181946
3024.58333 0.0573110417
3031.7 0.0573037302
3038.81667 0.0572960784
3045.93333 0.0572879895
3053.05 0.0572794637
3060.16667 0.0572705931
3067.28333 0.0572615436
3074.4 0.0572525258
3081.51667 0.0572437617
3088.63333 0.0572354512
3095.75 0.0572277438
3102.86667 0.0572207201
3109.98333 0.057214383
3117.1 0.0572086616
3124.21667 0.0572034254
3131.33333 0.0571985064
3138.45 0.0571937268
3145.56667 0.0571889277
3152.68333 0.0571839934
3159.8 0.0571788706
3166.91667 0.0571735762
3174.03333 0.0571681943
3181.15 0.0571628625
3188.26667 0.0571577484
3195.38333 0.0571530216
3202.5 0.057148825
3209.61667 0.0571452511
3216.73333 0.0571423271
3223.85 0.0571400122
3230.96667 0.057138208
3238.08333 0.0571367781
3245.2 0.0571355758
3252.31667 0.0571344717
3259.43333 0.0571333769
3266.55 0.0571322568
3273.66667 0.057131132
3280.78333 0.0571300678
3287.9 0.057129153
3295.01667 0.0571284748
3302.13333 0.0571280938
3309.25 0.0571280258
3316.36667 0.0571282348
3323.48333 0.0571286372
3330.6 0.0571291172
3337.71667 0.05712955
3344.83333 0.0571298258
3351.95 0.0571298708
3359.06667 0.0571296594
3366.18333 0.0571292153
3373.3 0.0571286017
3380.41667 0.057127903
3387.53333 0.0571272023
3394.65 0.0571265606
3401.76667 0.0571260013
3408.88333 0.0571255049
3416 0.0571250129
3423.11667 0.0571244412
3430.23333 0.0571236994
3437.35 0.0571227103
3444.46667 0.0571214273
3451.58333 0.0571198447
3458.7 0.0571179992
3465.81667 0.0571159645
3472.93333 0.0571138378
3480.05 0.0571117243
3487.16667 0.0571097208
3494.28333 0.0571079027
3501.4 0.0571063156
3508.51667 0.0571049728
3515.63333 0.0571038578
3522.75 0.0571029306
3529.86667 0.0571021366
3536.98333 0.0571014156
3544.1 0.0571007104
3551.21667 0.0570999734
3558.33333 0.0570991719
3565.45 0.0570982908
3572.56667 0.0570973342
3579.68333 0.0570963242
3586.8 0.0570952981
3593.91667 0.057094304
3601.03333 0.057093393
3608.15 0.057092612
3615.26667 0.0570919947
3622.38333 0.0570915547
3629.5 0.057091281
3636.61667 0.0570911371
3643.73333 0.0570910661
3650.85 0.0570909987
3657.96667 0.057090865
3665.08333 0.0570906078
3672.2 0.0570901929
3679.31667 0.0570896164
3686.43333 0.0570889057
3693.55 0.0570881143
3700.66667 0.0570873113
3707.78333 0.0570865677
3714.9 0.057085942
3722.01667 0.0570854693
3729.13333 0.0570851551
3736.25 0.0570849756
3743.36667 0.0570848852
3750.48333 0.0570848272
3757.6 0.0570847479
3764.71667 0.0570846085
3771.83333 0.0570843934
3778.95 0.0570841125
3786.06667 0.0570837977
3793.18333 0.0570834936
3800.3 0.0570832461
3807.41667 0.0570830906
3814.53333 0.0570830432
3821.65 0.0570830964
3828.76667 0.057083221
3835.88333 0.0570833726
3843 0.0570835012
3850.11667 0.0570835622
3857.23333 0.0570835257
3864.35 0.0570833817
3871.46667 0.0570831404
3878.58333 0.0570828287
3885.7 0.0570824824
3892.81667 0.0570821365
3899.93333 0.0570818165
3907.05 0.0570815324
3914.16667 0.0570812754
3921.28333 0.0570810193
3928.4 0.0570807257
3935.51667 0.0570803512
3942.63333 0.0570798552
3949.75 0.057079208
3956.86667 0.0570783955
3963.98333 0.0570774214
3971.1 0.057076307
3978.21667 0.0570750865
3985.33333 0.0570738011
3992.45 0.0570724917
3999.56667 0.0570711907
4006.68333 0.0570699153
4013.8 0.0570686622
4020.91667 0.0570674053
4028.03333 0.0570660963
4035.15 0.057064669
4042.26667 0.057063047
4049.38333 0.0570611535
4056.5 0.057058923
4063.61667 0.0570563113
4070.73333 0.0570533038
4077.85 0.0570499194
4084.96667 0.0570462076
4092.08333 0.0570422401
4099.2 0.0570380974
4106.31667 0.0570338513
4113.43333 0.0570295475
4120.55 0.0570251919
4127.66667 0.0570207424
4134.78333 0.0570161111
4141.9 0.0570111751
4149.01667 0.0570057958
4156.13333 0.0569998445
4163.25 0.0569932283
4170.36667 0.0569859113
4177.48333 0.0569779283
4184.6 0.0569693853
4191.71667 0.0569604479
4198.83333 0.0569513177
4205.95 0.0569422022
4213.06667 0.0569332822
4220.18333 0.056924684
4227.3 0.0569164614
4234.41667 0.0569085913
4241.53333 0.0569009835
4248.65 0.0568935038
4255.76667 0.0568860045
4262.88333 0.0568783573
4270 0.0568704824
